36.0 APEX_CODE,FINEST;APEX_PROFILING,INFO;CALLOUT,INFO;DB,INFO;SYSTEM,DEBUG;VALIDATION,INFO;VISUALFORCE,INFO;WORKFLOW,INFO
11:46:02.0 (321915)|USER_INFO|[EXTERNAL]|00541000001IQl9|wjw@stuff.com|Pacific Standard Time|GMT-08:00
11:46:02.0 (356823)|EXECUTION_STARTED
11:46:02.0 (360761)|CODE_UNIT_STARTED|[EXTERNAL]|01q410000019tMZ|CheckSecretInformation on Case trigger event AfterInsert for [50041000003lnbJ]
11:46:02.0 (403476)|HEAP_ALLOCATE|[EXTERNAL]|Bytes:8
11:46:02.0 (821262)|HEAP_ALLOCATE|[72]|Bytes:3
11:46:02.0 (856750)|HEAP_ALLOCATE|[77]|Bytes:152
11:46:02.0 (872863)|HEAP_ALLOCATE|[342]|Bytes:408
11:46:02.0 (892844)|HEAP_ALLOCATE|[355]|Bytes:408
11:46:02.0 (911809)|HEAP_ALLOCATE|[467]|Bytes:48
11:46:02.0 (942628)|HEAP_ALLOCATE|[139]|Bytes:6
11:46:02.0 (958835)|HEAP_ALLOCATE|[EXTERNAL]|Bytes:2
11:46:02.0 (1032378)|HEAP_ALLOCATE|[EXTERNAL]|Bytes:12
11:46:02.0 (1044427)|VARIABLE_SCOPE_BEGIN|[1]|this|CheckSecretInformation|true|false
11:46:02.0 (1102236)|VARIABLE_ASSIGNMENT|[1]|this|{}|0x1e1a41fc
11:46:02.0 (1150361)|HEAP_ALLOCATE|[EXTERNAL]|Bytes:12
11:46:02.0 (1157442)|VARIABLE_SCOPE_BEGIN|[1]|this|CheckSecretInformation|true|false
11:46:02.0 (1170935)|VARIABLE_ASSIGNMENT|[1]|this|{}|0x1e1a41fc
11:46:02.0 (1177811)|STATEMENT_EXECUTE|[1]
11:46:02.0 (1179761)|STATEMENT_EXECUTE|[3]
11:46:02.0 (1183725)|HEAP_ALLOCATE|[3]|Bytes:44
11:46:02.0 (1214654)|HEAP_ALLOCATE|[50]|Bytes:5
11:46:02.0 (1237376)|HEAP_ALLOCATE|[56]|Bytes:5
11:46:02.0 (1246483)|HEAP_ALLOCATE|[64]|Bytes:7
11:46:02.0 (1288738)|VARIABLE_ASSIGNMENT|[3]|this.childCasesSubject|"Warning: Parent case (24 more) ..."|0x1e1a41fc
11:46:02.0 (1292114)|STATEMENT_EXECUTE|[6]
11:46:02.0 (1296380)|HEAP_ALLOCATE|[6]|Bytes:4
11:46:02.0 (1365585)|HEAP_ALLOCATE|[EXTERNAL]|Bytes:4
11:46:02.0 (1385269)|VARIABLE_ASSIGNMENT|[6]|this.secretKeywords|{"s":1,"v":[]}|0x1e1a41fc
11:46:02.0 (1388799)|STATEMENT_EXECUTE|[7]
11:46:02.0 (1400705)|HEAP_ALLOCATE|[7]|Bytes:11
11:46:02.0 (1441844)|HEAP_ALLOCATE|[EXTERNAL]|Bytes:4
11:46:02.0 (1452242)|STATEMENT_EXECUTE|[8]
11:46:02.0 (1463250)|HEAP_ALLOCATE|[8]|Bytes:15
11:46:02.0 (1485139)|HEAP_ALLOCATE|[EXTERNAL]|Bytes:4
11:46:02.0 (1491719)|STATEMENT_EXECUTE|[9]
11:46:02.0 (1501011)|HEAP_ALLOCATE|[9]|Bytes:3
11:46:02.0 (1521094)|HEAP_ALLOCATE|[EXTERNAL]|Bytes:4
11:46:02.0 (1527428)|STATEMENT_EXECUTE|[10]
11:46:02.0 (1536863)|HEAP_ALLOCATE|[10]|Bytes:8
11:46:02.0 (1556231)|HEAP_ALLOCATE|[EXTERNAL]|Bytes:4
11:46:02.0 (1562352)|STATEMENT_EXECUTE|[11]
11:46:02.0 (1572009)|HEAP_ALLOCATE|[11]|Bytes:10
11:46:02.0 (1591743)|HEAP_ALLOCATE|[EXTERNAL]|Bytes:4
11:46:02.0 (1599330)|STATEMENT_EXECUTE|[16]
11:46:02.0 (1604306)|VARIABLE_SCOPE_BEGIN|[16]|i|Integer|false|false
11:46:02.0 (1609685)|HEAP_ALLOCATE|[16]|Bytes:4
11:46:02.0 (1617601)|VARIABLE_ASSIGNMENT|[16]|i|0
11:46:02.0 (1654787)|STATEMENT_EXECUTE|[16]
11:46:02.0 (1656859)|STATEMENT_EXECUTE|[17]
11:46:02.0 (1683044)|HEAP_ALLOCATE|[17]|Bytes:11
11:46:02.0 (1691965)|VARIABLE_SCOPE_BEGIN|[17]|keyword|String|false|false
11:46:02.0 (1699197)|VARIABLE_ASSIGNMENT|[17]|keyword|"Credit Card"
11:46:02.0 (1701605)|STATEMENT_EXECUTE|[19]
11:46:02.0 (1705635)|HEAP_ALLOCATE|[19]|Bytes:4
11:46:02.0 (1721344)|VARIABLE_SCOPE_BEGIN|[19]|keywordList|List<String>|true|false
11:46:02.0 (1735620)|HEAP_ALLOCATE|[EXTERNAL]|Bytes:4
11:46:02.0 (1745328)|VARIABLE_ASSIGNMENT|[19]|keywordList|{"s":1,"v":[]}|0x477453b3
11:46:02.0 (1748159)|STATEMENT_EXECUTE|[20]
11:46:02.0 (1771332)|HEAP_ALLOCATE|[EXTERNAL]|Bytes:4
11:46:02.0 (1778152)|STATEMENT_EXECUTE|[22]
11:46:02.0 (1818524)|HEAP_ALLOCATE|[22]|Bytes:4
11:46:02.0 (1865932)|VARIABLE_SCOPE_BEGIN|[22]|casesWithSecretInfo|List<Case>|true|false
11:46:02.0 (1872703)|HEAP_ALLOCATE|[EXTERNAL]|Bytes:4
11:46:02.0 (1884155)|VARIABLE_ASSIGNMENT|[22]|casesWithSecretInfo|{"s":1,"v":[]}|0x4061818e
11:46:02.0 (2049709)|HEAP_ALLOCATE|[23]|Bytes:5
11:46:02.0 (2127179)|VARIABLE_SCOPE_BEGIN|[23]|myCase|Case|true|false
11:46:02.0 (2818732)|VARIABLE_ASSIGNMENT|[23]|myCase|{"Origin":"Phone","Status":"New","LastModifiedDate":"2016-12-29T19:46:02.000Z","IsDeleted":false,"Description":"Passport SSN","Priority":"Medium","Product_Has_Extended (12 more) ...":false,"IsClosed":false,"SystemModstamp":"2016-12-29T19:46:02.000Z","BusinessHoursId":"01m41000000XnfnAAC","CreatedById":"00541000001IQl9AAG","IsEscalated":false,"OwnerId":"00541000001IQl9AAG","CreatedDate":"2016-12-29T19:46:02.000Z","IsClosedOnCreate":false,"CaseNumber":"00001095","Id":"50041000003lnbJAAQ","LastModifiedById":"00541000001IQl9AAG"}|0x4bdbbe31
11:46:02.0 (2827309)|STATEMENT_EXECUTE|[23]
11:46:02.0 (2858441)|STATEMENT_EXECUTE|[24]
11:46:02.0 (2940078)|STATEMENT_EXECUTE|[26]
11:46:02.0 (2953375)|HEAP_ALLOCATE|[23]|Bytes:5
11:46:02.0 (2967438)|VARIABLE_ASSIGNMENT|[23]|myCase|null|
11:46:02.0 (2970538)|STATEMENT_EXECUTE|[36]
11:46:02.0 (2974518)|HEAP_ALLOCATE|[36]|Bytes:4
11:46:02.0 (2991985)|VARIABLE_SCOPE_BEGIN|[36]|casesToCreate|List<Case>|true|false
11:46:02.0 (2997522)|HEAP_ALLOCATE|[EXTERNAL]|Bytes:4
11:46:02.0 (3006869)|VARIABLE_ASSIGNMENT|[36]|casesToCreate|{"s":1,"v":[]}|0x60b413d9
11:46:02.0 (3038813)|HEAP_ALLOCATE|[37]|Bytes:5
11:46:02.0 (3055047)|VARIABLE_ASSIGNMENT|[37]|caseWithSecretInfo|null|
11:46:02.0 (3058071)|STATEMENT_EXECUTE|[37]
11:46:02.0 (3059229)|STATEMENT_EXECUTE|[46]
11:46:02.0 (3128058)|HEAP_ALLOCATE|[EXTERNAL]|Bytes:4
11:46:02.0 (3135976)|HEAP_ALLOCATE|[16]|Bytes:4
11:46:02.0 (3143173)|VARIABLE_ASSIGNMENT|[16]|i|1
11:46:02.0 (3160783)|STATEMENT_EXECUTE|[16]
11:46:02.0 (3162335)|STATEMENT_EXECUTE|[17]
11:46:02.0 (3169932)|HEAP_ALLOCATE|[17]|Bytes:15
11:46:02.0 (3176834)|VARIABLE_SCOPE_BEGIN|[17]|keyword|String|false|false
11:46:02.0 (3182804)|VARIABLE_ASSIGNMENT|[17]|keyword|"Social Security"
11:46:02.0 (3184796)|STATEMENT_EXECUTE|[19]
11:46:02.0 (3188126)|HEAP_ALLOCATE|[19]|Bytes:4
11:46:02.0 (3196331)|VARIABLE_SCOPE_BEGIN|[19]|keywordList|List<String>|true|false
11:46:02.0 (3209305)|HEAP_ALLOCATE|[EXTERNAL]|Bytes:4
11:46:02.0 (3221433)|VARIABLE_ASSIGNMENT|[19]|keywordList|{"s":1,"v":[]}|0x723d854d
11:46:02.0 (3224125)|STATEMENT_EXECUTE|[20]
11:46:02.0 (3232083)|HEAP_ALLOCATE|[EXTERNAL]|Bytes:4
11:46:02.0 (3236898)|STATEMENT_EXECUTE|[22]
11:46:02.0 (3240478)|HEAP_ALLOCATE|[22]|Bytes:4
11:46:02.0 (3247895)|VARIABLE_SCOPE_BEGIN|[22]|casesWithSecretInfo|List<Case>|true|false
11:46:02.0 (3252390)|HEAP_ALLOCATE|[EXTERNAL]|Bytes:4
11:46:02.0 (3259418)|VARIABLE_ASSIGNMENT|[22]|casesWithSecretInfo|{"s":1,"v":[]}|0x6481870d
11:46:02.0 (3287571)|HEAP_ALLOCATE|[23]|Bytes:5
11:46:02.0 (3302868)|VARIABLE_SCOPE_BEGIN|[23]|myCase|Case|true|false
11:46:02.0 (3573218)|VARIABLE_ASSIGNMENT|[23]|myCase|{"Origin":"Phone","Status":"New","LastModifiedDate":"2016-12-29T19:46:02.000Z","IsDeleted":false,"Description":"Passport SSN","Priority":"Medium","Product_Has_Extended (12 more) ...":false,"IsClosed":false,"SystemModstamp":"2016-12-29T19:46:02.000Z","BusinessHoursId":"01m41000000XnfnAAC","CreatedById":"00541000001IQl9AAG","IsEscalated":false,"OwnerId":"00541000001IQl9AAG","CreatedDate":"2016-12-29T19:46:02.000Z","IsClosedOnCreate":false,"CaseNumber":"00001095","Id":"50041000003lnbJAAQ","LastModifiedById":"00541000001IQl9AAG"}|0x4bdbbe31
11:46:02.0 (3579636)|STATEMENT_EXECUTE|[23]
11:46:02.0 (3605599)|STATEMENT_EXECUTE|[24]
11:46:02.0 (3634179)|STATEMENT_EXECUTE|[26]
11:46:02.0 (3645694)|HEAP_ALLOCATE|[23]|Bytes:5
11:46:02.0 (3658621)|VARIABLE_ASSIGNMENT|[23]|myCase|null|
11:46:02.0 (3661344)|STATEMENT_EXECUTE|[36]
11:46:02.0 (3664773)|HEAP_ALLOCATE|[36]|Bytes:4
11:46:02.0 (3673652)|VARIABLE_SCOPE_BEGIN|[36]|casesToCreate|List<Case>|true|false
11:46:02.0 (3678233)|HEAP_ALLOCATE|[EXTERNAL]|Bytes:4
11:46:02.0 (3687240)|VARIABLE_ASSIGNMENT|[36]|casesToCreate|{"s":1,"v":[]}|0x32f42b2b
11:46:02.0 (3704677)|HEAP_ALLOCATE|[37]|Bytes:5
11:46:02.0 (3715318)|VARIABLE_ASSIGNMENT|[37]|caseWithSecretInfo|null|
11:46:02.0 (3718099)|STATEMENT_EXECUTE|[37]
11:46:02.0 (3719205)|STATEMENT_EXECUTE|[46]
11:46:02.0 (3743742)|HEAP_ALLOCATE|[EXTERNAL]|Bytes:4
11:46:02.0 (3749620)|HEAP_ALLOCATE|[16]|Bytes:4
11:46:02.0 (3755606)|VARIABLE_ASSIGNMENT|[16]|i|2
11:46:02.0 (3771480)|STATEMENT_EXECUTE|[16]
11:46:02.0 (3772964)|STATEMENT_EXECUTE|[17]
11:46:02.0 (3780547)|HEAP_ALLOCATE|[17]|Bytes:3
11:46:02.0 (3786830)|VARIABLE_SCOPE_BEGIN|[17]|keyword|String|false|false
11:46:02.0 (3792137)|VARIABLE_ASSIGNMENT|[17]|keyword|"SSN"
11:46:02.0 (3794006)|STATEMENT_EXECUTE|[19]
11:46:02.0 (3797106)|HEAP_ALLOCATE|[19]|Bytes:4
11:46:02.0 (3804788)|VARIABLE_SCOPE_BEGIN|[19]|keywordList|List<String>|true|false
11:46:02.0 (3817198)|HEAP_ALLOCATE|[EXTERNAL]|Bytes:4
11:46:02.0 (3825862)|VARIABLE_ASSIGNMENT|[19]|keywordList|{"s":1,"v":[]}|0x729edc77
11:46:02.0 (3828630)|STATEMENT_EXECUTE|[20]
11:46:02.0 (3836568)|HEAP_ALLOCATE|[EXTERNAL]|Bytes:4
11:46:02.0 (3841421)|STATEMENT_EXECUTE|[22]
11:46:02.0 (3844966)|HEAP_ALLOCATE|[22]|Bytes:4
11:46:02.0 (3852205)|VARIABLE_SCOPE_BEGIN|[22]|casesWithSecretInfo|List<Case>|true|false
11:46:02.0 (3856537)|HEAP_ALLOCATE|[EXTERNAL]|Bytes:4
11:46:02.0 (3863332)|VARIABLE_ASSIGNMENT|[22]|casesWithSecretInfo|{"s":1,"v":[]}|0x6c972884
11:46:02.0 (3890377)|HEAP_ALLOCATE|[23]|Bytes:5
11:46:02.0 (3905766)|VARIABLE_SCOPE_BEGIN|[23]|myCase|Case|true|false
11:46:02.0 (4163818)|VARIABLE_ASSIGNMENT|[23]|myCase|{"Origin":"Phone","Status":"New","LastModifiedDate":"2016-12-29T19:46:02.000Z","IsDeleted":false,"Description":"Passport SSN","Priority":"Medium","Product_Has_Extended (12 more) ...":false,"IsClosed":false,"SystemModstamp":"2016-12-29T19:46:02.000Z","BusinessHoursId":"01m41000000XnfnAAC","CreatedById":"00541000001IQl9AAG","IsEscalated":false,"OwnerId":"00541000001IQl9AAG","CreatedDate":"2016-12-29T19:46:02.000Z","IsClosedOnCreate":false,"CaseNumber":"00001095","Id":"50041000003lnbJAAQ","LastModifiedById":"00541000001IQl9AAG"}|0x4bdbbe31
11:46:02.0 (4170918)|STATEMENT_EXECUTE|[23]
11:46:02.0 (4193876)|STATEMENT_EXECUTE|[24]
11:46:02.0 (4218380)|STATEMENT_EXECUTE|[26]
11:46:02.0 (4220201)|STATEMENT_EXECUTE|[27]
11:46:02.0 (4246281)|HEAP_ALLOCATE|[EXTERNAL]|Bytes:4
11:46:02.0 (4253918)|STATEMENT_EXECUTE|[28]
11:46:02.0 (4258611)|HEAP_ALLOCATE|[28]|Bytes:5
11:46:02.0 (4325520)|HEAP_ALLOCATE|[28]|Bytes:18
11:46:02.0 (4337860)|HEAP_ALLOCATE|[28]|Bytes:25
11:46:02.0 (4359197)|HEAP_ALLOCATE|[28]|Bytes:5
11:46:02.0 (4376881)|HEAP_ALLOCATE|[28]|Bytes:53
11:46:02.0 (4398887)|USER_DEBUG|[28]|DEBUG|Case 50041000003lnbJAAQ includes secret keyword (SSN)
11:46:02.0 (4413326)|HEAP_ALLOCATE|[23]|Bytes:5
11:46:02.0 (4425896)|VARIABLE_ASSIGNMENT|[23]|myCase|null|
11:46:02.0 (4428840)|STATEMENT_EXECUTE|[36]
11:46:02.0 (4432361)|HEAP_ALLOCATE|[36]|Bytes:4
11:46:02.0 (4441349)|VARIABLE_SCOPE_BEGIN|[36]|casesToCreate|List<Case>|true|false
11:46:02.0 (4446341)|HEAP_ALLOCATE|[EXTERNAL]|Bytes:4
11:46:02.0 (4455024)|VARIABLE_ASSIGNMENT|[36]|casesToCreate|{"s":1,"v":[]}|0x1381a6d8
11:46:02.0 (4472610)|HEAP_ALLOCATE|[37]|Bytes:5
11:46:02.0 (4488407)|VARIABLE_SCOPE_BEGIN|[37]|caseWithSecretInfo|Case|true|false
11:46:02.0 (4752957)|VARIABLE_ASSIGNMENT|[37]|caseWithSecretInfo|{"Origin":"Phone","Status":"New","LastModifiedDate":"2016-12-29T19:46:02.000Z","IsDeleted":false,"Description":"Passport SSN","Priority":"Medium","Product_Has_Extended (12 more) ...":false,"IsClosed":false,"SystemModstamp":"2016-12-29T19:46:02.000Z","BusinessHoursId":"01m41000000XnfnAAC","CreatedById":"00541000001IQl9AAG","IsEscalated":false,"OwnerId":"00541000001IQl9AAG","CreatedDate":"2016-12-29T19:46:02.000Z","IsClosedOnCreate":false,"CaseNumber":"00001095","Id":"50041000003lnbJAAQ","LastModifiedById":"00541000001IQl9AAG"}|0x4bdbbe31
11:46:02.0 (4759669)|STATEMENT_EXECUTE|[37]
11:46:02.0 (4761009)|STATEMENT_EXECUTE|[38]
11:46:02.0 (4774026)|HEAP_ALLOCATE|[38]|Bytes:4
11:46:02.0 (4877008)|VARIABLE_SCOPE_BEGIN|[38]|childCase|Case|true|false
11:46:02.0 (4888639)|VARIABLE_ASSIGNMENT|[38]|childCase|{}|0x46877f24
11:46:02.0 (4891188)|STATEMENT_EXECUTE|[39]
11:46:02.0 (4975984)|VARIABLE_ASSIGNMENT|[39]|this.Subject|"Warning: Parent case (24 more) ..."|0x46877f24
11:46:02.0 (4980154)|STATEMENT_EXECUTE|[40]
11:46:02.0 (5022352)|VARIABLE_ASSIGNMENT|[40]|this.ParentId|"50041000003lnbJAAQ"|0x46877f24
11:46:02.0 (5026390)|STATEMENT_EXECUTE|[41]
11:46:02.0 (5054721)|VARIABLE_ASSIGNMENT|[41]|this.IsEscalated|true|0x46877f24
11:46:02.0 (5057563)|STATEMENT_EXECUTE|[42]
11:46:02.0 (5061538)|HEAP_ALLOCATE|[42]|Bytes:4
11:46:02.0 (5089223)|VARIABLE_ASSIGNMENT|[42]|this.Priority|"High"|0x46877f24
11:46:02.0 (5092159)|STATEMENT_EXECUTE|[43]
11:46:02.0 (5114691)|VARIABLE_ASSIGNMENT|[43]|this.Description|"SSN"|0x46877f24
11:46:02.0 (5117548)|STATEMENT_EXECUTE|[44]
11:46:02.0 (5146614)|HEAP_ALLOCATE|[EXTERNAL]|Bytes:4
11:46:02.0 (5162592)|HEAP_ALLOCATE|[37]|Bytes:5
11:46:02.0 (5175621)|VARIABLE_ASSIGNMENT|[37]|caseWithSecretInfo|null|
11:46:02.0 (5178448)|STATEMENT_EXECUTE|[46]
11:46:02.0 (5206083)|DML_BEGIN|[46]|Op:Insert|Type:Case|Rows:1
11:46:02.0 (5233254)|HEAP_ALLOCATE|[EXTERNAL]|Bytes:8
11:46:02.0 (48459441)|CODE_UNIT_STARTED|[EXTERNAL]|01q410000019tMZ|CheckSecretInformation on Case trigger event AfterInsert for [50041000003lnbK]
11:46:02.0 (48496584)|HEAP_ALLOCATE|[EXTERNAL]|Bytes:8
11:46:02.0 (48586054)|HEAP_ALLOCATE|[EXTERNAL]|Bytes:12
11:46:02.0 (48599479)|VARIABLE_SCOPE_BEGIN|[1]|this|CheckSecretInformation|true|false
11:46:02.0 (48649287)|VARIABLE_ASSIGNMENT|[1]|this|{}|0x35165caf
11:46:02.0 (48676982)|HEAP_ALLOCATE|[EXTERNAL]|Bytes:12
11:46:02.0 (48682635)|VARIABLE_SCOPE_BEGIN|[1]|this|CheckSecretInformation|true|false
11:46:02.0 (48693908)|VARIABLE_ASSIGNMENT|[1]|this|{}|0x35165caf
11:46:02.0 (48703253)|STATEMENT_EXECUTE|[1]
11:46:02.0 (48705021)|STATEMENT_EXECUTE|[3]
11:46:02.0 (48736060)|VARIABLE_ASSIGNMENT|[3]|this.childCasesSubject|"Warning: Parent case (24 more) ..."|0x35165caf
11:46:02.0 (48738721)|STATEMENT_EXECUTE|[6]
11:46:02.0 (48745230)|HEAP_ALLOCATE|[6]|Bytes:4
11:46:02.0 (48788822)|HEAP_ALLOCATE|[EXTERNAL]|Bytes:4
11:46:02.0 (48808424)|VARIABLE_ASSIGNMENT|[6]|this.secretKeywords|{"s":1,"v":[]}|0x35165caf
11:46:02.0 (48812247)|STATEMENT_EXECUTE|[7]
11:46:02.0 (48835719)|HEAP_ALLOCATE|[EXTERNAL]|Bytes:4
11:46:02.0 (48843628)|STATEMENT_EXECUTE|[8]
11:46:02.0 (48851606)|HEAP_ALLOCATE|[EXTERNAL]|Bytes:4
11:46:02.0 (48855638)|STATEMENT_EXECUTE|[9]
11:46:02.0 (48863042)|HEAP_ALLOCATE|[EXTERNAL]|Bytes:4
11:46:02.0 (48866895)|STATEMENT_EXECUTE|[10]
11:46:02.0 (48874012)|HEAP_ALLOCATE|[EXTERNAL]|Bytes:4
11:46:02.0 (48877831)|STATEMENT_EXECUTE|[11]
11:46:02.0 (48884895)|HEAP_ALLOCATE|[EXTERNAL]|Bytes:4
11:46:02.0 (48893593)|STATEMENT_EXECUTE|[16]
11:46:02.0 (48897749)|VARIABLE_SCOPE_BEGIN|[16]|i|Integer|false|false
11:46:02.0 (48902793)|HEAP_ALLOCATE|[16]|Bytes:4
11:46:02.0 (48910041)|VARIABLE_ASSIGNMENT|[16]|i|0
11:46:02.0 (48926382)|STATEMENT_EXECUTE|[16]
11:46:02.0 (48927879)|STATEMENT_EXECUTE|[17]
11:46:02.0 (48938245)|HEAP_ALLOCATE|[17]|Bytes:11
11:46:02.0 (48944712)|VARIABLE_SCOPE_BEGIN|[17]|keyword|String|false|false
11:46:02.0 (48950448)|VARIABLE_ASSIGNMENT|[17]|keyword|"Credit Card"
11:46:02.0 (48952852)|STATEMENT_EXECUTE|[19]
11:46:02.0 (48956398)|HEAP_ALLOCATE|[19]|Bytes:4
11:46:02.0 (48965270)|VARIABLE_SCOPE_BEGIN|[19]|keywordList|List<String>|true|false
11:46:02.0 (48978720)|HEAP_ALLOCATE|[EXTERNAL]|Bytes:4
11:46:02.0 (48987541)|VARIABLE_ASSIGNMENT|[19]|keywordList|{"s":1,"v":[]}|0x58599838
11:46:02.0 (48990202)|STATEMENT_EXECUTE|[20]
11:46:02.0 (48997947)|HEAP_ALLOCATE|[EXTERNAL]|Bytes:4
11:46:02.0 (49002668)|STATEMENT_EXECUTE|[22]
11:46:02.0 (49007746)|HEAP_ALLOCATE|[22]|Bytes:4
11:46:02.0 (49016183)|VARIABLE_SCOPE_BEGIN|[22]|casesWithSecretInfo|List<Case>|true|false
11:46:02.0 (49021144)|HEAP_ALLOCATE|[EXTERNAL]|Bytes:4
11:46:02.0 (49029755)|VARIABLE_ASSIGNMENT|[22]|casesWithSecretInfo|{"s":1,"v":[]}|0x99cc0a9
11:46:02.0 (49075575)|HEAP_ALLOCATE|[23]|Bytes:5
11:46:02.0 (49101868)|VARIABLE_SCOPE_BEGIN|[23]|myCase|Case|true|false
11:46:02.0 (49562971)|VARIABLE_ASSIGNMENT|[23]|myCase|{"Status":"New","ParentId":"50041000003lnbJAAQ","LastModifiedDate":"2016-12-29T19:46:02.000Z","IsDeleted":false,"Description":"SSN","Priority":"High","Product_Has_Extended (12 more) ...":false,"IsClosed":false,"Subject":"Warning: Parent case (24 more) ...","SystemModstamp":"2016-12-29T19:46:02.000Z","BusinessHoursId":"01m41000000XnfnAAC","CreatedById":"00541000001IQl9AAG","IsEscalated":true,"OwnerId":"00541000001IQl9AAG","CreatedDate":"2016-12-29T19:46:02.000Z","IsClosedOnCreate":false,"CaseNumber":"00001096","Id":"50041000003lnbKAAQ","LastModifiedById":"00541000001IQl9AAG"}|0xee81611
11:46:02.0 (49570699)|STATEMENT_EXECUTE|[23]
11:46:02.0 (49635398)|STATEMENT_EXECUTE|[24]
11:46:02.0 (49648839)|HEAP_ALLOCATE|[23]|Bytes:5
11:46:02.0 (49663146)|VARIABLE_ASSIGNMENT|[23]|myCase|null|
11:46:02.0 (49666834)|STATEMENT_EXECUTE|[36]
11:46:02.0 (49670427)|HEAP_ALLOCATE|[36]|Bytes:4
11:46:02.0 (49680182)|VARIABLE_SCOPE_BEGIN|[36]|casesToCreate|List<Case>|true|false
11:46:02.0 (49685093)|HEAP_ALLOCATE|[EXTERNAL]|Bytes:4
11:46:02.0 (49694033)|VARIABLE_ASSIGNMENT|[36]|casesToCreate|{"s":1,"v":[]}|0x3704beb4
11:46:02.0 (49712789)|HEAP_ALLOCATE|[37]|Bytes:5
11:46:02.0 (49723703)|VARIABLE_ASSIGNMENT|[37]|caseWithSecretInfo|null|
11:46:02.0 (49726586)|STATEMENT_EXECUTE|[37]
11:46:02.0 (49727970)|STATEMENT_EXECUTE|[46]
11:46:02.0 (49767886)|HEAP_ALLOCATE|[EXTERNAL]|Bytes:4
11:46:02.0 (49774422)|HEAP_ALLOCATE|[16]|Bytes:4
11:46:02.0 (49780638)|VARIABLE_ASSIGNMENT|[16]|i|1
11:46:02.0 (49796676)|STATEMENT_EXECUTE|[16]
11:46:02.0 (49798226)|STATEMENT_EXECUTE|[17]
11:46:02.0 (49806111)|HEAP_ALLOCATE|[17]|Bytes:15
11:46:02.0 (49812604)|VARIABLE_SCOPE_BEGIN|[17]|keyword|String|false|false
11:46:02.0 (49818546)|VARIABLE_ASSIGNMENT|[17]|keyword|"Social Security"
11:46:02.0 (49820672)|STATEMENT_EXECUTE|[19]
11:46:02.0 (49823953)|HEAP_ALLOCATE|[19]|Bytes:4
11:46:02.0 (49831740)|VARIABLE_SCOPE_BEGIN|[19]|keywordList|List<String>|true|false
11:46:02.0 (49844418)|HEAP_ALLOCATE|[EXTERNAL]|Bytes:4
11:46:02.0 (49853265)|VARIABLE_ASSIGNMENT|[19]|keywordList|{"s":1,"v":[]}|0x23087834
11:46:02.0 (49856041)|STATEMENT_EXECUTE|[20]
11:46:02.0 (49864214)|HEAP_ALLOCATE|[EXTERNAL]|Bytes:4
11:46:02.0 (49868885)|STATEMENT_EXECUTE|[22]
11:46:02.0 (49872412)|HEAP_ALLOCATE|[22]|Bytes:4
11:46:02.0 (49879735)|VARIABLE_SCOPE_BEGIN|[22]|casesWithSecretInfo|List<Case>|true|false
11:46:02.0 (49884360)|HEAP_ALLOCATE|[EXTERNAL]|Bytes:4
11:46:02.0 (49891184)|VARIABLE_ASSIGNMENT|[22]|casesWithSecretInfo|{"s":1,"v":[]}|0x4c7e7d74
11:46:02.0 (49918125)|HEAP_ALLOCATE|[23]|Bytes:5
11:46:02.0 (49933628)|VARIABLE_SCOPE_BEGIN|[23]|myCase|Case|true|false
11:46:02.0 (50136437)|VARIABLE_ASSIGNMENT|[23]|myCase|{"Status":"New","ParentId":"50041000003lnbJAAQ","LastModifiedDate":"2016-12-29T19:46:02.000Z","IsDeleted":false,"Description":"SSN","Priority":"High","Product_Has_Extended (12 more) ...":false,"IsClosed":false,"Subject":"Warning: Parent case (24 more) ...","SystemModstamp":"2016-12-29T19:46:02.000Z","BusinessHoursId":"01m41000000XnfnAAC","CreatedById":"00541000001IQl9AAG","IsEscalated":true,"OwnerId":"00541000001IQl9AAG","CreatedDate":"2016-12-29T19:46:02.000Z","IsClosedOnCreate":false,"CaseNumber":"00001096","Id":"50041000003lnbKAAQ","LastModifiedById":"00541000001IQl9AAG"}|0xee81611
11:46:02.0 (50143906)|STATEMENT_EXECUTE|[23]
11:46:02.0 (50172146)|STATEMENT_EXECUTE|[24]
11:46:02.0 (50184294)|HEAP_ALLOCATE|[23]|Bytes:5
11:46:02.0 (50197115)|VARIABLE_ASSIGNMENT|[23]|myCase|null|
11:46:02.0 (50199836)|STATEMENT_EXECUTE|[36]
11:46:02.0 (50203231)|HEAP_ALLOCATE|[36]|Bytes:4
11:46:02.0 (50212043)|VARIABLE_SCOPE_BEGIN|[36]|casesToCreate|List<Case>|true|false
11:46:02.0 (50216466)|HEAP_ALLOCATE|[EXTERNAL]|Bytes:4
11:46:02.0 (50224895)|VARIABLE_ASSIGNMENT|[36]|casesToCreate|{"s":1,"v":[]}|0x2e8b274
11:46:02.0 (50242160)|HEAP_ALLOCATE|[37]|Bytes:5
11:46:02.0 (50252625)|VARIABLE_ASSIGNMENT|[37]|caseWithSecretInfo|null|
11:46:02.0 (50255166)|STATEMENT_EXECUTE|[37]
11:46:02.0 (50256213)|STATEMENT_EXECUTE|[46]
11:46:02.0 (50279899)|HEAP_ALLOCATE|[EXTERNAL]|Bytes:4
11:46:02.0 (50285669)|HEAP_ALLOCATE|[16]|Bytes:4
11:46:02.0 (50291773)|VARIABLE_ASSIGNMENT|[16]|i|2
11:46:02.0 (50307269)|STATEMENT_EXECUTE|[16]
11:46:02.0 (50308808)|STATEMENT_EXECUTE|[17]
11:46:02.0 (50316649)|HEAP_ALLOCATE|[17]|Bytes:3
11:46:02.0 (50323033)|VARIABLE_SCOPE_BEGIN|[17]|keyword|String|false|false
11:46:02.0 (50328521)|VARIABLE_ASSIGNMENT|[17]|keyword|"SSN"
11:46:02.0 (50330469)|STATEMENT_EXECUTE|[19]
11:46:02.0 (50333671)|HEAP_ALLOCATE|[19]|Bytes:4
11:46:02.0 (50341285)|VARIABLE_SCOPE_BEGIN|[19]|keywordList|List<String>|true|false
11:46:02.0 (50353539)|HEAP_ALLOCATE|[EXTERNAL]|Bytes:4
11:46:02.0 (50362106)|VARIABLE_ASSIGNMENT|[19]|keywordList|{"s":1,"v":[]}|0x100b4d83
11:46:02.0 (50364739)|STATEMENT_EXECUTE|[20]
11:46:02.0 (50372570)|HEAP_ALLOCATE|[EXTERNAL]|Bytes:4
11:46:02.0 (50377253)|STATEMENT_EXECUTE|[22]
11:46:02.0 (50380684)|HEAP_ALLOCATE|[22]|Bytes:4
11:46:02.0 (50387761)|VARIABLE_SCOPE_BEGIN|[22]|casesWithSecretInfo|List<Case>|true|false
11:46:02.0 (50392075)|HEAP_ALLOCATE|[EXTERNAL]|Bytes:4
11:46:02.0 (50412585)|VARIABLE_ASSIGNMENT|[22]|casesWithSecretInfo|{"s":1,"v":[]}|0x70224e6e
11:46:02.0 (50458337)|HEAP_ALLOCATE|[23]|Bytes:5
11:46:02.0 (50484986)|VARIABLE_SCOPE_BEGIN|[23]|myCase|Case|true|false
11:46:02.0 (50961320)|VARIABLE_ASSIGNMENT|[23]|myCase|{"Status":"New","ParentId":"50041000003lnbJAAQ","LastModifiedDate":"2016-12-29T19:46:02.000Z","IsDeleted":false,"Description":"SSN","Priority":"High","Product_Has_Extended (12 more) ...":false,"IsClosed":false,"Subject":"Warning: Parent case (24 more) ...","SystemModstamp":"2016-12-29T19:46:02.000Z","BusinessHoursId":"01m41000000XnfnAAC","CreatedById":"00541000001IQl9AAG","IsEscalated":true,"OwnerId":"00541000001IQl9AAG","CreatedDate":"2016-12-29T19:46:02.000Z","IsClosedOnCreate":false,"CaseNumber":"00001096","Id":"50041000003lnbKAAQ","LastModifiedById":"00541000001IQl9AAG"}|0xee81611
11:46:02.0 (50971936)|STATEMENT_EXECUTE|[23]
11:46:02.0 (51015284)|STATEMENT_EXECUTE|[24]
11:46:02.0 (51037954)|HEAP_ALLOCATE|[23]|Bytes:5
11:46:02.0 (51083383)|VARIABLE_ASSIGNMENT|[23]|myCase|null|
11:46:02.0 (51090251)|STATEMENT_EXECUTE|[36]
11:46:02.0 (51096764)|HEAP_ALLOCATE|[36]|Bytes:4
11:46:02.0 (51115961)|VARIABLE_SCOPE_BEGIN|[36]|casesToCreate|List<Case>|true|false
11:46:02.0 (51124590)|HEAP_ALLOCATE|[EXTERNAL]|Bytes:4
11:46:02.0 (51139225)|VARIABLE_ASSIGNMENT|[36]|casesToCreate|{"s":1,"v":[]}|0x4f0808c3
11:46:02.0 (51172401)|HEAP_ALLOCATE|[37]|Bytes:5
11:46:02.0 (51192968)|VARIABLE_ASSIGNMENT|[37]|caseWithSecretInfo|null|
11:46:02.0 (51197419)|STATEMENT_EXECUTE|[37]
11:46:02.0 (51199272)|STATEMENT_EXECUTE|[46]
11:46:02.0 (51234619)|HEAP_ALLOCATE|[EXTERNAL]|Bytes:4
11:46:02.0 (51242206)|HEAP_ALLOCATE|[16]|Bytes:4
11:46:02.0 (51249470)|VARIABLE_ASSIGNMENT|[16]|i|3
11:46:02.0 (51266617)|STATEMENT_EXECUTE|[16]
11:46:02.0 (51268323)|STATEMENT_EXECUTE|[17]
11:46:02.0 (51276268)|HEAP_ALLOCATE|[17]|Bytes:8
11:46:02.0 (51282683)|VARIABLE_SCOPE_BEGIN|[17]|keyword|String|false|false
11:46:02.0 (51288558)|VARIABLE_ASSIGNMENT|[17]|keyword|"Passport"
11:46:02.0 (51290423)|STATEMENT_EXECUTE|[19]
11:46:02.0 (51293762)|HEAP_ALLOCATE|[19]|Bytes:4
11:46:02.0 (51301644)|VARIABLE_SCOPE_BEGIN|[19]|keywordList|List<String>|true|false
11:46:02.0 (51314920)|HEAP_ALLOCATE|[EXTERNAL]|Bytes:4
11:46:02.0 (51323735)|VARIABLE_ASSIGNMENT|[19]|keywordList|{"s":1,"v":[]}|0x8b47844
11:46:02.0 (51326283)|STATEMENT_EXECUTE|[20]
11:46:02.0 (51334488)|HEAP_ALLOCATE|[EXTERNAL]|Bytes:4
11:46:02.0 (51339422)|STATEMENT_EXECUTE|[22]
11:46:02.0 (51343477)|HEAP_ALLOCATE|[22]|Bytes:4
11:46:02.0 (51355388)|VARIABLE_SCOPE_BEGIN|[22]|casesWithSecretInfo|List<Case>|true|false
11:46:02.0 (51362916)|HEAP_ALLOCATE|[EXTERNAL]|Bytes:4
11:46:02.0 (51374725)|VARIABLE_ASSIGNMENT|[22]|casesWithSecretInfo|{"s":1,"v":[]}|0x42194b84
11:46:02.0 (51435470)|HEAP_ALLOCATE|[23]|Bytes:5
11:46:02.0 (51458790)|VARIABLE_SCOPE_BEGIN|[23]|myCase|Case|true|false
11:46:02.0 (51922410)|VARIABLE_ASSIGNMENT|[23]|myCase|{"Status":"New","ParentId":"50041000003lnbJAAQ","LastModifiedDate":"2016-12-29T19:46:02.000Z","IsDeleted":false,"Description":"SSN","Priority":"High","Product_Has_Extended (12 more) ...":false,"IsClosed":false,"Subject":"Warning: Parent case (24 more) ...","SystemModstamp":"2016-12-29T19:46:02.000Z","BusinessHoursId":"01m41000000XnfnAAC","CreatedById":"00541000001IQl9AAG","IsEscalated":true,"OwnerId":"00541000001IQl9AAG","CreatedDate":"2016-12-29T19:46:02.000Z","IsClosedOnCreate":false,"CaseNumber":"00001096","Id":"50041000003lnbKAAQ","LastModifiedById":"00541000001IQl9AAG"}|0xee81611
11:46:02.0 (51933974)|STATEMENT_EXECUTE|[23]
11:46:02.0 (51974480)|STATEMENT_EXECUTE|[24]
11:46:02.0 (51991683)|HEAP_ALLOCATE|[23]|Bytes:5
11:46:02.0 (52010366)|VARIABLE_ASSIGNMENT|[23]|myCase|null|
11:46:02.0 (52016020)|STATEMENT_EXECUTE|[36]
11:46:02.0 (52021927)|HEAP_ALLOCATE|[36]|Bytes:4
11:46:02.0 (52036614)|VARIABLE_SCOPE_BEGIN|[36]|casesToCreate|List<Case>|true|false
11:46:02.0 (52043690)|HEAP_ALLOCATE|[EXTERNAL]|Bytes:4
11:46:02.0 (52055229)|VARIABLE_ASSIGNMENT|[36]|casesToCreate|{"s":1,"v":[]}|0x202a3c97
11:46:02.0 (52096720)|HEAP_ALLOCATE|[37]|Bytes:5
11:46:02.0 (52117987)|VARIABLE_ASSIGNMENT|[37]|caseWithSecretInfo|null|
11:46:02.0 (52122567)|STATEMENT_EXECUTE|[37]
11:46:02.0 (52124981)|STATEMENT_EXECUTE|[46]
11:46:02.0 (52159014)|HEAP_ALLOCATE|[EXTERNAL]|Bytes:4
11:46:02.0 (52167541)|HEAP_ALLOCATE|[16]|Bytes:4
11:46:02.0 (52176952)|VARIABLE_ASSIGNMENT|[16]|i|4
11:46:02.0 (52202195)|STATEMENT_EXECUTE|[16]
11:46:02.0 (52205236)|STATEMENT_EXECUTE|[17]
11:46:02.0 (52219026)|HEAP_ALLOCATE|[17]|Bytes:10
11:46:02.0 (52228868)|VARIABLE_SCOPE_BEGIN|[17]|keyword|String|false|false
11:46:02.0 (52237658)|VARIABLE_ASSIGNMENT|[17]|keyword|"Bodyweight"
11:46:02.0 (52241398)|STATEMENT_EXECUTE|[19]
11:46:02.0 (52246431)|HEAP_ALLOCATE|[19]|Bytes:4
11:46:02.0 (52259987)|VARIABLE_SCOPE_BEGIN|[19]|keywordList|List<String>|true|false
11:46:02.0 (52277470)|HEAP_ALLOCATE|[EXTERNAL]|Bytes:4
11:46:02.0 (52290036)|VARIABLE_ASSIGNMENT|[19]|keywordList|{"s":1,"v":[]}|0x2feb7641
11:46:02.0 (52294440)|STATEMENT_EXECUTE|[20]
11:46:02.0 (52306807)|HEAP_ALLOCATE|[EXTERNAL]|Bytes:4
11:46:02.0 (52314607)|STATEMENT_EXECUTE|[22]
11:46:02.0 (52319729)|HEAP_ALLOCATE|[22]|Bytes:4
11:46:02.0 (52331798)|VARIABLE_SCOPE_BEGIN|[22]|casesWithSecretInfo|List<Case>|true|false
11:46:02.0 (52338939)|HEAP_ALLOCATE|[EXTERNAL]|Bytes:4
11:46:02.0 (52350521)|VARIABLE_ASSIGNMENT|[22]|casesWithSecretInfo|{"s":1,"v":[]}|0x4365da0
11:46:02.0 (52395806)|HEAP_ALLOCATE|[23]|Bytes:5
11:46:02.0 (52421922)|VARIABLE_SCOPE_BEGIN|[23]|myCase|Case|true|false
11:46:02.0 (52852174)|VARIABLE_ASSIGNMENT|[23]|myCase|{"Status":"New","ParentId":"50041000003lnbJAAQ","LastModifiedDate":"2016-12-29T19:46:02.000Z","IsDeleted":false,"Description":"SSN","Priority":"High","Product_Has_Extended (12 more) ...":false,"IsClosed":false,"Subject":"Warning: Parent case (24 more) ...","SystemModstamp":"2016-12-29T19:46:02.000Z","BusinessHoursId":"01m41000000XnfnAAC","CreatedById":"00541000001IQl9AAG","IsEscalated":true,"OwnerId":"00541000001IQl9AAG","CreatedDate":"2016-12-29T19:46:02.000Z","IsClosedOnCreate":false,"CaseNumber":"00001096","Id":"50041000003lnbKAAQ","LastModifiedById":"00541000001IQl9AAG"}|0xee81611
11:46:02.0 (52861780)|STATEMENT_EXECUTE|[23]
11:46:02.0 (52900149)|STATEMENT_EXECUTE|[24]
11:46:02.0 (52917545)|HEAP_ALLOCATE|[23]|Bytes:5
11:46:02.0 (52936737)|VARIABLE_ASSIGNMENT|[23]|myCase|null|
11:46:02.0 (52941017)|STATEMENT_EXECUTE|[36]
11:46:02.0 (52945871)|HEAP_ALLOCATE|[36]|Bytes:4
11:46:02.0 (52960549)|VARIABLE_SCOPE_BEGIN|[36]|casesToCreate|List<Case>|true|false
11:46:02.0 (52967759)|HEAP_ALLOCATE|[EXTERNAL]|Bytes:4
11:46:02.0 (52979677)|VARIABLE_ASSIGNMENT|[36]|casesToCreate|{"s":1,"v":[]}|0xc7b63c9
11:46:02.0 (53007613)|HEAP_ALLOCATE|[37]|Bytes:5
11:46:02.0 (53026702)|VARIABLE_ASSIGNMENT|[37]|caseWithSecretInfo|null|
11:46:02.0 (53031285)|STATEMENT_EXECUTE|[37]
11:46:02.0 (53033351)|STATEMENT_EXECUTE|[46]
11:46:02.0 (53066131)|HEAP_ALLOCATE|[EXTERNAL]|Bytes:4
11:46:02.0 (53074925)|HEAP_ALLOCATE|[16]|Bytes:4
11:46:02.0 (53084292)|VARIABLE_ASSIGNMENT|[16]|i|5
11:46:02.53 (53114703)|CUMULATIVE_LIMIT_USAGE
11:46:02.53 (53114703)|LIMIT_USAGE_FOR_NS|(default)|
  Number of SOQL queries: 0 out of 100
  Number of query rows: 0 out of 50000
  Number of SOSL queries: 0 out of 20
  Number of DML statements: 1 out of 150
  Number of DML rows: 1 out of 10000
  Maximum CPU time: 0 out of 10000
  Maximum heap size: 0 out of 6000000
  Number of callouts: 0 out of 100
  Number of Email Invocations: 0 out of 10
  Number of future calls: 0 out of 50
  Number of queueable jobs added to the queue: 0 out of 50
  Number of Mobile Apex push calls: 0 out of 10

11:46:02.53 (53114703)|CUMULATIVE_LIMIT_USAGE_END

11:46:02.0 (55376629)|CODE_UNIT_FINISHED|CheckSecretInformation on Case trigger event AfterInsert for [50041000003lnbK]
11:46:02.0 (56059203)|CODE_UNIT_STARTED|[EXTERNAL]|Workflow:Case
11:46:02.0 (67241577)|WF_RULE_EVAL_BEGIN|Assignment
11:46:02.0 (67256274)|WF_SPOOL_ACTION_BEGIN|Assignment
11:46:02.0 (67260060)|WF_ACTION|.
11:46:02.0 (67261926)|WF_RULE_EVAL_END
11:46:02.0 (67267245)|WF_RULE_EVAL_BEGIN|Escalation
11:46:02.0 (67275926)|WF_SPOOL_ACTION_BEGIN|Escalation
11:46:02.0 (67277379)|WF_ACTION|.
11:46:02.0 (67278449)|WF_RULE_EVAL_END
11:46:02.0 (67322489)|WF_ACTIONS_END| None
11:46:02.0 (67330098)|CODE_UNIT_FINISHED|Workflow:Case
11:46:02.0 (70098202)|DML_END|[46]
11:46:02.0 (70144381)|HEAP_ALLOCATE|[EXTERNAL]|Bytes:8
11:46:02.0 (70169082)|HEAP_ALLOCATE|[16]|Bytes:4
11:46:02.0 (70194967)|VARIABLE_ASSIGNMENT|[16]|i|3
11:46:02.0 (70255592)|STATEMENT_EXECUTE|[16]
11:46:02.0 (70259155)|STATEMENT_EXECUTE|[17]
11:46:02.0 (70279112)|HEAP_ALLOCATE|[17]|Bytes:8
11:46:02.0 (70296923)|VARIABLE_SCOPE_BEGIN|[17]|keyword|String|false|false
11:46:02.0 (70312182)|VARIABLE_ASSIGNMENT|[17]|keyword|"Passport"
11:46:02.0 (70316493)|STATEMENT_EXECUTE|[19]
11:46:02.0 (70324952)|HEAP_ALLOCATE|[19]|Bytes:4
11:46:02.0 (70346121)|VARIABLE_SCOPE_BEGIN|[19]|keywordList|List<String>|true|false
11:46:02.0 (70371743)|HEAP_ALLOCATE|[EXTERNAL]|Bytes:4
11:46:02.0 (70395617)|VARIABLE_ASSIGNMENT|[19]|keywordList|{"s":1,"v":[]}|0x346cc5d3
11:46:02.0 (70400849)|STATEMENT_EXECUTE|[20]
11:46:02.0 (70416747)|HEAP_ALLOCATE|[EXTERNAL]|Bytes:4
11:46:02.0 (70425684)|STATEMENT_EXECUTE|[22]
11:46:02.0 (70431708)|HEAP_ALLOCATE|[22]|Bytes:4
11:46:02.0 (70445501)|VARIABLE_SCOPE_BEGIN|[22]|casesWithSecretInfo|List<Case>|true|false
11:46:02.0 (70455125)|HEAP_ALLOCATE|[EXTERNAL]|Bytes:4
11:46:02.0 (70470151)|VARIABLE_ASSIGNMENT|[22]|casesWithSecretInfo|{"s":1,"v":[]}|0x75c22c9c
11:46:02.0 (70530881)|HEAP_ALLOCATE|[23]|Bytes:5
11:46:02.0 (70568991)|VARIABLE_SCOPE_BEGIN|[23]|myCase|Case|true|false
11:46:02.0 (71224064)|VARIABLE_ASSIGNMENT|[23]|myCase|{"Origin":"Phone","Status":"New","LastModifiedDate":"2016-12-29T19:46:02.000Z","IsDeleted":false,"Description":"Passport SSN","Priority":"Medium","Product_Has_Extended (12 more) ...":false,"IsClosed":false,"SystemModstamp":"2016-12-29T19:46:02.000Z","BusinessHoursId":"01m41000000XnfnAAC","CreatedById":"00541000001IQl9AAG","IsEscalated":false,"OwnerId":"00541000001IQl9AAG","CreatedDate":"2016-12-29T19:46:02.000Z","IsClosedOnCreate":false,"CaseNumber":"00001095","Id":"50041000003lnbJAAQ","LastModifiedById":"00541000001IQl9AAG"}|0x4bdbbe31
11:46:02.0 (71234505)|STATEMENT_EXECUTE|[23]
11:46:02.0 (71274629)|STATEMENT_EXECUTE|[24]
11:46:02.0 (71322146)|STATEMENT_EXECUTE|[26]
11:46:02.0 (71325066)|STATEMENT_EXECUTE|[27]
11:46:02.0 (71337391)|HEAP_ALLOCATE|[EXTERNAL]|Bytes:4
11:46:02.0 (71347429)|STATEMENT_EXECUTE|[28]
11:46:02.0 (71375721)|HEAP_ALLOCATE|[28]|Bytes:18
11:46:02.0 (71409016)|HEAP_ALLOCATE|[28]|Bytes:10
11:46:02.0 (71428356)|HEAP_ALLOCATE|[28]|Bytes:58
11:46:02.0 (71447064)|USER_DEBUG|[28]|DEBUG|Case 50041000003lnbJAAQ includes secret keyword (Passport)
11:46:02.0 (71469166)|HEAP_ALLOCATE|[23]|Bytes:5
11:46:02.0 (71491821)|VARIABLE_ASSIGNMENT|[23]|myCase|null|
11:46:02.0 (71497850)|STATEMENT_EXECUTE|[36]
11:46:02.0 (71504563)|HEAP_ALLOCATE|[36]|Bytes:4
11:46:02.0 (71519398)|VARIABLE_SCOPE_BEGIN|[36]|casesToCreate|List<Case>|true|false
11:46:02.0 (71525266)|HEAP_ALLOCATE|[EXTERNAL]|Bytes:4
11:46:02.0 (71535701)|VARIABLE_ASSIGNMENT|[36]|casesToCreate|{"s":1,"v":[]}|0x6ee51931
11:46:02.0 (71556014)|HEAP_ALLOCATE|[37]|Bytes:5
11:46:02.0 (71572103)|VARIABLE_SCOPE_BEGIN|[37]|caseWithSecretInfo|Case|true|false
11:46:02.0 (72127337)|VARIABLE_ASSIGNMENT|[37]|caseWithSecretInfo|{"Origin":"Phone","Status":"New","LastModifiedDate":"2016-12-29T19:46:02.000Z","IsDeleted":false,"Description":"Passport SSN","Priority":"Medium","Product_Has_Extended (12 more) ...":false,"IsClosed":false,"SystemModstamp":"2016-12-29T19:46:02.000Z","BusinessHoursId":"01m41000000XnfnAAC","CreatedById":"00541000001IQl9AAG","IsEscalated":false,"OwnerId":"00541000001IQl9AAG","CreatedDate":"2016-12-29T19:46:02.000Z","IsClosedOnCreate":false,"CaseNumber":"00001095","Id":"50041000003lnbJAAQ","LastModifiedById":"00541000001IQl9AAG"}|0x4bdbbe31
11:46:02.0 (72138771)|STATEMENT_EXECUTE|[37]
11:46:02.0 (72141020)|STATEMENT_EXECUTE|[38]
11:46:02.0 (72158501)|HEAP_ALLOCATE|[38]|Bytes:4
11:46:02.0 (72184874)|VARIABLE_SCOPE_BEGIN|[38]|childCase|Case|true|false
11:46:02.0 (72200406)|VARIABLE_ASSIGNMENT|[38]|childCase|{}|0x307d8c33
11:46:02.0 (72204812)|STATEMENT_EXECUTE|[39]
11:46:02.0 (72277023)|VARIABLE_ASSIGNMENT|[39]|this.Subject|"Warning: Parent case (24 more) ..."|0x307d8c33
11:46:02.0 (72282960)|STATEMENT_EXECUTE|[40]
11:46:02.0 (72332202)|VARIABLE_ASSIGNMENT|[40]|this.ParentId|"50041000003lnbJAAQ"|0x307d8c33
11:46:02.0 (72337741)|STATEMENT_EXECUTE|[41]
11:46:02.0 (72383315)|VARIABLE_ASSIGNMENT|[41]|this.IsEscalated|true|0x307d8c33
11:46:02.0 (72389327)|STATEMENT_EXECUTE|[42]
11:46:02.0 (72432686)|VARIABLE_ASSIGNMENT|[42]|this.Priority|"High"|0x307d8c33
11:46:02.0 (72437918)|STATEMENT_EXECUTE|[43]
11:46:02.0 (72478866)|VARIABLE_ASSIGNMENT|[43]|this.Description|"Passport"|0x307d8c33
11:46:02.0 (72484286)|STATEMENT_EXECUTE|[44]
11:46:02.0 (72498393)|HEAP_ALLOCATE|[EXTERNAL]|Bytes:4
11:46:02.0 (72522357)|HEAP_ALLOCATE|[37]|Bytes:5
11:46:02.0 (72544164)|VARIABLE_ASSIGNMENT|[37]|caseWithSecretInfo|null|
11:46:02.0 (72549035)|STATEMENT_EXECUTE|[46]
11:46:02.0 (72585986)|DML_BEGIN|[46]|Op:Insert|Type:Case|Rows:1
11:46:02.0 (72614299)|HEAP_ALLOCATE|[EXTERNAL]|Bytes:8
11:46:02.0 (119546993)|CODE_UNIT_STARTED|[EXTERNAL]|01q410000019tMZ|CheckSecretInformation on Case trigger event AfterInsert for [50041000003lnbL]
11:46:02.0 (119582666)|HEAP_ALLOCATE|[EXTERNAL]|Bytes:8
11:46:02.0 (119673295)|HEAP_ALLOCATE|[EXTERNAL]|Bytes:12
11:46:02.0 (119687508)|VARIABLE_SCOPE_BEGIN|[1]|this|CheckSecretInformation|true|false
11:46:02.0 (119741074)|VARIABLE_ASSIGNMENT|[1]|this|{}|0x357d01e8
11:46:02.0 (119775521)|HEAP_ALLOCATE|[EXTERNAL]|Bytes:12
11:46:02.0 (119783833)|VARIABLE_SCOPE_BEGIN|[1]|this|CheckSecretInformation|true|false
11:46:02.0 (119819165)|VARIABLE_ASSIGNMENT|[1]|this|{}|0x357d01e8
11:46:02.0 (119829993)|STATEMENT_EXECUTE|[1]
11:46:02.0 (119833014)|STATEMENT_EXECUTE|[3]
11:46:02.0 (119872679)|VARIABLE_ASSIGNMENT|[3]|this.childCasesSubject|"Warning: Parent case (24 more) ..."|0x357d01e8
11:46:02.0 (119878315)|STATEMENT_EXECUTE|[6]
11:46:02.0 (119885792)|HEAP_ALLOCATE|[6]|Bytes:4
11:46:02.0 (119936768)|HEAP_ALLOCATE|[EXTERNAL]|Bytes:4
11:46:02.0 (119961494)|VARIABLE_ASSIGNMENT|[6]|this.secretKeywords|{"s":1,"v":[]}|0x357d01e8
11:46:02.0 (119966552)|STATEMENT_EXECUTE|[7]
11:46:02.0 (119995332)|HEAP_ALLOCATE|[EXTERNAL]|Bytes:4
11:46:02.0 (120007158)|STATEMENT_EXECUTE|[8]
11:46:02.0 (120024973)|HEAP_ALLOCATE|[EXTERNAL]|Bytes:4
11:46:02.0 (120032973)|STATEMENT_EXECUTE|[9]
11:46:02.0 (120049293)|HEAP_ALLOCATE|[EXTERNAL]|Bytes:4
11:46:02.0 (120057456)|STATEMENT_EXECUTE|[10]
11:46:02.0 (120072198)|HEAP_ALLOCATE|[EXTERNAL]|Bytes:4
11:46:02.0 (120079925)|STATEMENT_EXECUTE|[11]
11:46:02.0 (120096589)|HEAP_ALLOCATE|[EXTERNAL]|Bytes:4
11:46:02.0 (120106781)|STATEMENT_EXECUTE|[16]
11:46:02.0 (120112609)|VARIABLE_SCOPE_BEGIN|[16]|i|Integer|false|false
11:46:02.0 (120119389)|HEAP_ALLOCATE|[16]|Bytes:4
11:46:02.0 (120130599)|VARIABLE_ASSIGNMENT|[16]|i|0
11:46:02.0 (120157994)|STATEMENT_EXECUTE|[16]
11:46:02.0 (120161256)|STATEMENT_EXECUTE|[17]
11:46:02.0 (120180017)|HEAP_ALLOCATE|[17]|Bytes:11
11:46:02.0 (120192607)|VARIABLE_SCOPE_BEGIN|[17]|keyword|String|false|false
11:46:02.0 (120203470)|VARIABLE_ASSIGNMENT|[17]|keyword|"Credit Card"
11:46:02.0 (120207422)|STATEMENT_EXECUTE|[19]
11:46:02.0 (120212915)|HEAP_ALLOCATE|[19]|Bytes:4
11:46:02.0 (120229662)|VARIABLE_SCOPE_BEGIN|[19]|keywordList|List<String>|true|false
11:46:02.0 (120249152)|HEAP_ALLOCATE|[EXTERNAL]|Bytes:4
11:46:02.0 (120263373)|VARIABLE_ASSIGNMENT|[19]|keywordList|{"s":1,"v":[]}|0x12a817c1
11:46:02.0 (120268296)|STATEMENT_EXECUTE|[20]
11:46:02.0 (120280766)|HEAP_ALLOCATE|[EXTERNAL]|Bytes:4
11:46:02.0 (120289846)|STATEMENT_EXECUTE|[22]
11:46:02.0 (120295876)|HEAP_ALLOCATE|[22]|Bytes:4
11:46:02.0 (120311091)|VARIABLE_SCOPE_BEGIN|[22]|casesWithSecretInfo|List<Case>|true|false
11:46:02.0 (120320216)|HEAP_ALLOCATE|[EXTERNAL]|Bytes:4
11:46:02.0 (120334850)|VARIABLE_ASSIGNMENT|[22]|casesWithSecretInfo|{"s":1,"v":[]}|0xa0b284d
11:46:02.0 (120391836)|HEAP_ALLOCATE|[23]|Bytes:5
11:46:02.0 (120422845)|VARIABLE_SCOPE_BEGIN|[23]|myCase|Case|true|false
11:46:02.0 (121108217)|VARIABLE_ASSIGNMENT|[23]|myCase|{"Status":"New","ParentId":"50041000003lnbJAAQ","LastModifiedDate":"2016-12-29T19:46:02.000Z","IsDeleted":false,"Description":"Passport","Priority":"High","Product_Has_Extended (12 more) ...":false,"IsClosed":false,"Subject":"Warning: Parent case (24 more) ...","SystemModstamp":"2016-12-29T19:46:02.000Z","BusinessHoursId":"01m41000000XnfnAAC","CreatedById":"00541000001IQl9AAG","IsEscalated":true,"OwnerId":"00541000001IQl9AAG","CreatedDate":"2016-12-29T19:46:02.000Z","IsClosedOnCreate":false,"CaseNumber":"00001097","Id":"50041000003lnbLAAQ","LastModifiedById":"00541000001IQl9AAG"}|0x57240aa5
11:46:02.0 (121119391)|STATEMENT_EXECUTE|[23]
11:46:02.0 (121163632)|STATEMENT_EXECUTE|[24]
11:46:02.0 (121182825)|HEAP_ALLOCATE|[23]|Bytes:5
11:46:02.0 (121204617)|VARIABLE_ASSIGNMENT|[23]|myCase|null|
11:46:02.0 (121209960)|STATEMENT_EXECUTE|[36]
11:46:02.0 (121215994)|HEAP_ALLOCATE|[36]|Bytes:4
11:46:02.0 (121232807)|VARIABLE_SCOPE_BEGIN|[36]|casesToCreate|List<Case>|true|false
11:46:02.0 (121241152)|HEAP_ALLOCATE|[EXTERNAL]|Bytes:4
11:46:02.0 (121254918)|VARIABLE_ASSIGNMENT|[36]|casesToCreate|{"s":1,"v":[]}|0x3bda5004
11:46:02.0 (121286373)|HEAP_ALLOCATE|[37]|Bytes:5
11:46:02.0 (121305574)|VARIABLE_ASSIGNMENT|[37]|caseWithSecretInfo|null|
11:46:02.0 (121310236)|STATEMENT_EXECUTE|[37]
11:46:02.0 (121312005)|STATEMENT_EXECUTE|[46]
11:46:02.0 (121358081)|HEAP_ALLOCATE|[EXTERNAL]|Bytes:4
11:46:02.0 (121367449)|HEAP_ALLOCATE|[16]|Bytes:4
11:46:02.0 (121377428)|VARIABLE_ASSIGNMENT|[16]|i|1
11:46:02.0 (121403541)|STATEMENT_EXECUTE|[16]
11:46:02.0 (121406611)|STATEMENT_EXECUTE|[17]
11:46:02.0 (121421870)|HEAP_ALLOCATE|[17]|Bytes:15
11:46:02.0 (121433475)|VARIABLE_SCOPE_BEGIN|[17]|keyword|String|false|false
11:46:02.0 (121442981)|VARIABLE_ASSIGNMENT|[17]|keyword|"Social Security"
11:46:02.0 (121446303)|STATEMENT_EXECUTE|[19]
11:46:02.0 (121451799)|HEAP_ALLOCATE|[19]|Bytes:4
11:46:02.0 (121466927)|VARIABLE_SCOPE_BEGIN|[19]|keywordList|List<String>|true|false
11:46:02.0 (121485042)|HEAP_ALLOCATE|[EXTERNAL]|Bytes:4
11:46:02.0 (121498469)|VARIABLE_ASSIGNMENT|[19]|keywordList|{"s":1,"v":[]}|0x691e5ea1
11:46:02.0 (121502884)|STATEMENT_EXECUTE|[20]
11:46:02.0 (121515416)|HEAP_ALLOCATE|[EXTERNAL]|Bytes:4
11:46:02.0 (121523699)|STATEMENT_EXECUTE|[22]
11:46:02.0 (121529877)|HEAP_ALLOCATE|[22]|Bytes:4
11:46:02.0 (121543460)|VARIABLE_SCOPE_BEGIN|[22]|casesWithSecretInfo|List<Case>|true|false
11:46:02.0 (121551424)|HEAP_ALLOCATE|[EXTERNAL]|Bytes:4
11:46:02.0 (121565058)|VARIABLE_ASSIGNMENT|[22]|casesWithSecretInfo|{"s":1,"v":[]}|0x3a844a8f
11:46:02.0 (121608266)|HEAP_ALLOCATE|[23]|Bytes:5
11:46:02.0 (121633730)|VARIABLE_SCOPE_BEGIN|[23]|myCase|Case|true|false
11:46:02.0 (122057937)|VARIABLE_ASSIGNMENT|[23]|myCase|{"Status":"New","ParentId":"50041000003lnbJAAQ","LastModifiedDate":"2016-12-29T19:46:02.000Z","IsDeleted":false,"Description":"Passport","Priority":"High","Product_Has_Extended (12 more) ...":false,"IsClosed":false,"Subject":"Warning: Parent case (24 more) ...","SystemModstamp":"2016-12-29T19:46:02.000Z","BusinessHoursId":"01m41000000XnfnAAC","CreatedById":"00541000001IQl9AAG","IsEscalated":true,"OwnerId":"00541000001IQl9AAG","CreatedDate":"2016-12-29T19:46:02.000Z","IsClosedOnCreate":false,"CaseNumber":"00001097","Id":"50041000003lnbLAAQ","LastModifiedById":"00541000001IQl9AAG"}|0x57240aa5
11:46:02.0 (122068999)|STATEMENT_EXECUTE|[23]
11:46:02.0 (122103424)|STATEMENT_EXECUTE|[24]
11:46:02.0 (122118372)|HEAP_ALLOCATE|[23]|Bytes:5
11:46:02.0 (122133409)|VARIABLE_ASSIGNMENT|[23]|myCase|null|
11:46:02.0 (122136354)|STATEMENT_EXECUTE|[36]
11:46:02.0 (122140023)|HEAP_ALLOCATE|[36]|Bytes:4
11:46:02.0 (122149646)|VARIABLE_SCOPE_BEGIN|[36]|casesToCreate|List<Case>|true|false
11:46:02.0 (122154776)|HEAP_ALLOCATE|[EXTERNAL]|Bytes:4
11:46:02.0 (122164074)|VARIABLE_ASSIGNMENT|[36]|casesToCreate|{"s":1,"v":[]}|0x4d021e58
11:46:02.0 (122188846)|HEAP_ALLOCATE|[37]|Bytes:5
11:46:02.0 (122200643)|VARIABLE_ASSIGNMENT|[37]|caseWithSecretInfo|null|
11:46:02.0 (122203439)|STATEMENT_EXECUTE|[37]
11:46:02.0 (122204451)|STATEMENT_EXECUTE|[46]
11:46:02.0 (122229305)|HEAP_ALLOCATE|[EXTERNAL]|Bytes:4
11:46:02.0 (122235414)|HEAP_ALLOCATE|[16]|Bytes:4
11:46:02.0 (122241725)|VARIABLE_ASSIGNMENT|[16]|i|2
11:46:02.0 (122257601)|STATEMENT_EXECUTE|[16]
11:46:02.0 (122259253)|STATEMENT_EXECUTE|[17]
11:46:02.0 (122267204)|HEAP_ALLOCATE|[17]|Bytes:3
11:46:02.0 (122273649)|VARIABLE_SCOPE_BEGIN|[17]|keyword|String|false|false
11:46:02.0 (122279374)|VARIABLE_ASSIGNMENT|[17]|keyword|"SSN"
11:46:02.0 (122281202)|STATEMENT_EXECUTE|[19]
11:46:02.0 (122284523)|HEAP_ALLOCATE|[19]|Bytes:4
11:46:02.0 (122292386)|VARIABLE_SCOPE_BEGIN|[19]|keywordList|List<String>|true|false
11:46:02.0 (122305806)|HEAP_ALLOCATE|[EXTERNAL]|Bytes:4
11:46:02.0 (122314885)|VARIABLE_ASSIGNMENT|[19]|keywordList|{"s":1,"v":[]}|0x24b12d8c
11:46:02.0 (122318672)|STATEMENT_EXECUTE|[20]
11:46:02.0 (122327921)|HEAP_ALLOCATE|[EXTERNAL]|Bytes:4
11:46:02.0 (122333110)|STATEMENT_EXECUTE|[22]
11:46:02.0 (122336770)|HEAP_ALLOCATE|[22]|Bytes:4
11:46:02.0 (122344442)|VARIABLE_SCOPE_BEGIN|[22]|casesWithSecretInfo|List<Case>|true|false
11:46:02.0 (122349386)|HEAP_ALLOCATE|[EXTERNAL]|Bytes:4
11:46:02.0 (122356988)|VARIABLE_ASSIGNMENT|[22]|casesWithSecretInfo|{"s":1,"v":[]}|0x3f4194ed
11:46:02.0 (122384911)|HEAP_ALLOCATE|[23]|Bytes:5
11:46:02.0 (122401330)|VARIABLE_SCOPE_BEGIN|[23]|myCase|Case|true|false
11:46:02.0 (122612995)|VARIABLE_ASSIGNMENT|[23]|myCase|{"Status":"New","ParentId":"50041000003lnbJAAQ","LastModifiedDate":"2016-12-29T19:46:02.000Z","IsDeleted":false,"Description":"Passport","Priority":"High","Product_Has_Extended (12 more) ...":false,"IsClosed":false,"Subject":"Warning: Parent case (24 more) ...","SystemModstamp":"2016-12-29T19:46:02.000Z","BusinessHoursId":"01m41000000XnfnAAC","CreatedById":"00541000001IQl9AAG","IsEscalated":true,"OwnerId":"00541000001IQl9AAG","CreatedDate":"2016-12-29T19:46:02.000Z","IsClosedOnCreate":false,"CaseNumber":"00001097","Id":"50041000003lnbLAAQ","LastModifiedById":"00541000001IQl9AAG"}|0x57240aa5
11:46:02.0 (122620875)|STATEMENT_EXECUTE|[23]
11:46:02.0 (122653349)|STATEMENT_EXECUTE|[24]
11:46:02.0 (122666558)|HEAP_ALLOCATE|[23]|Bytes:5
11:46:02.0 (122680366)|VARIABLE_ASSIGNMENT|[23]|myCase|null|
11:46:02.0 (122683163)|STATEMENT_EXECUTE|[36]
11:46:02.0 (122686730)|HEAP_ALLOCATE|[36]|Bytes:4
11:46:02.0 (122696234)|VARIABLE_SCOPE_BEGIN|[36]|casesToCreate|List<Case>|true|false
11:46:02.0 (122700997)|HEAP_ALLOCATE|[EXTERNAL]|Bytes:4
11:46:02.0 (122710673)|VARIABLE_ASSIGNMENT|[36]|casesToCreate|{"s":1,"v":[]}|0x278971b8
11:46:02.0 (122728865)|HEAP_ALLOCATE|[37]|Bytes:5
11:46:02.0 (122740107)|VARIABLE_ASSIGNMENT|[37]|caseWithSecretInfo|null|
11:46:02.0 (122742783)|STATEMENT_EXECUTE|[37]
11:46:02.0 (122744448)|STATEMENT_EXECUTE|[46]
11:46:02.0 (122769456)|HEAP_ALLOCATE|[EXTERNAL]|Bytes:4
11:46:02.0 (122775422)|HEAP_ALLOCATE|[16]|Bytes:4
11:46:02.0 (122782208)|VARIABLE_ASSIGNMENT|[16]|i|3
11:46:02.0 (122802647)|STATEMENT_EXECUTE|[16]
11:46:02.0 (122804713)|STATEMENT_EXECUTE|[17]
11:46:02.0 (122812897)|HEAP_ALLOCATE|[17]|Bytes:8
11:46:02.0 (122819316)|VARIABLE_SCOPE_BEGIN|[17]|keyword|String|false|false
11:46:02.0 (122824977)|VARIABLE_ASSIGNMENT|[17]|keyword|"Passport"
11:46:02.0 (122827429)|STATEMENT_EXECUTE|[19]
11:46:02.0 (122830853)|HEAP_ALLOCATE|[19]|Bytes:4
11:46:02.0 (122838608)|VARIABLE_SCOPE_BEGIN|[19]|keywordList|List<String>|true|false
11:46:02.0 (122851958)|HEAP_ALLOCATE|[EXTERNAL]|Bytes:4
11:46:02.0 (122860694)|VARIABLE_ASSIGNMENT|[19]|keywordList|{"s":1,"v":[]}|0x7aa45bcf
11:46:02.0 (122863420)|STATEMENT_EXECUTE|[20]
11:46:02.0 (122871399)|HEAP_ALLOCATE|[EXTERNAL]|Bytes:4
11:46:02.0 (122876099)|STATEMENT_EXECUTE|[22]
11:46:02.0 (122879602)|HEAP_ALLOCATE|[22]|Bytes:4
11:46:02.0 (122887367)|VARIABLE_SCOPE_BEGIN|[22]|casesWithSecretInfo|List<Case>|true|false
11:46:02.0 (122892010)|HEAP_ALLOCATE|[EXTERNAL]|Bytes:4
11:46:02.0 (122899317)|VARIABLE_ASSIGNMENT|[22]|casesWithSecretInfo|{"s":1,"v":[]}|0x57d4d45a
11:46:02.0 (122926272)|HEAP_ALLOCATE|[23]|Bytes:5
11:46:02.0 (122941878)|VARIABLE_SCOPE_BEGIN|[23]|myCase|Case|true|false
11:46:02.0 (123143071)|VARIABLE_ASSIGNMENT|[23]|myCase|{"Status":"New","ParentId":"50041000003lnbJAAQ","LastModifiedDate":"2016-12-29T19:46:02.000Z","IsDeleted":false,"Description":"Passport","Priority":"High","Product_Has_Extended (12 more) ...":false,"IsClosed":false,"Subject":"Warning: Parent case (24 more) ...","SystemModstamp":"2016-12-29T19:46:02.000Z","BusinessHoursId":"01m41000000XnfnAAC","CreatedById":"00541000001IQl9AAG","IsEscalated":true,"OwnerId":"00541000001IQl9AAG","CreatedDate":"2016-12-29T19:46:02.000Z","IsClosedOnCreate":false,"CaseNumber":"00001097","Id":"50041000003lnbLAAQ","LastModifiedById":"00541000001IQl9AAG"}|0x57240aa5
11:46:02.0 (123151427)|STATEMENT_EXECUTE|[23]
11:46:02.0 (123179690)|STATEMENT_EXECUTE|[24]
11:46:02.0 (123191744)|HEAP_ALLOCATE|[23]|Bytes:5
11:46:02.0 (123204348)|VARIABLE_ASSIGNMENT|[23]|myCase|null|
11:46:02.0 (123207007)|STATEMENT_EXECUTE|[36]
11:46:02.0 (123210417)|HEAP_ALLOCATE|[36]|Bytes:4
11:46:02.0 (123219070)|VARIABLE_SCOPE_BEGIN|[36]|casesToCreate|List<Case>|true|false
11:46:02.0 (123223673)|HEAP_ALLOCATE|[EXTERNAL]|Bytes:4
11:46:02.0 (123232134)|VARIABLE_ASSIGNMENT|[36]|casesToCreate|{"s":1,"v":[]}|0x6401c4b1
11:46:02.0 (123249055)|HEAP_ALLOCATE|[37]|Bytes:5
11:46:02.0 (123259744)|VARIABLE_ASSIGNMENT|[37]|caseWithSecretInfo|null|
11:46:02.0 (123262425)|STATEMENT_EXECUTE|[37]
11:46:02.0 (123263451)|STATEMENT_EXECUTE|[46]
11:46:02.0 (123286958)|HEAP_ALLOCATE|[EXTERNAL]|Bytes:4
11:46:02.0 (123292757)|HEAP_ALLOCATE|[16]|Bytes:4
11:46:02.0 (123298991)|VARIABLE_ASSIGNMENT|[16]|i|4
11:46:02.0 (123314255)|STATEMENT_EXECUTE|[16]
11:46:02.0 (123315835)|STATEMENT_EXECUTE|[17]
11:46:02.0 (123323297)|HEAP_ALLOCATE|[17]|Bytes:10
11:46:02.0 (123329810)|VARIABLE_SCOPE_BEGIN|[17]|keyword|String|false|false
11:46:02.0 (123336011)|VARIABLE_ASSIGNMENT|[17]|keyword|"Bodyweight"
11:46:02.0 (123337951)|STATEMENT_EXECUTE|[19]
11:46:02.0 (123341033)|HEAP_ALLOCATE|[19]|Bytes:4
11:46:02.0 (123348707)|VARIABLE_SCOPE_BEGIN|[19]|keywordList|List<String>|true|false
11:46:02.0 (123361256)|HEAP_ALLOCATE|[EXTERNAL]|Bytes:4
11:46:02.0 (123369960)|VARIABLE_ASSIGNMENT|[19]|keywordList|{"s":1,"v":[]}|0x8697d38
11:46:02.0 (123372571)|STATEMENT_EXECUTE|[20]
11:46:02.0 (123380468)|HEAP_ALLOCATE|[EXTERNAL]|Bytes:4
11:46:02.0 (123385701)|STATEMENT_EXECUTE|[22]
11:46:02.0 (123389113)|HEAP_ALLOCATE|[22]|Bytes:4
11:46:02.0 (123396312)|VARIABLE_SCOPE_BEGIN|[22]|casesWithSecretInfo|List<Case>|true|false
11:46:02.0 (123400710)|HEAP_ALLOCATE|[EXTERNAL]|Bytes:4
11:46:02.0 (123407355)|VARIABLE_ASSIGNMENT|[22]|casesWithSecretInfo|{"s":1,"v":[]}|0x50cb25d9
11:46:02.0 (123434013)|HEAP_ALLOCATE|[23]|Bytes:5
11:46:02.0 (123449458)|VARIABLE_SCOPE_BEGIN|[23]|myCase|Case|true|false
11:46:02.0 (123649901)|VARIABLE_ASSIGNMENT|[23]|myCase|{"Status":"New","ParentId":"50041000003lnbJAAQ","LastModifiedDate":"2016-12-29T19:46:02.000Z","IsDeleted":false,"Description":"Passport","Priority":"High","Product_Has_Extended (12 more) ...":false,"IsClosed":false,"Subject":"Warning: Parent case (24 more) ...","SystemModstamp":"2016-12-29T19:46:02.000Z","BusinessHoursId":"01m41000000XnfnAAC","CreatedById":"00541000001IQl9AAG","IsEscalated":true,"OwnerId":"00541000001IQl9AAG","CreatedDate":"2016-12-29T19:46:02.000Z","IsClosedOnCreate":false,"CaseNumber":"00001097","Id":"50041000003lnbLAAQ","LastModifiedById":"00541000001IQl9AAG"}|0x57240aa5
11:46:02.0 (123657217)|STATEMENT_EXECUTE|[23]
11:46:02.0 (123685367)|STATEMENT_EXECUTE|[24]
11:46:02.0 (123697181)|HEAP_ALLOCATE|[23]|Bytes:5
11:46:02.0 (123709874)|VARIABLE_ASSIGNMENT|[23]|myCase|null|
11:46:02.0 (123712585)|STATEMENT_EXECUTE|[36]
11:46:02.0 (123715998)|HEAP_ALLOCATE|[36]|Bytes:4
11:46:02.0 (123724840)|VARIABLE_SCOPE_BEGIN|[36]|casesToCreate|List<Case>|true|false
11:46:02.0 (123729353)|HEAP_ALLOCATE|[EXTERNAL]|Bytes:4
11:46:02.0 (123737760)|VARIABLE_ASSIGNMENT|[36]|casesToCreate|{"s":1,"v":[]}|0x214c4d9e
11:46:02.0 (123754994)|HEAP_ALLOCATE|[37]|Bytes:5
11:46:02.0 (123765511)|VARIABLE_ASSIGNMENT|[37]|caseWithSecretInfo|null|
11:46:02.0 (123768246)|STATEMENT_EXECUTE|[37]
11:46:02.0 (123769701)|STATEMENT_EXECUTE|[46]
11:46:02.0 (123797991)|HEAP_ALLOCATE|[EXTERNAL]|Bytes:4
11:46:02.0 (123804030)|HEAP_ALLOCATE|[16]|Bytes:4
11:46:02.0 (123810640)|VARIABLE_ASSIGNMENT|[16]|i|5
11:46:02.123 (123833876)|CUMULATIVE_LIMIT_USAGE
11:46:02.123 (123833876)|LIMIT_USAGE_FOR_NS|(default)|
  Number of SOQL queries: 0 out of 100
  Number of query rows: 0 out of 50000
  Number of SOSL queries: 0 out of 20
  Number of DML statements: 2 out of 150
  Number of DML rows: 2 out of 10000
  Maximum CPU time: 0 out of 10000
  Maximum heap size: 0 out of 6000000
  Number of callouts: 0 out of 100
  Number of Email Invocations: 0 out of 10
  Number of future calls: 0 out of 50
  Number of queueable jobs added to the queue: 0 out of 50
  Number of Mobile Apex push calls: 0 out of 10

11:46:02.123 (123833876)|CUMULATIVE_LIMIT_USAGE_END

11:46:02.0 (124919628)|CODE_UNIT_FINISHED|CheckSecretInformation on Case trigger event AfterInsert for [50041000003lnbL]
11:46:02.0 (125003856)|CODE_UNIT_STARTED|[EXTERNAL]|Workflow:Case
11:46:02.0 (130203725)|WF_RULE_EVAL_BEGIN|Assignment
11:46:02.0 (130215077)|WF_SPOOL_ACTION_BEGIN|Assignment
11:46:02.0 (130218595)|WF_ACTION|.
11:46:02.0 (130220595)|WF_RULE_EVAL_END
11:46:02.0 (130225620)|WF_RULE_EVAL_BEGIN|Escalation
11:46:02.0 (130229825)|WF_SPOOL_ACTION_BEGIN|Escalation
11:46:02.0 (130231197)|WF_ACTION|.
11:46:02.0 (130232244)|WF_RULE_EVAL_END
11:46:02.0 (130273543)|WF_ACTIONS_END| None
11:46:02.0 (130280078)|CODE_UNIT_FINISHED|Workflow:Case
11:46:02.0 (130449481)|DML_END|[46]
11:46:02.0 (130474277)|HEAP_ALLOCATE|[EXTERNAL]|Bytes:8
11:46:02.0 (130488601)|HEAP_ALLOCATE|[16]|Bytes:4
11:46:02.0 (130505044)|VARIABLE_ASSIGNMENT|[16]|i|4
11:46:02.0 (130537991)|STATEMENT_EXECUTE|[16]
11:46:02.0 (130539882)|STATEMENT_EXECUTE|[17]
11:46:02.0 (130549483)|HEAP_ALLOCATE|[17]|Bytes:10
11:46:02.0 (130557822)|VARIABLE_SCOPE_BEGIN|[17]|keyword|String|false|false
11:46:02.0 (130566926)|VARIABLE_ASSIGNMENT|[17]|keyword|"Bodyweight"
11:46:02.0 (130569896)|STATEMENT_EXECUTE|[19]
11:46:02.0 (130574108)|HEAP_ALLOCATE|[19]|Bytes:4
11:46:02.0 (130585226)|VARIABLE_SCOPE_BEGIN|[19]|keywordList|List<String>|true|false
11:46:02.0 (130599867)|HEAP_ALLOCATE|[EXTERNAL]|Bytes:4
11:46:02.0 (130614584)|VARIABLE_ASSIGNMENT|[19]|keywordList|{"s":1,"v":[]}|0x8c115af
11:46:02.0 (130617265)|STATEMENT_EXECUTE|[20]
11:46:02.0 (130627538)|HEAP_ALLOCATE|[EXTERNAL]|Bytes:4
11:46:02.0 (130637429)|STATEMENT_EXECUTE|[22]
11:46:02.0 (130641343)|HEAP_ALLOCATE|[22]|Bytes:4
11:46:02.0 (130649929)|VARIABLE_SCOPE_BEGIN|[22]|casesWithSecretInfo|List<Case>|true|false
11:46:02.0 (130655212)|HEAP_ALLOCATE|[EXTERNAL]|Bytes:4
11:46:02.0 (130663411)|VARIABLE_ASSIGNMENT|[22]|casesWithSecretInfo|{"s":1,"v":[]}|0x1ad1c83
11:46:02.0 (130700520)|HEAP_ALLOCATE|[23]|Bytes:5
11:46:02.0 (130720998)|VARIABLE_SCOPE_BEGIN|[23]|myCase|Case|true|false
11:46:02.0 (131407934)|VARIABLE_ASSIGNMENT|[23]|myCase|{"Origin":"Phone","Status":"New","LastModifiedDate":"2016-12-29T19:46:02.000Z","IsDeleted":false,"Description":"Passport SSN","Priority":"Medium","Product_Has_Extended (12 more) ...":false,"IsClosed":false,"SystemModstamp":"2016-12-29T19:46:02.000Z","BusinessHoursId":"01m41000000XnfnAAC","CreatedById":"00541000001IQl9AAG","IsEscalated":false,"OwnerId":"00541000001IQl9AAG","CreatedDate":"2016-12-29T19:46:02.000Z","IsClosedOnCreate":false,"CaseNumber":"00001095","Id":"50041000003lnbJAAQ","LastModifiedById":"00541000001IQl9AAG"}|0x4bdbbe31
11:46:02.0 (131416554)|STATEMENT_EXECUTE|[23]
11:46:02.0 (131444079)|STATEMENT_EXECUTE|[24]
11:46:02.0 (131482967)|STATEMENT_EXECUTE|[26]
11:46:02.0 (131494609)|HEAP_ALLOCATE|[23]|Bytes:5
11:46:02.0 (131508034)|VARIABLE_ASSIGNMENT|[23]|myCase|null|
11:46:02.0 (131510847)|STATEMENT_EXECUTE|[36]
11:46:02.0 (131514350)|HEAP_ALLOCATE|[36]|Bytes:4
11:46:02.0 (131523748)|VARIABLE_SCOPE_BEGIN|[36]|casesToCreate|List<Case>|true|false
11:46:02.0 (131528478)|HEAP_ALLOCATE|[EXTERNAL]|Bytes:4
11:46:02.0 (131537303)|VARIABLE_ASSIGNMENT|[36]|casesToCreate|{"s":1,"v":[]}|0x42ce9195
11:46:02.0 (131555313)|HEAP_ALLOCATE|[37]|Bytes:5
11:46:02.0 (131566068)|VARIABLE_ASSIGNMENT|[37]|caseWithSecretInfo|null|
11:46:02.0 (131568882)|STATEMENT_EXECUTE|[37]
11:46:02.0 (131569993)|STATEMENT_EXECUTE|[46]
11:46:02.0 (131609635)|HEAP_ALLOCATE|[EXTERNAL]|Bytes:4
11:46:02.0 (131616063)|HEAP_ALLOCATE|[16]|Bytes:4
11:46:02.0 (131622855)|VARIABLE_ASSIGNMENT|[16]|i|5
11:46:02.131 (131652027)|CUMULATIVE_LIMIT_USAGE
11:46:02.131 (131652027)|LIMIT_USAGE_FOR_NS|(default)|
  Number of SOQL queries: 0 out of 100
  Number of query rows: 0 out of 50000
  Number of SOSL queries: 0 out of 20
  Number of DML statements: 2 out of 150
  Number of DML rows: 2 out of 10000
  Maximum CPU time: 0 out of 10000
  Maximum heap size: 0 out of 6000000
  Number of callouts: 0 out of 100
  Number of Email Invocations: 0 out of 10
  Number of future calls: 0 out of 50
  Number of queueable jobs added to the queue: 0 out of 50
  Number of Mobile Apex push calls: 0 out of 10

11:46:02.131 (131652027)|CUMULATIVE_LIMIT_USAGE_END

11:46:02.0 (134020339)|CODE_UNIT_FINISHED|CheckSecretInformation on Case trigger event AfterInsert for [50041000003lnbJ]
11:46:02.0 (135455602)|EXECUTION_FINISHED
11:46:02.137 (137768533)|USER_INFO|[EXTERNAL]|00541000001IQl9|wjw@stuff.com|Pacific Standard Time|GMT-08:00
11:46:02.137 (137779178)|EXECUTION_STARTED
11:46:02.137 (137783435)|CODE_UNIT_STARTED|[EXTERNAL]|Workflow:Case
11:46:02.137 (144142112)|WF_RULE_EVAL_BEGIN|Assignment
11:46:02.137 (144153097)|WF_SPOOL_ACTION_BEGIN|Assignment
11:46:02.137 (144156755)|WF_ACTION|.
11:46:02.137 (144158768)|WF_RULE_EVAL_END
11:46:02.137 (144163119)|WF_RULE_EVAL_BEGIN|Escalation
11:46:02.137 (144166868)|WF_SPOOL_ACTION_BEGIN|Escalation
11:46:02.137 (144172146)|WF_ACTION|.
11:46:02.137 (144173197)|WF_RULE_EVAL_END
11:46:02.137 (144213195)|WF_ACTIONS_END| None
11:46:02.137 (144218897)|CODE_UNIT_FINISHED|Workflow:Case
11:46:02.137 (145495188)|EXECUTION_FINISHED
