38.0 APEX_CODE,FINEST;APEX_PROFILING,INFO;CALLOUT,INFO;DB,INFO;SYSTEM,DEBUG;VALIDATION,INFO;VISUALFORCE,INFO;WORKFLOW,INFO
13:42:18.0 (342808)|EXECUTION_STARTED
13:42:18.0 (371574)|CODE_UNIT_STARTED|[EXTERNAL]|VisualForce View State
13:42:18.0 (14436001)|CODE_UNIT_FINISHED|VisualForce View State
13:42:18.0 (15969369)|EXECUTION_FINISHED
13:42:18.179 (179123715)|CUMULATIVE_LIMIT_USAGE
13:42:18.179 (179123715)|LIMIT_USAGE_FOR_NS|(default)|
  Number of SOQL queries: 0 out of 100
  Number of query rows: 0 out of 50000
  Number of SOSL queries: 0 out of 20
  Number of DML statements: 0 out of 150
  Number of DML rows: 0 out of 10000
  Maximum CPU time: 0 out of 10000
  Maximum heap size: 0 out of 6000000
  Number of callouts: 0 out of 100
  Number of Email Invocations: 0 out of 10
  Number of future calls: 0 out of 50
  Number of queueable jobs added to the queue: 0 out of 50
  Number of Mobile Apex push calls: 0 out of 10

13:42:18.179 (179123715)|CUMULATIVE_LIMIT_USAGE_END

