36.0 APEX_CODE,FINEST;APEX_PROFILING,INFO;CALLOUT,INFO;DB,INFO;SYSTEM,DEBUG;VALIDATION,INFO;VISUALFORCE,INFO;WORKFLOW,INFO
11:27:55.0 (395604)|USER_INFO|[EXTERNAL]|00541000001IQl9|wjw@stuff.com|Pacific Standard Time|GMT-08:00
11:27:55.0 (434994)|EXECUTION_STARTED
11:27:55.0 (441795)|CODE_UNIT_STARTED|[EXTERNAL]|01q410000019tMZ|CheckSecretInformation on Case trigger event AfterInsert for [50041000003lnWI]
11:27:55.0 (491259)|HEAP_ALLOCATE|[EXTERNAL]|Bytes:8
11:27:55.0 (958073)|HEAP_ALLOCATE|[72]|Bytes:3
11:27:55.0 (1001853)|HEAP_ALLOCATE|[77]|Bytes:152
11:27:55.0 (1023839)|HEAP_ALLOCATE|[342]|Bytes:408
11:27:55.0 (1044511)|HEAP_ALLOCATE|[355]|Bytes:408
11:27:55.0 (1075336)|HEAP_ALLOCATE|[467]|Bytes:48
11:27:55.0 (1115165)|HEAP_ALLOCATE|[139]|Bytes:6
11:27:55.0 (1135053)|HEAP_ALLOCATE|[EXTERNAL]|Bytes:2
11:27:55.0 (1211074)|HEAP_ALLOCATE|[EXTERNAL]|Bytes:12
11:27:55.0 (1222088)|VARIABLE_SCOPE_BEGIN|[1]|this|CheckSecretInformation|true|false
11:27:55.0 (1288969)|VARIABLE_ASSIGNMENT|[1]|this|{}|0x61490e85
11:27:55.0 (1344139)|HEAP_ALLOCATE|[EXTERNAL]|Bytes:12
11:27:55.0 (1354211)|VARIABLE_SCOPE_BEGIN|[1]|this|CheckSecretInformation|true|false
11:27:55.0 (1375676)|VARIABLE_ASSIGNMENT|[1]|this|{}|0x61490e85
11:27:55.0 (1384836)|STATEMENT_EXECUTE|[1]
11:27:55.0 (1387796)|STATEMENT_EXECUTE|[3]
11:27:55.0 (1393695)|HEAP_ALLOCATE|[3]|Bytes:44
11:27:55.0 (1439175)|HEAP_ALLOCATE|[50]|Bytes:5
11:27:55.0 (1468427)|HEAP_ALLOCATE|[56]|Bytes:5
11:27:55.0 (1482074)|HEAP_ALLOCATE|[64]|Bytes:7
11:27:55.0 (1545258)|VARIABLE_ASSIGNMENT|[3]|this.childCasesSubject|"Warning: Parent case (24 more) ..."|0x61490e85
11:27:55.0 (1550488)|STATEMENT_EXECUTE|[6]
11:27:55.0 (1559254)|HEAP_ALLOCATE|[6]|Bytes:4
11:27:55.0 (1658284)|HEAP_ALLOCATE|[EXTERNAL]|Bytes:4
11:27:55.0 (1681993)|VARIABLE_ASSIGNMENT|[6]|this.secretKeywords|{"s":1,"v":[]}|0x61490e85
11:27:55.0 (1687677)|STATEMENT_EXECUTE|[7]
11:27:55.0 (1705035)|HEAP_ALLOCATE|[7]|Bytes:11
11:27:55.0 (1751866)|HEAP_ALLOCATE|[EXTERNAL]|Bytes:4
11:27:55.0 (1765781)|STATEMENT_EXECUTE|[8]
11:27:55.0 (1784054)|HEAP_ALLOCATE|[8]|Bytes:15
11:27:55.0 (1816665)|HEAP_ALLOCATE|[EXTERNAL]|Bytes:4
11:27:55.0 (1824664)|STATEMENT_EXECUTE|[9]
11:27:55.0 (1836399)|HEAP_ALLOCATE|[9]|Bytes:3
11:27:55.0 (1858105)|HEAP_ALLOCATE|[EXTERNAL]|Bytes:4
11:27:55.0 (1863937)|STATEMENT_EXECUTE|[10]
11:27:55.0 (1873234)|HEAP_ALLOCATE|[10]|Bytes:8
11:27:55.0 (1893525)|HEAP_ALLOCATE|[EXTERNAL]|Bytes:4
11:27:55.0 (1899285)|STATEMENT_EXECUTE|[11]
11:27:55.0 (1908726)|HEAP_ALLOCATE|[11]|Bytes:10
11:27:55.0 (1928792)|HEAP_ALLOCATE|[EXTERNAL]|Bytes:4
11:27:55.0 (1936801)|STATEMENT_EXECUTE|[16]
11:27:55.0 (1942909)|VARIABLE_SCOPE_BEGIN|[16]|i|Integer|false|false
11:27:55.0 (1948477)|HEAP_ALLOCATE|[16]|Bytes:4
11:27:55.0 (1958542)|VARIABLE_ASSIGNMENT|[16]|i|0
11:27:55.0 (2005877)|STATEMENT_EXECUTE|[16]
11:27:55.0 (2009354)|STATEMENT_EXECUTE|[17]
11:27:55.0 (2038656)|HEAP_ALLOCATE|[17]|Bytes:11
11:27:55.0 (2047988)|VARIABLE_SCOPE_BEGIN|[17]|keyword|String|false|false
11:27:55.0 (2059247)|VARIABLE_ASSIGNMENT|[17]|keyword|"Credit Card"
11:27:55.0 (2063154)|STATEMENT_EXECUTE|[21]
11:27:55.0 (2118307)|HEAP_ALLOCATE|[21]|Bytes:4
11:27:55.0 (2188175)|VARIABLE_SCOPE_BEGIN|[21]|casesWithSecretInfo|List<Case>|true|false
11:27:55.0 (2197299)|HEAP_ALLOCATE|[EXTERNAL]|Bytes:4
11:27:55.0 (2215269)|VARIABLE_ASSIGNMENT|[21]|casesWithSecretInfo|{"s":1,"v":[]}|0x635d2dbb
11:27:55.0 (2468867)|HEAP_ALLOCATE|[22]|Bytes:5
11:27:55.0 (2530094)|VARIABLE_SCOPE_BEGIN|[22]|myCase|Case|true|false
11:27:55.0 (3485927)|VARIABLE_ASSIGNMENT|[22]|myCase|{"Origin":"Phone","Status":"New","LastModifiedDate":"2016-12-29T19:27:55.000Z","IsDeleted":false,"Description":"Credit Card","Priority":"Medium","Product_Has_Extended (12 more) ...":false,"IsClosed":false,"SystemModstamp":"2016-12-29T19:27:55.000Z","BusinessHoursId":"01m41000000XnfnAAC","CreatedById":"00541000001IQl9AAG","IsEscalated":false,"OwnerId":"00541000001IQl9AAG","CreatedDate":"2016-12-29T19:27:55.000Z","IsClosedOnCreate":false,"CaseNumber":"00001081","Id":"50041000003lnWIAAY","LastModifiedById":"00541000001IQl9AAG"}|0x385ccac2
11:27:55.0 (3499119)|STATEMENT_EXECUTE|[22]
11:27:55.0 (3545832)|STATEMENT_EXECUTE|[23]
11:27:55.0 (3652265)|STATEMENT_EXECUTE|[25]
11:27:55.0 (3655254)|STATEMENT_EXECUTE|[26]
11:27:55.0 (3685260)|HEAP_ALLOCATE|[EXTERNAL]|Bytes:4
11:27:55.0 (3695675)|STATEMENT_EXECUTE|[27]
11:27:55.0 (3702037)|HEAP_ALLOCATE|[27]|Bytes:5
11:27:55.0 (3773733)|HEAP_ALLOCATE|[27]|Bytes:18
11:27:55.0 (3786129)|HEAP_ALLOCATE|[27]|Bytes:25
11:27:55.0 (3804025)|HEAP_ALLOCATE|[27]|Bytes:59
11:27:55.0 (3839557)|USER_DEBUG|[27]|DEBUG|Case 50041000003lnWIAAY includes secret keyword Credit Card
11:27:55.0 (3849409)|STATEMENT_EXECUTE|[28]
11:27:55.0 (3860115)|VARIABLE_ASSIGNMENT|[22]|myCase|null|
11:27:55.0 (3863449)|STATEMENT_EXECUTE|[35]
11:27:55.0 (3868078)|HEAP_ALLOCATE|[35]|Bytes:4
11:27:55.0 (3887735)|VARIABLE_SCOPE_BEGIN|[35]|casesToCreate|List<Case>|true|false
11:27:55.0 (3895908)|HEAP_ALLOCATE|[EXTERNAL]|Bytes:4
11:27:55.0 (3910106)|VARIABLE_ASSIGNMENT|[35]|casesToCreate|{"s":1,"v":[]}|0x76da9125
11:27:55.0 (3954126)|HEAP_ALLOCATE|[36]|Bytes:5
11:27:55.0 (3972194)|VARIABLE_SCOPE_BEGIN|[36]|caseWithSecretInfo|Case|true|false
11:27:55.0 (4358369)|VARIABLE_ASSIGNMENT|[36]|caseWithSecretInfo|{"Origin":"Phone","Status":"New","LastModifiedDate":"2016-12-29T19:27:55.000Z","IsDeleted":false,"Description":"Credit Card","Priority":"Medium","Product_Has_Extended (12 more) ...":false,"IsClosed":false,"SystemModstamp":"2016-12-29T19:27:55.000Z","BusinessHoursId":"01m41000000XnfnAAC","CreatedById":"00541000001IQl9AAG","IsEscalated":false,"OwnerId":"00541000001IQl9AAG","CreatedDate":"2016-12-29T19:27:55.000Z","IsClosedOnCreate":false,"CaseNumber":"00001081","Id":"50041000003lnWIAAY","LastModifiedById":"00541000001IQl9AAG"}|0x385ccac2
11:27:55.0 (4370274)|STATEMENT_EXECUTE|[36]
11:27:55.0 (4373193)|STATEMENT_EXECUTE|[37]
11:27:55.0 (4389192)|HEAP_ALLOCATE|[37]|Bytes:4
11:27:55.0 (4476179)|VARIABLE_SCOPE_BEGIN|[37]|childCase|Case|true|false
11:27:55.0 (4492232)|VARIABLE_ASSIGNMENT|[37]|childCase|{}|0x74fa0d59
11:27:55.0 (4495897)|STATEMENT_EXECUTE|[38]
11:27:55.0 (4588824)|VARIABLE_ASSIGNMENT|[38]|this.Subject|"Warning: Parent case (24 more) ..."|0x74fa0d59
11:27:55.0 (4593209)|STATEMENT_EXECUTE|[39]
11:27:55.0 (4644637)|VARIABLE_ASSIGNMENT|[39]|this.ParentId|"50041000003lnWIAAY"|0x74fa0d59
11:27:55.0 (4649953)|STATEMENT_EXECUTE|[40]
11:27:55.0 (4697939)|VARIABLE_ASSIGNMENT|[40]|this.IsEscalated|true|0x74fa0d59
11:27:55.0 (4701823)|STATEMENT_EXECUTE|[41]
11:27:55.0 (4706200)|HEAP_ALLOCATE|[41]|Bytes:4
11:27:55.0 (4748437)|VARIABLE_ASSIGNMENT|[41]|this.Priority|"High"|0x74fa0d59
11:27:55.0 (4757780)|STATEMENT_EXECUTE|[42]
11:27:55.0 (4764048)|HEAP_ALLOCATE|[42]|Bytes:50
11:27:55.0 (4780252)|HEAP_ALLOCATE|[42]|Bytes:61
11:27:55.0 (4819802)|VARIABLE_ASSIGNMENT|[42]|this.Description|"At least one of the  (41 more) ..."|0x74fa0d59
11:27:55.0 (4825188)|STATEMENT_EXECUTE|[43]
11:27:55.0 (4882685)|HEAP_ALLOCATE|[EXTERNAL]|Bytes:4
11:27:55.0 (4901291)|HEAP_ALLOCATE|[36]|Bytes:5
11:27:55.0 (4915733)|VARIABLE_ASSIGNMENT|[36]|caseWithSecretInfo|null|
11:27:55.0 (4920759)|STATEMENT_EXECUTE|[45]
11:27:55.0 (4981354)|DML_BEGIN|[45]|Op:Insert|Type:Case|Rows:1
11:27:55.0 (5005586)|HEAP_ALLOCATE|[EXTERNAL]|Bytes:8
11:27:55.0 (33638291)|CODE_UNIT_STARTED|[EXTERNAL]|01q410000019tMZ|CheckSecretInformation on Case trigger event AfterInsert for [50041000003lnWJ]
11:27:55.0 (33692347)|HEAP_ALLOCATE|[EXTERNAL]|Bytes:8
11:27:55.0 (33807434)|HEAP_ALLOCATE|[EXTERNAL]|Bytes:12
11:27:55.0 (33825124)|VARIABLE_SCOPE_BEGIN|[1]|this|CheckSecretInformation|true|false
11:27:55.0 (33880486)|VARIABLE_ASSIGNMENT|[1]|this|{}|0x334cf69a
11:27:55.0 (33925423)|HEAP_ALLOCATE|[EXTERNAL]|Bytes:12
11:27:55.0 (33935374)|VARIABLE_SCOPE_BEGIN|[1]|this|CheckSecretInformation|true|false
11:27:55.0 (33954441)|VARIABLE_ASSIGNMENT|[1]|this|{}|0x334cf69a
11:27:55.0 (33963687)|STATEMENT_EXECUTE|[1]
11:27:55.0 (33965869)|STATEMENT_EXECUTE|[3]
11:27:55.0 (34011319)|VARIABLE_ASSIGNMENT|[3]|this.childCasesSubject|"Warning: Parent case (24 more) ..."|0x334cf69a
11:27:55.0 (34024155)|STATEMENT_EXECUTE|[6]
11:27:55.0 (34036324)|HEAP_ALLOCATE|[6]|Bytes:4
11:27:55.0 (34108115)|HEAP_ALLOCATE|[EXTERNAL]|Bytes:4
11:27:55.0 (34136136)|VARIABLE_ASSIGNMENT|[6]|this.secretKeywords|{"s":1,"v":[]}|0x334cf69a
11:27:55.0 (34141866)|STATEMENT_EXECUTE|[7]
11:27:55.0 (34171938)|HEAP_ALLOCATE|[EXTERNAL]|Bytes:4
11:27:55.0 (34181428)|STATEMENT_EXECUTE|[8]
11:27:55.0 (34191818)|HEAP_ALLOCATE|[EXTERNAL]|Bytes:4
11:27:55.0 (34195783)|STATEMENT_EXECUTE|[9]
11:27:55.0 (34206147)|HEAP_ALLOCATE|[EXTERNAL]|Bytes:4
11:27:55.0 (34213498)|STATEMENT_EXECUTE|[10]
11:27:55.0 (34229494)|HEAP_ALLOCATE|[EXTERNAL]|Bytes:4
11:27:55.0 (34236958)|STATEMENT_EXECUTE|[11]
11:27:55.0 (34255010)|HEAP_ALLOCATE|[EXTERNAL]|Bytes:4
11:27:55.0 (34265352)|STATEMENT_EXECUTE|[16]
11:27:55.0 (34271579)|VARIABLE_SCOPE_BEGIN|[16]|i|Integer|false|false
11:27:55.0 (34278179)|HEAP_ALLOCATE|[16]|Bytes:4
11:27:55.0 (34286206)|VARIABLE_ASSIGNMENT|[16]|i|0
11:27:55.0 (34308650)|STATEMENT_EXECUTE|[16]
11:27:55.0 (34311268)|STATEMENT_EXECUTE|[17]
11:27:55.0 (34330153)|HEAP_ALLOCATE|[17]|Bytes:11
11:27:55.0 (34343596)|VARIABLE_SCOPE_BEGIN|[17]|keyword|String|false|false
11:27:55.0 (34354966)|VARIABLE_ASSIGNMENT|[17]|keyword|"Credit Card"
11:27:55.0 (34358609)|STATEMENT_EXECUTE|[21]
11:27:55.0 (34365630)|HEAP_ALLOCATE|[21]|Bytes:4
11:27:55.0 (34378708)|VARIABLE_SCOPE_BEGIN|[21]|casesWithSecretInfo|List<Case>|true|false
11:27:55.0 (34383876)|HEAP_ALLOCATE|[EXTERNAL]|Bytes:4
11:27:55.0 (34395861)|VARIABLE_ASSIGNMENT|[21]|casesWithSecretInfo|{"s":1,"v":[]}|0xe2a8889
11:27:55.0 (34463116)|HEAP_ALLOCATE|[22]|Bytes:5
11:27:55.0 (34500954)|VARIABLE_SCOPE_BEGIN|[22]|myCase|Case|true|false
11:27:55.0 (35095275)|VARIABLE_ASSIGNMENT|[22]|myCase|{"Status":"New","ParentId":"50041000003lnWIAAY","LastModifiedDate":"2016-12-29T19:27:55.000Z","IsDeleted":false,"Description":"At least one of the  (41 more) ...","Priority":"High","Product_Has_Extended (12 more) ...":false,"IsClosed":false,"Subject":"Warning: Parent case (24 more) ...","SystemModstamp":"2016-12-29T19:27:55.000Z","BusinessHoursId":"01m41000000XnfnAAC","CreatedById":"00541000001IQl9AAG","IsEscalated":true,"OwnerId":"00541000001IQl9AAG","CreatedDate":"2016-12-29T19:27:55.000Z","IsClosedOnCreate":false,"CaseNumber":"00001082","Id":"50041000003lnWJAAY","LastModifiedById":"00541000001IQl9AAG"}|0x2a76ef30
11:27:55.0 (35105224)|STATEMENT_EXECUTE|[22]
11:27:55.0 (35202495)|STATEMENT_EXECUTE|[23]
11:27:55.0 (35217420)|HEAP_ALLOCATE|[22]|Bytes:5
11:27:55.0 (35235998)|VARIABLE_ASSIGNMENT|[22]|myCase|null|
11:27:55.0 (35242891)|STATEMENT_EXECUTE|[35]
11:27:55.0 (35248664)|HEAP_ALLOCATE|[35]|Bytes:4
11:27:55.0 (35264896)|VARIABLE_SCOPE_BEGIN|[35]|casesToCreate|List<Case>|true|false
11:27:55.0 (35273758)|HEAP_ALLOCATE|[EXTERNAL]|Bytes:4
11:27:55.0 (35286837)|VARIABLE_ASSIGNMENT|[35]|casesToCreate|{"s":1,"v":[]}|0x7e5a34c2
11:27:55.0 (35308870)|HEAP_ALLOCATE|[36]|Bytes:5
11:27:55.0 (35321382)|VARIABLE_ASSIGNMENT|[36]|caseWithSecretInfo|null|
11:27:55.0 (35324910)|STATEMENT_EXECUTE|[36]
11:27:55.0 (35327090)|STATEMENT_EXECUTE|[45]
11:27:55.0 (35449762)|HEAP_ALLOCATE|[EXTERNAL]|Bytes:4
11:27:55.0 (35460857)|HEAP_ALLOCATE|[16]|Bytes:4
11:27:55.0 (35472692)|VARIABLE_ASSIGNMENT|[16]|i|1
11:27:55.0 (35499699)|STATEMENT_EXECUTE|[16]
11:27:55.0 (35502720)|STATEMENT_EXECUTE|[17]
11:27:55.0 (35522471)|HEAP_ALLOCATE|[17]|Bytes:15
11:27:55.0 (35534367)|VARIABLE_SCOPE_BEGIN|[17]|keyword|String|false|false
11:27:55.0 (35545207)|VARIABLE_ASSIGNMENT|[17]|keyword|"Social Security"
11:27:55.0 (35549287)|STATEMENT_EXECUTE|[21]
11:27:55.0 (35554684)|HEAP_ALLOCATE|[21]|Bytes:4
11:27:55.0 (35573453)|VARIABLE_SCOPE_BEGIN|[21]|casesWithSecretInfo|List<Case>|true|false
11:27:55.0 (35581257)|HEAP_ALLOCATE|[EXTERNAL]|Bytes:4
11:27:55.0 (35594210)|VARIABLE_ASSIGNMENT|[21]|casesWithSecretInfo|{"s":1,"v":[]}|0x7476a49f
11:27:55.0 (35636368)|HEAP_ALLOCATE|[22]|Bytes:5
11:27:55.0 (35663211)|VARIABLE_SCOPE_BEGIN|[22]|myCase|Case|true|false
11:27:55.0 (36039752)|VARIABLE_ASSIGNMENT|[22]|myCase|{"Status":"New","ParentId":"50041000003lnWIAAY","LastModifiedDate":"2016-12-29T19:27:55.000Z","IsDeleted":false,"Description":"At least one of the  (41 more) ...","Priority":"High","Product_Has_Extended (12 more) ...":false,"IsClosed":false,"Subject":"Warning: Parent case (24 more) ...","SystemModstamp":"2016-12-29T19:27:55.000Z","BusinessHoursId":"01m41000000XnfnAAC","CreatedById":"00541000001IQl9AAG","IsEscalated":true,"OwnerId":"00541000001IQl9AAG","CreatedDate":"2016-12-29T19:27:55.000Z","IsClosedOnCreate":false,"CaseNumber":"00001082","Id":"50041000003lnWJAAY","LastModifiedById":"00541000001IQl9AAG"}|0x2a76ef30
11:27:55.0 (36050783)|STATEMENT_EXECUTE|[22]
11:27:55.0 (36089257)|STATEMENT_EXECUTE|[23]
11:27:55.0 (36108544)|HEAP_ALLOCATE|[22]|Bytes:5
11:27:55.0 (36127873)|VARIABLE_ASSIGNMENT|[22]|myCase|null|
11:27:55.0 (36131237)|STATEMENT_EXECUTE|[35]
11:27:55.0 (36134948)|HEAP_ALLOCATE|[35]|Bytes:4
11:27:55.0 (36144635)|VARIABLE_SCOPE_BEGIN|[35]|casesToCreate|List<Case>|true|false
11:27:55.0 (36149485)|HEAP_ALLOCATE|[EXTERNAL]|Bytes:4
11:27:55.0 (36158814)|VARIABLE_ASSIGNMENT|[35]|casesToCreate|{"s":1,"v":[]}|0x2e421458
11:27:55.0 (36181703)|HEAP_ALLOCATE|[36]|Bytes:5
11:27:55.0 (36201171)|VARIABLE_ASSIGNMENT|[36]|caseWithSecretInfo|null|
11:27:55.0 (36205910)|STATEMENT_EXECUTE|[36]
11:27:55.0 (36208290)|STATEMENT_EXECUTE|[45]
11:27:55.0 (36240811)|HEAP_ALLOCATE|[EXTERNAL]|Bytes:4
11:27:55.0 (36247974)|HEAP_ALLOCATE|[16]|Bytes:4
11:27:55.0 (36255578)|VARIABLE_ASSIGNMENT|[16]|i|2
11:27:55.0 (36272571)|STATEMENT_EXECUTE|[16]
11:27:55.0 (36274158)|STATEMENT_EXECUTE|[17]
11:27:55.0 (36282983)|HEAP_ALLOCATE|[17]|Bytes:3
11:27:55.0 (36293725)|VARIABLE_SCOPE_BEGIN|[17]|keyword|String|false|false
11:27:55.0 (36303890)|VARIABLE_ASSIGNMENT|[17]|keyword|"SSN"
11:27:55.0 (36308482)|STATEMENT_EXECUTE|[21]
11:27:55.0 (36314273)|HEAP_ALLOCATE|[21]|Bytes:4
11:27:55.0 (36329103)|VARIABLE_SCOPE_BEGIN|[21]|casesWithSecretInfo|List<Case>|true|false
11:27:55.0 (36336348)|HEAP_ALLOCATE|[EXTERNAL]|Bytes:4
11:27:55.0 (36346432)|VARIABLE_ASSIGNMENT|[21]|casesWithSecretInfo|{"s":1,"v":[]}|0x33d061cf
11:27:55.0 (36381516)|HEAP_ALLOCATE|[22]|Bytes:5
11:27:55.0 (36406664)|VARIABLE_SCOPE_BEGIN|[22]|myCase|Case|true|false
11:27:55.0 (36714428)|VARIABLE_ASSIGNMENT|[22]|myCase|{"Status":"New","ParentId":"50041000003lnWIAAY","LastModifiedDate":"2016-12-29T19:27:55.000Z","IsDeleted":false,"Description":"At least one of the  (41 more) ...","Priority":"High","Product_Has_Extended (12 more) ...":false,"IsClosed":false,"Subject":"Warning: Parent case (24 more) ...","SystemModstamp":"2016-12-29T19:27:55.000Z","BusinessHoursId":"01m41000000XnfnAAC","CreatedById":"00541000001IQl9AAG","IsEscalated":true,"OwnerId":"00541000001IQl9AAG","CreatedDate":"2016-12-29T19:27:55.000Z","IsClosedOnCreate":false,"CaseNumber":"00001082","Id":"50041000003lnWJAAY","LastModifiedById":"00541000001IQl9AAG"}|0x2a76ef30
11:27:55.0 (36723125)|STATEMENT_EXECUTE|[22]
11:27:55.0 (36754434)|STATEMENT_EXECUTE|[23]
11:27:55.0 (36772358)|HEAP_ALLOCATE|[22]|Bytes:5
11:27:55.0 (36793496)|VARIABLE_ASSIGNMENT|[22]|myCase|null|
11:27:55.0 (36798023)|STATEMENT_EXECUTE|[35]
11:27:55.0 (36802063)|HEAP_ALLOCATE|[35]|Bytes:4
11:27:55.0 (36812862)|VARIABLE_SCOPE_BEGIN|[35]|casesToCreate|List<Case>|true|false
11:27:55.0 (36817735)|HEAP_ALLOCATE|[EXTERNAL]|Bytes:4
11:27:55.0 (36827097)|VARIABLE_ASSIGNMENT|[35]|casesToCreate|{"s":1,"v":[]}|0x1c03bf53
11:27:55.0 (36849108)|HEAP_ALLOCATE|[36]|Bytes:5
11:27:55.0 (36868703)|VARIABLE_ASSIGNMENT|[36]|caseWithSecretInfo|null|
11:27:55.0 (36873636)|STATEMENT_EXECUTE|[36]
11:27:55.0 (36875653)|STATEMENT_EXECUTE|[45]
11:27:55.0 (36906956)|HEAP_ALLOCATE|[EXTERNAL]|Bytes:4
11:27:55.0 (36913717)|HEAP_ALLOCATE|[16]|Bytes:4
11:27:55.0 (36921444)|VARIABLE_ASSIGNMENT|[16]|i|3
11:27:55.0 (36944125)|STATEMENT_EXECUTE|[16]
11:27:55.0 (36947094)|STATEMENT_EXECUTE|[17]
11:27:55.0 (36962940)|HEAP_ALLOCATE|[17]|Bytes:8
11:27:55.0 (36975316)|VARIABLE_SCOPE_BEGIN|[17]|keyword|String|false|false
11:27:55.0 (36983952)|VARIABLE_ASSIGNMENT|[17]|keyword|"Passport"
11:27:55.0 (36986317)|STATEMENT_EXECUTE|[21]
11:27:55.0 (36990081)|HEAP_ALLOCATE|[21]|Bytes:4
11:27:55.0 (36998986)|VARIABLE_SCOPE_BEGIN|[21]|casesWithSecretInfo|List<Case>|true|false
11:27:55.0 (37003280)|HEAP_ALLOCATE|[EXTERNAL]|Bytes:4
11:27:55.0 (37012530)|VARIABLE_ASSIGNMENT|[21]|casesWithSecretInfo|{"s":1,"v":[]}|0x5d10b210
11:27:55.0 (37050907)|HEAP_ALLOCATE|[22]|Bytes:5
11:27:55.0 (37075954)|VARIABLE_SCOPE_BEGIN|[22]|myCase|Case|true|false
11:27:55.0 (37358701)|VARIABLE_ASSIGNMENT|[22]|myCase|{"Status":"New","ParentId":"50041000003lnWIAAY","LastModifiedDate":"2016-12-29T19:27:55.000Z","IsDeleted":false,"Description":"At least one of the  (41 more) ...","Priority":"High","Product_Has_Extended (12 more) ...":false,"IsClosed":false,"Subject":"Warning: Parent case (24 more) ...","SystemModstamp":"2016-12-29T19:27:55.000Z","BusinessHoursId":"01m41000000XnfnAAC","CreatedById":"00541000001IQl9AAG","IsEscalated":true,"OwnerId":"00541000001IQl9AAG","CreatedDate":"2016-12-29T19:27:55.000Z","IsClosedOnCreate":false,"CaseNumber":"00001082","Id":"50041000003lnWJAAY","LastModifiedById":"00541000001IQl9AAG"}|0x2a76ef30
11:27:55.0 (37370186)|STATEMENT_EXECUTE|[22]
11:27:55.0 (37406167)|STATEMENT_EXECUTE|[23]
11:27:55.0 (37421648)|HEAP_ALLOCATE|[22]|Bytes:5
11:27:55.0 (37439373)|VARIABLE_ASSIGNMENT|[22]|myCase|null|
11:27:55.0 (37443976)|STATEMENT_EXECUTE|[35]
11:27:55.0 (37449208)|HEAP_ALLOCATE|[35]|Bytes:4
11:27:55.0 (37463374)|VARIABLE_SCOPE_BEGIN|[35]|casesToCreate|List<Case>|true|false
11:27:55.0 (37470795)|HEAP_ALLOCATE|[EXTERNAL]|Bytes:4
11:27:55.0 (37483111)|VARIABLE_ASSIGNMENT|[35]|casesToCreate|{"s":1,"v":[]}|0x634e8d3e
11:27:55.0 (37507171)|HEAP_ALLOCATE|[36]|Bytes:5
11:27:55.0 (37527987)|VARIABLE_ASSIGNMENT|[36]|caseWithSecretInfo|null|
11:27:55.0 (37532729)|STATEMENT_EXECUTE|[36]
11:27:55.0 (37535063)|STATEMENT_EXECUTE|[45]
11:27:55.0 (37565773)|HEAP_ALLOCATE|[EXTERNAL]|Bytes:4
11:27:55.0 (37573475)|HEAP_ALLOCATE|[16]|Bytes:4
11:27:55.0 (37582338)|VARIABLE_ASSIGNMENT|[16]|i|4
11:27:55.0 (37604327)|STATEMENT_EXECUTE|[16]
11:27:55.0 (37606840)|STATEMENT_EXECUTE|[17]
11:27:55.0 (37618230)|HEAP_ALLOCATE|[17]|Bytes:10
11:27:55.0 (37628204)|VARIABLE_SCOPE_BEGIN|[17]|keyword|String|false|false
11:27:55.0 (37637865)|VARIABLE_ASSIGNMENT|[17]|keyword|"Bodyweight"
11:27:55.0 (37641450)|STATEMENT_EXECUTE|[21]
11:27:55.0 (37646623)|HEAP_ALLOCATE|[21]|Bytes:4
11:27:55.0 (37660163)|VARIABLE_SCOPE_BEGIN|[21]|casesWithSecretInfo|List<Case>|true|false
11:27:55.0 (37667313)|HEAP_ALLOCATE|[EXTERNAL]|Bytes:4
11:27:55.0 (37680114)|VARIABLE_ASSIGNMENT|[21]|casesWithSecretInfo|{"s":1,"v":[]}|0x53205681
11:27:55.0 (37720945)|HEAP_ALLOCATE|[22]|Bytes:5
11:27:55.0 (37737499)|VARIABLE_SCOPE_BEGIN|[22]|myCase|Case|true|false
11:27:55.0 (38027154)|VARIABLE_ASSIGNMENT|[22]|myCase|{"Status":"New","ParentId":"50041000003lnWIAAY","LastModifiedDate":"2016-12-29T19:27:55.000Z","IsDeleted":false,"Description":"At least one of the  (41 more) ...","Priority":"High","Product_Has_Extended (12 more) ...":false,"IsClosed":false,"Subject":"Warning: Parent case (24 more) ...","SystemModstamp":"2016-12-29T19:27:55.000Z","BusinessHoursId":"01m41000000XnfnAAC","CreatedById":"00541000001IQl9AAG","IsEscalated":true,"OwnerId":"00541000001IQl9AAG","CreatedDate":"2016-12-29T19:27:55.000Z","IsClosedOnCreate":false,"CaseNumber":"00001082","Id":"50041000003lnWJAAY","LastModifiedById":"00541000001IQl9AAG"}|0x2a76ef30
11:27:55.0 (38036967)|STATEMENT_EXECUTE|[22]
11:27:55.0 (38065266)|STATEMENT_EXECUTE|[23]
11:27:55.0 (38077379)|HEAP_ALLOCATE|[22]|Bytes:5
11:27:55.0 (38090227)|VARIABLE_ASSIGNMENT|[22]|myCase|null|
11:27:55.0 (38093168)|STATEMENT_EXECUTE|[35]
11:27:55.0 (38096560)|HEAP_ALLOCATE|[35]|Bytes:4
11:27:55.0 (38105290)|VARIABLE_SCOPE_BEGIN|[35]|casesToCreate|List<Case>|true|false
11:27:55.0 (38110002)|HEAP_ALLOCATE|[EXTERNAL]|Bytes:4
11:27:55.0 (38119391)|VARIABLE_ASSIGNMENT|[35]|casesToCreate|{"s":1,"v":[]}|0x52d88291
11:27:55.0 (38136072)|HEAP_ALLOCATE|[36]|Bytes:5
11:27:55.0 (38146158)|VARIABLE_ASSIGNMENT|[36]|caseWithSecretInfo|null|
11:27:55.0 (38148951)|STATEMENT_EXECUTE|[36]
11:27:55.0 (38150078)|STATEMENT_EXECUTE|[45]
11:27:55.0 (38173102)|HEAP_ALLOCATE|[EXTERNAL]|Bytes:4
11:27:55.0 (38178617)|HEAP_ALLOCATE|[16]|Bytes:4
11:27:55.0 (38185102)|VARIABLE_ASSIGNMENT|[16]|i|5
11:27:55.38 (38206201)|CUMULATIVE_LIMIT_USAGE
11:27:55.38 (38206201)|LIMIT_USAGE_FOR_NS|(default)|
  Number of SOQL queries: 0 out of 100
  Number of query rows: 0 out of 50000
  Number of SOSL queries: 0 out of 20
  Number of DML statements: 1 out of 150
  Number of DML rows: 1 out of 10000
  Maximum CPU time: 0 out of 10000
  Maximum heap size: 0 out of 6000000
  Number of callouts: 0 out of 100
  Number of Email Invocations: 0 out of 10
  Number of future calls: 0 out of 50
  Number of queueable jobs added to the queue: 0 out of 50
  Number of Mobile Apex push calls: 0 out of 10

11:27:55.38 (38206201)|CUMULATIVE_LIMIT_USAGE_END

11:27:55.0 (39405160)|CODE_UNIT_FINISHED|CheckSecretInformation on Case trigger event AfterInsert for [50041000003lnWJ]
11:27:55.0 (39473997)|CODE_UNIT_STARTED|[EXTERNAL]|Workflow:Case
11:27:55.0 (50056449)|WF_RULE_EVAL_BEGIN|Assignment
11:27:55.0 (50071404)|WF_SPOOL_ACTION_BEGIN|Assignment
11:27:55.0 (50075438)|WF_ACTION|.
11:27:55.0 (50079687)|WF_RULE_EVAL_END
11:27:55.0 (50089874)|WF_RULE_EVAL_BEGIN|Escalation
11:27:55.0 (50097546)|WF_SPOOL_ACTION_BEGIN|Escalation
11:27:55.0 (50100339)|WF_ACTION|.
11:27:55.0 (50102437)|WF_RULE_EVAL_END
11:27:55.0 (50152261)|WF_ACTIONS_END| None
11:27:55.0 (50157966)|CODE_UNIT_FINISHED|Workflow:Case
11:27:55.0 (51160200)|DML_END|[45]
11:27:55.0 (51193876)|HEAP_ALLOCATE|[EXTERNAL]|Bytes:8
11:27:55.0 (51209229)|HEAP_ALLOCATE|[16]|Bytes:4
11:27:55.0 (51225963)|VARIABLE_ASSIGNMENT|[16]|i|1
11:27:55.0 (51262361)|STATEMENT_EXECUTE|[16]
11:27:55.0 (51265697)|STATEMENT_EXECUTE|[17]
11:27:55.0 (51281027)|HEAP_ALLOCATE|[17]|Bytes:15
11:27:55.0 (51292351)|VARIABLE_SCOPE_BEGIN|[17]|keyword|String|false|false
11:27:55.0 (51305699)|VARIABLE_ASSIGNMENT|[17]|keyword|"Social Security"
11:27:55.0 (51309174)|STATEMENT_EXECUTE|[21]
11:27:55.0 (51314868)|HEAP_ALLOCATE|[21]|Bytes:4
11:27:55.0 (51330757)|VARIABLE_SCOPE_BEGIN|[21]|casesWithSecretInfo|List<Case>|true|false
11:27:55.0 (51339675)|HEAP_ALLOCATE|[EXTERNAL]|Bytes:4
11:27:55.0 (51358034)|VARIABLE_ASSIGNMENT|[21]|casesWithSecretInfo|{"s":1,"v":[]}|0x51734140
11:27:55.0 (51405311)|HEAP_ALLOCATE|[22]|Bytes:5
11:27:55.0 (51435391)|VARIABLE_SCOPE_BEGIN|[22]|myCase|Case|true|false
11:27:55.0 (51892247)|VARIABLE_ASSIGNMENT|[22]|myCase|{"Origin":"Phone","Status":"New","LastModifiedDate":"2016-12-29T19:27:55.000Z","IsDeleted":false,"Description":"Credit Card","Priority":"Medium","Product_Has_Extended (12 more) ...":false,"IsClosed":false,"SystemModstamp":"2016-12-29T19:27:55.000Z","BusinessHoursId":"01m41000000XnfnAAC","CreatedById":"00541000001IQl9AAG","IsEscalated":false,"OwnerId":"00541000001IQl9AAG","CreatedDate":"2016-12-29T19:27:55.000Z","IsClosedOnCreate":false,"CaseNumber":"00001081","Id":"50041000003lnWIAAY","LastModifiedById":"00541000001IQl9AAG"}|0x385ccac2
11:27:55.0 (51900312)|STATEMENT_EXECUTE|[22]
11:27:55.0 (51934864)|STATEMENT_EXECUTE|[23]
11:27:55.0 (51981005)|STATEMENT_EXECUTE|[25]
11:27:55.0 (51994027)|HEAP_ALLOCATE|[22]|Bytes:5
11:27:55.0 (52010520)|VARIABLE_ASSIGNMENT|[22]|myCase|null|
11:27:55.0 (52016411)|STATEMENT_EXECUTE|[35]
11:27:55.0 (52022147)|HEAP_ALLOCATE|[35]|Bytes:4
11:27:55.0 (52038912)|VARIABLE_SCOPE_BEGIN|[35]|casesToCreate|List<Case>|true|false
11:27:55.0 (52047328)|HEAP_ALLOCATE|[EXTERNAL]|Bytes:4
11:27:55.0 (52059315)|VARIABLE_ASSIGNMENT|[35]|casesToCreate|{"s":1,"v":[]}|0x4f525d3c
11:27:55.0 (52080244)|HEAP_ALLOCATE|[36]|Bytes:5
11:27:55.0 (52094082)|VARIABLE_ASSIGNMENT|[36]|caseWithSecretInfo|null|
11:27:55.0 (52098907)|STATEMENT_EXECUTE|[36]
11:27:55.0 (52101043)|STATEMENT_EXECUTE|[45]
11:27:55.0 (52141715)|HEAP_ALLOCATE|[EXTERNAL]|Bytes:4
11:27:55.0 (52149557)|HEAP_ALLOCATE|[16]|Bytes:4
11:27:55.0 (52157334)|VARIABLE_ASSIGNMENT|[16]|i|2
11:27:55.0 (52174272)|STATEMENT_EXECUTE|[16]
11:27:55.0 (52175991)|STATEMENT_EXECUTE|[17]
11:27:55.0 (52184253)|HEAP_ALLOCATE|[17]|Bytes:3
11:27:55.0 (52191018)|VARIABLE_SCOPE_BEGIN|[17]|keyword|String|false|false
11:27:55.0 (52197246)|VARIABLE_ASSIGNMENT|[17]|keyword|"SSN"
11:27:55.0 (52199383)|STATEMENT_EXECUTE|[21]
11:27:55.0 (52203985)|HEAP_ALLOCATE|[21]|Bytes:4
11:27:55.0 (52218404)|VARIABLE_SCOPE_BEGIN|[21]|casesWithSecretInfo|List<Case>|true|false
11:27:55.0 (52225561)|HEAP_ALLOCATE|[EXTERNAL]|Bytes:4
11:27:55.0 (52239292)|VARIABLE_ASSIGNMENT|[21]|casesWithSecretInfo|{"s":1,"v":[]}|0x2e82ddfc
11:27:55.0 (52275635)|HEAP_ALLOCATE|[22]|Bytes:5
11:27:55.0 (52291449)|VARIABLE_SCOPE_BEGIN|[22]|myCase|Case|true|false
11:27:55.0 (52701363)|VARIABLE_ASSIGNMENT|[22]|myCase|{"Origin":"Phone","Status":"New","LastModifiedDate":"2016-12-29T19:27:55.000Z","IsDeleted":false,"Description":"Credit Card","Priority":"Medium","Product_Has_Extended (12 more) ...":false,"IsClosed":false,"SystemModstamp":"2016-12-29T19:27:55.000Z","BusinessHoursId":"01m41000000XnfnAAC","CreatedById":"00541000001IQl9AAG","IsEscalated":false,"OwnerId":"00541000001IQl9AAG","CreatedDate":"2016-12-29T19:27:55.000Z","IsClosedOnCreate":false,"CaseNumber":"00001081","Id":"50041000003lnWIAAY","LastModifiedById":"00541000001IQl9AAG"}|0x385ccac2
11:27:55.0 (52711926)|STATEMENT_EXECUTE|[22]
11:27:55.0 (52740705)|STATEMENT_EXECUTE|[23]
11:27:55.0 (52771367)|STATEMENT_EXECUTE|[25]
11:27:55.0 (52788499)|HEAP_ALLOCATE|[22]|Bytes:5
11:27:55.0 (52810304)|VARIABLE_ASSIGNMENT|[22]|myCase|null|
11:27:55.0 (52814149)|STATEMENT_EXECUTE|[35]
11:27:55.0 (52818045)|HEAP_ALLOCATE|[35]|Bytes:4
11:27:55.0 (52828534)|VARIABLE_SCOPE_BEGIN|[35]|casesToCreate|List<Case>|true|false
11:27:55.0 (52833549)|HEAP_ALLOCATE|[EXTERNAL]|Bytes:4
11:27:55.0 (52843241)|VARIABLE_ASSIGNMENT|[35]|casesToCreate|{"s":1,"v":[]}|0xf3084e4
11:27:55.0 (52867728)|HEAP_ALLOCATE|[36]|Bytes:5
11:27:55.0 (52887049)|VARIABLE_ASSIGNMENT|[36]|caseWithSecretInfo|null|
11:27:55.0 (52892106)|STATEMENT_EXECUTE|[36]
11:27:55.0 (52894131)|STATEMENT_EXECUTE|[45]
11:27:55.0 (52923693)|HEAP_ALLOCATE|[EXTERNAL]|Bytes:4
11:27:55.0 (52930279)|HEAP_ALLOCATE|[16]|Bytes:4
11:27:55.0 (52938356)|VARIABLE_ASSIGNMENT|[16]|i|3
11:27:55.0 (52954868)|STATEMENT_EXECUTE|[16]
11:27:55.0 (52956497)|STATEMENT_EXECUTE|[17]
11:27:55.0 (52964641)|HEAP_ALLOCATE|[17]|Bytes:8
11:27:55.0 (52974295)|VARIABLE_SCOPE_BEGIN|[17]|keyword|String|false|false
11:27:55.0 (52984301)|VARIABLE_ASSIGNMENT|[17]|keyword|"Passport"
11:27:55.0 (52987835)|STATEMENT_EXECUTE|[21]
11:27:55.0 (52992821)|HEAP_ALLOCATE|[21]|Bytes:4
11:27:55.0 (53007818)|VARIABLE_SCOPE_BEGIN|[21]|casesWithSecretInfo|List<Case>|true|false
11:27:55.0 (53016643)|HEAP_ALLOCATE|[EXTERNAL]|Bytes:4
11:27:55.0 (53028840)|VARIABLE_ASSIGNMENT|[21]|casesWithSecretInfo|{"s":1,"v":[]}|0x4482ad03
11:27:55.0 (53059598)|HEAP_ALLOCATE|[22]|Bytes:5
11:27:55.0 (53084058)|VARIABLE_SCOPE_BEGIN|[22]|myCase|Case|true|false
11:27:55.0 (53522649)|VARIABLE_ASSIGNMENT|[22]|myCase|{"Origin":"Phone","Status":"New","LastModifiedDate":"2016-12-29T19:27:55.000Z","IsDeleted":false,"Description":"Credit Card","Priority":"Medium","Product_Has_Extended (12 more) ...":false,"IsClosed":false,"SystemModstamp":"2016-12-29T19:27:55.000Z","BusinessHoursId":"01m41000000XnfnAAC","CreatedById":"00541000001IQl9AAG","IsEscalated":false,"OwnerId":"00541000001IQl9AAG","CreatedDate":"2016-12-29T19:27:55.000Z","IsClosedOnCreate":false,"CaseNumber":"00001081","Id":"50041000003lnWIAAY","LastModifiedById":"00541000001IQl9AAG"}|0x385ccac2
11:27:55.0 (53532794)|STATEMENT_EXECUTE|[22]
11:27:55.0 (53565398)|STATEMENT_EXECUTE|[23]
11:27:55.0 (53603749)|STATEMENT_EXECUTE|[25]
11:27:55.0 (53621785)|HEAP_ALLOCATE|[22]|Bytes:5
11:27:55.0 (53638657)|VARIABLE_ASSIGNMENT|[22]|myCase|null|
11:27:55.0 (53641711)|STATEMENT_EXECUTE|[35]
11:27:55.0 (53645304)|HEAP_ALLOCATE|[35]|Bytes:4
11:27:55.0 (53654465)|VARIABLE_SCOPE_BEGIN|[35]|casesToCreate|List<Case>|true|false
11:27:55.0 (53659104)|HEAP_ALLOCATE|[EXTERNAL]|Bytes:4
11:27:55.0 (53668642)|VARIABLE_ASSIGNMENT|[35]|casesToCreate|{"s":1,"v":[]}|0x1964a312
11:27:55.0 (53695047)|HEAP_ALLOCATE|[36]|Bytes:5
11:27:55.0 (53715714)|VARIABLE_ASSIGNMENT|[36]|caseWithSecretInfo|null|
11:27:55.0 (53721226)|STATEMENT_EXECUTE|[36]
11:27:55.0 (53723976)|STATEMENT_EXECUTE|[45]
11:27:55.0 (53751274)|HEAP_ALLOCATE|[EXTERNAL]|Bytes:4
11:27:55.0 (53757483)|HEAP_ALLOCATE|[16]|Bytes:4
11:27:55.0 (53764739)|VARIABLE_ASSIGNMENT|[16]|i|4
11:27:55.0 (53785454)|STATEMENT_EXECUTE|[16]
11:27:55.0 (53788291)|STATEMENT_EXECUTE|[17]
11:27:55.0 (53804336)|HEAP_ALLOCATE|[17]|Bytes:10
11:27:55.0 (53816129)|VARIABLE_SCOPE_BEGIN|[17]|keyword|String|false|false
11:27:55.0 (53826159)|VARIABLE_ASSIGNMENT|[17]|keyword|"Bodyweight"
11:27:55.0 (53829102)|STATEMENT_EXECUTE|[21]
11:27:55.0 (53833094)|HEAP_ALLOCATE|[21]|Bytes:4
11:27:55.0 (53842941)|VARIABLE_SCOPE_BEGIN|[21]|casesWithSecretInfo|List<Case>|true|false
11:27:55.0 (53847253)|HEAP_ALLOCATE|[EXTERNAL]|Bytes:4
11:27:55.0 (53856025)|VARIABLE_ASSIGNMENT|[21]|casesWithSecretInfo|{"s":1,"v":[]}|0x2131f0ff
11:27:55.0 (53888284)|HEAP_ALLOCATE|[22]|Bytes:5
11:27:55.0 (53913550)|VARIABLE_SCOPE_BEGIN|[22]|myCase|Case|true|false
11:27:55.0 (54317311)|VARIABLE_ASSIGNMENT|[22]|myCase|{"Origin":"Phone","Status":"New","LastModifiedDate":"2016-12-29T19:27:55.000Z","IsDeleted":false,"Description":"Credit Card","Priority":"Medium","Product_Has_Extended (12 more) ...":false,"IsClosed":false,"SystemModstamp":"2016-12-29T19:27:55.000Z","BusinessHoursId":"01m41000000XnfnAAC","CreatedById":"00541000001IQl9AAG","IsEscalated":false,"OwnerId":"00541000001IQl9AAG","CreatedDate":"2016-12-29T19:27:55.000Z","IsClosedOnCreate":false,"CaseNumber":"00001081","Id":"50041000003lnWIAAY","LastModifiedById":"00541000001IQl9AAG"}|0x385ccac2
11:27:55.0 (54325991)|STATEMENT_EXECUTE|[22]
11:27:55.0 (54358824)|STATEMENT_EXECUTE|[23]
11:27:55.0 (54398084)|STATEMENT_EXECUTE|[25]
11:27:55.0 (54413625)|HEAP_ALLOCATE|[22]|Bytes:5
11:27:55.0 (54431466)|VARIABLE_ASSIGNMENT|[22]|myCase|null|
11:27:55.0 (54435534)|STATEMENT_EXECUTE|[35]
11:27:55.0 (54440427)|HEAP_ALLOCATE|[35]|Bytes:4
11:27:55.0 (54453452)|VARIABLE_SCOPE_BEGIN|[35]|casesToCreate|List<Case>|true|false
11:27:55.0 (54459881)|HEAP_ALLOCATE|[EXTERNAL]|Bytes:4
11:27:55.0 (54472500)|VARIABLE_ASSIGNMENT|[35]|casesToCreate|{"s":1,"v":[]}|0x2a2d4799
11:27:55.0 (54496155)|HEAP_ALLOCATE|[36]|Bytes:5
11:27:55.0 (54517743)|VARIABLE_ASSIGNMENT|[36]|caseWithSecretInfo|null|
11:27:55.0 (54522145)|STATEMENT_EXECUTE|[36]
11:27:55.0 (54524113)|STATEMENT_EXECUTE|[45]
11:27:55.0 (54555262)|HEAP_ALLOCATE|[EXTERNAL]|Bytes:4
11:27:55.0 (54563588)|HEAP_ALLOCATE|[16]|Bytes:4
11:27:55.0 (54572805)|VARIABLE_ASSIGNMENT|[16]|i|5
11:27:55.54 (54602623)|CUMULATIVE_LIMIT_USAGE
11:27:55.54 (54602623)|LIMIT_USAGE_FOR_NS|(default)|
  Number of SOQL queries: 0 out of 100
  Number of query rows: 0 out of 50000
  Number of SOSL queries: 0 out of 20
  Number of DML statements: 1 out of 150
  Number of DML rows: 1 out of 10000
  Maximum CPU time: 0 out of 10000
  Maximum heap size: 0 out of 6000000
  Number of callouts: 0 out of 100
  Number of Email Invocations: 0 out of 10
  Number of future calls: 0 out of 50
  Number of queueable jobs added to the queue: 0 out of 50
  Number of Mobile Apex push calls: 0 out of 10

11:27:55.54 (54602623)|CUMULATIVE_LIMIT_USAGE_END

11:27:55.0 (55815063)|CODE_UNIT_FINISHED|CheckSecretInformation on Case trigger event AfterInsert for [50041000003lnWI]
11:27:55.0 (56987818)|EXECUTION_FINISHED
11:27:55.58 (58801041)|USER_INFO|[EXTERNAL]|00541000001IQl9|wjw@stuff.com|Pacific Standard Time|GMT-08:00
11:27:55.58 (58813779)|EXECUTION_STARTED
11:27:55.58 (58819209)|CODE_UNIT_STARTED|[EXTERNAL]|Workflow:Case
11:27:55.58 (63496798)|WF_RULE_EVAL_BEGIN|Assignment
11:27:55.58 (63505295)|WF_SPOOL_ACTION_BEGIN|Assignment
11:27:55.58 (63508309)|WF_ACTION|.
11:27:55.58 (63514853)|WF_RULE_EVAL_END
11:27:55.58 (63519267)|WF_RULE_EVAL_BEGIN|Escalation
11:27:55.58 (63523254)|WF_SPOOL_ACTION_BEGIN|Escalation
11:27:55.58 (63524716)|WF_ACTION|.
11:27:55.58 (63525728)|WF_RULE_EVAL_END
11:27:55.58 (63560671)|WF_ACTIONS_END| None
11:27:55.58 (63564660)|CODE_UNIT_FINISHED|Workflow:Case
11:27:55.58 (64633057)|EXECUTION_FINISHED
