36.0 APEX_CODE,FINEST;APEX_PROFILING,INFO;CALLOUT,INFO;DB,INFO;SYSTEM,DEBUG;VALIDATION,INFO;VISUALFORCE,INFO;WORKFLOW,INFO
10:26:02.0 (436341)|USER_INFO|[EXTERNAL]|00541000001IQl9|wjw@stuff.com|Pacific Standard Time|GMT-08:00
10:26:02.0 (470665)|EXECUTION_STARTED
10:26:02.0 (475216)|CODE_UNIT_STARTED|[EXTERNAL]|01q410000019tMZ|CheckSecretInformation on Case trigger event AfterInsert for [50041000003lmye]
10:26:02.0 (520939)|HEAP_ALLOCATE|[EXTERNAL]|Bytes:8
10:26:02.0 (976136)|HEAP_ALLOCATE|[72]|Bytes:3
10:26:02.0 (1034397)|HEAP_ALLOCATE|[77]|Bytes:152
10:26:02.0 (1051601)|HEAP_ALLOCATE|[342]|Bytes:408
10:26:02.0 (1074182)|HEAP_ALLOCATE|[355]|Bytes:408
10:26:02.0 (1092655)|HEAP_ALLOCATE|[467]|Bytes:48
10:26:02.0 (1157086)|HEAP_ALLOCATE|[139]|Bytes:6
10:26:02.0 (1175710)|HEAP_ALLOCATE|[EXTERNAL]|Bytes:2
10:26:02.0 (1302074)|HEAP_ALLOCATE|[EXTERNAL]|Bytes:16
10:26:02.0 (1311351)|VARIABLE_SCOPE_BEGIN|[1]|this|CheckSecretInformation|true|false
10:26:02.0 (1695183)|VARIABLE_ASSIGNMENT|[1]|this|{}|0x2caf7bc6
10:26:02.0 (1762103)|HEAP_ALLOCATE|[EXTERNAL]|Bytes:16
10:26:02.0 (1769236)|VARIABLE_SCOPE_BEGIN|[1]|this|CheckSecretInformation|true|false
10:26:02.0 (1784828)|VARIABLE_ASSIGNMENT|[1]|this|{}|0x2caf7bc6
10:26:02.0 (1789974)|STATEMENT_EXECUTE|[1]
10:26:02.0 (1791615)|STATEMENT_EXECUTE|[3]
10:26:02.0 (1811848)|HEAP_ALLOCATE|[3]|Bytes:44
10:26:02.0 (1848793)|HEAP_ALLOCATE|[50]|Bytes:5
10:26:02.0 (1868730)|HEAP_ALLOCATE|[56]|Bytes:5
10:26:02.0 (1877737)|HEAP_ALLOCATE|[64]|Bytes:7
10:26:02.0 (1922887)|VARIABLE_ASSIGNMENT|[3]|this.childCasesSubject|"Warning: Parent case (24 more) ..."|0x2caf7bc6
10:26:02.0 (1926315)|STATEMENT_EXECUTE|[6]
10:26:02.0 (1930807)|HEAP_ALLOCATE|[6]|Bytes:4
10:26:02.0 (1995466)|HEAP_ALLOCATE|[EXTERNAL]|Bytes:4
10:26:02.0 (2015272)|VARIABLE_ASSIGNMENT|[6]|this.secretKeywords|{"s":1,"v":[]}|0x2caf7bc6
10:26:02.0 (2019248)|STATEMENT_EXECUTE|[7]
10:26:02.0 (2031909)|HEAP_ALLOCATE|[7]|Bytes:11
10:26:02.0 (2073086)|HEAP_ALLOCATE|[EXTERNAL]|Bytes:4
10:26:02.0 (2084873)|STATEMENT_EXECUTE|[8]
10:26:02.0 (2100456)|HEAP_ALLOCATE|[8]|Bytes:15
10:26:02.0 (2158619)|HEAP_ALLOCATE|[EXTERNAL]|Bytes:4
10:26:02.0 (2182414)|STATEMENT_EXECUTE|[9]
10:26:02.0 (2203436)|HEAP_ALLOCATE|[9]|Bytes:3
10:26:02.0 (2240680)|HEAP_ALLOCATE|[EXTERNAL]|Bytes:4
10:26:02.0 (2251427)|STATEMENT_EXECUTE|[10]
10:26:02.0 (2281566)|HEAP_ALLOCATE|[10]|Bytes:8
10:26:02.0 (2320076)|HEAP_ALLOCATE|[EXTERNAL]|Bytes:4
10:26:02.0 (2333875)|STATEMENT_EXECUTE|[11]
10:26:02.0 (2351663)|HEAP_ALLOCATE|[11]|Bytes:10
10:26:02.0 (2405559)|HEAP_ALLOCATE|[EXTERNAL]|Bytes:4
10:26:02.0 (2417097)|STATEMENT_EXECUTE|[14]
10:26:02.0 (2423670)|HEAP_ALLOCATE|[14]|Bytes:4
10:26:02.0 (2512177)|HEAP_ALLOCATE|[EXTERNAL]|Bytes:4
10:26:02.0 (2529549)|VARIABLE_ASSIGNMENT|[14]|this.casesWithSecretInfo|{"s":1,"v":[]}|0x2caf7bc6
10:26:02.0 (2776881)|HEAP_ALLOCATE|[15]|Bytes:5
10:26:02.0 (2865426)|VARIABLE_SCOPE_BEGIN|[15]|myCase|Case|true|false
10:26:02.0 (3656336)|VARIABLE_ASSIGNMENT|[15]|myCase|{"Origin":"Phone","Status":"New","LastModifiedDate":"2016-12-29T18:26:01.000Z","IsDeleted":false,"Description":"Credit Card","Priority":"Medium","Product_Has_Extended (12 more) ...":false,"IsClosed":false,"SystemModstamp":"2016-12-29T18:26:01.000Z","BusinessHoursId":"01m41000000XnfnAAC","CreatedById":"00541000001IQl9AAG","IsEscalated":false,"OwnerId":"00541000001IQl9AAG","CreatedDate":"2016-12-29T18:26:01.000Z","IsClosedOnCreate":false,"CaseNumber":"00001067","Id":"50041000003lmyeAAA","LastModifiedById":"00541000001IQl9AAG"}|0x427a5288
10:26:02.0 (3666538)|STATEMENT_EXECUTE|[15]
10:26:02.0 (3696373)|STATEMENT_EXECUTE|[16]
10:26:02.0 (3699002)|STATEMENT_EXECUTE|[17]
10:26:02.0 (3703621)|VARIABLE_SCOPE_BEGIN|[17]|i|Integer|false|false
10:26:02.0 (3710336)|HEAP_ALLOCATE|[17]|Bytes:4
10:26:02.0 (3717891)|VARIABLE_ASSIGNMENT|[17]|i|0
10:26:02.0 (3755346)|STATEMENT_EXECUTE|[17]
10:26:02.0 (3757251)|STATEMENT_EXECUTE|[18]
10:26:02.0 (3789954)|HEAP_ALLOCATE|[18]|Bytes:11
10:26:02.0 (3799118)|VARIABLE_SCOPE_BEGIN|[18]|keyword|String|false|false
10:26:02.0 (3806075)|VARIABLE_ASSIGNMENT|[18]|keyword|"Credit Card"
10:26:02.0 (3883409)|STATEMENT_EXECUTE|[19]
10:26:02.0 (3886845)|STATEMENT_EXECUTE|[20]
10:26:02.0 (3924092)|HEAP_ALLOCATE|[EXTERNAL]|Bytes:4
10:26:02.0 (3931607)|STATEMENT_EXECUTE|[21]
10:26:02.0 (3936531)|HEAP_ALLOCATE|[21]|Bytes:5
10:26:02.0 (3986736)|HEAP_ALLOCATE|[21]|Bytes:18
10:26:02.0 (3998191)|HEAP_ALLOCATE|[21]|Bytes:25
10:26:02.0 (4008548)|HEAP_ALLOCATE|[21]|Bytes:59
10:26:02.0 (4033355)|USER_DEBUG|[21]|DEBUG|Case 50041000003lmyeAAA includes secret keyword Credit Card
10:26:02.0 (4039853)|STATEMENT_EXECUTE|[22]
10:26:02.0 (4051256)|HEAP_ALLOCATE|[15]|Bytes:5
10:26:02.0 (4064558)|VARIABLE_ASSIGNMENT|[15]|myCase|null|
10:26:02.4 (4072687)|CUMULATIVE_LIMIT_USAGE
10:26:02.4 (4072687)|LIMIT_USAGE_FOR_NS|(default)|
  Number of SOQL queries: 0 out of 100
  Number of query rows: 0 out of 50000
  Number of SOSL queries: 0 out of 20
  Number of DML statements: 0 out of 150
  Number of DML rows: 0 out of 10000
  Maximum CPU time: 0 out of 10000
  Maximum heap size: 0 out of 6000000
  Number of callouts: 0 out of 100
  Number of Email Invocations: 0 out of 10
  Number of future calls: 0 out of 50
  Number of queueable jobs added to the queue: 0 out of 50
  Number of Mobile Apex push calls: 0 out of 10

10:26:02.4 (4072687)|CUMULATIVE_LIMIT_USAGE_END

10:26:02.0 (5650913)|CODE_UNIT_FINISHED|CheckSecretInformation on Case trigger event AfterInsert for [50041000003lmye]
10:26:02.0 (7170505)|EXECUTION_FINISHED
10:26:02.9 (9707402)|USER_INFO|[EXTERNAL]|00541000001IQl9|wjw@stuff.com|Pacific Standard Time|GMT-08:00
10:26:02.9 (9723381)|EXECUTION_STARTED
10:26:02.9 (9728262)|CODE_UNIT_STARTED|[EXTERNAL]|Workflow:Case
10:26:02.9 (20414085)|WF_RULE_EVAL_BEGIN|Assignment
10:26:02.9 (20433403)|WF_SPOOL_ACTION_BEGIN|Assignment
10:26:02.9 (20437593)|WF_ACTION|.
10:26:02.9 (20439565)|WF_RULE_EVAL_END
10:26:02.9 (20445105)|WF_RULE_EVAL_BEGIN|Escalation
10:26:02.9 (20450232)|WF_SPOOL_ACTION_BEGIN|Escalation
10:26:02.9 (20451569)|WF_ACTION|.
10:26:02.9 (20452485)|WF_RULE_EVAL_END
10:26:02.9 (20493713)|WF_ACTIONS_END| None
10:26:02.9 (20501016)|CODE_UNIT_FINISHED|Workflow:Case
10:26:02.9 (21857925)|EXECUTION_FINISHED
