38.0 APEX_CODE,FINEST;APEX_PROFILING,INFO;CALLOUT,INFO;DB,INFO;SYSTEM,DEBUG;VALIDATION,INFO;VISUALFORCE,INFO;WORKFLOW,INFO
09:51:29.0 (354452)|USER_INFO|[EXTERNAL]|00541000001IQl9|wjw@stuff.com|Pacific Standard Time|GMT-08:00
09:51:29.0 (383892)|EXECUTION_STARTED
09:51:29.0 (387580)|CODE_UNIT_STARTED|[EXTERNAL]|VisualForce View State
09:51:29.0 (205694679)|HEAP_ALLOCATE|[72]|Bytes:3
09:51:29.0 (205755316)|HEAP_ALLOCATE|[77]|Bytes:152
09:51:29.0 (205770687)|HEAP_ALLOCATE|[342]|Bytes:408
09:51:29.0 (205784602)|HEAP_ALLOCATE|[355]|Bytes:408
09:51:29.0 (205796919)|HEAP_ALLOCATE|[467]|Bytes:48
09:51:29.0 (205829029)|HEAP_ALLOCATE|[139]|Bytes:6
09:51:29.0 (205855142)|HEAP_ALLOCATE|[50]|Bytes:5
09:51:29.0 (205878029)|HEAP_ALLOCATE|[56]|Bytes:5
09:51:29.0 (205885324)|HEAP_ALLOCATE|[64]|Bytes:7
09:51:29.0 (207474967)|CODE_UNIT_FINISHED|VisualForce View State
09:51:29.0 (207835568)|EXECUTION_FINISHED
09:51:29.214 (214739177)|USER_INFO|[EXTERNAL]|00541000001IQl9|wjw@stuff.com|Pacific Standard Time|GMT-08:00
09:51:30.182 (1182532450)|CUMULATIVE_LIMIT_USAGE
09:51:30.182 (1182532450)|LIMIT_USAGE_FOR_NS|(default)|
  Number of SOQL queries: 0 out of 100
  Number of query rows: 0 out of 50000
  Number of SOSL queries: 0 out of 20
  Number of DML statements: 0 out of 150
  Number of DML rows: 0 out of 10000
  Maximum CPU time: 0 out of 10000
  Maximum heap size: 0 out of 6000000
  Number of callouts: 0 out of 100
  Number of Email Invocations: 0 out of 10
  Number of future calls: 0 out of 50
  Number of queueable jobs added to the queue: 0 out of 50
  Number of Mobile Apex push calls: 0 out of 10

09:51:30.182 (1182532450)|CUMULATIVE_LIMIT_USAGE_END

