36.0 APEX_CODE,FINEST;APEX_PROFILING,INFO;CALLOUT,INFO;DB,INFO;SYSTEM,DEBUG;VALIDATION,INFO;VISUALFORCE,INFO;WORKFLOW,INFO
11:58:08.0 (394831)|USER_INFO|[EXTERNAL]|00541000001IQl9|wjw@stuff.com|Pacific Standard Time|GMT-08:00
11:58:08.0 (426872)|EXECUTION_STARTED
11:58:08.0 (431402)|CODE_UNIT_STARTED|[EXTERNAL]|01q410000019tMZ|CheckSecretInformation on Case trigger event AfterInsert for [50041000003lnbd]
11:58:08.0 (474588)|HEAP_ALLOCATE|[EXTERNAL]|Bytes:8
11:58:08.0 (906578)|HEAP_ALLOCATE|[72]|Bytes:3
11:58:08.0 (952836)|HEAP_ALLOCATE|[77]|Bytes:152
11:58:08.0 (976377)|HEAP_ALLOCATE|[342]|Bytes:408
11:58:08.0 (1006247)|HEAP_ALLOCATE|[355]|Bytes:408
11:58:08.0 (1036437)|HEAP_ALLOCATE|[467]|Bytes:48
11:58:08.0 (1082479)|HEAP_ALLOCATE|[139]|Bytes:6
11:58:08.0 (1104605)|HEAP_ALLOCATE|[EXTERNAL]|Bytes:5
11:58:08.0 (1174057)|HEAP_ALLOCATE|[EXTERNAL]|Bytes:12
11:58:08.0 (1185579)|VARIABLE_SCOPE_BEGIN|[1]|this|CheckSecretInformation|true|false
11:58:08.0 (1238104)|VARIABLE_ASSIGNMENT|[1]|this|{}|0x1ca7c2a3
11:58:08.0 (1284519)|HEAP_ALLOCATE|[EXTERNAL]|Bytes:12
11:58:08.0 (1292052)|VARIABLE_SCOPE_BEGIN|[1]|this|CheckSecretInformation|true|false
11:58:08.0 (1311442)|VARIABLE_ASSIGNMENT|[1]|this|{}|0x1ca7c2a3
11:58:08.0 (1319524)|STATEMENT_EXECUTE|[1]
11:58:08.0 (1322118)|STATEMENT_EXECUTE|[3]
11:58:08.0 (1327390)|HEAP_ALLOCATE|[3]|Bytes:44
11:58:08.0 (1377662)|HEAP_ALLOCATE|[50]|Bytes:5
11:58:08.0 (1402462)|HEAP_ALLOCATE|[56]|Bytes:5
11:58:08.0 (1411812)|HEAP_ALLOCATE|[64]|Bytes:7
11:58:08.0 (1453075)|VARIABLE_ASSIGNMENT|[3]|this.childCasesSubject|"Warning: Parent case (24 more) ..."|0x1ca7c2a3
11:58:08.0 (1456634)|STATEMENT_EXECUTE|[6]
11:58:08.0 (1461659)|HEAP_ALLOCATE|[6]|Bytes:4
11:58:08.0 (1521185)|HEAP_ALLOCATE|[EXTERNAL]|Bytes:4
11:58:08.0 (1545097)|VARIABLE_ASSIGNMENT|[6]|this.secretKeywords|{"s":1,"v":[]}|0x1ca7c2a3
11:58:08.0 (1550330)|STATEMENT_EXECUTE|[7]
11:58:08.0 (1568191)|HEAP_ALLOCATE|[7]|Bytes:11
11:58:08.0 (1612661)|HEAP_ALLOCATE|[EXTERNAL]|Bytes:4
11:58:08.0 (1623080)|STATEMENT_EXECUTE|[8]
11:58:08.0 (1635437)|HEAP_ALLOCATE|[8]|Bytes:15
11:58:08.0 (1658234)|HEAP_ALLOCATE|[EXTERNAL]|Bytes:4
11:58:08.0 (1665458)|STATEMENT_EXECUTE|[9]
11:58:08.0 (1675356)|HEAP_ALLOCATE|[9]|Bytes:3
11:58:08.0 (1695893)|HEAP_ALLOCATE|[EXTERNAL]|Bytes:4
11:58:08.0 (1702476)|STATEMENT_EXECUTE|[10]
11:58:08.0 (1712157)|HEAP_ALLOCATE|[10]|Bytes:8
11:58:08.0 (1733128)|HEAP_ALLOCATE|[EXTERNAL]|Bytes:4
11:58:08.0 (1739399)|STATEMENT_EXECUTE|[11]
11:58:08.0 (1749537)|HEAP_ALLOCATE|[11]|Bytes:10
11:58:08.0 (1773355)|HEAP_ALLOCATE|[EXTERNAL]|Bytes:4
11:58:08.0 (1782540)|STATEMENT_EXECUTE|[16]
11:58:08.0 (1788746)|VARIABLE_SCOPE_BEGIN|[16]|i|Integer|false|false
11:58:08.0 (1793693)|HEAP_ALLOCATE|[16]|Bytes:4
11:58:08.0 (1801678)|VARIABLE_ASSIGNMENT|[16]|i|0
11:58:08.0 (1833652)|STATEMENT_EXECUTE|[16]
11:58:08.0 (1835563)|STATEMENT_EXECUTE|[17]
11:58:08.0 (1863148)|HEAP_ALLOCATE|[17]|Bytes:11
11:58:08.0 (1871738)|VARIABLE_SCOPE_BEGIN|[17]|keyword|String|false|false
11:58:08.0 (1878754)|VARIABLE_ASSIGNMENT|[17]|keyword|"Credit Card"
11:58:08.0 (1881360)|STATEMENT_EXECUTE|[19]
11:58:08.0 (1893380)|HEAP_ALLOCATE|[19]|Bytes:4
11:58:08.0 (1933330)|VARIABLE_SCOPE_BEGIN|[19]|keywordList|Set<String>|true|false
11:58:08.0 (1968889)|VARIABLE_ASSIGNMENT|[19]|keywordList|{"s":1,"v":[]}|0x796494e0
11:58:08.0 (1972366)|STATEMENT_EXECUTE|[20]
11:58:08.0 (2000256)|HEAP_ALLOCATE|[EXTERNAL]|Bytes:4
11:58:08.0 (2009774)|STATEMENT_EXECUTE|[21]
11:58:08.0 (2014181)|HEAP_ALLOCATE|[21]|Bytes:7
11:58:08.0 (2080652)|HEAP_ALLOCATE|[21]|Bytes:13
11:58:08.0 (2112319)|HEAP_ALLOCATE|[21]|Bytes:20
11:58:08.0 (2140624)|USER_DEBUG|[21]|DEBUG|Here : {Credit Card}
11:58:08.0 (2147105)|STATEMENT_EXECUTE|[23]
11:58:08.0 (2196753)|HEAP_ALLOCATE|[23]|Bytes:4
11:58:08.0 (2260866)|VARIABLE_SCOPE_BEGIN|[23]|casesWithSecretInfo|List<Case>|true|false
11:58:08.0 (2267893)|HEAP_ALLOCATE|[EXTERNAL]|Bytes:4
11:58:08.0 (2279180)|VARIABLE_ASSIGNMENT|[23]|casesWithSecretInfo|{"s":1,"v":[]}|0x3683a53e
11:58:08.0 (2470079)|HEAP_ALLOCATE|[24]|Bytes:5
11:58:08.0 (2508650)|VARIABLE_SCOPE_BEGIN|[24]|myCase|Case|true|false
11:58:08.0 (3255245)|VARIABLE_ASSIGNMENT|[24]|myCase|{"Origin":"Phone","Status":"New","LastModifiedDate":"2016-12-29T19:58:08.000Z","IsDeleted":false,"Description":"SSN Passport","Priority":"Medium","Product_Has_Extended (12 more) ...":false,"IsClosed":false,"SystemModstamp":"2016-12-29T19:58:08.000Z","BusinessHoursId":"01m41000000XnfnAAC","CreatedById":"00541000001IQl9AAG","IsEscalated":false,"OwnerId":"00541000001IQl9AAG","CreatedDate":"2016-12-29T19:58:08.000Z","IsClosedOnCreate":false,"CaseNumber":"00001101","Id":"50041000003lnbdAAA","LastModifiedById":"00541000001IQl9AAG"}|0x39a3459c
11:58:08.0 (3265560)|STATEMENT_EXECUTE|[24]
11:58:08.0 (3296000)|STATEMENT_EXECUTE|[25]
11:58:08.0 (3372203)|STATEMENT_EXECUTE|[27]
11:58:08.0 (3386424)|HEAP_ALLOCATE|[24]|Bytes:5
11:58:08.0 (3401482)|VARIABLE_ASSIGNMENT|[24]|myCase|null|
11:58:08.0 (3404695)|STATEMENT_EXECUTE|[37]
11:58:08.0 (3409399)|HEAP_ALLOCATE|[37]|Bytes:4
11:58:08.0 (3446847)|VARIABLE_SCOPE_BEGIN|[37]|casesToCreate|List<Case>|true|false
11:58:08.0 (3456648)|HEAP_ALLOCATE|[EXTERNAL]|Bytes:4
11:58:08.0 (3470117)|VARIABLE_ASSIGNMENT|[37]|casesToCreate|{"s":1,"v":[]}|0x1222bdc3
11:58:08.0 (3505621)|HEAP_ALLOCATE|[38]|Bytes:5
11:58:08.0 (3519647)|VARIABLE_ASSIGNMENT|[38]|caseWithSecretInfo|null|
11:58:08.0 (3522844)|STATEMENT_EXECUTE|[38]
11:58:08.0 (3524044)|STATEMENT_EXECUTE|[47]
11:58:08.0 (3602814)|HEAP_ALLOCATE|[EXTERNAL]|Bytes:4
11:58:08.0 (3611255)|HEAP_ALLOCATE|[16]|Bytes:4
11:58:08.0 (3618488)|VARIABLE_ASSIGNMENT|[16]|i|1
11:58:08.0 (3635642)|STATEMENT_EXECUTE|[16]
11:58:08.0 (3637247)|STATEMENT_EXECUTE|[17]
11:58:08.0 (3645447)|HEAP_ALLOCATE|[17]|Bytes:15
11:58:08.0 (3652037)|VARIABLE_SCOPE_BEGIN|[17]|keyword|String|false|false
11:58:08.0 (3658455)|VARIABLE_ASSIGNMENT|[17]|keyword|"Social Security"
11:58:08.0 (3660415)|STATEMENT_EXECUTE|[19]
11:58:08.0 (3664402)|HEAP_ALLOCATE|[19]|Bytes:4
11:58:08.0 (3673390)|VARIABLE_SCOPE_BEGIN|[19]|keywordList|Set<String>|true|false
11:58:08.0 (3687742)|VARIABLE_ASSIGNMENT|[19]|keywordList|{"s":1,"v":[]}|0x161f2239
11:58:08.0 (3690241)|STATEMENT_EXECUTE|[20]
11:58:08.0 (3697619)|HEAP_ALLOCATE|[EXTERNAL]|Bytes:4
11:58:08.0 (3702859)|STATEMENT_EXECUTE|[21]
11:58:08.0 (3718155)|HEAP_ALLOCATE|[21]|Bytes:17
11:58:08.0 (3728901)|HEAP_ALLOCATE|[21]|Bytes:24
11:58:08.0 (3737208)|USER_DEBUG|[21]|DEBUG|Here : {Social Security}
11:58:08.0 (3741936)|STATEMENT_EXECUTE|[23]
11:58:08.0 (3745579)|HEAP_ALLOCATE|[23]|Bytes:4
11:58:08.0 (3754416)|VARIABLE_SCOPE_BEGIN|[23]|casesWithSecretInfo|List<Case>|true|false
11:58:08.0 (3760038)|HEAP_ALLOCATE|[EXTERNAL]|Bytes:4
11:58:08.0 (3771293)|VARIABLE_ASSIGNMENT|[23]|casesWithSecretInfo|{"s":1,"v":[]}|0x439a131e
11:58:08.0 (3805104)|HEAP_ALLOCATE|[24]|Bytes:5
11:58:08.0 (3827617)|VARIABLE_SCOPE_BEGIN|[24]|myCase|Case|true|false
11:58:08.0 (4104532)|VARIABLE_ASSIGNMENT|[24]|myCase|{"Origin":"Phone","Status":"New","LastModifiedDate":"2016-12-29T19:58:08.000Z","IsDeleted":false,"Description":"SSN Passport","Priority":"Medium","Product_Has_Extended (12 more) ...":false,"IsClosed":false,"SystemModstamp":"2016-12-29T19:58:08.000Z","BusinessHoursId":"01m41000000XnfnAAC","CreatedById":"00541000001IQl9AAG","IsEscalated":false,"OwnerId":"00541000001IQl9AAG","CreatedDate":"2016-12-29T19:58:08.000Z","IsClosedOnCreate":false,"CaseNumber":"00001101","Id":"50041000003lnbdAAA","LastModifiedById":"00541000001IQl9AAG"}|0x39a3459c
11:58:08.0 (4112041)|STATEMENT_EXECUTE|[24]
11:58:08.0 (4134770)|STATEMENT_EXECUTE|[25]
11:58:08.0 (4159528)|STATEMENT_EXECUTE|[27]
11:58:08.0 (4170420)|HEAP_ALLOCATE|[24]|Bytes:5
11:58:08.0 (4183505)|VARIABLE_ASSIGNMENT|[24]|myCase|null|
11:58:08.0 (4186092)|STATEMENT_EXECUTE|[37]
11:58:08.0 (4189716)|HEAP_ALLOCATE|[37]|Bytes:4
11:58:08.0 (4198914)|VARIABLE_SCOPE_BEGIN|[37]|casesToCreate|List<Case>|true|false
11:58:08.0 (4203770)|HEAP_ALLOCATE|[EXTERNAL]|Bytes:4
11:58:08.0 (4212432)|VARIABLE_ASSIGNMENT|[37]|casesToCreate|{"s":1,"v":[]}|0x60362154
11:58:08.0 (4230298)|HEAP_ALLOCATE|[38]|Bytes:5
11:58:08.0 (4241127)|VARIABLE_ASSIGNMENT|[38]|caseWithSecretInfo|null|
11:58:08.0 (4264336)|STATEMENT_EXECUTE|[38]
11:58:08.0 (4265460)|STATEMENT_EXECUTE|[47]
11:58:08.0 (4292366)|HEAP_ALLOCATE|[EXTERNAL]|Bytes:4
11:58:08.0 (4298541)|HEAP_ALLOCATE|[16]|Bytes:4
11:58:08.0 (4305522)|VARIABLE_ASSIGNMENT|[16]|i|2
11:58:08.0 (4321920)|STATEMENT_EXECUTE|[16]
11:58:08.0 (4323534)|STATEMENT_EXECUTE|[17]
11:58:08.0 (4331479)|HEAP_ALLOCATE|[17]|Bytes:3
11:58:08.0 (4338016)|VARIABLE_SCOPE_BEGIN|[17]|keyword|String|false|false
11:58:08.0 (4353271)|VARIABLE_ASSIGNMENT|[17]|keyword|"SSN"
11:58:08.0 (4355818)|STATEMENT_EXECUTE|[19]
11:58:08.0 (4359855)|HEAP_ALLOCATE|[19]|Bytes:4
11:58:08.0 (4369977)|VARIABLE_SCOPE_BEGIN|[19]|keywordList|Set<String>|true|false
11:58:08.0 (4384502)|VARIABLE_ASSIGNMENT|[19]|keywordList|{"s":1,"v":[]}|0x67fd5434
11:58:08.0 (4387004)|STATEMENT_EXECUTE|[20]
11:58:08.0 (4394247)|HEAP_ALLOCATE|[EXTERNAL]|Bytes:4
11:58:08.0 (4399469)|STATEMENT_EXECUTE|[21]
11:58:08.0 (4414733)|HEAP_ALLOCATE|[21]|Bytes:5
11:58:08.0 (4425206)|HEAP_ALLOCATE|[21]|Bytes:12
11:58:08.0 (4433624)|USER_DEBUG|[21]|DEBUG|Here : {SSN}
11:58:08.0 (4438293)|STATEMENT_EXECUTE|[23]
11:58:08.0 (4441985)|HEAP_ALLOCATE|[23]|Bytes:4
11:58:08.0 (4450160)|VARIABLE_SCOPE_BEGIN|[23]|casesWithSecretInfo|List<Case>|true|false
11:58:08.0 (4455158)|HEAP_ALLOCATE|[EXTERNAL]|Bytes:4
11:58:08.0 (4463815)|VARIABLE_ASSIGNMENT|[23]|casesWithSecretInfo|{"s":1,"v":[]}|0x89cac18
11:58:08.0 (4492049)|HEAP_ALLOCATE|[24]|Bytes:5
11:58:08.0 (4507700)|VARIABLE_SCOPE_BEGIN|[24]|myCase|Case|true|false
11:58:08.0 (4842695)|VARIABLE_ASSIGNMENT|[24]|myCase|{"Origin":"Phone","Status":"New","LastModifiedDate":"2016-12-29T19:58:08.000Z","IsDeleted":false,"Description":"SSN Passport","Priority":"Medium","Product_Has_Extended (12 more) ...":false,"IsClosed":false,"SystemModstamp":"2016-12-29T19:58:08.000Z","BusinessHoursId":"01m41000000XnfnAAC","CreatedById":"00541000001IQl9AAG","IsEscalated":false,"OwnerId":"00541000001IQl9AAG","CreatedDate":"2016-12-29T19:58:08.000Z","IsClosedOnCreate":false,"CaseNumber":"00001101","Id":"50041000003lnbdAAA","LastModifiedById":"00541000001IQl9AAG"}|0x39a3459c
11:58:08.0 (4849642)|STATEMENT_EXECUTE|[24]
11:58:08.0 (4872637)|STATEMENT_EXECUTE|[25]
11:58:08.0 (4897257)|STATEMENT_EXECUTE|[27]
11:58:08.0 (4899151)|STATEMENT_EXECUTE|[28]
11:58:08.0 (4931329)|HEAP_ALLOCATE|[EXTERNAL]|Bytes:4
11:58:08.0 (4939451)|STATEMENT_EXECUTE|[29]
11:58:08.0 (4943412)|HEAP_ALLOCATE|[29]|Bytes:5
11:58:08.0 (4993667)|HEAP_ALLOCATE|[29]|Bytes:18
11:58:08.0 (5005878)|HEAP_ALLOCATE|[29]|Bytes:25
11:58:08.0 (5020284)|HEAP_ALLOCATE|[29]|Bytes:5
11:58:08.0 (5035979)|HEAP_ALLOCATE|[29]|Bytes:53
11:58:08.0 (5046523)|USER_DEBUG|[29]|DEBUG|Case 50041000003lnbdAAA includes secret keyword {SSN}
11:58:08.0 (5059984)|HEAP_ALLOCATE|[24]|Bytes:5
11:58:08.0 (5073113)|VARIABLE_ASSIGNMENT|[24]|myCase|null|
11:58:08.0 (5076043)|STATEMENT_EXECUTE|[37]
11:58:08.0 (5079587)|HEAP_ALLOCATE|[37]|Bytes:4
11:58:08.0 (5088690)|VARIABLE_SCOPE_BEGIN|[37]|casesToCreate|List<Case>|true|false
11:58:08.0 (5093502)|HEAP_ALLOCATE|[EXTERNAL]|Bytes:4
11:58:08.0 (5102375)|VARIABLE_ASSIGNMENT|[37]|casesToCreate|{"s":1,"v":[]}|0x1b8d5cf6
11:58:08.0 (5120325)|HEAP_ALLOCATE|[38]|Bytes:5
11:58:08.0 (5136553)|VARIABLE_SCOPE_BEGIN|[38]|caseWithSecretInfo|Case|true|false
11:58:08.0 (5462786)|VARIABLE_ASSIGNMENT|[38]|caseWithSecretInfo|{"Origin":"Phone","Status":"New","LastModifiedDate":"2016-12-29T19:58:08.000Z","IsDeleted":false,"Description":"SSN Passport","Priority":"Medium","Product_Has_Extended (12 more) ...":false,"IsClosed":false,"SystemModstamp":"2016-12-29T19:58:08.000Z","BusinessHoursId":"01m41000000XnfnAAC","CreatedById":"00541000001IQl9AAG","IsEscalated":false,"OwnerId":"00541000001IQl9AAG","CreatedDate":"2016-12-29T19:58:08.000Z","IsClosedOnCreate":false,"CaseNumber":"00001101","Id":"50041000003lnbdAAA","LastModifiedById":"00541000001IQl9AAG"}|0x39a3459c
11:58:08.0 (5470709)|STATEMENT_EXECUTE|[38]
11:58:08.0 (5472171)|STATEMENT_EXECUTE|[39]
11:58:08.0 (5504164)|HEAP_ALLOCATE|[39]|Bytes:4
11:58:08.0 (5649525)|VARIABLE_SCOPE_BEGIN|[39]|childCase|Case|true|false
11:58:08.0 (5662498)|VARIABLE_ASSIGNMENT|[39]|childCase|{}|0x4ae0f252
11:58:08.0 (5665184)|STATEMENT_EXECUTE|[40]
11:58:08.0 (5738116)|VARIABLE_ASSIGNMENT|[40]|this.Subject|"Warning: Parent case (24 more) ..."|0x4ae0f252
11:58:08.0 (5742878)|STATEMENT_EXECUTE|[41]
11:58:08.0 (5814585)|VARIABLE_ASSIGNMENT|[41]|this.ParentId|"50041000003lnbdAAA"|0x4ae0f252
11:58:08.0 (5820900)|STATEMENT_EXECUTE|[42]
11:58:08.0 (5912997)|VARIABLE_ASSIGNMENT|[42]|this.IsEscalated|true|0x4ae0f252
11:58:08.0 (5924312)|STATEMENT_EXECUTE|[43]
11:58:08.0 (5929291)|HEAP_ALLOCATE|[43]|Bytes:4
11:58:08.0 (5965827)|VARIABLE_ASSIGNMENT|[43]|this.Priority|"High"|0x4ae0f252
11:58:08.0 (5969167)|STATEMENT_EXECUTE|[44]
11:58:08.0 (5992915)|VARIABLE_ASSIGNMENT|[44]|this.Description|"SSN"|0x4ae0f252
11:58:08.0 (5995800)|STATEMENT_EXECUTE|[45]
11:58:08.0 (6026792)|HEAP_ALLOCATE|[EXTERNAL]|Bytes:4
11:58:08.0 (6045140)|HEAP_ALLOCATE|[38]|Bytes:5
11:58:08.0 (6058476)|VARIABLE_ASSIGNMENT|[38]|caseWithSecretInfo|null|
11:58:08.0 (6061398)|STATEMENT_EXECUTE|[47]
11:58:08.0 (6091396)|DML_BEGIN|[47]|Op:Insert|Type:Case|Rows:1
11:58:08.0 (6122141)|HEAP_ALLOCATE|[EXTERNAL]|Bytes:8
11:58:08.0 (182528350)|CODE_UNIT_STARTED|[EXTERNAL]|01q410000019tMZ|CheckSecretInformation on Case trigger event AfterInsert for [50041000003lnbe]
11:58:08.0 (182567626)|HEAP_ALLOCATE|[EXTERNAL]|Bytes:8
11:58:08.0 (182656380)|HEAP_ALLOCATE|[EXTERNAL]|Bytes:12
11:58:08.0 (182669671)|VARIABLE_SCOPE_BEGIN|[1]|this|CheckSecretInformation|true|false
11:58:08.0 (182719648)|VARIABLE_ASSIGNMENT|[1]|this|{}|0x2ccf3cf2
11:58:08.0 (182753981)|HEAP_ALLOCATE|[EXTERNAL]|Bytes:12
11:58:08.0 (182760591)|VARIABLE_SCOPE_BEGIN|[1]|this|CheckSecretInformation|true|false
11:58:08.0 (182773214)|VARIABLE_ASSIGNMENT|[1]|this|{}|0x2ccf3cf2
11:58:08.0 (182779797)|STATEMENT_EXECUTE|[1]
11:58:08.0 (182781578)|STATEMENT_EXECUTE|[3]
11:58:08.0 (182812929)|VARIABLE_ASSIGNMENT|[3]|this.childCasesSubject|"Warning: Parent case (24 more) ..."|0x2ccf3cf2
11:58:08.0 (182815899)|STATEMENT_EXECUTE|[6]
11:58:08.0 (182820134)|HEAP_ALLOCATE|[6]|Bytes:4
11:58:08.0 (182860663)|HEAP_ALLOCATE|[EXTERNAL]|Bytes:4
11:58:08.0 (182879964)|VARIABLE_ASSIGNMENT|[6]|this.secretKeywords|{"s":1,"v":[]}|0x2ccf3cf2
11:58:08.0 (182883197)|STATEMENT_EXECUTE|[7]
11:58:08.0 (182904713)|HEAP_ALLOCATE|[EXTERNAL]|Bytes:4
11:58:08.0 (182912238)|STATEMENT_EXECUTE|[8]
11:58:08.0 (182926019)|HEAP_ALLOCATE|[EXTERNAL]|Bytes:4
11:58:08.0 (182930676)|STATEMENT_EXECUTE|[9]
11:58:08.0 (182939139)|HEAP_ALLOCATE|[EXTERNAL]|Bytes:4
11:58:08.0 (182943041)|STATEMENT_EXECUTE|[10]
11:58:08.0 (182950820)|HEAP_ALLOCATE|[EXTERNAL]|Bytes:4
11:58:08.0 (182957579)|STATEMENT_EXECUTE|[11]
11:58:08.0 (182966643)|HEAP_ALLOCATE|[EXTERNAL]|Bytes:4
11:58:08.0 (182972452)|STATEMENT_EXECUTE|[16]
11:58:08.0 (182976888)|VARIABLE_SCOPE_BEGIN|[16]|i|Integer|false|false
11:58:08.0 (182981940)|HEAP_ALLOCATE|[16]|Bytes:4
11:58:08.0 (182989418)|VARIABLE_ASSIGNMENT|[16]|i|0
11:58:08.0 (183005559)|STATEMENT_EXECUTE|[16]
11:58:08.0 (183007868)|STATEMENT_EXECUTE|[17]
11:58:08.0 (183018681)|HEAP_ALLOCATE|[17]|Bytes:11
11:58:08.0 (183025598)|VARIABLE_SCOPE_BEGIN|[17]|keyword|String|false|false
11:58:08.0 (183031635)|VARIABLE_ASSIGNMENT|[17]|keyword|"Credit Card"
11:58:08.0 (183033810)|STATEMENT_EXECUTE|[19]
11:58:08.0 (183037941)|HEAP_ALLOCATE|[19]|Bytes:4
11:58:08.0 (183048839)|VARIABLE_SCOPE_BEGIN|[19]|keywordList|Set<String>|true|false
11:58:08.0 (183068359)|VARIABLE_ASSIGNMENT|[19]|keywordList|{"s":1,"v":[]}|0x618b7244
11:58:08.0 (183076474)|STATEMENT_EXECUTE|[20]
11:58:08.0 (183087867)|HEAP_ALLOCATE|[EXTERNAL]|Bytes:4
11:58:08.0 (183094325)|STATEMENT_EXECUTE|[21]
11:58:08.0 (183129846)|HEAP_ALLOCATE|[21]|Bytes:13
11:58:08.0 (183142540)|HEAP_ALLOCATE|[21]|Bytes:20
11:58:08.0 (183157109)|USER_DEBUG|[21]|DEBUG|Here : {Credit Card}
11:58:08.0 (183163570)|STATEMENT_EXECUTE|[23]
11:58:08.0 (183167658)|HEAP_ALLOCATE|[23]|Bytes:4
11:58:08.0 (183177440)|VARIABLE_SCOPE_BEGIN|[23]|casesWithSecretInfo|List<Case>|true|false
11:58:08.0 (183183217)|HEAP_ALLOCATE|[EXTERNAL]|Bytes:4
11:58:08.0 (183193841)|VARIABLE_ASSIGNMENT|[23]|casesWithSecretInfo|{"s":1,"v":[]}|0x2dc29932
11:58:08.0 (183233432)|HEAP_ALLOCATE|[24]|Bytes:5
11:58:08.0 (183252907)|VARIABLE_SCOPE_BEGIN|[24]|myCase|Case|true|false
11:58:08.0 (198638793)|VARIABLE_ASSIGNMENT|[24]|myCase|{"Status":"New","ParentId":"50041000003lnbdAAA","LastModifiedDate":"2016-12-29T19:58:08.000Z","IsDeleted":false,"Description":"SSN","Priority":"High","Product_Has_Extended (12 more) ...":false,"IsClosed":false,"Subject":"Warning: Parent case (24 more) ...","SystemModstamp":"2016-12-29T19:58:08.000Z","BusinessHoursId":"01m41000000XnfnAAC","CreatedById":"00541000001IQl9AAG","IsEscalated":true,"OwnerId":"00541000001IQl9AAG","CreatedDate":"2016-12-29T19:58:08.000Z","IsClosedOnCreate":false,"CaseNumber":"00001102","Id":"50041000003lnbeAAA","LastModifiedById":"00541000001IQl9AAG"}|0x78bf18d4
11:58:08.0 (198648786)|STATEMENT_EXECUTE|[24]
11:58:08.0 (198716110)|STATEMENT_EXECUTE|[25]
11:58:08.0 (198731283)|HEAP_ALLOCATE|[24]|Bytes:5
11:58:08.0 (198748193)|VARIABLE_ASSIGNMENT|[24]|myCase|null|
11:58:08.0 (198751362)|STATEMENT_EXECUTE|[37]
11:58:08.0 (198755905)|HEAP_ALLOCATE|[37]|Bytes:4
11:58:08.0 (198766557)|VARIABLE_SCOPE_BEGIN|[37]|casesToCreate|List<Case>|true|false
11:58:08.0 (198777422)|HEAP_ALLOCATE|[EXTERNAL]|Bytes:4
11:58:08.0 (198787590)|VARIABLE_ASSIGNMENT|[37]|casesToCreate|{"s":1,"v":[]}|0x83c62cf
11:58:08.0 (198809455)|HEAP_ALLOCATE|[38]|Bytes:5
11:58:08.0 (198821929)|VARIABLE_ASSIGNMENT|[38]|caseWithSecretInfo|null|
11:58:08.0 (198824902)|STATEMENT_EXECUTE|[38]
11:58:08.0 (198826018)|STATEMENT_EXECUTE|[47]
11:58:08.0 (198868813)|HEAP_ALLOCATE|[EXTERNAL]|Bytes:4
11:58:08.0 (198876061)|HEAP_ALLOCATE|[16]|Bytes:4
11:58:08.0 (198883203)|VARIABLE_ASSIGNMENT|[16]|i|1
11:58:08.0 (198900109)|STATEMENT_EXECUTE|[16]
11:58:08.0 (198901783)|STATEMENT_EXECUTE|[17]
11:58:08.0 (198910301)|HEAP_ALLOCATE|[17]|Bytes:15
11:58:08.0 (198917031)|VARIABLE_SCOPE_BEGIN|[17]|keyword|String|false|false
11:58:08.0 (198923517)|VARIABLE_ASSIGNMENT|[17]|keyword|"Social Security"
11:58:08.0 (198925614)|STATEMENT_EXECUTE|[19]
11:58:08.0 (198929386)|HEAP_ALLOCATE|[19]|Bytes:4
11:58:08.0 (198938500)|VARIABLE_SCOPE_BEGIN|[19]|keywordList|Set<String>|true|false
11:58:08.0 (198952896)|VARIABLE_ASSIGNMENT|[19]|keywordList|{"s":1,"v":[]}|0x321f28de
11:58:08.0 (198955432)|STATEMENT_EXECUTE|[20]
11:58:08.0 (198962933)|HEAP_ALLOCATE|[EXTERNAL]|Bytes:4
11:58:08.0 (198968360)|STATEMENT_EXECUTE|[21]
11:58:08.0 (198985599)|HEAP_ALLOCATE|[21]|Bytes:17
11:58:08.0 (199005054)|HEAP_ALLOCATE|[21]|Bytes:24
11:58:08.0 (199021339)|USER_DEBUG|[21]|DEBUG|Here : {Social Security}
11:58:08.0 (199031370)|STATEMENT_EXECUTE|[23]
11:58:08.0 (199037416)|HEAP_ALLOCATE|[23]|Bytes:4
11:58:08.0 (199052479)|VARIABLE_SCOPE_BEGIN|[23]|casesWithSecretInfo|List<Case>|true|false
11:58:08.0 (199060520)|HEAP_ALLOCATE|[EXTERNAL]|Bytes:4
11:58:08.0 (199073975)|VARIABLE_ASSIGNMENT|[23]|casesWithSecretInfo|{"s":1,"v":[]}|0xb2d2ca6
11:58:08.0 (199118637)|HEAP_ALLOCATE|[24]|Bytes:5
11:58:08.0 (199144285)|VARIABLE_SCOPE_BEGIN|[24]|myCase|Case|true|false
11:58:08.0 (199473307)|VARIABLE_ASSIGNMENT|[24]|myCase|{"Status":"New","ParentId":"50041000003lnbdAAA","LastModifiedDate":"2016-12-29T19:58:08.000Z","IsDeleted":false,"Description":"SSN","Priority":"High","Product_Has_Extended (12 more) ...":false,"IsClosed":false,"Subject":"Warning: Parent case (24 more) ...","SystemModstamp":"2016-12-29T19:58:08.000Z","BusinessHoursId":"01m41000000XnfnAAC","CreatedById":"00541000001IQl9AAG","IsEscalated":true,"OwnerId":"00541000001IQl9AAG","CreatedDate":"2016-12-29T19:58:08.000Z","IsClosedOnCreate":false,"CaseNumber":"00001102","Id":"50041000003lnbeAAA","LastModifiedById":"00541000001IQl9AAG"}|0x78bf18d4
11:58:08.0 (199480981)|STATEMENT_EXECUTE|[24]
11:58:08.0 (199515497)|STATEMENT_EXECUTE|[25]
11:58:08.0 (199534470)|HEAP_ALLOCATE|[24]|Bytes:5
11:58:08.0 (199557016)|VARIABLE_ASSIGNMENT|[24]|myCase|null|
11:58:08.0 (199562181)|STATEMENT_EXECUTE|[37]
11:58:08.0 (199567736)|HEAP_ALLOCATE|[37]|Bytes:4
11:58:08.0 (199583683)|VARIABLE_SCOPE_BEGIN|[37]|casesToCreate|List<Case>|true|false
11:58:08.0 (199592705)|HEAP_ALLOCATE|[EXTERNAL]|Bytes:4
11:58:08.0 (199606192)|VARIABLE_ASSIGNMENT|[37]|casesToCreate|{"s":1,"v":[]}|0xbd4ecaf
11:58:08.0 (199637088)|HEAP_ALLOCATE|[38]|Bytes:5
11:58:08.0 (199657096)|VARIABLE_ASSIGNMENT|[38]|caseWithSecretInfo|null|
11:58:08.0 (199660618)|STATEMENT_EXECUTE|[38]
11:58:08.0 (199661740)|STATEMENT_EXECUTE|[47]
11:58:08.0 (199688078)|HEAP_ALLOCATE|[EXTERNAL]|Bytes:4
11:58:08.0 (199694412)|HEAP_ALLOCATE|[16]|Bytes:4
11:58:08.0 (199700994)|VARIABLE_ASSIGNMENT|[16]|i|2
11:58:08.0 (199717415)|STATEMENT_EXECUTE|[16]
11:58:08.0 (199719056)|STATEMENT_EXECUTE|[17]
11:58:08.0 (199731727)|HEAP_ALLOCATE|[17]|Bytes:3
11:58:08.0 (199739207)|VARIABLE_SCOPE_BEGIN|[17]|keyword|String|false|false
11:58:08.0 (199745359)|VARIABLE_ASSIGNMENT|[17]|keyword|"SSN"
11:58:08.0 (199747233)|STATEMENT_EXECUTE|[19]
11:58:08.0 (199751297)|HEAP_ALLOCATE|[19]|Bytes:4
11:58:08.0 (199761015)|VARIABLE_SCOPE_BEGIN|[19]|keywordList|Set<String>|true|false
11:58:08.0 (199786115)|VARIABLE_ASSIGNMENT|[19]|keywordList|{"s":1,"v":[]}|0x6015cd00
11:58:08.0 (199791365)|STATEMENT_EXECUTE|[20]
11:58:08.0 (199805745)|HEAP_ALLOCATE|[EXTERNAL]|Bytes:4
11:58:08.0 (199816036)|STATEMENT_EXECUTE|[21]
11:58:08.0 (199842863)|HEAP_ALLOCATE|[21]|Bytes:5
11:58:08.0 (199865207)|HEAP_ALLOCATE|[21]|Bytes:12
11:58:08.0 (199881331)|USER_DEBUG|[21]|DEBUG|Here : {SSN}
11:58:08.0 (199890693)|STATEMENT_EXECUTE|[23]
11:58:08.0 (199895559)|HEAP_ALLOCATE|[23]|Bytes:4
11:58:08.0 (199905481)|VARIABLE_SCOPE_BEGIN|[23]|casesWithSecretInfo|List<Case>|true|false
11:58:08.0 (199911092)|HEAP_ALLOCATE|[EXTERNAL]|Bytes:4
11:58:08.0 (199920998)|VARIABLE_ASSIGNMENT|[23]|casesWithSecretInfo|{"s":1,"v":[]}|0x2b874004
11:58:08.0 (199950858)|HEAP_ALLOCATE|[24]|Bytes:5
11:58:08.0 (199966660)|VARIABLE_SCOPE_BEGIN|[24]|myCase|Case|true|false
11:58:08.0 (200278649)|VARIABLE_ASSIGNMENT|[24]|myCase|{"Status":"New","ParentId":"50041000003lnbdAAA","LastModifiedDate":"2016-12-29T19:58:08.000Z","IsDeleted":false,"Description":"SSN","Priority":"High","Product_Has_Extended (12 more) ...":false,"IsClosed":false,"Subject":"Warning: Parent case (24 more) ...","SystemModstamp":"2016-12-29T19:58:08.000Z","BusinessHoursId":"01m41000000XnfnAAC","CreatedById":"00541000001IQl9AAG","IsEscalated":true,"OwnerId":"00541000001IQl9AAG","CreatedDate":"2016-12-29T19:58:08.000Z","IsClosedOnCreate":false,"CaseNumber":"00001102","Id":"50041000003lnbeAAA","LastModifiedById":"00541000001IQl9AAG"}|0x78bf18d4
11:58:08.0 (200289061)|STATEMENT_EXECUTE|[24]
11:58:08.0 (200323619)|STATEMENT_EXECUTE|[25]
11:58:08.0 (200337133)|HEAP_ALLOCATE|[24]|Bytes:5
11:58:08.0 (200350891)|VARIABLE_ASSIGNMENT|[24]|myCase|null|
11:58:08.0 (200353814)|STATEMENT_EXECUTE|[37]
11:58:08.0 (200357553)|HEAP_ALLOCATE|[37]|Bytes:4
11:58:08.0 (200366819)|VARIABLE_SCOPE_BEGIN|[37]|casesToCreate|List<Case>|true|false
11:58:08.0 (200371606)|HEAP_ALLOCATE|[EXTERNAL]|Bytes:4
11:58:08.0 (200380641)|VARIABLE_ASSIGNMENT|[37]|casesToCreate|{"s":1,"v":[]}|0x49ad01ce
11:58:08.0 (200398453)|HEAP_ALLOCATE|[38]|Bytes:5
11:58:08.0 (200416850)|VARIABLE_ASSIGNMENT|[38]|caseWithSecretInfo|null|
11:58:08.0 (200421600)|STATEMENT_EXECUTE|[38]
11:58:08.0 (200423644)|STATEMENT_EXECUTE|[47]
11:58:08.0 (200460843)|HEAP_ALLOCATE|[EXTERNAL]|Bytes:4
11:58:08.0 (200471260)|HEAP_ALLOCATE|[16]|Bytes:4
11:58:08.0 (200481418)|VARIABLE_ASSIGNMENT|[16]|i|3
11:58:08.0 (200508860)|STATEMENT_EXECUTE|[16]
11:58:08.0 (200512003)|STATEMENT_EXECUTE|[17]
11:58:08.0 (200530377)|HEAP_ALLOCATE|[17]|Bytes:8
11:58:08.0 (200539443)|VARIABLE_SCOPE_BEGIN|[17]|keyword|String|false|false
11:58:08.0 (200546454)|VARIABLE_ASSIGNMENT|[17]|keyword|"Passport"
11:58:08.0 (200548761)|STATEMENT_EXECUTE|[19]
11:58:08.0 (200553298)|HEAP_ALLOCATE|[19]|Bytes:4
11:58:08.0 (200562355)|VARIABLE_SCOPE_BEGIN|[19]|keywordList|Set<String>|true|false
11:58:08.0 (200576814)|VARIABLE_ASSIGNMENT|[19]|keywordList|{"s":1,"v":[]}|0x65303dc0
11:58:08.0 (200579332)|STATEMENT_EXECUTE|[20]
11:58:08.0 (200586350)|HEAP_ALLOCATE|[EXTERNAL]|Bytes:4
11:58:08.0 (200591469)|STATEMENT_EXECUTE|[21]
11:58:08.0 (200608277)|HEAP_ALLOCATE|[21]|Bytes:10
11:58:08.0 (200628134)|HEAP_ALLOCATE|[21]|Bytes:17
11:58:08.0 (200643669)|USER_DEBUG|[21]|DEBUG|Here : {Passport}
11:58:08.0 (200651981)|STATEMENT_EXECUTE|[23]
11:58:08.0 (200657796)|HEAP_ALLOCATE|[23]|Bytes:4
11:58:08.0 (200671517)|VARIABLE_SCOPE_BEGIN|[23]|casesWithSecretInfo|List<Case>|true|false
11:58:08.0 (200678946)|HEAP_ALLOCATE|[EXTERNAL]|Bytes:4
11:58:08.0 (200688971)|VARIABLE_ASSIGNMENT|[23]|casesWithSecretInfo|{"s":1,"v":[]}|0x2b8391ab
11:58:08.0 (200723386)|HEAP_ALLOCATE|[24]|Bytes:5
11:58:08.0 (200748785)|VARIABLE_SCOPE_BEGIN|[24]|myCase|Case|true|false
11:58:08.0 (200975858)|VARIABLE_ASSIGNMENT|[24]|myCase|{"Status":"New","ParentId":"50041000003lnbdAAA","LastModifiedDate":"2016-12-29T19:58:08.000Z","IsDeleted":false,"Description":"SSN","Priority":"High","Product_Has_Extended (12 more) ...":false,"IsClosed":false,"Subject":"Warning: Parent case (24 more) ...","SystemModstamp":"2016-12-29T19:58:08.000Z","BusinessHoursId":"01m41000000XnfnAAC","CreatedById":"00541000001IQl9AAG","IsEscalated":true,"OwnerId":"00541000001IQl9AAG","CreatedDate":"2016-12-29T19:58:08.000Z","IsClosedOnCreate":false,"CaseNumber":"00001102","Id":"50041000003lnbeAAA","LastModifiedById":"00541000001IQl9AAG"}|0x78bf18d4
11:58:08.0 (200983863)|STATEMENT_EXECUTE|[24]
11:58:08.0 (201012796)|STATEMENT_EXECUTE|[25]
11:58:08.0 (201025528)|HEAP_ALLOCATE|[24]|Bytes:5
11:58:08.0 (201040660)|VARIABLE_ASSIGNMENT|[24]|myCase|null|
11:58:08.0 (201045565)|STATEMENT_EXECUTE|[37]
11:58:08.0 (201051187)|HEAP_ALLOCATE|[37]|Bytes:4
11:58:08.0 (201064431)|VARIABLE_SCOPE_BEGIN|[37]|casesToCreate|List<Case>|true|false
11:58:08.0 (201070108)|HEAP_ALLOCATE|[EXTERNAL]|Bytes:4
11:58:08.0 (201080011)|VARIABLE_ASSIGNMENT|[37]|casesToCreate|{"s":1,"v":[]}|0x3a9573bf
11:58:08.0 (201099364)|HEAP_ALLOCATE|[38]|Bytes:5
11:58:08.0 (201110918)|VARIABLE_ASSIGNMENT|[38]|caseWithSecretInfo|null|
11:58:08.0 (201113629)|STATEMENT_EXECUTE|[38]
11:58:08.0 (201114676)|STATEMENT_EXECUTE|[47]
11:58:08.0 (201139419)|HEAP_ALLOCATE|[EXTERNAL]|Bytes:4
11:58:08.0 (201145506)|HEAP_ALLOCATE|[16]|Bytes:4
11:58:08.0 (201155301)|VARIABLE_ASSIGNMENT|[16]|i|4
11:58:08.0 (201171788)|STATEMENT_EXECUTE|[16]
11:58:08.0 (201173421)|STATEMENT_EXECUTE|[17]
11:58:08.0 (201181620)|HEAP_ALLOCATE|[17]|Bytes:10
11:58:08.0 (201188271)|VARIABLE_SCOPE_BEGIN|[17]|keyword|String|false|false
11:58:08.0 (201194047)|VARIABLE_ASSIGNMENT|[17]|keyword|"Bodyweight"
11:58:08.0 (201196125)|STATEMENT_EXECUTE|[19]
11:58:08.0 (201199935)|HEAP_ALLOCATE|[19]|Bytes:4
11:58:08.0 (201208345)|VARIABLE_SCOPE_BEGIN|[19]|keywordList|Set<String>|true|false
11:58:08.0 (201221781)|VARIABLE_ASSIGNMENT|[19]|keywordList|{"s":1,"v":[]}|0x1b97b652
11:58:08.0 (201224962)|STATEMENT_EXECUTE|[20]
11:58:08.0 (201232137)|HEAP_ALLOCATE|[EXTERNAL]|Bytes:4
11:58:08.0 (201237227)|STATEMENT_EXECUTE|[21]
11:58:08.0 (201253048)|HEAP_ALLOCATE|[21]|Bytes:12
11:58:08.0 (201264053)|HEAP_ALLOCATE|[21]|Bytes:19
11:58:08.0 (201272184)|USER_DEBUG|[21]|DEBUG|Here : {Bodyweight}
11:58:08.0 (201276819)|STATEMENT_EXECUTE|[23]
11:58:08.0 (201280393)|HEAP_ALLOCATE|[23]|Bytes:4
11:58:08.0 (201288339)|VARIABLE_SCOPE_BEGIN|[23]|casesWithSecretInfo|List<Case>|true|false
11:58:08.0 (201293447)|HEAP_ALLOCATE|[EXTERNAL]|Bytes:4
11:58:08.0 (201302017)|VARIABLE_ASSIGNMENT|[23]|casesWithSecretInfo|{"s":1,"v":[]}|0x7f2d56dd
11:58:08.0 (201329543)|HEAP_ALLOCATE|[24]|Bytes:5
11:58:08.0 (201344744)|VARIABLE_SCOPE_BEGIN|[24]|myCase|Case|true|false
11:58:08.0 (201548532)|VARIABLE_ASSIGNMENT|[24]|myCase|{"Status":"New","ParentId":"50041000003lnbdAAA","LastModifiedDate":"2016-12-29T19:58:08.000Z","IsDeleted":false,"Description":"SSN","Priority":"High","Product_Has_Extended (12 more) ...":false,"IsClosed":false,"Subject":"Warning: Parent case (24 more) ...","SystemModstamp":"2016-12-29T19:58:08.000Z","BusinessHoursId":"01m41000000XnfnAAC","CreatedById":"00541000001IQl9AAG","IsEscalated":true,"OwnerId":"00541000001IQl9AAG","CreatedDate":"2016-12-29T19:58:08.000Z","IsClosedOnCreate":false,"CaseNumber":"00001102","Id":"50041000003lnbeAAA","LastModifiedById":"00541000001IQl9AAG"}|0x78bf18d4
11:58:08.0 (201556477)|STATEMENT_EXECUTE|[24]
11:58:08.0 (201584402)|STATEMENT_EXECUTE|[25]
11:58:08.0 (201596077)|HEAP_ALLOCATE|[24]|Bytes:5
11:58:08.0 (201608497)|VARIABLE_ASSIGNMENT|[24]|myCase|null|
11:58:08.0 (201611147)|STATEMENT_EXECUTE|[37]
11:58:08.0 (201614628)|HEAP_ALLOCATE|[37]|Bytes:4
11:58:08.0 (201623429)|VARIABLE_SCOPE_BEGIN|[37]|casesToCreate|List<Case>|true|false
11:58:08.0 (201628005)|HEAP_ALLOCATE|[EXTERNAL]|Bytes:4
11:58:08.0 (201636398)|VARIABLE_ASSIGNMENT|[37]|casesToCreate|{"s":1,"v":[]}|0x48149e5a
11:58:08.0 (201653314)|HEAP_ALLOCATE|[38]|Bytes:5
11:58:08.0 (201663960)|VARIABLE_ASSIGNMENT|[38]|caseWithSecretInfo|null|
11:58:08.0 (201667156)|STATEMENT_EXECUTE|[38]
11:58:08.0 (201668344)|STATEMENT_EXECUTE|[47]
11:58:08.0 (201692225)|HEAP_ALLOCATE|[EXTERNAL]|Bytes:4
11:58:08.0 (201698191)|HEAP_ALLOCATE|[16]|Bytes:4
11:58:08.0 (201704389)|VARIABLE_ASSIGNMENT|[16]|i|5
11:58:08.201 (201726371)|CUMULATIVE_LIMIT_USAGE
11:58:08.201 (201726371)|LIMIT_USAGE_FOR_NS|(default)|
  Number of SOQL queries: 0 out of 100
  Number of query rows: 0 out of 50000
  Number of SOSL queries: 0 out of 20
  Number of DML statements: 1 out of 150
  Number of DML rows: 1 out of 10000
  Maximum CPU time: 0 out of 10000
  Maximum heap size: 0 out of 6000000
  Number of callouts: 0 out of 100
  Number of Email Invocations: 0 out of 10
  Number of future calls: 0 out of 50
  Number of queueable jobs added to the queue: 0 out of 50
  Number of Mobile Apex push calls: 0 out of 10

11:58:08.201 (201726371)|CUMULATIVE_LIMIT_USAGE_END

11:58:08.0 (216703436)|CODE_UNIT_FINISHED|CheckSecretInformation on Case trigger event AfterInsert for [50041000003lnbe]
11:58:08.0 (216806121)|CODE_UNIT_STARTED|[EXTERNAL]|Workflow:Case
11:58:08.0 (273067188)|WF_RULE_EVAL_BEGIN|Assignment
11:58:08.0 (273083878)|WF_SPOOL_ACTION_BEGIN|Assignment
11:58:08.0 (273088595)|WF_ACTION|.
11:58:08.0 (273090377)|WF_RULE_EVAL_END
11:58:08.0 (273095609)|WF_RULE_EVAL_BEGIN|Escalation
11:58:08.0 (273100353)|WF_SPOOL_ACTION_BEGIN|Escalation
11:58:08.0 (273101700)|WF_ACTION|.
11:58:08.0 (273102641)|WF_RULE_EVAL_END
11:58:08.0 (273158577)|WF_ACTIONS_END| None
11:58:08.0 (273168718)|CODE_UNIT_FINISHED|Workflow:Case
11:58:08.0 (290940984)|DML_END|[47]
11:58:08.0 (290990827)|HEAP_ALLOCATE|[EXTERNAL]|Bytes:8
11:58:08.0 (291018185)|HEAP_ALLOCATE|[16]|Bytes:4
11:58:08.0 (291045805)|VARIABLE_ASSIGNMENT|[16]|i|3
11:58:08.0 (291095820)|STATEMENT_EXECUTE|[16]
11:58:08.0 (291099544)|STATEMENT_EXECUTE|[17]
11:58:08.0 (291120682)|HEAP_ALLOCATE|[17]|Bytes:8
11:58:08.0 (291136182)|VARIABLE_SCOPE_BEGIN|[17]|keyword|String|false|false
11:58:08.0 (291151662)|VARIABLE_ASSIGNMENT|[17]|keyword|"Passport"
11:58:08.0 (291155663)|STATEMENT_EXECUTE|[19]
11:58:08.0 (291163130)|HEAP_ALLOCATE|[19]|Bytes:4
11:58:08.0 (291183362)|VARIABLE_SCOPE_BEGIN|[19]|keywordList|Set<String>|true|false
11:58:08.0 (291222405)|VARIABLE_ASSIGNMENT|[19]|keywordList|{"s":1,"v":[]}|0x37954926
11:58:08.0 (291227861)|STATEMENT_EXECUTE|[20]
11:58:08.0 (291245168)|HEAP_ALLOCATE|[EXTERNAL]|Bytes:4
11:58:08.0 (291256665)|STATEMENT_EXECUTE|[21]
11:58:08.0 (291298869)|HEAP_ALLOCATE|[21]|Bytes:10
11:58:08.0 (291321612)|HEAP_ALLOCATE|[21]|Bytes:17
11:58:08.0 (291343577)|USER_DEBUG|[21]|DEBUG|Here : {Passport}
11:58:08.0 (291353946)|STATEMENT_EXECUTE|[23]
11:58:08.0 (291363734)|HEAP_ALLOCATE|[23]|Bytes:4
11:58:08.0 (291381220)|VARIABLE_SCOPE_BEGIN|[23]|casesWithSecretInfo|List<Case>|true|false
11:58:08.0 (291393530)|HEAP_ALLOCATE|[EXTERNAL]|Bytes:4
11:58:08.0 (291409028)|VARIABLE_ASSIGNMENT|[23]|casesWithSecretInfo|{"s":1,"v":[]}|0x3875f439
11:58:08.0 (291471064)|HEAP_ALLOCATE|[24]|Bytes:5
11:58:08.0 (291499856)|VARIABLE_SCOPE_BEGIN|[24]|myCase|Case|true|false
11:58:08.0 (292212665)|VARIABLE_ASSIGNMENT|[24]|myCase|{"Origin":"Phone","Status":"New","LastModifiedDate":"2016-12-29T19:58:08.000Z","IsDeleted":false,"Description":"SSN Passport","Priority":"Medium","Product_Has_Extended (12 more) ...":false,"IsClosed":false,"SystemModstamp":"2016-12-29T19:58:08.000Z","BusinessHoursId":"01m41000000XnfnAAC","CreatedById":"00541000001IQl9AAG","IsEscalated":false,"OwnerId":"00541000001IQl9AAG","CreatedDate":"2016-12-29T19:58:08.000Z","IsClosedOnCreate":false,"CaseNumber":"00001101","Id":"50041000003lnbdAAA","LastModifiedById":"00541000001IQl9AAG"}|0x39a3459c
11:58:08.0 (292225445)|STATEMENT_EXECUTE|[24]
11:58:08.0 (292264293)|STATEMENT_EXECUTE|[25]
11:58:08.0 (292316624)|STATEMENT_EXECUTE|[27]
11:58:08.0 (292319642)|STATEMENT_EXECUTE|[28]
11:58:08.0 (292335685)|HEAP_ALLOCATE|[EXTERNAL]|Bytes:4
11:58:08.0 (292346800)|STATEMENT_EXECUTE|[29]
11:58:08.0 (292376205)|HEAP_ALLOCATE|[29]|Bytes:18
11:58:08.0 (292408617)|HEAP_ALLOCATE|[29]|Bytes:10
11:58:08.0 (292431348)|HEAP_ALLOCATE|[29]|Bytes:58
11:58:08.0 (292446079)|USER_DEBUG|[29]|DEBUG|Case 50041000003lnbdAAA includes secret keyword {Passport}
11:58:08.0 (292467177)|HEAP_ALLOCATE|[24]|Bytes:5
11:58:08.0 (292489245)|VARIABLE_ASSIGNMENT|[24]|myCase|null|
11:58:08.0 (292495069)|STATEMENT_EXECUTE|[37]
11:58:08.0 (292501282)|HEAP_ALLOCATE|[37]|Bytes:4
11:58:08.0 (292517838)|VARIABLE_SCOPE_BEGIN|[37]|casesToCreate|List<Case>|true|false
11:58:08.0 (292527382)|HEAP_ALLOCATE|[EXTERNAL]|Bytes:4
11:58:08.0 (292540179)|VARIABLE_ASSIGNMENT|[37]|casesToCreate|{"s":1,"v":[]}|0x53aba8e2
11:58:08.0 (292574985)|HEAP_ALLOCATE|[38]|Bytes:5
11:58:08.0 (292602456)|VARIABLE_SCOPE_BEGIN|[38]|caseWithSecretInfo|Case|true|false
11:58:08.0 (292904316)|VARIABLE_ASSIGNMENT|[38]|caseWithSecretInfo|{"Origin":"Phone","Status":"New","LastModifiedDate":"2016-12-29T19:58:08.000Z","IsDeleted":false,"Description":"SSN Passport","Priority":"Medium","Product_Has_Extended (12 more) ...":false,"IsClosed":false,"SystemModstamp":"2016-12-29T19:58:08.000Z","BusinessHoursId":"01m41000000XnfnAAC","CreatedById":"00541000001IQl9AAG","IsEscalated":false,"OwnerId":"00541000001IQl9AAG","CreatedDate":"2016-12-29T19:58:08.000Z","IsClosedOnCreate":false,"CaseNumber":"00001101","Id":"50041000003lnbdAAA","LastModifiedById":"00541000001IQl9AAG"}|0x39a3459c
11:58:08.0 (292911894)|STATEMENT_EXECUTE|[38]
11:58:08.0 (292913270)|STATEMENT_EXECUTE|[39]
11:58:08.0 (292927883)|HEAP_ALLOCATE|[39]|Bytes:4
11:58:08.0 (292953704)|VARIABLE_SCOPE_BEGIN|[39]|childCase|Case|true|false
11:58:08.0 (292964659)|VARIABLE_ASSIGNMENT|[39]|childCase|{}|0x16c5c03
11:58:08.0 (292967170)|STATEMENT_EXECUTE|[40]
11:58:08.0 (293025669)|VARIABLE_ASSIGNMENT|[40]|this.Subject|"Warning: Parent case (24 more) ..."|0x16c5c03
11:58:08.0 (293030343)|STATEMENT_EXECUTE|[41]
11:58:08.0 (293066691)|VARIABLE_ASSIGNMENT|[41]|this.ParentId|"50041000003lnbdAAA"|0x16c5c03
11:58:08.0 (293070197)|STATEMENT_EXECUTE|[42]
11:58:08.0 (293098957)|VARIABLE_ASSIGNMENT|[42]|this.IsEscalated|true|0x16c5c03
11:58:08.0 (293102161)|STATEMENT_EXECUTE|[43]
11:58:08.0 (293128035)|VARIABLE_ASSIGNMENT|[43]|this.Priority|"High"|0x16c5c03
11:58:08.0 (293131083)|STATEMENT_EXECUTE|[44]
11:58:08.0 (293153512)|VARIABLE_ASSIGNMENT|[44]|this.Description|"Passport"|0x16c5c03
11:58:08.0 (293156243)|STATEMENT_EXECUTE|[45]
11:58:08.0 (293167004)|HEAP_ALLOCATE|[EXTERNAL]|Bytes:4
11:58:08.0 (293181961)|HEAP_ALLOCATE|[38]|Bytes:5
11:58:08.0 (293196350)|VARIABLE_ASSIGNMENT|[38]|caseWithSecretInfo|null|
11:58:08.0 (293199967)|STATEMENT_EXECUTE|[47]
11:58:08.0 (293234612)|DML_BEGIN|[47]|Op:Insert|Type:Case|Rows:1
11:58:08.0 (293261345)|HEAP_ALLOCATE|[EXTERNAL]|Bytes:8
11:58:08.0 (354833545)|CODE_UNIT_STARTED|[EXTERNAL]|01q410000019tMZ|CheckSecretInformation on Case trigger event AfterInsert for [50041000003lnbf]
11:58:08.0 (354877384)|HEAP_ALLOCATE|[EXTERNAL]|Bytes:8
11:58:08.0 (354971547)|HEAP_ALLOCATE|[EXTERNAL]|Bytes:12
11:58:08.0 (354986389)|VARIABLE_SCOPE_BEGIN|[1]|this|CheckSecretInformation|true|false
11:58:08.0 (355037416)|VARIABLE_ASSIGNMENT|[1]|this|{}|0x4998f38b
11:58:08.0 (355071785)|HEAP_ALLOCATE|[EXTERNAL]|Bytes:12
11:58:08.0 (355078520)|VARIABLE_SCOPE_BEGIN|[1]|this|CheckSecretInformation|true|false
11:58:08.0 (355089825)|VARIABLE_ASSIGNMENT|[1]|this|{}|0x4998f38b
11:58:08.0 (355096365)|STATEMENT_EXECUTE|[1]
11:58:08.0 (355098073)|STATEMENT_EXECUTE|[3]
11:58:08.0 (355134143)|VARIABLE_ASSIGNMENT|[3]|this.childCasesSubject|"Warning: Parent case (24 more) ..."|0x4998f38b
11:58:08.0 (355136790)|STATEMENT_EXECUTE|[6]
11:58:08.0 (355143511)|HEAP_ALLOCATE|[6]|Bytes:4
11:58:08.0 (355192347)|HEAP_ALLOCATE|[EXTERNAL]|Bytes:4
11:58:08.0 (355211715)|VARIABLE_ASSIGNMENT|[6]|this.secretKeywords|{"s":1,"v":[]}|0x4998f38b
11:58:08.0 (355214900)|STATEMENT_EXECUTE|[7]
11:58:08.0 (355238891)|HEAP_ALLOCATE|[EXTERNAL]|Bytes:4
11:58:08.0 (355246429)|STATEMENT_EXECUTE|[8]
11:58:08.0 (355255593)|HEAP_ALLOCATE|[EXTERNAL]|Bytes:4
11:58:08.0 (355259776)|STATEMENT_EXECUTE|[9]
11:58:08.0 (355267975)|HEAP_ALLOCATE|[EXTERNAL]|Bytes:4
11:58:08.0 (355271685)|STATEMENT_EXECUTE|[10]
11:58:08.0 (355279044)|HEAP_ALLOCATE|[EXTERNAL]|Bytes:4
11:58:08.0 (355282814)|STATEMENT_EXECUTE|[11]
11:58:08.0 (355290882)|HEAP_ALLOCATE|[EXTERNAL]|Bytes:4
11:58:08.0 (355296505)|STATEMENT_EXECUTE|[16]
11:58:08.0 (355304824)|VARIABLE_SCOPE_BEGIN|[16]|i|Integer|false|false
11:58:08.0 (355309991)|HEAP_ALLOCATE|[16]|Bytes:4
11:58:08.0 (355317500)|VARIABLE_ASSIGNMENT|[16]|i|0
11:58:08.0 (355339857)|STATEMENT_EXECUTE|[16]
11:58:08.0 (355341707)|STATEMENT_EXECUTE|[17]
11:58:08.0 (355353272)|HEAP_ALLOCATE|[17]|Bytes:11
11:58:08.0 (355360482)|VARIABLE_SCOPE_BEGIN|[17]|keyword|String|false|false
11:58:08.0 (355367042)|VARIABLE_ASSIGNMENT|[17]|keyword|"Credit Card"
11:58:08.0 (355369284)|STATEMENT_EXECUTE|[19]
11:58:08.0 (355374403)|HEAP_ALLOCATE|[19]|Bytes:4
11:58:08.0 (355385525)|VARIABLE_SCOPE_BEGIN|[19]|keywordList|Set<String>|true|false
11:58:08.0 (355404407)|VARIABLE_ASSIGNMENT|[19]|keywordList|{"s":1,"v":[]}|0x57882b63
11:58:08.0 (355407094)|STATEMENT_EXECUTE|[20]
11:58:08.0 (355418219)|HEAP_ALLOCATE|[EXTERNAL]|Bytes:4
11:58:08.0 (355424132)|STATEMENT_EXECUTE|[21]
11:58:08.0 (355471795)|HEAP_ALLOCATE|[21]|Bytes:13
11:58:08.0 (355491184)|HEAP_ALLOCATE|[21]|Bytes:20
11:58:08.0 (355507489)|USER_DEBUG|[21]|DEBUG|Here : {Credit Card}
11:58:08.0 (355513767)|STATEMENT_EXECUTE|[23]
11:58:08.0 (355518279)|HEAP_ALLOCATE|[23]|Bytes:4
11:58:08.0 (355528841)|VARIABLE_SCOPE_BEGIN|[23]|casesWithSecretInfo|List<Case>|true|false
11:58:08.0 (355534969)|HEAP_ALLOCATE|[EXTERNAL]|Bytes:4
11:58:08.0 (355546040)|VARIABLE_ASSIGNMENT|[23]|casesWithSecretInfo|{"s":1,"v":[]}|0x60eb98d0
11:58:08.0 (355599276)|HEAP_ALLOCATE|[24]|Bytes:5
11:58:08.0 (355632039)|VARIABLE_SCOPE_BEGIN|[24]|myCase|Case|true|false
11:58:08.0 (356071721)|VARIABLE_ASSIGNMENT|[24]|myCase|{"Status":"New","ParentId":"50041000003lnbdAAA","LastModifiedDate":"2016-12-29T19:58:09.000Z","IsDeleted":false,"Description":"Passport","Priority":"High","Product_Has_Extended (12 more) ...":false,"IsClosed":false,"Subject":"Warning: Parent case (24 more) ...","SystemModstamp":"2016-12-29T19:58:09.000Z","BusinessHoursId":"01m41000000XnfnAAC","CreatedById":"00541000001IQl9AAG","IsEscalated":true,"OwnerId":"00541000001IQl9AAG","CreatedDate":"2016-12-29T19:58:09.000Z","IsClosedOnCreate":false,"CaseNumber":"00001103","Id":"50041000003lnbfAAA","LastModifiedById":"00541000001IQl9AAG"}|0x6e612bed
11:58:08.0 (356080782)|STATEMENT_EXECUTE|[24]
11:58:08.0 (356126935)|STATEMENT_EXECUTE|[25]
11:58:08.0 (356139869)|HEAP_ALLOCATE|[24]|Bytes:5
11:58:08.0 (356154845)|VARIABLE_ASSIGNMENT|[24]|myCase|null|
11:58:08.0 (356159052)|STATEMENT_EXECUTE|[37]
11:58:08.0 (356163085)|HEAP_ALLOCATE|[37]|Bytes:4
11:58:08.0 (356176588)|VARIABLE_SCOPE_BEGIN|[37]|casesToCreate|List<Case>|true|false
11:58:08.0 (356182040)|HEAP_ALLOCATE|[EXTERNAL]|Bytes:4
11:58:08.0 (356190963)|VARIABLE_ASSIGNMENT|[37]|casesToCreate|{"s":1,"v":[]}|0x16bcff60
11:58:08.0 (356210411)|HEAP_ALLOCATE|[38]|Bytes:5
11:58:08.0 (356222723)|VARIABLE_ASSIGNMENT|[38]|caseWithSecretInfo|null|
11:58:08.0 (356225656)|STATEMENT_EXECUTE|[38]
11:58:08.0 (356226900)|STATEMENT_EXECUTE|[47]
11:58:08.0 (356267932)|HEAP_ALLOCATE|[EXTERNAL]|Bytes:4
11:58:08.0 (356275015)|HEAP_ALLOCATE|[16]|Bytes:4
11:58:08.0 (356281699)|VARIABLE_ASSIGNMENT|[16]|i|1
11:58:08.0 (356298208)|STATEMENT_EXECUTE|[16]
11:58:08.0 (356299719)|STATEMENT_EXECUTE|[17]
11:58:08.0 (356307875)|HEAP_ALLOCATE|[17]|Bytes:15
11:58:08.0 (356314352)|VARIABLE_SCOPE_BEGIN|[17]|keyword|String|false|false
11:58:08.0 (356320415)|VARIABLE_ASSIGNMENT|[17]|keyword|"Social Security"
11:58:08.0 (356322622)|STATEMENT_EXECUTE|[19]
11:58:08.0 (356327176)|HEAP_ALLOCATE|[19]|Bytes:4
11:58:08.0 (356342179)|VARIABLE_SCOPE_BEGIN|[19]|keywordList|Set<String>|true|false
11:58:08.0 (356363991)|VARIABLE_ASSIGNMENT|[19]|keywordList|{"s":1,"v":[]}|0x790de7
11:58:08.0 (356368754)|STATEMENT_EXECUTE|[20]
11:58:08.0 (356380190)|HEAP_ALLOCATE|[EXTERNAL]|Bytes:4
11:58:08.0 (356386394)|STATEMENT_EXECUTE|[21]
11:58:08.0 (356403334)|HEAP_ALLOCATE|[21]|Bytes:17
11:58:08.0 (356414376)|HEAP_ALLOCATE|[21]|Bytes:24
11:58:08.0 (356423938)|USER_DEBUG|[21]|DEBUG|Here : {Social Security}
11:58:08.0 (356432364)|STATEMENT_EXECUTE|[23]
11:58:08.0 (356436691)|HEAP_ALLOCATE|[23]|Bytes:4
11:58:08.0 (356446012)|VARIABLE_SCOPE_BEGIN|[23]|casesWithSecretInfo|List<Case>|true|false
11:58:08.0 (356451484)|HEAP_ALLOCATE|[EXTERNAL]|Bytes:4
11:58:08.0 (356460938)|VARIABLE_ASSIGNMENT|[23]|casesWithSecretInfo|{"s":1,"v":[]}|0x3ce82820
11:58:08.0 (356489771)|HEAP_ALLOCATE|[24]|Bytes:5
11:58:08.0 (356508272)|VARIABLE_SCOPE_BEGIN|[24]|myCase|Case|true|false
11:58:08.0 (356857917)|VARIABLE_ASSIGNMENT|[24]|myCase|{"Status":"New","ParentId":"50041000003lnbdAAA","LastModifiedDate":"2016-12-29T19:58:09.000Z","IsDeleted":false,"Description":"Passport","Priority":"High","Product_Has_Extended (12 more) ...":false,"IsClosed":false,"Subject":"Warning: Parent case (24 more) ...","SystemModstamp":"2016-12-29T19:58:09.000Z","BusinessHoursId":"01m41000000XnfnAAC","CreatedById":"00541000001IQl9AAG","IsEscalated":true,"OwnerId":"00541000001IQl9AAG","CreatedDate":"2016-12-29T19:58:09.000Z","IsClosedOnCreate":false,"CaseNumber":"00001103","Id":"50041000003lnbfAAA","LastModifiedById":"00541000001IQl9AAG"}|0x6e612bed
11:58:08.0 (356865677)|STATEMENT_EXECUTE|[24]
11:58:08.0 (356894885)|STATEMENT_EXECUTE|[25]
11:58:08.0 (356907763)|HEAP_ALLOCATE|[24]|Bytes:5
11:58:08.0 (356922528)|VARIABLE_ASSIGNMENT|[24]|myCase|null|
11:58:08.0 (356926364)|STATEMENT_EXECUTE|[37]
11:58:08.0 (356931382)|HEAP_ALLOCATE|[37]|Bytes:4
11:58:08.0 (356942021)|VARIABLE_SCOPE_BEGIN|[37]|casesToCreate|List<Case>|true|false
11:58:08.0 (356947640)|HEAP_ALLOCATE|[EXTERNAL]|Bytes:4
11:58:08.0 (356960774)|VARIABLE_ASSIGNMENT|[37]|casesToCreate|{"s":1,"v":[]}|0x5bb15213
11:58:08.0 (356980315)|HEAP_ALLOCATE|[38]|Bytes:5
11:58:08.0 (356991625)|VARIABLE_ASSIGNMENT|[38]|caseWithSecretInfo|null|
11:58:08.0 (356994343)|STATEMENT_EXECUTE|[38]
11:58:08.0 (356995418)|STATEMENT_EXECUTE|[47]
11:58:08.0 (357021208)|HEAP_ALLOCATE|[EXTERNAL]|Bytes:4
11:58:08.0 (357028093)|HEAP_ALLOCATE|[16]|Bytes:4
11:58:08.0 (357034257)|VARIABLE_ASSIGNMENT|[16]|i|2
11:58:08.0 (357050241)|STATEMENT_EXECUTE|[16]
11:58:08.0 (357051956)|STATEMENT_EXECUTE|[17]
11:58:08.0 (357059976)|HEAP_ALLOCATE|[17]|Bytes:3
11:58:08.0 (357066396)|VARIABLE_SCOPE_BEGIN|[17]|keyword|String|false|false
11:58:08.0 (357071994)|VARIABLE_ASSIGNMENT|[17]|keyword|"SSN"
11:58:08.0 (357073904)|STATEMENT_EXECUTE|[19]
11:58:08.0 (357077764)|HEAP_ALLOCATE|[19]|Bytes:4
11:58:08.0 (357086088)|VARIABLE_SCOPE_BEGIN|[19]|keywordList|Set<String>|true|false
11:58:08.0 (357099993)|VARIABLE_ASSIGNMENT|[19]|keywordList|{"s":1,"v":[]}|0x2a87e1fa
11:58:08.0 (357102712)|STATEMENT_EXECUTE|[20]
11:58:08.0 (357109788)|HEAP_ALLOCATE|[EXTERNAL]|Bytes:4
11:58:08.0 (357114913)|STATEMENT_EXECUTE|[21]
11:58:08.0 (357130660)|HEAP_ALLOCATE|[21]|Bytes:5
11:58:08.0 (357141326)|HEAP_ALLOCATE|[21]|Bytes:12
11:58:08.0 (357149600)|USER_DEBUG|[21]|DEBUG|Here : {SSN}
11:58:08.0 (357154397)|STATEMENT_EXECUTE|[23]
11:58:08.0 (357157898)|HEAP_ALLOCATE|[23]|Bytes:4
11:58:08.0 (357165965)|VARIABLE_SCOPE_BEGIN|[23]|casesWithSecretInfo|List<Case>|true|false
11:58:08.0 (357171000)|HEAP_ALLOCATE|[EXTERNAL]|Bytes:4
11:58:08.0 (357179874)|VARIABLE_ASSIGNMENT|[23]|casesWithSecretInfo|{"s":1,"v":[]}|0x62d9c778
11:58:08.0 (357210911)|HEAP_ALLOCATE|[24]|Bytes:5
11:58:08.0 (357237289)|VARIABLE_SCOPE_BEGIN|[24]|myCase|Case|true|false
11:58:08.0 (357546990)|VARIABLE_ASSIGNMENT|[24]|myCase|{"Status":"New","ParentId":"50041000003lnbdAAA","LastModifiedDate":"2016-12-29T19:58:09.000Z","IsDeleted":false,"Description":"Passport","Priority":"High","Product_Has_Extended (12 more) ...":false,"IsClosed":false,"Subject":"Warning: Parent case (24 more) ...","SystemModstamp":"2016-12-29T19:58:09.000Z","BusinessHoursId":"01m41000000XnfnAAC","CreatedById":"00541000001IQl9AAG","IsEscalated":true,"OwnerId":"00541000001IQl9AAG","CreatedDate":"2016-12-29T19:58:09.000Z","IsClosedOnCreate":false,"CaseNumber":"00001103","Id":"50041000003lnbfAAA","LastModifiedById":"00541000001IQl9AAG"}|0x6e612bed
11:58:08.0 (357554765)|STATEMENT_EXECUTE|[24]
11:58:08.0 (357583530)|STATEMENT_EXECUTE|[25]
11:58:08.0 (357595959)|HEAP_ALLOCATE|[24]|Bytes:5
11:58:08.0 (357608999)|VARIABLE_ASSIGNMENT|[24]|myCase|null|
11:58:08.0 (357611738)|STATEMENT_EXECUTE|[37]
11:58:08.0 (357615316)|HEAP_ALLOCATE|[37]|Bytes:4
11:58:08.0 (357624557)|VARIABLE_SCOPE_BEGIN|[37]|casesToCreate|List<Case>|true|false
11:58:08.0 (357629336)|HEAP_ALLOCATE|[EXTERNAL]|Bytes:4
11:58:08.0 (357638204)|VARIABLE_ASSIGNMENT|[37]|casesToCreate|{"s":1,"v":[]}|0x1f0d4a2b
11:58:08.0 (357656651)|HEAP_ALLOCATE|[38]|Bytes:5
11:58:08.0 (357667394)|VARIABLE_ASSIGNMENT|[38]|caseWithSecretInfo|null|
11:58:08.0 (357670121)|STATEMENT_EXECUTE|[38]
11:58:08.0 (357671118)|STATEMENT_EXECUTE|[47]
11:58:08.0 (357696544)|HEAP_ALLOCATE|[EXTERNAL]|Bytes:4
11:58:08.0 (357702462)|HEAP_ALLOCATE|[16]|Bytes:4
11:58:08.0 (357708873)|VARIABLE_ASSIGNMENT|[16]|i|3
11:58:08.0 (357724752)|STATEMENT_EXECUTE|[16]
11:58:08.0 (357726351)|STATEMENT_EXECUTE|[17]
11:58:08.0 (357734343)|HEAP_ALLOCATE|[17]|Bytes:8
11:58:08.0 (357740806)|VARIABLE_SCOPE_BEGIN|[17]|keyword|String|false|false
11:58:08.0 (357746239)|VARIABLE_ASSIGNMENT|[17]|keyword|"Passport"
11:58:08.0 (357748125)|STATEMENT_EXECUTE|[19]
11:58:08.0 (357751997)|HEAP_ALLOCATE|[19]|Bytes:4
11:58:08.0 (357760424)|VARIABLE_SCOPE_BEGIN|[19]|keywordList|Set<String>|true|false
11:58:08.0 (357780413)|VARIABLE_ASSIGNMENT|[19]|keywordList|{"s":1,"v":[]}|0x4efda213
11:58:08.0 (357783133)|STATEMENT_EXECUTE|[20]
11:58:08.0 (357790633)|HEAP_ALLOCATE|[EXTERNAL]|Bytes:4
11:58:08.0 (357796108)|STATEMENT_EXECUTE|[21]
11:58:08.0 (357811690)|HEAP_ALLOCATE|[21]|Bytes:10
11:58:08.0 (357822645)|HEAP_ALLOCATE|[21]|Bytes:17
11:58:08.0 (357830976)|USER_DEBUG|[21]|DEBUG|Here : {Passport}
11:58:08.0 (357835790)|STATEMENT_EXECUTE|[23]
11:58:08.0 (357839312)|HEAP_ALLOCATE|[23]|Bytes:4
11:58:08.0 (357847508)|VARIABLE_SCOPE_BEGIN|[23]|casesWithSecretInfo|List<Case>|true|false
11:58:08.0 (357852773)|HEAP_ALLOCATE|[EXTERNAL]|Bytes:4
11:58:08.0 (357861649)|VARIABLE_ASSIGNMENT|[23]|casesWithSecretInfo|{"s":1,"v":[]}|0x5b600207
11:58:08.0 (357889522)|HEAP_ALLOCATE|[24]|Bytes:5
11:58:08.0 (357905086)|VARIABLE_SCOPE_BEGIN|[24]|myCase|Case|true|false
11:58:08.0 (358110579)|VARIABLE_ASSIGNMENT|[24]|myCase|{"Status":"New","ParentId":"50041000003lnbdAAA","LastModifiedDate":"2016-12-29T19:58:09.000Z","IsDeleted":false,"Description":"Passport","Priority":"High","Product_Has_Extended (12 more) ...":false,"IsClosed":false,"Subject":"Warning: Parent case (24 more) ...","SystemModstamp":"2016-12-29T19:58:09.000Z","BusinessHoursId":"01m41000000XnfnAAC","CreatedById":"00541000001IQl9AAG","IsEscalated":true,"OwnerId":"00541000001IQl9AAG","CreatedDate":"2016-12-29T19:58:09.000Z","IsClosedOnCreate":false,"CaseNumber":"00001103","Id":"50041000003lnbfAAA","LastModifiedById":"00541000001IQl9AAG"}|0x6e612bed
11:58:08.0 (358118761)|STATEMENT_EXECUTE|[24]
11:58:08.0 (358146947)|STATEMENT_EXECUTE|[25]
11:58:08.0 (358158688)|HEAP_ALLOCATE|[24]|Bytes:5
11:58:08.0 (358171164)|VARIABLE_ASSIGNMENT|[24]|myCase|null|
11:58:08.0 (358173790)|STATEMENT_EXECUTE|[37]
11:58:08.0 (358177246)|HEAP_ALLOCATE|[37]|Bytes:4
11:58:08.0 (358189869)|VARIABLE_SCOPE_BEGIN|[37]|casesToCreate|List<Case>|true|false
11:58:08.0 (358202869)|HEAP_ALLOCATE|[EXTERNAL]|Bytes:4
11:58:08.0 (358216657)|VARIABLE_ASSIGNMENT|[37]|casesToCreate|{"s":1,"v":[]}|0x772efc14
11:58:08.0 (358245673)|HEAP_ALLOCATE|[38]|Bytes:5
11:58:08.0 (358258385)|VARIABLE_ASSIGNMENT|[38]|caseWithSecretInfo|null|
11:58:08.0 (358261315)|STATEMENT_EXECUTE|[38]
11:58:08.0 (358262383)|STATEMENT_EXECUTE|[47]
11:58:08.0 (358292111)|HEAP_ALLOCATE|[EXTERNAL]|Bytes:4
11:58:08.0 (358298711)|HEAP_ALLOCATE|[16]|Bytes:4
11:58:08.0 (358305479)|VARIABLE_ASSIGNMENT|[16]|i|4
11:58:08.0 (358323955)|STATEMENT_EXECUTE|[16]
11:58:08.0 (358326695)|STATEMENT_EXECUTE|[17]
11:58:08.0 (358342734)|HEAP_ALLOCATE|[17]|Bytes:10
11:58:08.0 (358355315)|VARIABLE_SCOPE_BEGIN|[17]|keyword|String|false|false
11:58:08.0 (358365308)|VARIABLE_ASSIGNMENT|[17]|keyword|"Bodyweight"
11:58:08.0 (358369371)|STATEMENT_EXECUTE|[19]
11:58:08.0 (358374126)|HEAP_ALLOCATE|[19]|Bytes:4
11:58:08.0 (358384864)|VARIABLE_SCOPE_BEGIN|[19]|keywordList|Set<String>|true|false
11:58:08.0 (358399719)|VARIABLE_ASSIGNMENT|[19]|keywordList|{"s":1,"v":[]}|0x207bcc8
11:58:08.0 (358402275)|STATEMENT_EXECUTE|[20]
11:58:08.0 (358409543)|HEAP_ALLOCATE|[EXTERNAL]|Bytes:4
11:58:08.0 (358414718)|STATEMENT_EXECUTE|[21]
11:58:08.0 (358430277)|HEAP_ALLOCATE|[21]|Bytes:12
11:58:08.0 (358441029)|HEAP_ALLOCATE|[21]|Bytes:19
11:58:08.0 (358449425)|USER_DEBUG|[21]|DEBUG|Here : {Bodyweight}
11:58:08.0 (358454452)|STATEMENT_EXECUTE|[23]
11:58:08.0 (358458168)|HEAP_ALLOCATE|[23]|Bytes:4
11:58:08.0 (358466226)|VARIABLE_SCOPE_BEGIN|[23]|casesWithSecretInfo|List<Case>|true|false
11:58:08.0 (358471178)|HEAP_ALLOCATE|[EXTERNAL]|Bytes:4
11:58:08.0 (358479864)|VARIABLE_ASSIGNMENT|[23]|casesWithSecretInfo|{"s":1,"v":[]}|0x21c96ba1
11:58:08.0 (358508235)|HEAP_ALLOCATE|[24]|Bytes:5
11:58:08.0 (358523950)|VARIABLE_SCOPE_BEGIN|[24]|myCase|Case|true|false
11:58:08.0 (358727324)|VARIABLE_ASSIGNMENT|[24]|myCase|{"Status":"New","ParentId":"50041000003lnbdAAA","LastModifiedDate":"2016-12-29T19:58:09.000Z","IsDeleted":false,"Description":"Passport","Priority":"High","Product_Has_Extended (12 more) ...":false,"IsClosed":false,"Subject":"Warning: Parent case (24 more) ...","SystemModstamp":"2016-12-29T19:58:09.000Z","BusinessHoursId":"01m41000000XnfnAAC","CreatedById":"00541000001IQl9AAG","IsEscalated":true,"OwnerId":"00541000001IQl9AAG","CreatedDate":"2016-12-29T19:58:09.000Z","IsClosedOnCreate":false,"CaseNumber":"00001103","Id":"50041000003lnbfAAA","LastModifiedById":"00541000001IQl9AAG"}|0x6e612bed
11:58:08.0 (358734840)|STATEMENT_EXECUTE|[24]
11:58:08.0 (358766805)|STATEMENT_EXECUTE|[25]
11:58:08.0 (358779127)|HEAP_ALLOCATE|[24]|Bytes:5
11:58:08.0 (358791648)|VARIABLE_ASSIGNMENT|[24]|myCase|null|
11:58:08.0 (358794248)|STATEMENT_EXECUTE|[37]
11:58:08.0 (358797688)|HEAP_ALLOCATE|[37]|Bytes:4
11:58:08.0 (358806476)|VARIABLE_SCOPE_BEGIN|[37]|casesToCreate|List<Case>|true|false
11:58:08.0 (358811054)|HEAP_ALLOCATE|[EXTERNAL]|Bytes:4
11:58:08.0 (358819450)|VARIABLE_ASSIGNMENT|[37]|casesToCreate|{"s":1,"v":[]}|0x7a6225a5
11:58:08.0 (358836261)|HEAP_ALLOCATE|[38]|Bytes:5
11:58:08.0 (358846990)|VARIABLE_ASSIGNMENT|[38]|caseWithSecretInfo|null|
11:58:08.0 (358849614)|STATEMENT_EXECUTE|[38]
11:58:08.0 (358850658)|STATEMENT_EXECUTE|[47]
11:58:08.0 (358875379)|HEAP_ALLOCATE|[EXTERNAL]|Bytes:4
11:58:08.0 (358881215)|HEAP_ALLOCATE|[16]|Bytes:4
11:58:08.0 (358887372)|VARIABLE_ASSIGNMENT|[16]|i|5
11:58:08.358 (358909861)|CUMULATIVE_LIMIT_USAGE
11:58:08.358 (358909861)|LIMIT_USAGE_FOR_NS|(default)|
  Number of SOQL queries: 0 out of 100
  Number of query rows: 0 out of 50000
  Number of SOSL queries: 0 out of 20
  Number of DML statements: 2 out of 150
  Number of DML rows: 2 out of 10000
  Maximum CPU time: 19 out of 10000
  Maximum heap size: 0 out of 6000000
  Number of callouts: 0 out of 100
  Number of Email Invocations: 0 out of 10
  Number of future calls: 0 out of 50
  Number of queueable jobs added to the queue: 0 out of 50
  Number of Mobile Apex push calls: 0 out of 10

11:58:08.358 (358909861)|CUMULATIVE_LIMIT_USAGE_END

11:58:08.0 (359986656)|CODE_UNIT_FINISHED|CheckSecretInformation on Case trigger event AfterInsert for [50041000003lnbf]
11:58:08.0 (360065593)|CODE_UNIT_STARTED|[EXTERNAL]|Workflow:Case
11:58:08.0 (364589958)|WF_RULE_EVAL_BEGIN|Assignment
11:58:08.0 (364607144)|WF_SPOOL_ACTION_BEGIN|Assignment
11:58:08.0 (364612365)|WF_ACTION|.
11:58:08.0 (364627185)|WF_RULE_EVAL_END
11:58:08.0 (364639069)|WF_RULE_EVAL_BEGIN|Escalation
11:58:08.0 (364668000)|WF_SPOOL_ACTION_BEGIN|Escalation
11:58:08.0 (364670747)|WF_ACTION|.
11:58:08.0 (364672114)|WF_RULE_EVAL_END
11:58:08.0 (364727254)|WF_ACTIONS_END| None
11:58:08.0 (364738762)|CODE_UNIT_FINISHED|Workflow:Case
11:58:08.0 (364966304)|DML_END|[47]
11:58:08.0 (365004884)|HEAP_ALLOCATE|[EXTERNAL]|Bytes:8
11:58:08.0 (365027530)|HEAP_ALLOCATE|[16]|Bytes:4
11:58:08.0 (365049793)|VARIABLE_ASSIGNMENT|[16]|i|4
11:58:08.0 (365094869)|STATEMENT_EXECUTE|[16]
11:58:08.0 (365098239)|STATEMENT_EXECUTE|[17]
11:58:08.0 (365120701)|HEAP_ALLOCATE|[17]|Bytes:10
11:58:08.0 (365136513)|VARIABLE_SCOPE_BEGIN|[17]|keyword|String|false|false
11:58:08.0 (365149440)|VARIABLE_ASSIGNMENT|[17]|keyword|"Bodyweight"
11:58:08.0 (365153112)|STATEMENT_EXECUTE|[19]
11:58:08.0 (365161502)|HEAP_ALLOCATE|[19]|Bytes:4
11:58:08.0 (365184161)|VARIABLE_SCOPE_BEGIN|[19]|keywordList|Set<String>|true|false
11:58:08.0 (365218057)|VARIABLE_ASSIGNMENT|[19]|keywordList|{"s":1,"v":[]}|0x4572aac0
11:58:08.0 (365223683)|STATEMENT_EXECUTE|[20]
11:58:08.0 (365240878)|HEAP_ALLOCATE|[EXTERNAL]|Bytes:4
11:58:08.0 (365252819)|STATEMENT_EXECUTE|[21]
11:58:08.0 (365290310)|HEAP_ALLOCATE|[21]|Bytes:12
11:58:08.0 (365314992)|HEAP_ALLOCATE|[21]|Bytes:19
11:58:08.0 (365335572)|USER_DEBUG|[21]|DEBUG|Here : {Bodyweight}
11:58:08.0 (365345577)|STATEMENT_EXECUTE|[23]
11:58:08.0 (365352561)|HEAP_ALLOCATE|[23]|Bytes:4
11:58:08.0 (365368331)|VARIABLE_SCOPE_BEGIN|[23]|casesWithSecretInfo|List<Case>|true|false
11:58:08.0 (365378817)|HEAP_ALLOCATE|[EXTERNAL]|Bytes:4
11:58:08.0 (365393447)|VARIABLE_ASSIGNMENT|[23]|casesWithSecretInfo|{"s":1,"v":[]}|0x2f8c45ac
11:58:08.0 (365451618)|HEAP_ALLOCATE|[24]|Bytes:5
11:58:08.0 (365479517)|VARIABLE_SCOPE_BEGIN|[24]|myCase|Case|true|false
11:58:08.0 (366101260)|VARIABLE_ASSIGNMENT|[24]|myCase|{"Origin":"Phone","Status":"New","LastModifiedDate":"2016-12-29T19:58:08.000Z","IsDeleted":false,"Description":"SSN Passport","Priority":"Medium","Product_Has_Extended (12 more) ...":false,"IsClosed":false,"SystemModstamp":"2016-12-29T19:58:08.000Z","BusinessHoursId":"01m41000000XnfnAAC","CreatedById":"00541000001IQl9AAG","IsEscalated":false,"OwnerId":"00541000001IQl9AAG","CreatedDate":"2016-12-29T19:58:08.000Z","IsClosedOnCreate":false,"CaseNumber":"00001101","Id":"50041000003lnbdAAA","LastModifiedById":"00541000001IQl9AAG"}|0x39a3459c
11:58:08.0 (366112818)|STATEMENT_EXECUTE|[24]
11:58:08.0 (366146203)|STATEMENT_EXECUTE|[25]
11:58:08.0 (366177327)|STATEMENT_EXECUTE|[27]
11:58:08.0 (366189097)|HEAP_ALLOCATE|[24]|Bytes:5
11:58:08.0 (366203636)|VARIABLE_ASSIGNMENT|[24]|myCase|null|
11:58:08.0 (366206641)|STATEMENT_EXECUTE|[37]
11:58:08.0 (366210609)|HEAP_ALLOCATE|[37]|Bytes:4
11:58:08.0 (366220909)|VARIABLE_SCOPE_BEGIN|[37]|casesToCreate|List<Case>|true|false
11:58:08.0 (366229862)|HEAP_ALLOCATE|[EXTERNAL]|Bytes:4
11:58:08.0 (366239444)|VARIABLE_ASSIGNMENT|[37]|casesToCreate|{"s":1,"v":[]}|0x442812f5
11:58:08.0 (366260343)|HEAP_ALLOCATE|[38]|Bytes:5
11:58:08.0 (366272541)|VARIABLE_ASSIGNMENT|[38]|caseWithSecretInfo|null|
11:58:08.0 (366275491)|STATEMENT_EXECUTE|[38]
11:58:08.0 (366276604)|STATEMENT_EXECUTE|[47]
11:58:08.0 (366319027)|HEAP_ALLOCATE|[EXTERNAL]|Bytes:4
11:58:08.0 (366325430)|HEAP_ALLOCATE|[16]|Bytes:4
11:58:08.0 (366342179)|VARIABLE_ASSIGNMENT|[16]|i|5
11:58:08.366 (366377585)|CUMULATIVE_LIMIT_USAGE
11:58:08.366 (366377585)|LIMIT_USAGE_FOR_NS|(default)|
  Number of SOQL queries: 0 out of 100
  Number of query rows: 0 out of 50000
  Number of SOSL queries: 0 out of 20
  Number of DML statements: 2 out of 150
  Number of DML rows: 2 out of 10000
  Maximum CPU time: 19 out of 10000
  Maximum heap size: 0 out of 6000000
  Number of callouts: 0 out of 100
  Number of Email Invocations: 0 out of 10
  Number of future calls: 0 out of 50
  Number of queueable jobs added to the queue: 0 out of 50
  Number of Mobile Apex push calls: 0 out of 10

11:58:08.366 (366377585)|CUMULATIVE_LIMIT_USAGE_END

11:58:08.0 (367473776)|CODE_UNIT_FINISHED|CheckSecretInformation on Case trigger event AfterInsert for [50041000003lnbd]
11:58:08.0 (368493737)|EXECUTION_FINISHED
11:58:08.370 (370336258)|USER_INFO|[EXTERNAL]|00541000001IQl9|wjw@stuff.com|Pacific Standard Time|GMT-08:00
11:58:08.370 (370357002)|EXECUTION_STARTED
11:58:08.370 (370361510)|CODE_UNIT_STARTED|[EXTERNAL]|Workflow:Case
11:58:08.370 (389373400)|WF_RULE_EVAL_BEGIN|Assignment
11:58:08.370 (389385552)|WF_SPOOL_ACTION_BEGIN|Assignment
11:58:08.370 (389389284)|WF_ACTION|.
11:58:08.370 (389391662)|WF_RULE_EVAL_END
11:58:08.370 (389396016)|WF_RULE_EVAL_BEGIN|Escalation
11:58:08.370 (389400458)|WF_SPOOL_ACTION_BEGIN|Escalation
11:58:08.370 (389401887)|WF_ACTION|.
11:58:08.370 (389402975)|WF_RULE_EVAL_END
11:58:08.370 (389449561)|WF_ACTIONS_END| None
11:58:08.370 (389457590)|CODE_UNIT_FINISHED|Workflow:Case
11:58:08.370 (390589906)|EXECUTION_FINISHED
