36.0 APEX_CODE,FINEST;APEX_PROFILING,INFO;CALLOUT,INFO;DB,INFO;SYSTEM,DEBUG;VALIDATION,INFO;VISUALFORCE,INFO;WORKFLOW,INFO
12:43:45.0 (947388)|USER_INFO|[EXTERNAL]|00541000001IQl9|wjw@stuff.com|Pacific Standard Time|GMT-08:00
12:43:45.0 (990094)|EXECUTION_STARTED
12:43:45.0 (995234)|CODE_UNIT_STARTED|[EXTERNAL]|01p4100000EPmyd|LeadingCompetitorTest.createOppWithCompetitors
12:43:45.0 (1162034)|HEAP_ALLOCATE|[72]|Bytes:3
12:43:45.0 (1210634)|HEAP_ALLOCATE|[77]|Bytes:152
12:43:45.0 (1224631)|HEAP_ALLOCATE|[342]|Bytes:408
12:43:45.0 (1245044)|HEAP_ALLOCATE|[355]|Bytes:408
12:43:45.0 (1265248)|HEAP_ALLOCATE|[467]|Bytes:48
12:43:45.0 (1292798)|HEAP_ALLOCATE|[139]|Bytes:6
12:43:45.0 (1309692)|HEAP_ALLOCATE|[EXTERNAL]|Bytes:31
12:43:45.0 (1353699)|METHOD_ENTRY|[2]|01p4100000EPmyd|LeadingCompetitorTest.LeadingCompetitorTest()
12:43:45.0 (1357724)|STATEMENT_EXECUTE|[2]
12:43:45.0 (1362355)|STATEMENT_EXECUTE|[2]
12:43:45.0 (1367225)|METHOD_EXIT|[2]|LeadingCompetitorTest
12:43:45.0 (1403782)|HEAP_ALLOCATE|[50]|Bytes:5
12:43:45.0 (1421501)|HEAP_ALLOCATE|[56]|Bytes:5
12:43:45.0 (1431542)|HEAP_ALLOCATE|[64]|Bytes:7
12:43:45.0 (1465679)|STATEMENT_EXECUTE|[4]
12:43:45.0 (1467756)|STATEMENT_EXECUTE|[6]
12:43:45.0 (1505827)|HEAP_ALLOCATE|[6]|Bytes:4
12:43:45.0 (1600518)|VARIABLE_SCOPE_BEGIN|[6]|opp|Opportunity|true|false
12:43:45.0 (1800882)|VARIABLE_ASSIGNMENT|[6]|opp|{}|0x147a42
12:43:45.0 (1804606)|STATEMENT_EXECUTE|[7]
12:43:45.0 (1809063)|HEAP_ALLOCATE|[7]|Bytes:8
12:43:45.0 (1867595)|VARIABLE_ASSIGNMENT|[7]|this.Name|"Big Deal"|0x147a42
12:43:45.0 (1871291)|STATEMENT_EXECUTE|[8]
12:43:45.0 (1929941)|HEAP_ALLOCATE|[8]|Bytes:4
12:43:45.0 (2000738)|VARIABLE_ASSIGNMENT|[8]|this.CloseDate|"2016-12-29T00:00:00.000Z"|0x147a42
12:43:45.0 (2005536)|STATEMENT_EXECUTE|[9]
12:43:45.0 (2009692)|HEAP_ALLOCATE|[9]|Bytes:11
12:43:45.0 (2042143)|VARIABLE_ASSIGNMENT|[9]|this.StageName|"Prospecting"|0x147a42
12:43:45.0 (2045430)|STATEMENT_EXECUTE|[12]
12:43:45.0 (2072191)|HEAP_ALLOCATE|[12]|Bytes:28
12:43:45.0 (2115868)|VARIABLE_ASSIGNMENT|[12]|this.Competitor_1_Price__c|5000|0x147a42
12:43:45.0 (2121737)|STATEMENT_EXECUTE|[13]
12:43:45.0 (2135104)|HEAP_ALLOCATE|[13]|Bytes:28
12:43:45.0 (2177012)|VARIABLE_ASSIGNMENT|[13]|this.Competitor_2_Price__c|15000|0x147a42
12:43:45.0 (2180831)|STATEMENT_EXECUTE|[14]
12:43:45.0 (2190206)|HEAP_ALLOCATE|[14]|Bytes:28
12:43:45.0 (2235966)|VARIABLE_ASSIGNMENT|[14]|this.Competitor_3_Price__c|25000|0x147a42
12:43:45.0 (2242881)|STATEMENT_EXECUTE|[17]
12:43:45.0 (2249477)|HEAP_ALLOCATE|[17]|Bytes:7
12:43:45.0 (2299782)|VARIABLE_ASSIGNMENT|[17]|this.Competitor_1__c|"Aamazon"|0x147a42
12:43:45.0 (2303799)|STATEMENT_EXECUTE|[18]
12:43:45.0 (2308126)|HEAP_ALLOCATE|[18]|Bytes:6
12:43:45.0 (2339139)|VARIABLE_ASSIGNMENT|[18]|this.Competitor_2__c|"Google"|0x147a42
12:43:45.0 (2342435)|STATEMENT_EXECUTE|[19]
12:43:45.0 (2346283)|HEAP_ALLOCATE|[19]|Bytes:9
12:43:45.0 (2374732)|VARIABLE_ASSIGNMENT|[19]|this.Competitor_3__c|"Microsoft"|0x147a42
12:43:45.0 (2377902)|STATEMENT_EXECUTE|[21]
12:43:45.0 (2405653)|HEAP_ALLOCATE|[21]|Bytes:8
12:43:45.0 (2414045)|DML_BEGIN|[21]|Op:Insert|Type:Opportunity|Rows:1
12:43:45.0 (2436008)|HEAP_ALLOCATE|[EXTERNAL]|Bytes:8
12:43:45.0 (35391164)|DML_END|[21]
12:43:45.0 (35524797)|VF_PAGE_MESSAGE|Competitor 1: bad value for restricted picklist field: Aamazon
12:43:45.0 (35593415)|EXCEPTION_THROWN|[21]|System.DmlException: Insert failed. First exception on row 0; first error: INVALID_OR_NULL_FOR_RESTRICTED_PICKLIST, Competitor 1: bad value for restricted picklist field: Aamazon: [Competitor_1__c]
12:43:45.0 (35928138)|HEAP_ALLOCATE|[21]|Bytes:180
12:43:45.0 (36115673)|FATAL_ERROR|System.DmlException: Insert failed. First exception on row 0; first error: INVALID_OR_NULL_FOR_RESTRICTED_PICKLIST, Competitor 1: bad value for restricted picklist field: Aamazon: [Competitor_1__c]

Class.LeadingCompetitorTest.createOppWithCompetitors: line 21, column 1
12:43:45.0 (36129688)|FATAL_ERROR|System.DmlException: Insert failed. First exception on row 0; first error: INVALID_OR_NULL_FOR_RESTRICTED_PICKLIST, Competitor 1: bad value for restricted picklist field: Aamazon: [Competitor_1__c]

Class.LeadingCompetitorTest.createOppWithCompetitors: line 21, column 1
12:43:45.36 (36139539)|CUMULATIVE_LIMIT_USAGE
12:43:45.36 (36139539)|LIMIT_USAGE_FOR_NS|(default)|
  Number of SOQL queries: 0 out of 100
  Number of query rows: 0 out of 50000
  Number of SOSL queries: 0 out of 20
  Number of DML statements: 1 out of 150
  Number of DML rows: 1 out of 10000
  Maximum CPU time: 0 out of 10000
  Maximum heap size: 0 out of 6000000
  Number of callouts: 0 out of 100
  Number of Email Invocations: 0 out of 10
  Number of future calls: 0 out of 50
  Number of queueable jobs added to the queue: 0 out of 50
  Number of Mobile Apex push calls: 0 out of 10

12:43:45.36 (36139539)|CUMULATIVE_LIMIT_USAGE_END

12:43:45.0 (36174809)|CODE_UNIT_FINISHED|LeadingCompetitorTest.createOppWithCompetitors
12:43:45.0 (37629099)|EXECUTION_FINISHED
