36.0 APEX_CODE,FINEST;APEX_PROFILING,INFO;CALLOUT,INFO;DB,INFO;SYSTEM,DEBUG;VALIDATION,INFO;VISUALFORCE,INFO;WORKFLOW,INFO
13:23:22.0 (371573)|USER_INFO|[EXTERNAL]|00541000001IQl9|wjw@stuff.com|Pacific Standard Time|GMT-08:00
13:23:22.0 (403280)|EXECUTION_STARTED
13:23:22.0 (408979)|CODE_UNIT_STARTED|[EXTERNAL]|TRIGGERS
13:23:22.0 (449651)|CODE_UNIT_STARTED|[EXTERNAL]|01q410000019qlZ|WarrantySummary on Case trigger event BeforeInsert for [new]
13:23:22.0 (518568)|HEAP_ALLOCATE|[EXTERNAL]|Bytes:8
13:23:22.0 (951650)|HEAP_ALLOCATE|[72]|Bytes:3
13:23:22.0 (1021356)|HEAP_ALLOCATE|[77]|Bytes:152
13:23:22.0 (1051196)|HEAP_ALLOCATE|[342]|Bytes:408
13:23:22.0 (1072381)|HEAP_ALLOCATE|[355]|Bytes:408
13:23:22.0 (1093324)|HEAP_ALLOCATE|[467]|Bytes:48
13:23:22.0 (1140751)|HEAP_ALLOCATE|[139]|Bytes:6
13:23:22.0 (1231385)|HEAP_ALLOCATE|[EXTERNAL]|Bytes:8
13:23:22.0 (1243093)|VARIABLE_SCOPE_BEGIN|[1]|this|WarrantySummary|true|false
13:23:22.0 (1319852)|VARIABLE_ASSIGNMENT|[1]|this|{}|0x7db97aa2
13:23:22.0 (1368292)|HEAP_ALLOCATE|[EXTERNAL]|Bytes:8
13:23:22.0 (1376017)|VARIABLE_SCOPE_BEGIN|[1]|this|WarrantySummary|true|false
13:23:22.0 (1389803)|VARIABLE_ASSIGNMENT|[1]|this|{}|0x7db97aa2
13:23:22.0 (1397120)|STATEMENT_EXECUTE|[1]
13:23:22.0 (1399282)|STATEMENT_EXECUTE|[3]
13:23:22.0 (1403656)|HEAP_ALLOCATE|[3]|Bytes:16
13:23:22.0 (1439830)|HEAP_ALLOCATE|[50]|Bytes:5
13:23:22.0 (1469254)|HEAP_ALLOCATE|[56]|Bytes:5
13:23:22.0 (1478574)|HEAP_ALLOCATE|[64]|Bytes:7
13:23:22.0 (1544288)|VARIABLE_ASSIGNMENT|[3]|this.endingStatement|"Have a nice day!"|0x7db97aa2
13:23:22.0 (2076358)|HEAP_ALLOCATE|[5]|Bytes:5
13:23:22.0 (2172898)|HEAP_ALLOCATE|[5]|Bytes:4
13:23:22.0 (2188367)|VARIABLE_SCOPE_BEGIN|[5]|myCase|Case|true|false
13:23:22.0 (3311545)|VARIABLE_ASSIGNMENT|[5]|myCase|{"Origin":"Phone","Status":"New","IsDeleted":false,"Description":"stuff","IsEscalated":false,"OwnerId":"00541000001IQl9AAG","Priority":"Medium","IsClosedOnCreate":false,"Product_Has_Extended (12 more) ...":false,"IsClosed":false}|0x302a4395
13:23:22.0 (3319706)|STATEMENT_EXECUTE|[5]
13:23:22.0 (3348447)|STATEMENT_EXECUTE|[7]
13:23:22.0 (3363629)|HEAP_ALLOCATE|[5]|Bytes:5
13:23:22.0 (3379607)|VARIABLE_ASSIGNMENT|[5]|myCase|null|
13:23:22.3 (3388496)|CUMULATIVE_LIMIT_USAGE
13:23:22.3 (3388496)|LIMIT_USAGE_FOR_NS|(default)|
  Number of SOQL queries: 0 out of 100
  Number of query rows: 0 out of 50000
  Number of SOSL queries: 0 out of 20
  Number of DML statements: 0 out of 150
  Number of DML rows: 0 out of 10000
  Maximum CPU time: 0 out of 10000
  Maximum heap size: 0 out of 6000000
  Number of callouts: 0 out of 100
  Number of Email Invocations: 0 out of 10
  Number of future calls: 0 out of 50
  Number of queueable jobs added to the queue: 0 out of 50
  Number of Mobile Apex push calls: 0 out of 10

13:23:22.3 (3388496)|CUMULATIVE_LIMIT_USAGE_END

13:23:22.0 (4608667)|CODE_UNIT_FINISHED|WarrantySummary on Case trigger event BeforeInsert for [new]
13:23:22.0 (80184147)|CODE_UNIT_STARTED|[EXTERNAL]|01q410000019tMZ|CheckSecretInformation on Case trigger event AfterInsert for [50041000003lnqB]
13:23:22.0 (80225949)|HEAP_ALLOCATE|[EXTERNAL]|Bytes:8
13:23:22.0 (80404973)|HEAP_ALLOCATE|[EXTERNAL]|Bytes:2
13:23:22.0 (80448984)|HEAP_ALLOCATE|[EXTERNAL]|Bytes:20
13:23:22.0 (80460627)|VARIABLE_SCOPE_BEGIN|[1]|this|CheckSecretInformation|true|false
13:23:22.0 (80515986)|VARIABLE_ASSIGNMENT|[1]|this|{}|0x5708f7cf
13:23:22.0 (80571314)|HEAP_ALLOCATE|[EXTERNAL]|Bytes:20
13:23:22.0 (80579976)|VARIABLE_SCOPE_BEGIN|[1]|this|CheckSecretInformation|true|false
13:23:22.0 (80594284)|VARIABLE_ASSIGNMENT|[1]|this|{}|0x5708f7cf
13:23:22.0 (80601075)|STATEMENT_EXECUTE|[1]
13:23:22.0 (80603155)|STATEMENT_EXECUTE|[3]
13:23:22.0 (80607942)|HEAP_ALLOCATE|[3]|Bytes:44
13:23:22.0 (80659817)|VARIABLE_ASSIGNMENT|[3]|this.childCasesSubject|"Warning: Parent case (24 more) ..."|0x5708f7cf
13:23:22.0 (80663235)|STATEMENT_EXECUTE|[6]
13:23:22.0 (80672850)|HEAP_ALLOCATE|[6]|Bytes:4
13:23:22.0 (80783307)|VARIABLE_ASSIGNMENT|[6]|this.secretKeywords|{"s":1,"v":[]}|0x5708f7cf
13:23:22.0 (80787415)|STATEMENT_EXECUTE|[7]
13:23:22.0 (80799690)|HEAP_ALLOCATE|[7]|Bytes:11
13:23:22.0 (80837320)|HEAP_ALLOCATE|[EXTERNAL]|Bytes:4
13:23:22.0 (80847928)|STATEMENT_EXECUTE|[8]
13:23:22.0 (80859790)|HEAP_ALLOCATE|[8]|Bytes:15
13:23:22.0 (80882067)|HEAP_ALLOCATE|[EXTERNAL]|Bytes:4
13:23:22.0 (80888966)|STATEMENT_EXECUTE|[9]
13:23:22.0 (80897731)|HEAP_ALLOCATE|[9]|Bytes:3
13:23:22.0 (80915661)|HEAP_ALLOCATE|[EXTERNAL]|Bytes:4
13:23:22.0 (80921873)|STATEMENT_EXECUTE|[10]
13:23:22.0 (80929942)|HEAP_ALLOCATE|[10]|Bytes:8
13:23:22.0 (80947602)|HEAP_ALLOCATE|[EXTERNAL]|Bytes:4
13:23:22.0 (80953584)|STATEMENT_EXECUTE|[11]
13:23:22.0 (80961368)|HEAP_ALLOCATE|[11]|Bytes:10
13:23:22.0 (80978705)|HEAP_ALLOCATE|[EXTERNAL]|Bytes:4
13:23:22.0 (80985017)|STATEMENT_EXECUTE|[14]
13:23:22.0 (80991955)|HEAP_ALLOCATE|[14]|Bytes:4
13:23:22.0 (81026189)|HEAP_ALLOCATE|[EXTERNAL]|Bytes:4
13:23:22.0 (81039999)|VARIABLE_ASSIGNMENT|[14]|this.casesWithSecretInfo|{"s":1,"v":[]}|0x5708f7cf
13:23:22.0 (81109002)|HEAP_ALLOCATE|[15]|Bytes:5
13:23:22.0 (81140333)|VARIABLE_SCOPE_BEGIN|[15]|myCase|Case|true|false
13:23:22.0 (81626731)|VARIABLE_ASSIGNMENT|[15]|myCase|{"Origin":"Phone","Status":"New","LastModifiedDate":"2016-12-29T21:23:22.000Z","IsDeleted":false,"Description":"stuff","Priority":"Medium","Product_Has_Extended (12 more) ...":false,"IsClosed":false,"SystemModstamp":"2016-12-29T21:23:22.000Z","BusinessHoursId":"01m41000000XnfnAAC","CreatedById":"00541000001IQl9AAG","IsEscalated":false,"OwnerId":"00541000001IQl9AAG","CreatedDate":"2016-12-29T21:23:22.000Z","IsClosedOnCreate":false,"CaseNumber":"00001104","Id":"50041000003lnqBAAQ","LastModifiedById":"00541000001IQl9AAG"}|0x76675a20
13:23:22.0 (81634695)|STATEMENT_EXECUTE|[15]
13:23:22.0 (81665540)|STATEMENT_EXECUTE|[16]
13:23:22.0 (81675169)|HEAP_ALLOCATE|[17]|Bytes:4
13:23:22.0 (81718343)|HEAP_ALLOCATE|[17]|Bytes:20
13:23:22.0 (81743638)|HEAP_ALLOCATE|[17]|Bytes:5
13:23:22.0 (81757110)|VARIABLE_SCOPE_BEGIN|[17]|keyword|String|false|false
13:23:22.0 (81764510)|VARIABLE_ASSIGNMENT|[17]|keyword|"Credit Card"
13:23:22.0 (81767126)|STATEMENT_EXECUTE|[17]
13:23:22.0 (81858033)|STATEMENT_EXECUTE|[18]
13:23:22.0 (81870235)|HEAP_ALLOCATE|[17]|Bytes:5
13:23:22.0 (81881327)|VARIABLE_SCOPE_BEGIN|[17]|keyword|String|false|false
13:23:22.0 (81888407)|VARIABLE_ASSIGNMENT|[17]|keyword|"Social Security"
13:23:22.0 (81890842)|STATEMENT_EXECUTE|[17]
13:23:22.0 (81912022)|STATEMENT_EXECUTE|[18]
13:23:22.0 (81920462)|HEAP_ALLOCATE|[17]|Bytes:5
13:23:22.0 (81930288)|VARIABLE_SCOPE_BEGIN|[17]|keyword|String|false|false
13:23:22.0 (81935706)|VARIABLE_ASSIGNMENT|[17]|keyword|"SSN"
13:23:22.0 (81937679)|STATEMENT_EXECUTE|[17]
13:23:22.0 (81956812)|STATEMENT_EXECUTE|[18]
13:23:22.0 (81964651)|HEAP_ALLOCATE|[17]|Bytes:5
13:23:22.0 (81973935)|VARIABLE_SCOPE_BEGIN|[17]|keyword|String|false|false
13:23:22.0 (81979403)|VARIABLE_ASSIGNMENT|[17]|keyword|"Passport"
13:23:22.0 (81981383)|STATEMENT_EXECUTE|[17]
13:23:22.0 (81999595)|STATEMENT_EXECUTE|[18]
13:23:22.0 (82007397)|HEAP_ALLOCATE|[17]|Bytes:5
13:23:22.0 (82017578)|VARIABLE_SCOPE_BEGIN|[17]|keyword|String|false|false
13:23:22.0 (82022915)|VARIABLE_ASSIGNMENT|[17]|keyword|"Bodyweight"
13:23:22.0 (82024968)|STATEMENT_EXECUTE|[17]
13:23:22.0 (82043564)|STATEMENT_EXECUTE|[18]
13:23:22.0 (82051451)|HEAP_ALLOCATE|[17]|Bytes:5
13:23:22.0 (82062499)|VARIABLE_ASSIGNMENT|[17]|keyword|null
13:23:22.0 (82071039)|HEAP_ALLOCATE|[15]|Bytes:5
13:23:22.0 (82080090)|VARIABLE_ASSIGNMENT|[15]|myCase|null|
13:23:22.0 (82082339)|STATEMENT_EXECUTE|[28]
13:23:22.0 (82086117)|HEAP_ALLOCATE|[28]|Bytes:4
13:23:22.0 (82112197)|HEAP_ALLOCATE|[EXTERNAL]|Bytes:4
13:23:22.0 (82123711)|VARIABLE_ASSIGNMENT|[28]|this.casesToCreate|{"s":1,"v":[]}|0x5708f7cf
13:23:22.0 (82158024)|HEAP_ALLOCATE|[29]|Bytes:5
13:23:22.0 (82170083)|VARIABLE_ASSIGNMENT|[29]|caseWithSecretInfo|null|
13:23:22.0 (82173032)|STATEMENT_EXECUTE|[29]
13:23:22.0 (82174233)|STATEMENT_EXECUTE|[38]
13:23:22.0 (82315924)|HEAP_ALLOCATE|[EXTERNAL]|Bytes:4
13:23:22.82 (82329021)|CUMULATIVE_LIMIT_USAGE
13:23:22.82 (82329021)|LIMIT_USAGE_FOR_NS|(default)|
  Number of SOQL queries: 0 out of 100
  Number of query rows: 0 out of 50000
  Number of SOSL queries: 0 out of 20
  Number of DML statements: 0 out of 150
  Number of DML rows: 0 out of 10000
  Maximum CPU time: 0 out of 10000
  Maximum heap size: 0 out of 6000000
  Number of callouts: 0 out of 100
  Number of Email Invocations: 0 out of 10
  Number of future calls: 0 out of 50
  Number of queueable jobs added to the queue: 0 out of 50
  Number of Mobile Apex push calls: 0 out of 10

13:23:22.82 (82329021)|CUMULATIVE_LIMIT_USAGE_END

13:23:22.0 (83369747)|CODE_UNIT_FINISHED|CheckSecretInformation on Case trigger event AfterInsert for [50041000003lnqB]
13:23:22.0 (84183590)|CODE_UNIT_STARTED|[EXTERNAL]|Workflow:Case
13:23:22.0 (93992546)|WF_RULE_EVAL_BEGIN|Assignment
13:23:22.0 (94011285)|WF_SPOOL_ACTION_BEGIN|Assignment
13:23:22.0 (94017582)|WF_ACTION|.
13:23:22.0 (94021257)|WF_RULE_EVAL_END
13:23:22.0 (94027814)|WF_RULE_EVAL_BEGIN|Escalation
13:23:22.0 (94033278)|WF_SPOOL_ACTION_BEGIN|Escalation
13:23:22.0 (94034940)|WF_ACTION|.
13:23:22.0 (94036048)|WF_RULE_EVAL_END
13:23:22.0 (94079210)|WF_ACTIONS_END| None
13:23:22.0 (94090080)|CODE_UNIT_FINISHED|Workflow:Case
13:23:22.0 (188532133)|CODE_UNIT_FINISHED|TRIGGERS
13:23:22.0 (188551626)|EXECUTION_FINISHED
