36.0 APEX_CODE,FINEST;APEX_PROFILING,INFO;CALLOUT,INFO;DB,INFO;SYSTEM,DEBUG;VALIDATION,INFO;VISUALFORCE,INFO;WORKFLOW,INFO
08:37:26.0 (406961)|USER_INFO|[EXTERNAL]|00541000001IQl9|wjw@stuff.com|Pacific Standard Time|GMT-08:00
08:37:26.0 (435023)|EXECUTION_STARTED
08:37:26.0 (440615)|CODE_UNIT_STARTED|[EXTERNAL]|TRIGGERS
08:37:26.0 (474502)|CODE_UNIT_STARTED|[EXTERNAL]|01q410000019tMZ|CheckSecretInformation on Case trigger event BeforeUpdate for [50041000003lmnG]
08:37:26.0 (540988)|HEAP_ALLOCATE|[EXTERNAL]|Bytes:8
08:37:26.0 (690320)|HEAP_ALLOCATE|[EXTERNAL]|Bytes:8
08:37:26.0 (1118557)|HEAP_ALLOCATE|[72]|Bytes:3
08:37:26.0 (1169743)|HEAP_ALLOCATE|[77]|Bytes:152
08:37:26.0 (1187818)|HEAP_ALLOCATE|[342]|Bytes:408
08:37:26.0 (1204418)|HEAP_ALLOCATE|[355]|Bytes:408
08:37:26.0 (1223760)|HEAP_ALLOCATE|[467]|Bytes:48
08:37:26.0 (1258790)|HEAP_ALLOCATE|[139]|Bytes:6
08:37:26.0 (1276479)|HEAP_ALLOCATE|[EXTERNAL]|Bytes:2
08:37:26.0 (1406904)|HEAP_ALLOCATE|[EXTERNAL]|Bytes:12
08:37:26.0 (1418961)|VARIABLE_SCOPE_BEGIN|[1]|this|CheckSecretInformation|true|false
08:37:26.0 (1481396)|VARIABLE_ASSIGNMENT|[1]|this|{}|0x2d5f7f23
08:37:26.0 (1530747)|HEAP_ALLOCATE|[EXTERNAL]|Bytes:12
08:37:26.0 (1538757)|VARIABLE_SCOPE_BEGIN|[1]|this|CheckSecretInformation|true|false
08:37:26.0 (1552445)|VARIABLE_ASSIGNMENT|[1]|this|{}|0x2d5f7f23
08:37:26.0 (1558970)|STATEMENT_EXECUTE|[1]
08:37:26.0 (1560715)|STATEMENT_EXECUTE|[4]
08:37:26.0 (1572876)|HEAP_ALLOCATE|[4]|Bytes:4
08:37:26.0 (1652337)|HEAP_ALLOCATE|[50]|Bytes:5
08:37:26.0 (1681251)|HEAP_ALLOCATE|[56]|Bytes:5
08:37:26.0 (1690247)|HEAP_ALLOCATE|[64]|Bytes:7
08:37:26.0 (1763262)|VARIABLE_ASSIGNMENT|[4]|this.secretKeywords|{"s":1,"v":[]}|0x2d5f7f23
08:37:26.0 (1767466)|STATEMENT_EXECUTE|[5]
08:37:26.0 (1781182)|HEAP_ALLOCATE|[5]|Bytes:11
08:37:26.0 (1819595)|HEAP_ALLOCATE|[EXTERNAL]|Bytes:4
08:37:26.0 (1830166)|STATEMENT_EXECUTE|[6]
08:37:26.0 (1840888)|HEAP_ALLOCATE|[6]|Bytes:15
08:37:26.0 (1862538)|HEAP_ALLOCATE|[EXTERNAL]|Bytes:4
08:37:26.0 (1869561)|STATEMENT_EXECUTE|[7]
08:37:26.0 (1879293)|HEAP_ALLOCATE|[7]|Bytes:3
08:37:26.0 (1899168)|HEAP_ALLOCATE|[EXTERNAL]|Bytes:4
08:37:26.0 (1905924)|STATEMENT_EXECUTE|[8]
08:37:26.0 (1915738)|HEAP_ALLOCATE|[8]|Bytes:8
08:37:26.0 (1935109)|HEAP_ALLOCATE|[EXTERNAL]|Bytes:4
08:37:26.0 (1941750)|STATEMENT_EXECUTE|[9]
08:37:26.0 (1951335)|HEAP_ALLOCATE|[9]|Bytes:10
08:37:26.0 (1970679)|HEAP_ALLOCATE|[EXTERNAL]|Bytes:4
08:37:26.0 (1977378)|STATEMENT_EXECUTE|[12]
08:37:26.0 (1985031)|HEAP_ALLOCATE|[12]|Bytes:4
08:37:26.0 (2053525)|HEAP_ALLOCATE|[EXTERNAL]|Bytes:4
08:37:26.0 (2068079)|VARIABLE_ASSIGNMENT|[12]|this.casesWithSecretInfo|{"s":1,"v":[]}|0x2d5f7f23
08:37:26.0 (2270554)|HEAP_ALLOCATE|[13]|Bytes:5
08:37:26.0 (2315594)|HEAP_ALLOCATE|[13]|Bytes:4
08:37:26.0 (2327700)|VARIABLE_SCOPE_BEGIN|[13]|myCase|Case|true|false
08:37:26.0 (2984929)|VARIABLE_ASSIGNMENT|[13]|myCase|{"Origin":"Phone","Status":"New","LastModifiedDate":"2016-12-29T16:36:44.000Z","IsDeleted":false,"Description":"BODYWEIGHT!","Priority":"Medium","Product_Has_Extended (12 more) ...":false,"IsClosed":false,"SystemModstamp":"2016-12-29T16:36:44.000Z","BusinessHoursId":"01m41000000XnfnAAC","CreatedById":"00541000001IQl9AAG","IsEscalated":false,"OwnerId":"00541000001IQl9AAG","CreatedDate":"2016-12-29T16:31:31.000Z","IsClosedOnCreate":false,"CaseNumber":"00001030","Id":"50041000003lmnGAAQ","LastModifiedById":"00541000001IQl9AAG"}|0x6259aa74
08:37:26.0 (2994032)|STATEMENT_EXECUTE|[13]
08:37:26.0 (3003255)|HEAP_ALLOCATE|[14]|Bytes:4
08:37:26.0 (3046527)|HEAP_ALLOCATE|[14]|Bytes:20
08:37:26.0 (3072463)|HEAP_ALLOCATE|[14]|Bytes:5
08:37:26.0 (3086537)|VARIABLE_SCOPE_BEGIN|[14]|keyword|String|false|false
08:37:26.0 (3094320)|VARIABLE_ASSIGNMENT|[14]|keyword|"Credit Card"
08:37:26.0 (3097250)|STATEMENT_EXECUTE|[14]
08:37:26.0 (3181363)|STATEMENT_EXECUTE|[15]
08:37:26.0 (3193401)|HEAP_ALLOCATE|[14]|Bytes:5
08:37:26.0 (3204498)|VARIABLE_SCOPE_BEGIN|[14]|keyword|String|false|false
08:37:26.0 (3215229)|VARIABLE_ASSIGNMENT|[14]|keyword|"Social Security"
08:37:26.0 (3217740)|STATEMENT_EXECUTE|[14]
08:37:26.0 (3238677)|STATEMENT_EXECUTE|[15]
08:37:26.0 (3247886)|HEAP_ALLOCATE|[14]|Bytes:5
08:37:26.0 (3258094)|VARIABLE_SCOPE_BEGIN|[14]|keyword|String|false|false
08:37:26.0 (3264134)|VARIABLE_ASSIGNMENT|[14]|keyword|"SSN"
08:37:26.0 (3266295)|STATEMENT_EXECUTE|[14]
08:37:26.0 (3284743)|STATEMENT_EXECUTE|[15]
08:37:26.0 (3293124)|HEAP_ALLOCATE|[14]|Bytes:5
08:37:26.0 (3302790)|VARIABLE_SCOPE_BEGIN|[14]|keyword|String|false|false
08:37:26.0 (3308292)|VARIABLE_ASSIGNMENT|[14]|keyword|"Passport"
08:37:26.0 (3310643)|STATEMENT_EXECUTE|[14]
08:37:26.0 (3328665)|STATEMENT_EXECUTE|[15]
08:37:26.0 (3337144)|HEAP_ALLOCATE|[14]|Bytes:5
08:37:26.0 (3346600)|VARIABLE_SCOPE_BEGIN|[14]|keyword|String|false|false
08:37:26.0 (3351948)|VARIABLE_ASSIGNMENT|[14]|keyword|"Bodyweight"
08:37:26.0 (3354058)|STATEMENT_EXECUTE|[14]
08:37:26.0 (3374435)|STATEMENT_EXECUTE|[15]
08:37:26.0 (3384133)|HEAP_ALLOCATE|[14]|Bytes:5
08:37:26.0 (3395218)|VARIABLE_ASSIGNMENT|[14]|keyword|null
08:37:26.0 (3404059)|HEAP_ALLOCATE|[13]|Bytes:5
08:37:26.0 (3415781)|VARIABLE_ASSIGNMENT|[13]|myCase|null|
08:37:26.0 (3455386)|HEAP_ALLOCATE|[24]|Bytes:5
08:37:26.0 (3467384)|VARIABLE_ASSIGNMENT|[24]|caseWithSecretInfo|null|
08:37:26.0 (3470711)|STATEMENT_EXECUTE|[24]
08:37:26.3 (3477942)|CUMULATIVE_LIMIT_USAGE
08:37:26.3 (3477942)|LIMIT_USAGE_FOR_NS|(default)|
  Number of SOQL queries: 0 out of 100
  Number of query rows: 0 out of 50000
  Number of SOSL queries: 0 out of 20
  Number of DML statements: 0 out of 150
  Number of DML rows: 0 out of 10000
  Maximum CPU time: 0 out of 10000
  Maximum heap size: 0 out of 6000000
  Number of callouts: 0 out of 100
  Number of Email Invocations: 0 out of 10
  Number of future calls: 0 out of 50
  Number of queueable jobs added to the queue: 0 out of 50
  Number of Mobile Apex push calls: 0 out of 10

08:37:26.3 (3477942)|CUMULATIVE_LIMIT_USAGE_END

08:37:26.0 (4715042)|CODE_UNIT_FINISHED|CheckSecretInformation on Case trigger event BeforeUpdate for [50041000003lmnG]
08:37:26.0 (29762129)|CODE_UNIT_STARTED|[EXTERNAL]|Workflow:Case
08:37:26.0 (43582388)|WF_RULE_EVAL_BEGIN|Assignment
08:37:26.0 (43596947)|WF_SPOOL_ACTION_BEGIN|Assignment
08:37:26.0 (43600731)|WF_ACTION|.
08:37:26.0 (43603293)|WF_RULE_EVAL_END
08:37:26.0 (43607831)|WF_RULE_EVAL_BEGIN|Escalation
08:37:26.0 (43613198)|WF_SPOOL_ACTION_BEGIN|Escalation
08:37:26.0 (43614716)|WF_ACTION|.
08:37:26.0 (43615804)|WF_RULE_EVAL_END
08:37:26.0 (43660042)|WF_ACTIONS_END| None
08:37:26.0 (43669585)|CODE_UNIT_FINISHED|Workflow:Case
08:37:26.0 (52489458)|CODE_UNIT_FINISHED|TRIGGERS
08:37:26.0 (52501098)|EXECUTION_FINISHED
