36.0 APEX_CODE,FINEST;APEX_PROFILING,INFO;CALLOUT,INFO;DB,INFO;SYSTEM,DEBUG;VALIDATION,INFO;VISUALFORCE,INFO;WORKFLOW,INFO
11:26:26.0 (520873)|USER_INFO|[EXTERNAL]|00541000001IQl9|wjw@stuff.com|Pacific Standard Time|GMT-08:00
11:26:26.0 (552841)|EXECUTION_STARTED
11:26:26.0 (559183)|CODE_UNIT_STARTED|[EXTERNAL]|01q410000019tMZ|CheckSecretInformation on Case trigger event AfterInsert for [50041000003lnW8]
11:26:26.0 (622107)|HEAP_ALLOCATE|[EXTERNAL]|Bytes:8
11:26:26.0 (1133131)|HEAP_ALLOCATE|[72]|Bytes:3
11:26:26.0 (1178327)|HEAP_ALLOCATE|[77]|Bytes:152
11:26:26.0 (1197676)|HEAP_ALLOCATE|[342]|Bytes:408
11:26:26.0 (1217676)|HEAP_ALLOCATE|[355]|Bytes:408
11:26:26.0 (1237075)|HEAP_ALLOCATE|[467]|Bytes:48
11:26:26.0 (1268371)|HEAP_ALLOCATE|[139]|Bytes:6
11:26:26.0 (1285641)|HEAP_ALLOCATE|[EXTERNAL]|Bytes:2
11:26:26.0 (1410301)|HEAP_ALLOCATE|[EXTERNAL]|Bytes:24
11:26:26.0 (1419524)|VARIABLE_SCOPE_BEGIN|[1]|this|CheckSecretInformation|true|false
11:26:26.0 (1481599)|VARIABLE_ASSIGNMENT|[1]|this|{}|0x21140e5c
11:26:26.0 (1531376)|HEAP_ALLOCATE|[EXTERNAL]|Bytes:24
11:26:26.0 (1538863)|VARIABLE_SCOPE_BEGIN|[1]|this|CheckSecretInformation|true|false
11:26:26.0 (1553427)|VARIABLE_ASSIGNMENT|[1]|this|{}|0x21140e5c
11:26:26.0 (1559128)|STATEMENT_EXECUTE|[1]
11:26:26.0 (1560918)|STATEMENT_EXECUTE|[3]
11:26:26.0 (1564399)|HEAP_ALLOCATE|[3]|Bytes:44
11:26:26.0 (1596917)|HEAP_ALLOCATE|[50]|Bytes:5
11:26:26.0 (1620221)|HEAP_ALLOCATE|[56]|Bytes:5
11:26:26.0 (1628726)|HEAP_ALLOCATE|[64]|Bytes:7
11:26:26.0 (1677949)|VARIABLE_ASSIGNMENT|[3]|this.childCasesSubject|"Warning: Parent case (24 more) ..."|0x21140e5c
11:26:26.0 (1681358)|STATEMENT_EXECUTE|[6]
11:26:26.0 (1685400)|HEAP_ALLOCATE|[6]|Bytes:4
11:26:26.0 (1756097)|HEAP_ALLOCATE|[EXTERNAL]|Bytes:4
11:26:26.0 (1779010)|VARIABLE_ASSIGNMENT|[6]|this.secretKeywords|{"s":1,"v":[]}|0x21140e5c
11:26:26.0 (1782255)|STATEMENT_EXECUTE|[7]
11:26:26.0 (1793844)|HEAP_ALLOCATE|[7]|Bytes:11
11:26:26.0 (1830147)|HEAP_ALLOCATE|[EXTERNAL]|Bytes:4
11:26:26.0 (1838951)|STATEMENT_EXECUTE|[8]
11:26:26.0 (1848716)|HEAP_ALLOCATE|[8]|Bytes:15
11:26:26.0 (1870448)|HEAP_ALLOCATE|[EXTERNAL]|Bytes:4
11:26:26.0 (1876796)|STATEMENT_EXECUTE|[9]
11:26:26.0 (1885663)|HEAP_ALLOCATE|[9]|Bytes:3
11:26:26.0 (1906016)|HEAP_ALLOCATE|[EXTERNAL]|Bytes:4
11:26:26.0 (1911824)|STATEMENT_EXECUTE|[10]
11:26:26.0 (1920659)|HEAP_ALLOCATE|[10]|Bytes:8
11:26:26.0 (1940900)|HEAP_ALLOCATE|[EXTERNAL]|Bytes:4
11:26:26.0 (1947138)|STATEMENT_EXECUTE|[11]
11:26:26.0 (1956389)|HEAP_ALLOCATE|[11]|Bytes:10
11:26:26.0 (1976712)|HEAP_ALLOCATE|[EXTERNAL]|Bytes:4
11:26:26.0 (1982838)|STATEMENT_EXECUTE|[14]
11:26:26.0 (1997050)|VARIABLE_ASSIGNMENT|[14]|this.keyword|null|0x21140e5c
11:26:26.0 (2000749)|STATEMENT_EXECUTE|[16]
11:26:26.0 (2007337)|VARIABLE_SCOPE_BEGIN|[16]|i|Integer|false|false
11:26:26.0 (2011704)|HEAP_ALLOCATE|[16]|Bytes:4
11:26:26.0 (2016848)|VARIABLE_ASSIGNMENT|[16]|i|0
11:26:26.0 (2047137)|STATEMENT_EXECUTE|[16]
11:26:26.0 (2049585)|STATEMENT_EXECUTE|[17]
11:26:26.0 (2081532)|HEAP_ALLOCATE|[17]|Bytes:11
11:26:26.0 (2101804)|VARIABLE_ASSIGNMENT|[17]|this.keyword|"Credit Card"|0x21140e5c
11:26:26.0 (2106476)|HEAP_ALLOCATE|[16]|Bytes:4
11:26:26.0 (2111276)|VARIABLE_ASSIGNMENT|[16]|i|1
11:26:26.0 (2125105)|STATEMENT_EXECUTE|[16]
11:26:26.0 (2126565)|STATEMENT_EXECUTE|[17]
11:26:26.0 (2133157)|HEAP_ALLOCATE|[17]|Bytes:15
11:26:26.0 (2144963)|VARIABLE_ASSIGNMENT|[17]|this.keyword|"Social Security"|0x21140e5c
11:26:26.0 (2147645)|HEAP_ALLOCATE|[16]|Bytes:4
11:26:26.0 (2151991)|VARIABLE_ASSIGNMENT|[16]|i|2
11:26:26.0 (2163014)|STATEMENT_EXECUTE|[16]
11:26:26.0 (2164368)|STATEMENT_EXECUTE|[17]
11:26:26.0 (2170767)|HEAP_ALLOCATE|[17]|Bytes:3
11:26:26.0 (2181315)|VARIABLE_ASSIGNMENT|[17]|this.keyword|"SSN"|0x21140e5c
11:26:26.0 (2183662)|HEAP_ALLOCATE|[16]|Bytes:4
11:26:26.0 (2187349)|VARIABLE_ASSIGNMENT|[16]|i|3
11:26:26.0 (2197661)|STATEMENT_EXECUTE|[16]
11:26:26.0 (2199011)|STATEMENT_EXECUTE|[17]
11:26:26.0 (2205116)|HEAP_ALLOCATE|[17]|Bytes:8
11:26:26.0 (2215415)|VARIABLE_ASSIGNMENT|[17]|this.keyword|"Passport"|0x21140e5c
11:26:26.0 (2217798)|HEAP_ALLOCATE|[16]|Bytes:4
11:26:26.0 (2221581)|VARIABLE_ASSIGNMENT|[16]|i|4
11:26:26.0 (2231897)|STATEMENT_EXECUTE|[16]
11:26:26.0 (2233279)|STATEMENT_EXECUTE|[17]
11:26:26.0 (2239338)|HEAP_ALLOCATE|[17]|Bytes:10
11:26:26.0 (2249855)|VARIABLE_ASSIGNMENT|[17]|this.keyword|"Bodyweight"|0x21140e5c
11:26:26.0 (2252245)|HEAP_ALLOCATE|[16]|Bytes:4
11:26:26.0 (2255791)|VARIABLE_ASSIGNMENT|[16]|i|5
11:26:26.0 (2266595)|STATEMENT_EXECUTE|[21]
11:26:26.0 (2271270)|HEAP_ALLOCATE|[21]|Bytes:4
11:26:26.0 (2342749)|HEAP_ALLOCATE|[EXTERNAL]|Bytes:4
11:26:26.0 (2355522)|VARIABLE_ASSIGNMENT|[21]|this.casesWithSecretInfo|{"s":1,"v":[]}|0x21140e5c
11:26:26.0 (2555226)|HEAP_ALLOCATE|[22]|Bytes:5
11:26:26.0 (2601002)|VARIABLE_SCOPE_BEGIN|[22]|myCase|Case|true|false
11:26:26.0 (3371930)|VARIABLE_ASSIGNMENT|[22]|myCase|{"Origin":"Phone","Status":"New","LastModifiedDate":"2016-12-29T19:26:26.000Z","IsDeleted":false,"Description":"Credit Card","Priority":"Medium","Product_Has_Extended (12 more) ...":false,"IsClosed":false,"SystemModstamp":"2016-12-29T19:26:26.000Z","BusinessHoursId":"01m41000000XnfnAAC","CreatedById":"00541000001IQl9AAG","IsEscalated":false,"OwnerId":"00541000001IQl9AAG","CreatedDate":"2016-12-29T19:26:26.000Z","IsClosedOnCreate":false,"CaseNumber":"00001080","Id":"50041000003lnW8AAI","LastModifiedById":"00541000001IQl9AAG"}|0x3098ab94
11:26:26.0 (3380800)|STATEMENT_EXECUTE|[22]
11:26:26.0 (3413752)|STATEMENT_EXECUTE|[23]
11:26:26.0 (3502776)|STATEMENT_EXECUTE|[25]
11:26:26.0 (3515040)|HEAP_ALLOCATE|[22]|Bytes:5
11:26:26.0 (3528507)|VARIABLE_ASSIGNMENT|[22]|myCase|null|
11:26:26.0 (3531297)|STATEMENT_EXECUTE|[35]
11:26:26.0 (3535460)|HEAP_ALLOCATE|[35]|Bytes:4
11:26:26.0 (3562615)|HEAP_ALLOCATE|[EXTERNAL]|Bytes:4
11:26:26.0 (3574431)|VARIABLE_ASSIGNMENT|[35]|this.casesToCreate|{"s":1,"v":[]}|0x21140e5c
11:26:26.0 (3609479)|HEAP_ALLOCATE|[36]|Bytes:5
11:26:26.0 (3622324)|VARIABLE_ASSIGNMENT|[36]|caseWithSecretInfo|null|
11:26:26.0 (3625271)|STATEMENT_EXECUTE|[36]
11:26:26.0 (3626434)|STATEMENT_EXECUTE|[45]
11:26:26.0 (3716512)|HEAP_ALLOCATE|[EXTERNAL]|Bytes:4
11:26:26.3 (3728356)|CUMULATIVE_LIMIT_USAGE
11:26:26.3 (3728356)|LIMIT_USAGE_FOR_NS|(default)|
  Number of SOQL queries: 0 out of 100
  Number of query rows: 0 out of 50000
  Number of SOSL queries: 0 out of 20
  Number of DML statements: 0 out of 150
  Number of DML rows: 0 out of 10000
  Maximum CPU time: 0 out of 10000
  Maximum heap size: 0 out of 6000000
  Number of callouts: 0 out of 100
  Number of Email Invocations: 0 out of 10
  Number of future calls: 0 out of 50
  Number of queueable jobs added to the queue: 0 out of 50
  Number of Mobile Apex push calls: 0 out of 10

11:26:26.3 (3728356)|CUMULATIVE_LIMIT_USAGE_END

11:26:26.0 (4890349)|CODE_UNIT_FINISHED|CheckSecretInformation on Case trigger event AfterInsert for [50041000003lnW8]
11:26:26.0 (5965815)|EXECUTION_FINISHED
11:26:26.8 (8512263)|USER_INFO|[EXTERNAL]|00541000001IQl9|wjw@stuff.com|Pacific Standard Time|GMT-08:00
11:26:26.8 (8519259)|EXECUTION_STARTED
11:26:26.8 (8522557)|CODE_UNIT_STARTED|[EXTERNAL]|Workflow:Case
11:26:26.8 (18356654)|WF_RULE_EVAL_BEGIN|Assignment
11:26:26.8 (18375938)|WF_SPOOL_ACTION_BEGIN|Assignment
11:26:26.8 (18381514)|WF_ACTION|.
11:26:26.8 (18385241)|WF_RULE_EVAL_END
11:26:26.8 (18390946)|WF_RULE_EVAL_BEGIN|Escalation
11:26:26.8 (18395944)|WF_SPOOL_ACTION_BEGIN|Escalation
11:26:26.8 (18397589)|WF_ACTION|.
11:26:26.8 (18398632)|WF_RULE_EVAL_END
11:26:26.8 (18449493)|WF_ACTIONS_END| None
11:26:26.8 (18457563)|CODE_UNIT_FINISHED|Workflow:Case
11:26:26.8 (19945111)|EXECUTION_FINISHED
