36.0 APEX_CODE,FINEST;APEX_PROFILING,INFO;CALLOUT,INFO;DB,INFO;SYSTEM,DEBUG;VALIDATION,INFO;VISUALFORCE,INFO;WORKFLOW,INFO
13:05:35.0 (423067)|USER_INFO|[EXTERNAL]|00541000001IQl9|wjw@stuff.com|Pacific Standard Time|GMT-08:00
13:05:35.0 (453830)|EXECUTION_STARTED
13:05:35.0 (458466)|CODE_UNIT_STARTED|[EXTERNAL]|TRIGGERS
13:05:35.0 (494476)|CODE_UNIT_STARTED|[EXTERNAL]|01q410000019qlZ|WarrantySummary on Case trigger event BeforeInsert for [new]
13:05:35.0 (547673)|HEAP_ALLOCATE|[EXTERNAL]|Bytes:8
13:05:35.0 (930267)|HEAP_ALLOCATE|[72]|Bytes:3
13:05:35.0 (1004123)|HEAP_ALLOCATE|[77]|Bytes:152
13:05:35.0 (1022170)|HEAP_ALLOCATE|[342]|Bytes:408
13:05:35.0 (1042052)|HEAP_ALLOCATE|[355]|Bytes:408
13:05:35.0 (1060312)|HEAP_ALLOCATE|[467]|Bytes:48
13:05:35.0 (1091831)|HEAP_ALLOCATE|[139]|Bytes:6
13:05:35.0 (1120268)|HEAP_ALLOCATE|[EXTERNAL]|Bytes:8
13:05:35.0 (1153846)|VARIABLE_SCOPE_BEGIN|[1]|this|WarrantySummary|true|false
13:05:35.0 (1496363)|VARIABLE_ASSIGNMENT|[1]|this|{}|0x6b263492
13:05:35.0 (1542771)|HEAP_ALLOCATE|[EXTERNAL]|Bytes:8
13:05:35.0 (1561861)|VARIABLE_SCOPE_BEGIN|[1]|this|WarrantySummary|true|false
13:05:35.0 (1575732)|VARIABLE_ASSIGNMENT|[1]|this|{}|0x6b263492
13:05:35.0 (1581535)|STATEMENT_EXECUTE|[1]
13:05:35.0 (1583525)|STATEMENT_EXECUTE|[3]
13:05:35.0 (1587060)|HEAP_ALLOCATE|[3]|Bytes:16
13:05:35.0 (1618444)|HEAP_ALLOCATE|[50]|Bytes:5
13:05:35.0 (1640288)|HEAP_ALLOCATE|[56]|Bytes:5
13:05:35.0 (1649078)|HEAP_ALLOCATE|[64]|Bytes:7
13:05:35.0 (1691060)|VARIABLE_ASSIGNMENT|[3]|this.endingStatement|"Have a nice day!"|0x6b263492
13:05:35.0 (2025216)|HEAP_ALLOCATE|[5]|Bytes:5
13:05:35.0 (2078217)|HEAP_ALLOCATE|[5]|Bytes:4
13:05:35.0 (2088523)|VARIABLE_SCOPE_BEGIN|[5]|myCase|Case|true|false
13:05:35.0 (2815941)|VARIABLE_ASSIGNMENT|[5]|myCase|{"Origin":"Phone","Status":"New","IsDeleted":false,"Description":"stuff","IsEscalated":false,"OwnerId":"00541000001IQl9AAG","Priority":"Medium","IsClosedOnCreate":false,"Product_Has_Extended (12 more) ...":false,"IsClosed":false}|0x5517b813
13:05:35.0 (2822135)|STATEMENT_EXECUTE|[5]
13:05:35.0 (2823700)|STATEMENT_EXECUTE|[7]
13:05:35.0 (2916432)|HEAP_ALLOCATE|[7]|Bytes:41
13:05:35.0 (3048805)|FATAL_ERROR|System.NullPointerException: Attempt to de-reference a null object

Trigger.WarrantySummary: line 7, column 1
13:05:35.0 (3057453)|FATAL_ERROR|System.NullPointerException: Attempt to de-reference a null object

Trigger.WarrantySummary: line 7, column 1
13:05:35.3 (3095261)|CUMULATIVE_LIMIT_USAGE
13:05:35.3 (3095261)|LIMIT_USAGE_FOR_NS|(default)|
  Number of SOQL queries: 0 out of 100
  Number of query rows: 0 out of 50000
  Number of SOSL queries: 0 out of 20
  Number of DML statements: 0 out of 150
  Number of DML rows: 0 out of 10000
  Maximum CPU time: 0 out of 10000
  Maximum heap size: 0 out of 6000000
  Number of callouts: 0 out of 100
  Number of Email Invocations: 0 out of 10
  Number of future calls: 0 out of 50
  Number of queueable jobs added to the queue: 0 out of 50
  Number of Mobile Apex push calls: 0 out of 10

13:05:35.3 (3095261)|CUMULATIVE_LIMIT_USAGE_END

13:05:35.0 (4168534)|CODE_UNIT_FINISHED|WarrantySummary on Case trigger event BeforeInsert for [new]
