36.0 APEX_CODE,FINEST;APEX_PROFILING,INFO;CALLOUT,INFO;DB,INFO;SYSTEM,DEBUG;VALIDATION,INFO;VISUALFORCE,INFO;WORKFLOW,INFO
11:31:29.0 (412265)|USER_INFO|[EXTERNAL]|00541000001IQl9|wjw@stuff.com|Pacific Standard Time|GMT-08:00
11:31:29.0 (448239)|EXECUTION_STARTED
11:31:29.0 (454189)|CODE_UNIT_STARTED|[EXTERNAL]|01q410000019tMZ|CheckSecretInformation on Case trigger event AfterInsert for [50041000003lnWX]
11:31:29.0 (514558)|HEAP_ALLOCATE|[EXTERNAL]|Bytes:8
11:31:29.0 (946992)|HEAP_ALLOCATE|[72]|Bytes:3
11:31:29.0 (983931)|HEAP_ALLOCATE|[77]|Bytes:152
11:31:29.0 (1007212)|HEAP_ALLOCATE|[342]|Bytes:408
11:31:29.0 (1038905)|HEAP_ALLOCATE|[355]|Bytes:408
11:31:29.0 (1068740)|HEAP_ALLOCATE|[467]|Bytes:48
11:31:29.0 (1109094)|HEAP_ALLOCATE|[139]|Bytes:6
11:31:29.0 (1129989)|HEAP_ALLOCATE|[EXTERNAL]|Bytes:2
11:31:29.0 (1210065)|HEAP_ALLOCATE|[EXTERNAL]|Bytes:12
11:31:29.0 (1222332)|VARIABLE_SCOPE_BEGIN|[1]|this|CheckSecretInformation|true|false
11:31:29.0 (1279237)|VARIABLE_ASSIGNMENT|[1]|this|{}|0x2bde5aa6
11:31:29.0 (1326702)|HEAP_ALLOCATE|[EXTERNAL]|Bytes:12
11:31:29.0 (1334441)|VARIABLE_SCOPE_BEGIN|[1]|this|CheckSecretInformation|true|false
11:31:29.0 (1348566)|VARIABLE_ASSIGNMENT|[1]|this|{}|0x2bde5aa6
11:31:29.0 (1355238)|STATEMENT_EXECUTE|[1]
11:31:29.0 (1357126)|STATEMENT_EXECUTE|[3]
11:31:29.0 (1360297)|HEAP_ALLOCATE|[3]|Bytes:44
11:31:29.0 (1397860)|HEAP_ALLOCATE|[50]|Bytes:5
11:31:29.0 (1418747)|HEAP_ALLOCATE|[56]|Bytes:5
11:31:29.0 (1426833)|HEAP_ALLOCATE|[64]|Bytes:7
11:31:29.0 (1467608)|VARIABLE_ASSIGNMENT|[3]|this.childCasesSubject|"Warning: Parent case (24 more) ..."|0x2bde5aa6
11:31:29.0 (1470861)|STATEMENT_EXECUTE|[6]
11:31:29.0 (1474844)|HEAP_ALLOCATE|[6]|Bytes:4
11:31:29.0 (1541302)|HEAP_ALLOCATE|[EXTERNAL]|Bytes:4
11:31:29.0 (1559627)|VARIABLE_ASSIGNMENT|[6]|this.secretKeywords|{"s":1,"v":[]}|0x2bde5aa6
11:31:29.0 (1562737)|STATEMENT_EXECUTE|[7]
11:31:29.0 (1574905)|HEAP_ALLOCATE|[7]|Bytes:11
11:31:29.0 (1609852)|HEAP_ALLOCATE|[EXTERNAL]|Bytes:4
11:31:29.0 (1619210)|STATEMENT_EXECUTE|[8]
11:31:29.0 (1628263)|HEAP_ALLOCATE|[8]|Bytes:15
11:31:29.0 (1649151)|HEAP_ALLOCATE|[EXTERNAL]|Bytes:4
11:31:29.0 (1655133)|STATEMENT_EXECUTE|[9]
11:31:29.0 (1663699)|HEAP_ALLOCATE|[9]|Bytes:3
11:31:29.0 (1682792)|HEAP_ALLOCATE|[EXTERNAL]|Bytes:4
11:31:29.0 (1688785)|STATEMENT_EXECUTE|[10]
11:31:29.0 (1697333)|HEAP_ALLOCATE|[10]|Bytes:8
11:31:29.0 (1716390)|HEAP_ALLOCATE|[EXTERNAL]|Bytes:4
11:31:29.0 (1722492)|STATEMENT_EXECUTE|[11]
11:31:29.0 (1731512)|HEAP_ALLOCATE|[11]|Bytes:10
11:31:29.0 (1750354)|HEAP_ALLOCATE|[EXTERNAL]|Bytes:4
11:31:29.0 (1757064)|STATEMENT_EXECUTE|[16]
11:31:29.0 (1762984)|VARIABLE_SCOPE_BEGIN|[16]|i|Integer|false|false
11:31:29.0 (1766900)|HEAP_ALLOCATE|[16]|Bytes:4
11:31:29.0 (1774719)|VARIABLE_ASSIGNMENT|[16]|i|0
11:31:29.0 (1804053)|STATEMENT_EXECUTE|[16]
11:31:29.0 (1806155)|STATEMENT_EXECUTE|[17]
11:31:29.0 (1830864)|HEAP_ALLOCATE|[17]|Bytes:11
11:31:29.0 (1838956)|VARIABLE_SCOPE_BEGIN|[17]|keyword|String|false|false
11:31:29.0 (1846132)|VARIABLE_ASSIGNMENT|[17]|keyword|"Credit Card"
11:31:29.0 (1848602)|STATEMENT_EXECUTE|[21]
11:31:29.0 (1898573)|HEAP_ALLOCATE|[21]|Bytes:4
11:31:29.0 (1958165)|VARIABLE_SCOPE_BEGIN|[21]|casesWithSecretInfo|List<Case>|true|false
11:31:29.0 (1964506)|HEAP_ALLOCATE|[EXTERNAL]|Bytes:4
11:31:29.0 (1976640)|VARIABLE_ASSIGNMENT|[21]|casesWithSecretInfo|{"s":1,"v":[]}|0x4b913fda
11:31:29.0 (2158739)|HEAP_ALLOCATE|[22]|Bytes:5
11:31:29.0 (2199872)|VARIABLE_SCOPE_BEGIN|[22]|myCase|Case|true|false
11:31:29.0 (2861987)|VARIABLE_ASSIGNMENT|[22]|myCase|{"Origin":"Phone","Status":"New","LastModifiedDate":"2016-12-29T19:31:29.000Z","IsDeleted":false,"Description":"Passport SSN","Priority":"Medium","Product_Has_Extended (12 more) ...":false,"IsClosed":false,"SystemModstamp":"2016-12-29T19:31:29.000Z","BusinessHoursId":"01m41000000XnfnAAC","CreatedById":"00541000001IQl9AAG","IsEscalated":false,"OwnerId":"00541000001IQl9AAG","CreatedDate":"2016-12-29T19:31:29.000Z","IsClosedOnCreate":false,"CaseNumber":"00001086","Id":"50041000003lnWXAAY","LastModifiedById":"00541000001IQl9AAG"}|0xbe0c4cf
11:31:29.0 (2871010)|STATEMENT_EXECUTE|[22]
11:31:29.0 (2906558)|STATEMENT_EXECUTE|[23]
11:31:29.0 (2985182)|STATEMENT_EXECUTE|[25]
11:31:29.0 (2997948)|HEAP_ALLOCATE|[22]|Bytes:5
11:31:29.0 (3012133)|VARIABLE_ASSIGNMENT|[22]|myCase|null|
11:31:29.0 (3016050)|STATEMENT_EXECUTE|[35]
11:31:29.0 (3020044)|HEAP_ALLOCATE|[35]|Bytes:4
11:31:29.0 (3037716)|VARIABLE_SCOPE_BEGIN|[35]|casesToCreate|List<Case>|true|false
11:31:29.0 (3044136)|HEAP_ALLOCATE|[EXTERNAL]|Bytes:4
11:31:29.0 (3056105)|VARIABLE_ASSIGNMENT|[35]|casesToCreate|{"s":1,"v":[]}|0x413dd3bc
11:31:29.0 (3087878)|HEAP_ALLOCATE|[36]|Bytes:5
11:31:29.0 (3100716)|VARIABLE_ASSIGNMENT|[36]|caseWithSecretInfo|null|
11:31:29.0 (3104217)|STATEMENT_EXECUTE|[36]
11:31:29.0 (3105475)|STATEMENT_EXECUTE|[45]
11:31:29.0 (3183732)|HEAP_ALLOCATE|[EXTERNAL]|Bytes:4
11:31:29.0 (3190919)|HEAP_ALLOCATE|[16]|Bytes:4
11:31:29.0 (3198211)|VARIABLE_ASSIGNMENT|[16]|i|1
11:31:29.0 (3214968)|STATEMENT_EXECUTE|[16]
11:31:29.0 (3216568)|STATEMENT_EXECUTE|[17]
11:31:29.0 (3224294)|HEAP_ALLOCATE|[17]|Bytes:15
11:31:29.0 (3230259)|VARIABLE_SCOPE_BEGIN|[17]|keyword|String|false|false
11:31:29.0 (3236860)|VARIABLE_ASSIGNMENT|[17]|keyword|"Social Security"
11:31:29.0 (3238820)|STATEMENT_EXECUTE|[21]
11:31:29.0 (3242167)|HEAP_ALLOCATE|[21]|Bytes:4
11:31:29.0 (3250371)|VARIABLE_SCOPE_BEGIN|[21]|casesWithSecretInfo|List<Case>|true|false
11:31:29.0 (3254949)|HEAP_ALLOCATE|[EXTERNAL]|Bytes:4
11:31:29.0 (3263606)|VARIABLE_ASSIGNMENT|[21]|casesWithSecretInfo|{"s":1,"v":[]}|0x5ed937be
11:31:29.0 (3290344)|HEAP_ALLOCATE|[22]|Bytes:5
11:31:29.0 (3305113)|VARIABLE_SCOPE_BEGIN|[22]|myCase|Case|true|false
11:31:29.0 (3588585)|VARIABLE_ASSIGNMENT|[22]|myCase|{"Origin":"Phone","Status":"New","LastModifiedDate":"2016-12-29T19:31:29.000Z","IsDeleted":false,"Description":"Passport SSN","Priority":"Medium","Product_Has_Extended (12 more) ...":false,"IsClosed":false,"SystemModstamp":"2016-12-29T19:31:29.000Z","BusinessHoursId":"01m41000000XnfnAAC","CreatedById":"00541000001IQl9AAG","IsEscalated":false,"OwnerId":"00541000001IQl9AAG","CreatedDate":"2016-12-29T19:31:29.000Z","IsClosedOnCreate":false,"CaseNumber":"00001086","Id":"50041000003lnWXAAY","LastModifiedById":"00541000001IQl9AAG"}|0xbe0c4cf
11:31:29.0 (3595433)|STATEMENT_EXECUTE|[22]
11:31:29.0 (3618796)|STATEMENT_EXECUTE|[23]
11:31:29.0 (3642214)|STATEMENT_EXECUTE|[25]
11:31:29.0 (3652670)|HEAP_ALLOCATE|[22]|Bytes:5
11:31:29.0 (3665442)|VARIABLE_ASSIGNMENT|[22]|myCase|null|
11:31:29.0 (3668372)|STATEMENT_EXECUTE|[35]
11:31:29.0 (3671846)|HEAP_ALLOCATE|[35]|Bytes:4
11:31:29.0 (3680563)|VARIABLE_SCOPE_BEGIN|[35]|casesToCreate|List<Case>|true|false
11:31:29.0 (3685502)|HEAP_ALLOCATE|[EXTERNAL]|Bytes:4
11:31:29.0 (3694117)|VARIABLE_ASSIGNMENT|[35]|casesToCreate|{"s":1,"v":[]}|0x53925616
11:31:29.0 (3715177)|HEAP_ALLOCATE|[36]|Bytes:5
11:31:29.0 (3733127)|VARIABLE_ASSIGNMENT|[36]|caseWithSecretInfo|null|
11:31:29.0 (3737495)|STATEMENT_EXECUTE|[36]
11:31:29.0 (3739629)|STATEMENT_EXECUTE|[45]
11:31:29.0 (3772246)|HEAP_ALLOCATE|[EXTERNAL]|Bytes:4
11:31:29.0 (3778630)|HEAP_ALLOCATE|[16]|Bytes:4
11:31:29.0 (3786075)|VARIABLE_ASSIGNMENT|[16]|i|2
11:31:29.0 (3802537)|STATEMENT_EXECUTE|[16]
11:31:29.0 (3804030)|STATEMENT_EXECUTE|[17]
11:31:29.0 (3811269)|HEAP_ALLOCATE|[17]|Bytes:3
11:31:29.0 (3820428)|VARIABLE_SCOPE_BEGIN|[17]|keyword|String|false|false
11:31:29.0 (3830440)|VARIABLE_ASSIGNMENT|[17]|keyword|"SSN"
11:31:29.0 (3834005)|STATEMENT_EXECUTE|[21]
11:31:29.0 (3839098)|HEAP_ALLOCATE|[21]|Bytes:4
11:31:29.0 (3855134)|VARIABLE_SCOPE_BEGIN|[21]|casesWithSecretInfo|List<Case>|true|false
11:31:29.0 (3863076)|HEAP_ALLOCATE|[EXTERNAL]|Bytes:4
11:31:29.0 (3876010)|VARIABLE_ASSIGNMENT|[21]|casesWithSecretInfo|{"s":1,"v":[]}|0x7050d887
11:31:29.0 (3923403)|HEAP_ALLOCATE|[22]|Bytes:5
11:31:29.0 (3939233)|VARIABLE_SCOPE_BEGIN|[22]|myCase|Case|true|false
11:31:29.0 (4238658)|VARIABLE_ASSIGNMENT|[22]|myCase|{"Origin":"Phone","Status":"New","LastModifiedDate":"2016-12-29T19:31:29.000Z","IsDeleted":false,"Description":"Passport SSN","Priority":"Medium","Product_Has_Extended (12 more) ...":false,"IsClosed":false,"SystemModstamp":"2016-12-29T19:31:29.000Z","BusinessHoursId":"01m41000000XnfnAAC","CreatedById":"00541000001IQl9AAG","IsEscalated":false,"OwnerId":"00541000001IQl9AAG","CreatedDate":"2016-12-29T19:31:29.000Z","IsClosedOnCreate":false,"CaseNumber":"00001086","Id":"50041000003lnWXAAY","LastModifiedById":"00541000001IQl9AAG"}|0xbe0c4cf
11:31:29.0 (4249397)|STATEMENT_EXECUTE|[22]
11:31:29.0 (4273847)|STATEMENT_EXECUTE|[23]
11:31:29.0 (4298934)|STATEMENT_EXECUTE|[25]
11:31:29.0 (4300729)|STATEMENT_EXECUTE|[26]
11:31:29.0 (4325036)|HEAP_ALLOCATE|[EXTERNAL]|Bytes:4
11:31:29.0 (4331574)|STATEMENT_EXECUTE|[27]
11:31:29.0 (4335664)|HEAP_ALLOCATE|[27]|Bytes:5
11:31:29.0 (4389306)|HEAP_ALLOCATE|[27]|Bytes:18
11:31:29.0 (4399916)|HEAP_ALLOCATE|[27]|Bytes:25
11:31:29.0 (4409182)|HEAP_ALLOCATE|[27]|Bytes:51
11:31:29.0 (4434305)|USER_DEBUG|[27]|DEBUG|Case 50041000003lnWXAAY includes secret keyword SSN
11:31:29.0 (4449324)|HEAP_ALLOCATE|[22]|Bytes:5
11:31:29.0 (4461949)|VARIABLE_ASSIGNMENT|[22]|myCase|null|
11:31:29.0 (4465000)|STATEMENT_EXECUTE|[35]
11:31:29.0 (4468400)|HEAP_ALLOCATE|[35]|Bytes:4
11:31:29.0 (4478468)|VARIABLE_SCOPE_BEGIN|[35]|casesToCreate|List<Case>|true|false
11:31:29.0 (4484647)|HEAP_ALLOCATE|[EXTERNAL]|Bytes:4
11:31:29.0 (4493750)|VARIABLE_ASSIGNMENT|[35]|casesToCreate|{"s":1,"v":[]}|0x5fdf4502
11:31:29.0 (4511561)|HEAP_ALLOCATE|[36]|Bytes:5
11:31:29.0 (4527709)|VARIABLE_SCOPE_BEGIN|[36]|caseWithSecretInfo|Case|true|false
11:31:29.0 (4797299)|VARIABLE_ASSIGNMENT|[36]|caseWithSecretInfo|{"Origin":"Phone","Status":"New","LastModifiedDate":"2016-12-29T19:31:29.000Z","IsDeleted":false,"Description":"Passport SSN","Priority":"Medium","Product_Has_Extended (12 more) ...":false,"IsClosed":false,"SystemModstamp":"2016-12-29T19:31:29.000Z","BusinessHoursId":"01m41000000XnfnAAC","CreatedById":"00541000001IQl9AAG","IsEscalated":false,"OwnerId":"00541000001IQl9AAG","CreatedDate":"2016-12-29T19:31:29.000Z","IsClosedOnCreate":false,"CaseNumber":"00001086","Id":"50041000003lnWXAAY","LastModifiedById":"00541000001IQl9AAG"}|0xbe0c4cf
11:31:29.0 (4803876)|STATEMENT_EXECUTE|[36]
11:31:29.0 (4805048)|STATEMENT_EXECUTE|[37]
11:31:29.0 (4820088)|HEAP_ALLOCATE|[37]|Bytes:4
11:31:29.0 (4922115)|VARIABLE_SCOPE_BEGIN|[37]|childCase|Case|true|false
11:31:29.0 (4933379)|VARIABLE_ASSIGNMENT|[37]|childCase|{}|0x48aced80
11:31:29.0 (4936178)|STATEMENT_EXECUTE|[38]
11:31:29.0 (5003087)|VARIABLE_ASSIGNMENT|[38]|this.Subject|"Warning: Parent case (24 more) ..."|0x48aced80
11:31:29.0 (5008149)|STATEMENT_EXECUTE|[39]
11:31:29.0 (5053720)|VARIABLE_ASSIGNMENT|[39]|this.ParentId|"50041000003lnWXAAY"|0x48aced80
11:31:29.0 (5057434)|STATEMENT_EXECUTE|[40]
11:31:29.0 (5090719)|VARIABLE_ASSIGNMENT|[40]|this.IsEscalated|true|0x48aced80
11:31:29.0 (5093565)|STATEMENT_EXECUTE|[41]
11:31:29.0 (5096963)|HEAP_ALLOCATE|[41]|Bytes:4
11:31:29.0 (5125241)|VARIABLE_ASSIGNMENT|[41]|this.Priority|"High"|0x48aced80
11:31:29.0 (5127860)|STATEMENT_EXECUTE|[42]
11:31:29.0 (5151500)|VARIABLE_ASSIGNMENT|[42]|this.Description|"SSN"|0x48aced80
11:31:29.0 (5154063)|STATEMENT_EXECUTE|[43]
11:31:29.0 (5181719)|HEAP_ALLOCATE|[EXTERNAL]|Bytes:4
11:31:29.0 (5196471)|HEAP_ALLOCATE|[36]|Bytes:5
11:31:29.0 (5209400)|VARIABLE_ASSIGNMENT|[36]|caseWithSecretInfo|null|
11:31:29.0 (5212287)|STATEMENT_EXECUTE|[45]
11:31:29.0 (5240707)|DML_BEGIN|[45]|Op:Insert|Type:Case|Rows:1
11:31:29.0 (5275131)|HEAP_ALLOCATE|[EXTERNAL]|Bytes:8
11:31:29.0 (33259485)|CODE_UNIT_STARTED|[EXTERNAL]|01q410000019tMZ|CheckSecretInformation on Case trigger event AfterInsert for [50041000003lnWY]
11:31:29.0 (33296577)|HEAP_ALLOCATE|[EXTERNAL]|Bytes:8
11:31:29.0 (33387001)|HEAP_ALLOCATE|[EXTERNAL]|Bytes:12
11:31:29.0 (33400045)|VARIABLE_SCOPE_BEGIN|[1]|this|CheckSecretInformation|true|false
11:31:29.0 (33449555)|VARIABLE_ASSIGNMENT|[1]|this|{}|0x7cdd0196
11:31:29.0 (33487482)|HEAP_ALLOCATE|[EXTERNAL]|Bytes:12
11:31:29.0 (33496243)|VARIABLE_SCOPE_BEGIN|[1]|this|CheckSecretInformation|true|false
11:31:29.0 (33515853)|VARIABLE_ASSIGNMENT|[1]|this|{}|0x7cdd0196
11:31:29.0 (33524370)|STATEMENT_EXECUTE|[1]
11:31:29.0 (33527572)|STATEMENT_EXECUTE|[3]
11:31:29.0 (33561642)|VARIABLE_ASSIGNMENT|[3]|this.childCasesSubject|"Warning: Parent case (24 more) ..."|0x7cdd0196
11:31:29.0 (33566783)|STATEMENT_EXECUTE|[6]
11:31:29.0 (33572710)|HEAP_ALLOCATE|[6]|Bytes:4
11:31:29.0 (33622427)|HEAP_ALLOCATE|[EXTERNAL]|Bytes:4
11:31:29.0 (33645358)|VARIABLE_ASSIGNMENT|[6]|this.secretKeywords|{"s":1,"v":[]}|0x7cdd0196
11:31:29.0 (33650265)|STATEMENT_EXECUTE|[7]
11:31:29.0 (33673590)|HEAP_ALLOCATE|[EXTERNAL]|Bytes:4
11:31:29.0 (33684973)|STATEMENT_EXECUTE|[8]
11:31:29.0 (33701788)|HEAP_ALLOCATE|[EXTERNAL]|Bytes:4
11:31:29.0 (33710363)|STATEMENT_EXECUTE|[9]
11:31:29.0 (33749234)|HEAP_ALLOCATE|[EXTERNAL]|Bytes:4
11:31:29.0 (33758731)|STATEMENT_EXECUTE|[10]
11:31:29.0 (33775480)|HEAP_ALLOCATE|[EXTERNAL]|Bytes:4
11:31:29.0 (33782726)|STATEMENT_EXECUTE|[11]
11:31:29.0 (33798563)|HEAP_ALLOCATE|[EXTERNAL]|Bytes:4
11:31:29.0 (33807808)|STATEMENT_EXECUTE|[16]
11:31:29.0 (33814525)|VARIABLE_SCOPE_BEGIN|[16]|i|Integer|false|false
11:31:29.0 (33819559)|HEAP_ALLOCATE|[16]|Bytes:4
11:31:29.0 (33831661)|VARIABLE_ASSIGNMENT|[16]|i|0
11:31:29.0 (33856903)|STATEMENT_EXECUTE|[16]
11:31:29.0 (33859937)|STATEMENT_EXECUTE|[17]
11:31:29.0 (33877247)|HEAP_ALLOCATE|[17]|Bytes:11
11:31:29.0 (33889886)|VARIABLE_SCOPE_BEGIN|[17]|keyword|String|false|false
11:31:29.0 (33901933)|VARIABLE_ASSIGNMENT|[17]|keyword|"Credit Card"
11:31:29.0 (33905684)|STATEMENT_EXECUTE|[21]
11:31:29.0 (33911901)|HEAP_ALLOCATE|[21]|Bytes:4
11:31:29.0 (33946280)|VARIABLE_SCOPE_BEGIN|[21]|casesWithSecretInfo|List<Case>|true|false
11:31:29.0 (33956218)|HEAP_ALLOCATE|[EXTERNAL]|Bytes:4
11:31:29.0 (33986093)|VARIABLE_ASSIGNMENT|[21]|casesWithSecretInfo|{"s":1,"v":[]}|0xd4a8bd3
11:31:29.0 (34036976)|HEAP_ALLOCATE|[22]|Bytes:5
11:31:29.0 (34060900)|VARIABLE_SCOPE_BEGIN|[22]|myCase|Case|true|false
11:31:29.0 (34531968)|VARIABLE_ASSIGNMENT|[22]|myCase|{"Status":"New","ParentId":"50041000003lnWXAAY","LastModifiedDate":"2016-12-29T19:31:29.000Z","IsDeleted":false,"Description":"SSN","Priority":"High","Product_Has_Extended (12 more) ...":false,"IsClosed":false,"Subject":"Warning: Parent case (24 more) ...","SystemModstamp":"2016-12-29T19:31:29.000Z","BusinessHoursId":"01m41000000XnfnAAC","CreatedById":"00541000001IQl9AAG","IsEscalated":true,"OwnerId":"00541000001IQl9AAG","CreatedDate":"2016-12-29T19:31:29.000Z","IsClosedOnCreate":false,"CaseNumber":"00001087","Id":"50041000003lnWYAAY","LastModifiedById":"00541000001IQl9AAG"}|0x7301f5b4
11:31:29.0 (34539835)|STATEMENT_EXECUTE|[22]
11:31:29.0 (34598571)|STATEMENT_EXECUTE|[23]
11:31:29.0 (34611906)|HEAP_ALLOCATE|[22]|Bytes:5
11:31:29.0 (34626541)|VARIABLE_ASSIGNMENT|[22]|myCase|null|
11:31:29.0 (34629992)|STATEMENT_EXECUTE|[35]
11:31:29.0 (34633961)|HEAP_ALLOCATE|[35]|Bytes:4
11:31:29.0 (34644483)|VARIABLE_SCOPE_BEGIN|[35]|casesToCreate|List<Case>|true|false
11:31:29.0 (34650368)|HEAP_ALLOCATE|[EXTERNAL]|Bytes:4
11:31:29.0 (34659612)|VARIABLE_ASSIGNMENT|[35]|casesToCreate|{"s":1,"v":[]}|0x67c48bf3
11:31:29.0 (34677793)|HEAP_ALLOCATE|[36]|Bytes:5
11:31:29.0 (34689184)|VARIABLE_ASSIGNMENT|[36]|caseWithSecretInfo|null|
11:31:29.0 (34692077)|STATEMENT_EXECUTE|[36]
11:31:29.0 (34693513)|STATEMENT_EXECUTE|[45]
11:31:29.0 (34732640)|HEAP_ALLOCATE|[EXTERNAL]|Bytes:4
11:31:29.0 (34738344)|HEAP_ALLOCATE|[16]|Bytes:4
11:31:29.0 (34745026)|VARIABLE_ASSIGNMENT|[16]|i|1
11:31:29.0 (34761165)|STATEMENT_EXECUTE|[16]
11:31:29.0 (34762808)|STATEMENT_EXECUTE|[17]
11:31:29.0 (34770935)|HEAP_ALLOCATE|[17]|Bytes:15
11:31:29.0 (34777364)|VARIABLE_SCOPE_BEGIN|[17]|keyword|String|false|false
11:31:29.0 (34784266)|VARIABLE_ASSIGNMENT|[17]|keyword|"Social Security"
11:31:29.0 (34786823)|STATEMENT_EXECUTE|[21]
11:31:29.0 (34792651)|HEAP_ALLOCATE|[21]|Bytes:4
11:31:29.0 (34807484)|VARIABLE_SCOPE_BEGIN|[21]|casesWithSecretInfo|List<Case>|true|false
11:31:29.0 (34816006)|HEAP_ALLOCATE|[EXTERNAL]|Bytes:4
11:31:29.0 (34828443)|VARIABLE_ASSIGNMENT|[21]|casesWithSecretInfo|{"s":1,"v":[]}|0x735ce61c
11:31:29.0 (34871840)|HEAP_ALLOCATE|[22]|Bytes:5
11:31:29.0 (34890430)|VARIABLE_SCOPE_BEGIN|[22]|myCase|Case|true|false
11:31:29.0 (35105757)|VARIABLE_ASSIGNMENT|[22]|myCase|{"Status":"New","ParentId":"50041000003lnWXAAY","LastModifiedDate":"2016-12-29T19:31:29.000Z","IsDeleted":false,"Description":"SSN","Priority":"High","Product_Has_Extended (12 more) ...":false,"IsClosed":false,"Subject":"Warning: Parent case (24 more) ...","SystemModstamp":"2016-12-29T19:31:29.000Z","BusinessHoursId":"01m41000000XnfnAAC","CreatedById":"00541000001IQl9AAG","IsEscalated":true,"OwnerId":"00541000001IQl9AAG","CreatedDate":"2016-12-29T19:31:29.000Z","IsClosedOnCreate":false,"CaseNumber":"00001087","Id":"50041000003lnWYAAY","LastModifiedById":"00541000001IQl9AAG"}|0x7301f5b4
11:31:29.0 (35114281)|STATEMENT_EXECUTE|[22]
11:31:29.0 (35142269)|STATEMENT_EXECUTE|[23]
11:31:29.0 (35154132)|HEAP_ALLOCATE|[22]|Bytes:5
11:31:29.0 (35166894)|VARIABLE_ASSIGNMENT|[22]|myCase|null|
11:31:29.0 (35169588)|STATEMENT_EXECUTE|[35]
11:31:29.0 (35172986)|HEAP_ALLOCATE|[35]|Bytes:4
11:31:29.0 (35181990)|VARIABLE_SCOPE_BEGIN|[35]|casesToCreate|List<Case>|true|false
11:31:29.0 (35187046)|HEAP_ALLOCATE|[EXTERNAL]|Bytes:4
11:31:29.0 (35195683)|VARIABLE_ASSIGNMENT|[35]|casesToCreate|{"s":1,"v":[]}|0x2a11ffb7
11:31:29.0 (35212444)|HEAP_ALLOCATE|[36]|Bytes:5
11:31:29.0 (35226498)|VARIABLE_ASSIGNMENT|[36]|caseWithSecretInfo|null|
11:31:29.0 (35231185)|STATEMENT_EXECUTE|[36]
11:31:29.0 (35233392)|STATEMENT_EXECUTE|[45]
11:31:29.0 (35267479)|HEAP_ALLOCATE|[EXTERNAL]|Bytes:4
11:31:29.0 (35275148)|HEAP_ALLOCATE|[16]|Bytes:4
11:31:29.0 (35284764)|VARIABLE_ASSIGNMENT|[16]|i|2
11:31:29.0 (35307773)|STATEMENT_EXECUTE|[16]
11:31:29.0 (35310185)|STATEMENT_EXECUTE|[17]
11:31:29.0 (35324291)|HEAP_ALLOCATE|[17]|Bytes:3
11:31:29.0 (35335548)|VARIABLE_SCOPE_BEGIN|[17]|keyword|String|false|false
11:31:29.0 (35345898)|VARIABLE_ASSIGNMENT|[17]|keyword|"SSN"
11:31:29.0 (35349621)|STATEMENT_EXECUTE|[21]
11:31:29.0 (35354820)|HEAP_ALLOCATE|[21]|Bytes:4
11:31:29.0 (35369797)|VARIABLE_SCOPE_BEGIN|[21]|casesWithSecretInfo|List<Case>|true|false
11:31:29.0 (35377177)|HEAP_ALLOCATE|[EXTERNAL]|Bytes:4
11:31:29.0 (35388796)|VARIABLE_ASSIGNMENT|[21]|casesWithSecretInfo|{"s":1,"v":[]}|0x56411314
11:31:29.0 (35429939)|HEAP_ALLOCATE|[22]|Bytes:5
11:31:29.0 (35453839)|VARIABLE_SCOPE_BEGIN|[22]|myCase|Case|true|false
11:31:29.0 (35755766)|VARIABLE_ASSIGNMENT|[22]|myCase|{"Status":"New","ParentId":"50041000003lnWXAAY","LastModifiedDate":"2016-12-29T19:31:29.000Z","IsDeleted":false,"Description":"SSN","Priority":"High","Product_Has_Extended (12 more) ...":false,"IsClosed":false,"Subject":"Warning: Parent case (24 more) ...","SystemModstamp":"2016-12-29T19:31:29.000Z","BusinessHoursId":"01m41000000XnfnAAC","CreatedById":"00541000001IQl9AAG","IsEscalated":true,"OwnerId":"00541000001IQl9AAG","CreatedDate":"2016-12-29T19:31:29.000Z","IsClosedOnCreate":false,"CaseNumber":"00001087","Id":"50041000003lnWYAAY","LastModifiedById":"00541000001IQl9AAG"}|0x7301f5b4
11:31:29.0 (35765992)|STATEMENT_EXECUTE|[22]
11:31:29.0 (35803067)|STATEMENT_EXECUTE|[23]
11:31:29.0 (35822030)|HEAP_ALLOCATE|[22]|Bytes:5
11:31:29.0 (35843414)|VARIABLE_ASSIGNMENT|[22]|myCase|null|
11:31:29.0 (35847513)|STATEMENT_EXECUTE|[35]
11:31:29.0 (35853094)|HEAP_ALLOCATE|[35]|Bytes:4
11:31:29.0 (35867642)|VARIABLE_SCOPE_BEGIN|[35]|casesToCreate|List<Case>|true|false
11:31:29.0 (35874929)|HEAP_ALLOCATE|[EXTERNAL]|Bytes:4
11:31:29.0 (35887856)|VARIABLE_ASSIGNMENT|[35]|casesToCreate|{"s":1,"v":[]}|0x1519913c
11:31:29.0 (35924795)|HEAP_ALLOCATE|[36]|Bytes:5
11:31:29.0 (35946136)|VARIABLE_ASSIGNMENT|[36]|caseWithSecretInfo|null|
11:31:29.0 (35950264)|STATEMENT_EXECUTE|[36]
11:31:29.0 (35952027)|STATEMENT_EXECUTE|[45]
11:31:29.0 (35986320)|HEAP_ALLOCATE|[EXTERNAL]|Bytes:4
11:31:29.0 (35995780)|HEAP_ALLOCATE|[16]|Bytes:4
11:31:29.0 (36007105)|VARIABLE_ASSIGNMENT|[16]|i|3
11:31:29.0 (36034429)|STATEMENT_EXECUTE|[16]
11:31:29.0 (36037549)|STATEMENT_EXECUTE|[17]
11:31:29.0 (36054493)|HEAP_ALLOCATE|[17]|Bytes:8
11:31:29.0 (36066942)|VARIABLE_SCOPE_BEGIN|[17]|keyword|String|false|false
11:31:29.0 (36077243)|VARIABLE_ASSIGNMENT|[17]|keyword|"Passport"
11:31:29.0 (36080958)|STATEMENT_EXECUTE|[21]
11:31:29.0 (36086515)|HEAP_ALLOCATE|[21]|Bytes:4
11:31:29.0 (36101564)|VARIABLE_SCOPE_BEGIN|[21]|casesWithSecretInfo|List<Case>|true|false
11:31:29.0 (36109255)|HEAP_ALLOCATE|[EXTERNAL]|Bytes:4
11:31:29.0 (36122822)|VARIABLE_ASSIGNMENT|[21]|casesWithSecretInfo|{"s":1,"v":[]}|0x161e985
11:31:29.0 (36164450)|HEAP_ALLOCATE|[22]|Bytes:5
11:31:29.0 (36188684)|VARIABLE_SCOPE_BEGIN|[22]|myCase|Case|true|false
11:31:29.0 (36413564)|VARIABLE_ASSIGNMENT|[22]|myCase|{"Status":"New","ParentId":"50041000003lnWXAAY","LastModifiedDate":"2016-12-29T19:31:29.000Z","IsDeleted":false,"Description":"SSN","Priority":"High","Product_Has_Extended (12 more) ...":false,"IsClosed":false,"Subject":"Warning: Parent case (24 more) ...","SystemModstamp":"2016-12-29T19:31:29.000Z","BusinessHoursId":"01m41000000XnfnAAC","CreatedById":"00541000001IQl9AAG","IsEscalated":true,"OwnerId":"00541000001IQl9AAG","CreatedDate":"2016-12-29T19:31:29.000Z","IsClosedOnCreate":false,"CaseNumber":"00001087","Id":"50041000003lnWYAAY","LastModifiedById":"00541000001IQl9AAG"}|0x7301f5b4
11:31:29.0 (36421410)|STATEMENT_EXECUTE|[22]
11:31:29.0 (36449416)|STATEMENT_EXECUTE|[23]
11:31:29.0 (36461855)|HEAP_ALLOCATE|[22]|Bytes:5
11:31:29.0 (36474957)|VARIABLE_ASSIGNMENT|[22]|myCase|null|
11:31:29.0 (36477722)|STATEMENT_EXECUTE|[35]
11:31:29.0 (36481155)|HEAP_ALLOCATE|[35]|Bytes:4
11:31:29.0 (36490260)|VARIABLE_SCOPE_BEGIN|[35]|casesToCreate|List<Case>|true|false
11:31:29.0 (36495381)|HEAP_ALLOCATE|[EXTERNAL]|Bytes:4
11:31:29.0 (36503982)|VARIABLE_ASSIGNMENT|[35]|casesToCreate|{"s":1,"v":[]}|0x24a85259
11:31:29.0 (36533531)|HEAP_ALLOCATE|[36]|Bytes:5
11:31:29.0 (36553442)|VARIABLE_ASSIGNMENT|[36]|caseWithSecretInfo|null|
11:31:29.0 (36557952)|STATEMENT_EXECUTE|[36]
11:31:29.0 (36559906)|STATEMENT_EXECUTE|[45]
11:31:29.0 (36591337)|HEAP_ALLOCATE|[EXTERNAL]|Bytes:4
11:31:29.0 (36597294)|HEAP_ALLOCATE|[16]|Bytes:4
11:31:29.0 (36604529)|VARIABLE_ASSIGNMENT|[16]|i|4
11:31:29.0 (36626293)|STATEMENT_EXECUTE|[16]
11:31:29.0 (36628384)|STATEMENT_EXECUTE|[17]
11:31:29.0 (36637912)|HEAP_ALLOCATE|[17]|Bytes:10
11:31:29.0 (36644685)|VARIABLE_SCOPE_BEGIN|[17]|keyword|String|false|false
11:31:29.0 (36651533)|VARIABLE_ASSIGNMENT|[17]|keyword|"Bodyweight"
11:31:29.0 (36653511)|STATEMENT_EXECUTE|[21]
11:31:29.0 (36656907)|HEAP_ALLOCATE|[21]|Bytes:4
11:31:29.0 (36665015)|VARIABLE_SCOPE_BEGIN|[21]|casesWithSecretInfo|List<Case>|true|false
11:31:29.0 (36669721)|HEAP_ALLOCATE|[EXTERNAL]|Bytes:4
11:31:29.0 (36677985)|VARIABLE_ASSIGNMENT|[21]|casesWithSecretInfo|{"s":1,"v":[]}|0x7a2f2c6b
11:31:29.0 (36706837)|HEAP_ALLOCATE|[22]|Bytes:5
11:31:29.0 (36722073)|VARIABLE_SCOPE_BEGIN|[22]|myCase|Case|true|false
11:31:29.0 (36992600)|VARIABLE_ASSIGNMENT|[22]|myCase|{"Status":"New","ParentId":"50041000003lnWXAAY","LastModifiedDate":"2016-12-29T19:31:29.000Z","IsDeleted":false,"Description":"SSN","Priority":"High","Product_Has_Extended (12 more) ...":false,"IsClosed":false,"Subject":"Warning: Parent case (24 more) ...","SystemModstamp":"2016-12-29T19:31:29.000Z","BusinessHoursId":"01m41000000XnfnAAC","CreatedById":"00541000001IQl9AAG","IsEscalated":true,"OwnerId":"00541000001IQl9AAG","CreatedDate":"2016-12-29T19:31:29.000Z","IsClosedOnCreate":false,"CaseNumber":"00001087","Id":"50041000003lnWYAAY","LastModifiedById":"00541000001IQl9AAG"}|0x7301f5b4
11:31:29.0 (37000199)|STATEMENT_EXECUTE|[22]
11:31:29.0 (37028805)|STATEMENT_EXECUTE|[23]
11:31:29.0 (37040909)|HEAP_ALLOCATE|[22]|Bytes:5
11:31:29.0 (37054299)|VARIABLE_ASSIGNMENT|[22]|myCase|null|
11:31:29.0 (37057097)|STATEMENT_EXECUTE|[35]
11:31:29.0 (37060464)|HEAP_ALLOCATE|[35]|Bytes:4
11:31:29.0 (37069620)|VARIABLE_SCOPE_BEGIN|[35]|casesToCreate|List<Case>|true|false
11:31:29.0 (37074683)|HEAP_ALLOCATE|[EXTERNAL]|Bytes:4
11:31:29.0 (37083316)|VARIABLE_ASSIGNMENT|[35]|casesToCreate|{"s":1,"v":[]}|0x23e6d263
11:31:29.0 (37099770)|HEAP_ALLOCATE|[36]|Bytes:5
11:31:29.0 (37110409)|VARIABLE_ASSIGNMENT|[36]|caseWithSecretInfo|null|
11:31:29.0 (37112920)|STATEMENT_EXECUTE|[36]
11:31:29.0 (37114047)|STATEMENT_EXECUTE|[45]
11:31:29.0 (37138114)|HEAP_ALLOCATE|[EXTERNAL]|Bytes:4
11:31:29.0 (37143115)|HEAP_ALLOCATE|[16]|Bytes:4
11:31:29.0 (37149670)|VARIABLE_ASSIGNMENT|[16]|i|5
11:31:29.37 (37170581)|CUMULATIVE_LIMIT_USAGE
11:31:29.37 (37170581)|LIMIT_USAGE_FOR_NS|(default)|
  Number of SOQL queries: 0 out of 100
  Number of query rows: 0 out of 50000
  Number of SOSL queries: 0 out of 20
  Number of DML statements: 1 out of 150
  Number of DML rows: 1 out of 10000
  Maximum CPU time: 0 out of 10000
  Maximum heap size: 0 out of 6000000
  Number of callouts: 0 out of 100
  Number of Email Invocations: 0 out of 10
  Number of future calls: 0 out of 50
  Number of queueable jobs added to the queue: 0 out of 50
  Number of Mobile Apex push calls: 0 out of 10

11:31:29.37 (37170581)|CUMULATIVE_LIMIT_USAGE_END

11:31:29.0 (38244104)|CODE_UNIT_FINISHED|CheckSecretInformation on Case trigger event AfterInsert for [50041000003lnWY]
11:31:29.0 (38320662)|CODE_UNIT_STARTED|[EXTERNAL]|Workflow:Case
11:31:29.0 (48798574)|WF_RULE_EVAL_BEGIN|Assignment
11:31:29.0 (48813765)|WF_SPOOL_ACTION_BEGIN|Assignment
11:31:29.0 (48818111)|WF_ACTION|.
11:31:29.0 (48819941)|WF_RULE_EVAL_END
11:31:29.0 (48825194)|WF_RULE_EVAL_BEGIN|Escalation
11:31:29.0 (48829866)|WF_SPOOL_ACTION_BEGIN|Escalation
11:31:29.0 (48831328)|WF_ACTION|.
11:31:29.0 (48832377)|WF_RULE_EVAL_END
11:31:29.0 (48875803)|WF_ACTIONS_END| None
11:31:29.0 (48883605)|CODE_UNIT_FINISHED|Workflow:Case
11:31:29.0 (51625389)|DML_END|[45]
11:31:29.0 (51660950)|HEAP_ALLOCATE|[EXTERNAL]|Bytes:8
11:31:29.0 (51678392)|HEAP_ALLOCATE|[16]|Bytes:4
11:31:29.0 (51702741)|VARIABLE_ASSIGNMENT|[16]|i|3
11:31:29.0 (51743749)|STATEMENT_EXECUTE|[16]
11:31:29.0 (51746872)|STATEMENT_EXECUTE|[17]
11:31:29.0 (51764367)|HEAP_ALLOCATE|[17]|Bytes:8
11:31:29.0 (51777198)|VARIABLE_SCOPE_BEGIN|[17]|keyword|String|false|false
11:31:29.0 (51791912)|VARIABLE_ASSIGNMENT|[17]|keyword|"Passport"
11:31:29.0 (51796072)|STATEMENT_EXECUTE|[21]
11:31:29.0 (51802188)|HEAP_ALLOCATE|[21]|Bytes:4
11:31:29.0 (51822878)|VARIABLE_SCOPE_BEGIN|[21]|casesWithSecretInfo|List<Case>|true|false
11:31:29.0 (51832952)|HEAP_ALLOCATE|[EXTERNAL]|Bytes:4
11:31:29.0 (51855006)|VARIABLE_ASSIGNMENT|[21]|casesWithSecretInfo|{"s":1,"v":[]}|0x59a5e6e0
11:31:29.0 (51916530)|HEAP_ALLOCATE|[22]|Bytes:5
11:31:29.0 (51943429)|VARIABLE_SCOPE_BEGIN|[22]|myCase|Case|true|false
11:31:29.0 (52696933)|VARIABLE_ASSIGNMENT|[22]|myCase|{"Origin":"Phone","Status":"New","LastModifiedDate":"2016-12-29T19:31:29.000Z","IsDeleted":false,"Description":"Passport SSN","Priority":"Medium","Product_Has_Extended (12 more) ...":false,"IsClosed":false,"SystemModstamp":"2016-12-29T19:31:29.000Z","BusinessHoursId":"01m41000000XnfnAAC","CreatedById":"00541000001IQl9AAG","IsEscalated":false,"OwnerId":"00541000001IQl9AAG","CreatedDate":"2016-12-29T19:31:29.000Z","IsClosedOnCreate":false,"CaseNumber":"00001086","Id":"50041000003lnWXAAY","LastModifiedById":"00541000001IQl9AAG"}|0xbe0c4cf
11:31:29.0 (52708146)|STATEMENT_EXECUTE|[22]
11:31:29.0 (52747018)|STATEMENT_EXECUTE|[23]
11:31:29.0 (52790079)|STATEMENT_EXECUTE|[25]
11:31:29.0 (52792815)|STATEMENT_EXECUTE|[26]
11:31:29.0 (52803280)|HEAP_ALLOCATE|[EXTERNAL]|Bytes:4
11:31:29.0 (52810639)|STATEMENT_EXECUTE|[27]
11:31:29.0 (52835517)|HEAP_ALLOCATE|[27]|Bytes:18
11:31:29.0 (52856006)|HEAP_ALLOCATE|[27]|Bytes:56
11:31:29.0 (52872790)|USER_DEBUG|[27]|DEBUG|Case 50041000003lnWXAAY includes secret keyword Passport
11:31:29.0 (52900227)|HEAP_ALLOCATE|[22]|Bytes:5
11:31:29.0 (52922070)|VARIABLE_ASSIGNMENT|[22]|myCase|null|
11:31:29.0 (52927118)|STATEMENT_EXECUTE|[35]
11:31:29.0 (52931779)|HEAP_ALLOCATE|[35]|Bytes:4
11:31:29.0 (52946700)|VARIABLE_SCOPE_BEGIN|[35]|casesToCreate|List<Case>|true|false
11:31:29.0 (52954606)|HEAP_ALLOCATE|[EXTERNAL]|Bytes:4
11:31:29.0 (52967575)|VARIABLE_ASSIGNMENT|[35]|casesToCreate|{"s":1,"v":[]}|0x5e4212eb
11:31:29.0 (52995070)|HEAP_ALLOCATE|[36]|Bytes:5
11:31:29.0 (53015833)|VARIABLE_SCOPE_BEGIN|[36]|caseWithSecretInfo|Case|true|false
11:31:29.0 (53545738)|VARIABLE_ASSIGNMENT|[36]|caseWithSecretInfo|{"Origin":"Phone","Status":"New","LastModifiedDate":"2016-12-29T19:31:29.000Z","IsDeleted":false,"Description":"Passport SSN","Priority":"Medium","Product_Has_Extended (12 more) ...":false,"IsClosed":false,"SystemModstamp":"2016-12-29T19:31:29.000Z","BusinessHoursId":"01m41000000XnfnAAC","CreatedById":"00541000001IQl9AAG","IsEscalated":false,"OwnerId":"00541000001IQl9AAG","CreatedDate":"2016-12-29T19:31:29.000Z","IsClosedOnCreate":false,"CaseNumber":"00001086","Id":"50041000003lnWXAAY","LastModifiedById":"00541000001IQl9AAG"}|0xbe0c4cf
11:31:29.0 (53555391)|STATEMENT_EXECUTE|[36]
11:31:29.0 (53557574)|STATEMENT_EXECUTE|[37]
11:31:29.0 (53573801)|HEAP_ALLOCATE|[37]|Bytes:4
11:31:29.0 (53595317)|VARIABLE_SCOPE_BEGIN|[37]|childCase|Case|true|false
11:31:29.0 (53609779)|VARIABLE_ASSIGNMENT|[37]|childCase|{}|0x239b6331
11:31:29.0 (53613538)|STATEMENT_EXECUTE|[38]
11:31:29.0 (53675447)|VARIABLE_ASSIGNMENT|[38]|this.Subject|"Warning: Parent case (24 more) ..."|0x239b6331
11:31:29.0 (53680902)|STATEMENT_EXECUTE|[39]
11:31:29.0 (53729326)|VARIABLE_ASSIGNMENT|[39]|this.ParentId|"50041000003lnWXAAY"|0x239b6331
11:31:29.0 (53733833)|STATEMENT_EXECUTE|[40]
11:31:29.0 (53776170)|VARIABLE_ASSIGNMENT|[40]|this.IsEscalated|true|0x239b6331
11:31:29.0 (53780661)|STATEMENT_EXECUTE|[41]
11:31:29.0 (53824634)|VARIABLE_ASSIGNMENT|[41]|this.Priority|"High"|0x239b6331
11:31:29.0 (53829019)|STATEMENT_EXECUTE|[42]
11:31:29.0 (53877077)|VARIABLE_ASSIGNMENT|[42]|this.Description|"Passport"|0x239b6331
11:31:29.0 (53881910)|STATEMENT_EXECUTE|[43]
11:31:29.0 (53902249)|HEAP_ALLOCATE|[EXTERNAL]|Bytes:4
11:31:29.0 (53924853)|HEAP_ALLOCATE|[36]|Bytes:5
11:31:29.0 (53945961)|VARIABLE_ASSIGNMENT|[36]|caseWithSecretInfo|null|
11:31:29.0 (53950498)|STATEMENT_EXECUTE|[45]
11:31:29.0 (53987642)|DML_BEGIN|[45]|Op:Insert|Type:Case|Rows:1
11:31:29.0 (54015263)|HEAP_ALLOCATE|[EXTERNAL]|Bytes:8
11:31:29.0 (79096106)|CODE_UNIT_STARTED|[EXTERNAL]|01q410000019tMZ|CheckSecretInformation on Case trigger event AfterInsert for [50041000003lnWZ]
11:31:29.0 (79131628)|HEAP_ALLOCATE|[EXTERNAL]|Bytes:8
11:31:29.0 (79218101)|HEAP_ALLOCATE|[EXTERNAL]|Bytes:12
11:31:29.0 (79229233)|VARIABLE_SCOPE_BEGIN|[1]|this|CheckSecretInformation|true|false
11:31:29.0 (79270661)|VARIABLE_ASSIGNMENT|[1]|this|{}|0x34a09726
11:31:29.0 (79303267)|HEAP_ALLOCATE|[EXTERNAL]|Bytes:12
11:31:29.0 (79311570)|VARIABLE_SCOPE_BEGIN|[1]|this|CheckSecretInformation|true|false
11:31:29.0 (79326775)|VARIABLE_ASSIGNMENT|[1]|this|{}|0x34a09726
11:31:29.0 (79332361)|STATEMENT_EXECUTE|[1]
11:31:29.0 (79334269)|STATEMENT_EXECUTE|[3]
11:31:29.0 (79361887)|VARIABLE_ASSIGNMENT|[3]|this.childCasesSubject|"Warning: Parent case (24 more) ..."|0x34a09726
11:31:29.0 (79364801)|STATEMENT_EXECUTE|[6]
11:31:29.0 (79368816)|HEAP_ALLOCATE|[6]|Bytes:4
11:31:29.0 (79403209)|HEAP_ALLOCATE|[EXTERNAL]|Bytes:4
11:31:29.0 (79420339)|VARIABLE_ASSIGNMENT|[6]|this.secretKeywords|{"s":1,"v":[]}|0x34a09726
11:31:29.0 (79426223)|STATEMENT_EXECUTE|[7]
11:31:29.0 (79442886)|HEAP_ALLOCATE|[EXTERNAL]|Bytes:4
11:31:29.0 (79449827)|STATEMENT_EXECUTE|[8]
11:31:29.0 (79458189)|HEAP_ALLOCATE|[EXTERNAL]|Bytes:4
11:31:29.0 (79461998)|STATEMENT_EXECUTE|[9]
11:31:29.0 (79472184)|HEAP_ALLOCATE|[EXTERNAL]|Bytes:4
11:31:29.0 (79476198)|STATEMENT_EXECUTE|[10]
11:31:29.0 (79483723)|HEAP_ALLOCATE|[EXTERNAL]|Bytes:4
11:31:29.0 (79487210)|STATEMENT_EXECUTE|[11]
11:31:29.0 (79494025)|HEAP_ALLOCATE|[EXTERNAL]|Bytes:4
11:31:29.0 (79498596)|STATEMENT_EXECUTE|[16]
11:31:29.0 (79503027)|VARIABLE_SCOPE_BEGIN|[16]|i|Integer|false|false
11:31:29.0 (79506362)|HEAP_ALLOCATE|[16]|Bytes:4
11:31:29.0 (79514156)|VARIABLE_ASSIGNMENT|[16]|i|0
11:31:29.0 (79529331)|STATEMENT_EXECUTE|[16]
11:31:29.0 (79530962)|STATEMENT_EXECUTE|[17]
11:31:29.0 (79540678)|HEAP_ALLOCATE|[17]|Bytes:11
11:31:29.0 (79546778)|VARIABLE_SCOPE_BEGIN|[17]|keyword|String|false|false
11:31:29.0 (79553033)|VARIABLE_ASSIGNMENT|[17]|keyword|"Credit Card"
11:31:29.0 (79555151)|STATEMENT_EXECUTE|[21]
11:31:29.0 (79559487)|HEAP_ALLOCATE|[21]|Bytes:4
11:31:29.0 (79569249)|VARIABLE_SCOPE_BEGIN|[21]|casesWithSecretInfo|List<Case>|true|false
11:31:29.0 (79574410)|HEAP_ALLOCATE|[EXTERNAL]|Bytes:4
11:31:29.0 (79583312)|VARIABLE_ASSIGNMENT|[21]|casesWithSecretInfo|{"s":1,"v":[]}|0x842c4c5
11:31:29.0 (79619750)|HEAP_ALLOCATE|[22]|Bytes:5
11:31:29.0 (79641730)|VARIABLE_SCOPE_BEGIN|[22]|myCase|Case|true|false
11:31:29.0 (80178309)|VARIABLE_ASSIGNMENT|[22]|myCase|{"Status":"New","ParentId":"50041000003lnWXAAY","LastModifiedDate":"2016-12-29T19:31:29.000Z","IsDeleted":false,"Description":"Passport","Priority":"High","Product_Has_Extended (12 more) ...":false,"IsClosed":false,"Subject":"Warning: Parent case (24 more) ...","SystemModstamp":"2016-12-29T19:31:29.000Z","BusinessHoursId":"01m41000000XnfnAAC","CreatedById":"00541000001IQl9AAG","IsEscalated":true,"OwnerId":"00541000001IQl9AAG","CreatedDate":"2016-12-29T19:31:29.000Z","IsClosedOnCreate":false,"CaseNumber":"00001088","Id":"50041000003lnWZAAY","LastModifiedById":"00541000001IQl9AAG"}|0x64e299f
11:31:29.0 (80187084)|STATEMENT_EXECUTE|[22]
11:31:29.0 (80219697)|STATEMENT_EXECUTE|[23]
11:31:29.0 (80232794)|HEAP_ALLOCATE|[22]|Bytes:5
11:31:29.0 (80247486)|VARIABLE_ASSIGNMENT|[22]|myCase|null|
11:31:29.0 (80251133)|STATEMENT_EXECUTE|[35]
11:31:29.0 (80255128)|HEAP_ALLOCATE|[35]|Bytes:4
11:31:29.0 (80265115)|VARIABLE_SCOPE_BEGIN|[35]|casesToCreate|List<Case>|true|false
11:31:29.0 (80270703)|HEAP_ALLOCATE|[EXTERNAL]|Bytes:4
11:31:29.0 (80279561)|VARIABLE_ASSIGNMENT|[35]|casesToCreate|{"s":1,"v":[]}|0x366797d7
11:31:29.0 (80297888)|HEAP_ALLOCATE|[36]|Bytes:5
11:31:29.0 (80309801)|VARIABLE_ASSIGNMENT|[36]|caseWithSecretInfo|null|
11:31:29.0 (80312690)|STATEMENT_EXECUTE|[36]
11:31:29.0 (80313878)|STATEMENT_EXECUTE|[45]
11:31:29.0 (80352791)|HEAP_ALLOCATE|[EXTERNAL]|Bytes:4
11:31:29.0 (80358617)|HEAP_ALLOCATE|[16]|Bytes:4
11:31:29.0 (80365352)|VARIABLE_ASSIGNMENT|[16]|i|1
11:31:29.0 (80381270)|STATEMENT_EXECUTE|[16]
11:31:29.0 (80382889)|STATEMENT_EXECUTE|[17]
11:31:29.0 (80390783)|HEAP_ALLOCATE|[17]|Bytes:15
11:31:29.0 (80396867)|VARIABLE_SCOPE_BEGIN|[17]|keyword|String|false|false
11:31:29.0 (80403528)|VARIABLE_ASSIGNMENT|[17]|keyword|"Social Security"
11:31:29.0 (80405540)|STATEMENT_EXECUTE|[21]
11:31:29.0 (80409001)|HEAP_ALLOCATE|[21]|Bytes:4
11:31:29.0 (80416962)|VARIABLE_SCOPE_BEGIN|[21]|casesWithSecretInfo|List<Case>|true|false
11:31:29.0 (80421366)|HEAP_ALLOCATE|[EXTERNAL]|Bytes:4
11:31:29.0 (80429289)|VARIABLE_ASSIGNMENT|[21]|casesWithSecretInfo|{"s":1,"v":[]}|0x775107ab
11:31:29.0 (80456135)|HEAP_ALLOCATE|[22]|Bytes:5
11:31:29.0 (80471261)|VARIABLE_SCOPE_BEGIN|[22]|myCase|Case|true|false
11:31:29.0 (80741180)|VARIABLE_ASSIGNMENT|[22]|myCase|{"Status":"New","ParentId":"50041000003lnWXAAY","LastModifiedDate":"2016-12-29T19:31:29.000Z","IsDeleted":false,"Description":"Passport","Priority":"High","Product_Has_Extended (12 more) ...":false,"IsClosed":false,"Subject":"Warning: Parent case (24 more) ...","SystemModstamp":"2016-12-29T19:31:29.000Z","BusinessHoursId":"01m41000000XnfnAAC","CreatedById":"00541000001IQl9AAG","IsEscalated":true,"OwnerId":"00541000001IQl9AAG","CreatedDate":"2016-12-29T19:31:29.000Z","IsClosedOnCreate":false,"CaseNumber":"00001088","Id":"50041000003lnWZAAY","LastModifiedById":"00541000001IQl9AAG"}|0x64e299f
11:31:29.0 (80748888)|STATEMENT_EXECUTE|[22]
11:31:29.0 (80779848)|STATEMENT_EXECUTE|[23]
11:31:29.0 (80792132)|HEAP_ALLOCATE|[22]|Bytes:5
11:31:29.0 (80805470)|VARIABLE_ASSIGNMENT|[22]|myCase|null|
11:31:29.0 (80808192)|STATEMENT_EXECUTE|[35]
11:31:29.0 (80811601)|HEAP_ALLOCATE|[35]|Bytes:4
11:31:29.0 (80820500)|VARIABLE_SCOPE_BEGIN|[35]|casesToCreate|List<Case>|true|false
11:31:29.0 (80825467)|HEAP_ALLOCATE|[EXTERNAL]|Bytes:4
11:31:29.0 (80833961)|VARIABLE_ASSIGNMENT|[35]|casesToCreate|{"s":1,"v":[]}|0x692b9168
11:31:29.0 (80850630)|HEAP_ALLOCATE|[36]|Bytes:5
11:31:29.0 (80861283)|VARIABLE_ASSIGNMENT|[36]|caseWithSecretInfo|null|
11:31:29.0 (80863926)|STATEMENT_EXECUTE|[36]
11:31:29.0 (80865751)|STATEMENT_EXECUTE|[45]
11:31:29.0 (80900138)|HEAP_ALLOCATE|[EXTERNAL]|Bytes:4
11:31:29.0 (80908826)|HEAP_ALLOCATE|[16]|Bytes:4
11:31:29.0 (80918581)|VARIABLE_ASSIGNMENT|[16]|i|2
11:31:29.0 (80959634)|STATEMENT_EXECUTE|[16]
11:31:29.0 (80963212)|STATEMENT_EXECUTE|[17]
11:31:29.0 (80980724)|HEAP_ALLOCATE|[17]|Bytes:3
11:31:29.0 (80992719)|VARIABLE_SCOPE_BEGIN|[17]|keyword|String|false|false
11:31:29.0 (81003212)|VARIABLE_ASSIGNMENT|[17]|keyword|"SSN"
11:31:29.0 (81007699)|STATEMENT_EXECUTE|[21]
11:31:29.0 (81013183)|HEAP_ALLOCATE|[21]|Bytes:4
11:31:29.0 (81028632)|VARIABLE_SCOPE_BEGIN|[21]|casesWithSecretInfo|List<Case>|true|false
11:31:29.0 (81036572)|HEAP_ALLOCATE|[EXTERNAL]|Bytes:4
11:31:29.0 (81054398)|VARIABLE_ASSIGNMENT|[21]|casesWithSecretInfo|{"s":1,"v":[]}|0x1e5e5f03
11:31:29.0 (81285253)|HEAP_ALLOCATE|[22]|Bytes:5
11:31:29.0 (81312869)|VARIABLE_SCOPE_BEGIN|[22]|myCase|Case|true|false
11:31:29.0 (81770762)|VARIABLE_ASSIGNMENT|[22]|myCase|{"Status":"New","ParentId":"50041000003lnWXAAY","LastModifiedDate":"2016-12-29T19:31:29.000Z","IsDeleted":false,"Description":"Passport","Priority":"High","Product_Has_Extended (12 more) ...":false,"IsClosed":false,"Subject":"Warning: Parent case (24 more) ...","SystemModstamp":"2016-12-29T19:31:29.000Z","BusinessHoursId":"01m41000000XnfnAAC","CreatedById":"00541000001IQl9AAG","IsEscalated":true,"OwnerId":"00541000001IQl9AAG","CreatedDate":"2016-12-29T19:31:29.000Z","IsClosedOnCreate":false,"CaseNumber":"00001088","Id":"50041000003lnWZAAY","LastModifiedById":"00541000001IQl9AAG"}|0x64e299f
11:31:29.0 (81778610)|STATEMENT_EXECUTE|[22]
11:31:29.0 (81807411)|STATEMENT_EXECUTE|[23]
11:31:29.0 (81820595)|HEAP_ALLOCATE|[22]|Bytes:5
11:31:29.0 (81836829)|VARIABLE_ASSIGNMENT|[22]|myCase|null|
11:31:29.0 (81839741)|STATEMENT_EXECUTE|[35]
11:31:29.0 (81843335)|HEAP_ALLOCATE|[35]|Bytes:4
11:31:29.0 (81852805)|VARIABLE_SCOPE_BEGIN|[35]|casesToCreate|List<Case>|true|false
11:31:29.0 (81858022)|HEAP_ALLOCATE|[EXTERNAL]|Bytes:4
11:31:29.0 (81867054)|VARIABLE_ASSIGNMENT|[35]|casesToCreate|{"s":1,"v":[]}|0x148dba30
11:31:29.0 (81884554)|HEAP_ALLOCATE|[36]|Bytes:5
11:31:29.0 (81898595)|VARIABLE_ASSIGNMENT|[36]|caseWithSecretInfo|null|
11:31:29.0 (81901830)|STATEMENT_EXECUTE|[36]
11:31:29.0 (81903073)|STATEMENT_EXECUTE|[45]
11:31:29.0 (81928341)|HEAP_ALLOCATE|[EXTERNAL]|Bytes:4
11:31:29.0 (81934142)|HEAP_ALLOCATE|[16]|Bytes:4
11:31:29.0 (81941013)|VARIABLE_ASSIGNMENT|[16]|i|3
11:31:29.0 (81957243)|STATEMENT_EXECUTE|[16]
11:31:29.0 (81958905)|STATEMENT_EXECUTE|[17]
11:31:29.0 (81966733)|HEAP_ALLOCATE|[17]|Bytes:8
11:31:29.0 (81972900)|VARIABLE_SCOPE_BEGIN|[17]|keyword|String|false|false
11:31:29.0 (81979183)|VARIABLE_ASSIGNMENT|[17]|keyword|"Passport"
11:31:29.0 (81981188)|STATEMENT_EXECUTE|[21]
11:31:29.0 (81984363)|HEAP_ALLOCATE|[21]|Bytes:4
11:31:29.0 (81992460)|VARIABLE_SCOPE_BEGIN|[21]|casesWithSecretInfo|List<Case>|true|false
11:31:29.0 (81997064)|HEAP_ALLOCATE|[EXTERNAL]|Bytes:4
11:31:29.0 (82005021)|VARIABLE_ASSIGNMENT|[21]|casesWithSecretInfo|{"s":1,"v":[]}|0x6b9e9b55
11:31:29.0 (82033183)|HEAP_ALLOCATE|[22]|Bytes:5
11:31:29.0 (82053112)|VARIABLE_SCOPE_BEGIN|[22]|myCase|Case|true|false
11:31:29.0 (82343371)|VARIABLE_ASSIGNMENT|[22]|myCase|{"Status":"New","ParentId":"50041000003lnWXAAY","LastModifiedDate":"2016-12-29T19:31:29.000Z","IsDeleted":false,"Description":"Passport","Priority":"High","Product_Has_Extended (12 more) ...":false,"IsClosed":false,"Subject":"Warning: Parent case (24 more) ...","SystemModstamp":"2016-12-29T19:31:29.000Z","BusinessHoursId":"01m41000000XnfnAAC","CreatedById":"00541000001IQl9AAG","IsEscalated":true,"OwnerId":"00541000001IQl9AAG","CreatedDate":"2016-12-29T19:31:29.000Z","IsClosedOnCreate":false,"CaseNumber":"00001088","Id":"50041000003lnWZAAY","LastModifiedById":"00541000001IQl9AAG"}|0x64e299f
11:31:29.0 (82357179)|STATEMENT_EXECUTE|[22]
11:31:29.0 (82385845)|STATEMENT_EXECUTE|[23]
11:31:29.0 (82398067)|HEAP_ALLOCATE|[22]|Bytes:5
11:31:29.0 (82411729)|VARIABLE_ASSIGNMENT|[22]|myCase|null|
11:31:29.0 (82414459)|STATEMENT_EXECUTE|[35]
11:31:29.0 (82417853)|HEAP_ALLOCATE|[35]|Bytes:4
11:31:29.0 (82426934)|VARIABLE_SCOPE_BEGIN|[35]|casesToCreate|List<Case>|true|false
11:31:29.0 (82431900)|HEAP_ALLOCATE|[EXTERNAL]|Bytes:4
11:31:29.0 (82440412)|VARIABLE_ASSIGNMENT|[35]|casesToCreate|{"s":1,"v":[]}|0x5e8bf79f
11:31:29.0 (82463588)|HEAP_ALLOCATE|[36]|Bytes:5
11:31:29.0 (82483608)|VARIABLE_ASSIGNMENT|[36]|caseWithSecretInfo|null|
11:31:29.0 (82488552)|STATEMENT_EXECUTE|[36]
11:31:29.0 (82490707)|STATEMENT_EXECUTE|[45]
11:31:29.0 (82522239)|HEAP_ALLOCATE|[EXTERNAL]|Bytes:4
11:31:29.0 (82527945)|HEAP_ALLOCATE|[16]|Bytes:4
11:31:29.0 (82535347)|VARIABLE_ASSIGNMENT|[16]|i|4
11:31:29.0 (82555940)|STATEMENT_EXECUTE|[16]
11:31:29.0 (82558982)|STATEMENT_EXECUTE|[17]
11:31:29.0 (82575829)|HEAP_ALLOCATE|[17]|Bytes:10
11:31:29.0 (82588195)|VARIABLE_SCOPE_BEGIN|[17]|keyword|String|false|false
11:31:29.0 (82595906)|VARIABLE_ASSIGNMENT|[17]|keyword|"Bodyweight"
11:31:29.0 (82598106)|STATEMENT_EXECUTE|[21]
11:31:29.0 (82601790)|HEAP_ALLOCATE|[21]|Bytes:4
11:31:29.0 (82614764)|VARIABLE_SCOPE_BEGIN|[21]|casesWithSecretInfo|List<Case>|true|false
11:31:29.0 (82622299)|HEAP_ALLOCATE|[EXTERNAL]|Bytes:4
11:31:29.0 (82634955)|VARIABLE_ASSIGNMENT|[21]|casesWithSecretInfo|{"s":1,"v":[]}|0x32411d0a
11:31:29.0 (82673889)|HEAP_ALLOCATE|[22]|Bytes:5
11:31:29.0 (82703092)|VARIABLE_SCOPE_BEGIN|[22]|myCase|Case|true|false
11:31:29.0 (82967586)|VARIABLE_ASSIGNMENT|[22]|myCase|{"Status":"New","ParentId":"50041000003lnWXAAY","LastModifiedDate":"2016-12-29T19:31:29.000Z","IsDeleted":false,"Description":"Passport","Priority":"High","Product_Has_Extended (12 more) ...":false,"IsClosed":false,"Subject":"Warning: Parent case (24 more) ...","SystemModstamp":"2016-12-29T19:31:29.000Z","BusinessHoursId":"01m41000000XnfnAAC","CreatedById":"00541000001IQl9AAG","IsEscalated":true,"OwnerId":"00541000001IQl9AAG","CreatedDate":"2016-12-29T19:31:29.000Z","IsClosedOnCreate":false,"CaseNumber":"00001088","Id":"50041000003lnWZAAY","LastModifiedById":"00541000001IQl9AAG"}|0x64e299f
11:31:29.0 (82975427)|STATEMENT_EXECUTE|[22]
11:31:29.0 (83003129)|STATEMENT_EXECUTE|[23]
11:31:29.0 (83016305)|HEAP_ALLOCATE|[22]|Bytes:5
11:31:29.0 (83029540)|VARIABLE_ASSIGNMENT|[22]|myCase|null|
11:31:29.0 (83032262)|STATEMENT_EXECUTE|[35]
11:31:29.0 (83035681)|HEAP_ALLOCATE|[35]|Bytes:4
11:31:29.0 (83044560)|VARIABLE_SCOPE_BEGIN|[35]|casesToCreate|List<Case>|true|false
11:31:29.0 (83054229)|HEAP_ALLOCATE|[EXTERNAL]|Bytes:4
11:31:29.0 (83063154)|VARIABLE_ASSIGNMENT|[35]|casesToCreate|{"s":1,"v":[]}|0x4be47d48
11:31:29.0 (83080465)|HEAP_ALLOCATE|[36]|Bytes:5
11:31:29.0 (83091327)|VARIABLE_ASSIGNMENT|[36]|caseWithSecretInfo|null|
11:31:29.0 (83094090)|STATEMENT_EXECUTE|[36]
11:31:29.0 (83095254)|STATEMENT_EXECUTE|[45]
11:31:29.0 (83118887)|HEAP_ALLOCATE|[EXTERNAL]|Bytes:4
11:31:29.0 (83124178)|HEAP_ALLOCATE|[16]|Bytes:4
11:31:29.0 (83130809)|VARIABLE_ASSIGNMENT|[16]|i|5
11:31:29.83 (83152002)|CUMULATIVE_LIMIT_USAGE
11:31:29.83 (83152002)|LIMIT_USAGE_FOR_NS|(default)|
  Number of SOQL queries: 0 out of 100
  Number of query rows: 0 out of 50000
  Number of SOSL queries: 0 out of 20
  Number of DML statements: 2 out of 150
  Number of DML rows: 2 out of 10000
  Maximum CPU time: 0 out of 10000
  Maximum heap size: 0 out of 6000000
  Number of callouts: 0 out of 100
  Number of Email Invocations: 0 out of 10
  Number of future calls: 0 out of 50
  Number of queueable jobs added to the queue: 0 out of 50
  Number of Mobile Apex push calls: 0 out of 10

11:31:29.83 (83152002)|CUMULATIVE_LIMIT_USAGE_END

11:31:29.0 (84238159)|CODE_UNIT_FINISHED|CheckSecretInformation on Case trigger event AfterInsert for [50041000003lnWZ]
11:31:29.0 (84325025)|CODE_UNIT_STARTED|[EXTERNAL]|Workflow:Case
11:31:29.0 (88575286)|WF_RULE_EVAL_BEGIN|Assignment
11:31:29.0 (88586186)|WF_SPOOL_ACTION_BEGIN|Assignment
11:31:29.0 (88589926)|WF_ACTION|.
11:31:29.0 (88591736)|WF_RULE_EVAL_END
11:31:29.0 (88597407)|WF_RULE_EVAL_BEGIN|Escalation
11:31:29.0 (88602589)|WF_SPOOL_ACTION_BEGIN|Escalation
11:31:29.0 (88603887)|WF_ACTION|.
11:31:29.0 (88604872)|WF_RULE_EVAL_END
11:31:29.0 (88646406)|WF_ACTIONS_END| None
11:31:29.0 (88651712)|CODE_UNIT_FINISHED|Workflow:Case
11:31:29.0 (88809751)|DML_END|[45]
11:31:29.0 (88834713)|HEAP_ALLOCATE|[EXTERNAL]|Bytes:8
11:31:29.0 (88847431)|HEAP_ALLOCATE|[16]|Bytes:4
11:31:29.0 (88862493)|VARIABLE_ASSIGNMENT|[16]|i|4
11:31:29.0 (88888891)|STATEMENT_EXECUTE|[16]
11:31:29.0 (88891729)|STATEMENT_EXECUTE|[17]
11:31:29.0 (88906712)|HEAP_ALLOCATE|[17]|Bytes:10
11:31:29.0 (88914173)|VARIABLE_SCOPE_BEGIN|[17]|keyword|String|false|false
11:31:29.0 (88923129)|VARIABLE_ASSIGNMENT|[17]|keyword|"Bodyweight"
11:31:29.0 (88925893)|STATEMENT_EXECUTE|[21]
11:31:29.0 (88930800)|HEAP_ALLOCATE|[21]|Bytes:4
11:31:29.0 (88941958)|VARIABLE_SCOPE_BEGIN|[21]|casesWithSecretInfo|List<Case>|true|false
11:31:29.0 (88947392)|HEAP_ALLOCATE|[EXTERNAL]|Bytes:4
11:31:29.0 (88959753)|VARIABLE_ASSIGNMENT|[21]|casesWithSecretInfo|{"s":1,"v":[]}|0x55893155
11:31:29.0 (88992398)|HEAP_ALLOCATE|[22]|Bytes:5
11:31:29.0 (89010097)|VARIABLE_SCOPE_BEGIN|[22]|myCase|Case|true|false
11:31:29.0 (89357993)|VARIABLE_ASSIGNMENT|[22]|myCase|{"Origin":"Phone","Status":"New","LastModifiedDate":"2016-12-29T19:31:29.000Z","IsDeleted":false,"Description":"Passport SSN","Priority":"Medium","Product_Has_Extended (12 more) ...":false,"IsClosed":false,"SystemModstamp":"2016-12-29T19:31:29.000Z","BusinessHoursId":"01m41000000XnfnAAC","CreatedById":"00541000001IQl9AAG","IsEscalated":false,"OwnerId":"00541000001IQl9AAG","CreatedDate":"2016-12-29T19:31:29.000Z","IsClosedOnCreate":false,"CaseNumber":"00001086","Id":"50041000003lnWXAAY","LastModifiedById":"00541000001IQl9AAG"}|0xbe0c4cf
11:31:29.0 (89365305)|STATEMENT_EXECUTE|[22]
11:31:29.0 (89390046)|STATEMENT_EXECUTE|[23]
11:31:29.0 (89425010)|STATEMENT_EXECUTE|[25]
11:31:29.0 (89436257)|HEAP_ALLOCATE|[22]|Bytes:5
11:31:29.0 (89450044)|VARIABLE_ASSIGNMENT|[22]|myCase|null|
11:31:29.0 (89452784)|STATEMENT_EXECUTE|[35]
11:31:29.0 (89456267)|HEAP_ALLOCATE|[35]|Bytes:4
11:31:29.0 (89465869)|VARIABLE_SCOPE_BEGIN|[35]|casesToCreate|List<Case>|true|false
11:31:29.0 (89470987)|HEAP_ALLOCATE|[EXTERNAL]|Bytes:4
11:31:29.0 (89480253)|VARIABLE_ASSIGNMENT|[35]|casesToCreate|{"s":1,"v":[]}|0x6f1acfa3
11:31:29.0 (89497157)|HEAP_ALLOCATE|[36]|Bytes:5
11:31:29.0 (89507636)|VARIABLE_ASSIGNMENT|[36]|caseWithSecretInfo|null|
11:31:29.0 (89510286)|STATEMENT_EXECUTE|[36]
11:31:29.0 (89511421)|STATEMENT_EXECUTE|[45]
11:31:29.0 (89538942)|HEAP_ALLOCATE|[EXTERNAL]|Bytes:4
11:31:29.0 (89544287)|HEAP_ALLOCATE|[16]|Bytes:4
11:31:29.0 (89551042)|VARIABLE_ASSIGNMENT|[16]|i|5
11:31:29.89 (89572783)|CUMULATIVE_LIMIT_USAGE
11:31:29.89 (89572783)|LIMIT_USAGE_FOR_NS|(default)|
  Number of SOQL queries: 0 out of 100
  Number of query rows: 0 out of 50000
  Number of SOSL queries: 0 out of 20
  Number of DML statements: 2 out of 150
  Number of DML rows: 2 out of 10000
  Maximum CPU time: 0 out of 10000
  Maximum heap size: 0 out of 6000000
  Number of callouts: 0 out of 100
  Number of Email Invocations: 0 out of 10
  Number of future calls: 0 out of 50
  Number of queueable jobs added to the queue: 0 out of 50
  Number of Mobile Apex push calls: 0 out of 10

11:31:29.89 (89572783)|CUMULATIVE_LIMIT_USAGE_END

11:31:29.0 (90625259)|CODE_UNIT_FINISHED|CheckSecretInformation on Case trigger event AfterInsert for [50041000003lnWX]
11:31:29.0 (91833881)|EXECUTION_FINISHED
11:31:29.93 (93718976)|USER_INFO|[EXTERNAL]|00541000001IQl9|wjw@stuff.com|Pacific Standard Time|GMT-08:00
11:31:29.93 (93729683)|EXECUTION_STARTED
11:31:29.93 (93734617)|CODE_UNIT_STARTED|[EXTERNAL]|Workflow:Case
11:31:29.93 (98313803)|WF_RULE_EVAL_BEGIN|Assignment
11:31:29.93 (98329485)|WF_SPOOL_ACTION_BEGIN|Assignment
11:31:29.93 (98334775)|WF_ACTION|.
11:31:29.93 (98337322)|WF_RULE_EVAL_END
11:31:29.93 (98345306)|WF_RULE_EVAL_BEGIN|Escalation
11:31:29.93 (98353410)|WF_SPOOL_ACTION_BEGIN|Escalation
11:31:29.93 (98355931)|WF_ACTION|.
11:31:29.93 (98357470)|WF_RULE_EVAL_END
11:31:29.93 (98404559)|WF_ACTIONS_END| None
11:31:29.93 (98411710)|CODE_UNIT_FINISHED|Workflow:Case
11:31:29.93 (99481528)|EXECUTION_FINISHED
