36.0 APEX_CODE,FINEST;APEX_PROFILING,INFO;CALLOUT,INFO;DB,INFO;SYSTEM,DEBUG;VALIDATION,INFO;VISUALFORCE,INFO;WORKFLOW,INFO
11:44:33.0 (378257)|USER_INFO|[EXTERNAL]|00541000001IQl9|wjw@stuff.com|Pacific Standard Time|GMT-08:00
11:44:33.0 (411637)|EXECUTION_STARTED
11:44:33.0 (417000)|CODE_UNIT_STARTED|[EXTERNAL]|01q410000019tMZ|CheckSecretInformation on Case trigger event AfterInsert for [50041000003lnbE]
11:44:33.0 (478270)|HEAP_ALLOCATE|[EXTERNAL]|Bytes:8
11:44:33.0 (989655)|HEAP_ALLOCATE|[72]|Bytes:3
11:44:33.0 (1062732)|HEAP_ALLOCATE|[77]|Bytes:152
11:44:33.0 (1083961)|HEAP_ALLOCATE|[342]|Bytes:408
11:44:33.0 (1103654)|HEAP_ALLOCATE|[355]|Bytes:408
11:44:33.0 (1122465)|HEAP_ALLOCATE|[467]|Bytes:48
11:44:33.0 (1191249)|HEAP_ALLOCATE|[139]|Bytes:6
11:44:33.0 (1210881)|HEAP_ALLOCATE|[EXTERNAL]|Bytes:2
11:44:33.0 (1318587)|HEAP_ALLOCATE|[EXTERNAL]|Bytes:12
11:44:33.0 (1329075)|VARIABLE_SCOPE_BEGIN|[1]|this|CheckSecretInformation|true|false
11:44:33.0 (1693517)|VARIABLE_ASSIGNMENT|[1]|this|{}|0x1d3f298
11:44:33.0 (1764427)|HEAP_ALLOCATE|[EXTERNAL]|Bytes:12
11:44:33.0 (1772361)|VARIABLE_SCOPE_BEGIN|[1]|this|CheckSecretInformation|true|false
11:44:33.0 (1786705)|VARIABLE_ASSIGNMENT|[1]|this|{}|0x1d3f298
11:44:33.0 (1794073)|STATEMENT_EXECUTE|[1]
11:44:33.0 (1796260)|STATEMENT_EXECUTE|[3]
11:44:33.0 (1800024)|HEAP_ALLOCATE|[3]|Bytes:44
11:44:33.0 (1837869)|HEAP_ALLOCATE|[50]|Bytes:5
11:44:33.0 (1865204)|HEAP_ALLOCATE|[56]|Bytes:5
11:44:33.0 (1874473)|HEAP_ALLOCATE|[64]|Bytes:7
11:44:33.0 (1946830)|VARIABLE_ASSIGNMENT|[3]|this.childCasesSubject|"Warning: Parent case (24 more) ..."|0x1d3f298
11:44:33.0 (1952425)|STATEMENT_EXECUTE|[6]
11:44:33.0 (1961557)|HEAP_ALLOCATE|[6]|Bytes:4
11:44:33.0 (2119964)|HEAP_ALLOCATE|[EXTERNAL]|Bytes:4
11:44:33.0 (2143900)|VARIABLE_ASSIGNMENT|[6]|this.secretKeywords|{"s":1,"v":[]}|0x1d3f298
11:44:33.0 (2147558)|STATEMENT_EXECUTE|[7]
11:44:33.0 (2162185)|HEAP_ALLOCATE|[7]|Bytes:11
11:44:33.0 (2248363)|HEAP_ALLOCATE|[EXTERNAL]|Bytes:4
11:44:33.0 (2285244)|STATEMENT_EXECUTE|[8]
11:44:33.0 (2304668)|HEAP_ALLOCATE|[8]|Bytes:15
11:44:33.0 (2346871)|HEAP_ALLOCATE|[EXTERNAL]|Bytes:4
11:44:33.0 (2358513)|STATEMENT_EXECUTE|[9]
11:44:33.0 (2374975)|HEAP_ALLOCATE|[9]|Bytes:3
11:44:33.0 (2404915)|HEAP_ALLOCATE|[EXTERNAL]|Bytes:4
11:44:33.0 (2412303)|STATEMENT_EXECUTE|[10]
11:44:33.0 (2422956)|HEAP_ALLOCATE|[10]|Bytes:8
11:44:33.0 (2442533)|HEAP_ALLOCATE|[EXTERNAL]|Bytes:4
11:44:33.0 (2448678)|STATEMENT_EXECUTE|[11]
11:44:33.0 (2463424)|HEAP_ALLOCATE|[11]|Bytes:10
11:44:33.0 (2493103)|HEAP_ALLOCATE|[EXTERNAL]|Bytes:4
11:44:33.0 (2506680)|STATEMENT_EXECUTE|[16]
11:44:33.0 (2516112)|VARIABLE_SCOPE_BEGIN|[16]|i|Integer|false|false
11:44:33.0 (2524727)|HEAP_ALLOCATE|[16]|Bytes:4
11:44:33.0 (2533522)|VARIABLE_ASSIGNMENT|[16]|i|0
11:44:33.0 (2584600)|STATEMENT_EXECUTE|[16]
11:44:33.0 (2588312)|STATEMENT_EXECUTE|[17]
11:44:33.0 (2624434)|HEAP_ALLOCATE|[17]|Bytes:11
11:44:33.0 (2635290)|VARIABLE_SCOPE_BEGIN|[17]|keyword|String|false|false
11:44:33.0 (2643833)|VARIABLE_ASSIGNMENT|[17]|keyword|"Credit Card"
11:44:33.0 (2646232)|STATEMENT_EXECUTE|[19]
11:44:33.0 (2658729)|HEAP_ALLOCATE|[19]|Bytes:4
11:44:33.0 (2684947)|VARIABLE_SCOPE_BEGIN|[19]|keywordList|Set<String>|true|false
11:44:33.0 (2718079)|VARIABLE_ASSIGNMENT|[19]|keywordList|{"s":1,"v":[]}|0x29ed7742
11:44:33.0 (2721547)|STATEMENT_EXECUTE|[20]
11:44:33.0 (2747877)|HEAP_ALLOCATE|[EXTERNAL]|Bytes:4
11:44:33.0 (2756537)|STATEMENT_EXECUTE|[22]
11:44:33.0 (2808675)|HEAP_ALLOCATE|[22]|Bytes:4
11:44:33.0 (2890868)|VARIABLE_SCOPE_BEGIN|[22]|casesWithSecretInfo|List<Case>|true|false
11:44:33.0 (2900915)|HEAP_ALLOCATE|[EXTERNAL]|Bytes:4
11:44:33.0 (2915540)|VARIABLE_ASSIGNMENT|[22]|casesWithSecretInfo|{"s":1,"v":[]}|0x37b417d5
11:44:33.0 (3121862)|HEAP_ALLOCATE|[23]|Bytes:5
11:44:33.0 (3188655)|VARIABLE_SCOPE_BEGIN|[23]|myCase|Case|true|false
11:44:33.0 (4018026)|VARIABLE_ASSIGNMENT|[23]|myCase|{"Origin":"Phone","Status":"New","LastModifiedDate":"2016-12-29T19:44:33.000Z","IsDeleted":false,"Description":"SSN Passport","Priority":"Medium","Product_Has_Extended (12 more) ...":false,"IsClosed":false,"SystemModstamp":"2016-12-29T19:44:33.000Z","BusinessHoursId":"01m41000000XnfnAAC","CreatedById":"00541000001IQl9AAG","IsEscalated":false,"OwnerId":"00541000001IQl9AAG","CreatedDate":"2016-12-29T19:44:33.000Z","IsClosedOnCreate":false,"CaseNumber":"00001092","Id":"50041000003lnbEAAQ","LastModifiedById":"00541000001IQl9AAG"}|0x35739015
11:44:33.0 (4031110)|STATEMENT_EXECUTE|[23]
11:44:33.0 (4075539)|STATEMENT_EXECUTE|[24]
11:44:33.0 (4180355)|STATEMENT_EXECUTE|[26]
11:44:33.0 (4194216)|HEAP_ALLOCATE|[23]|Bytes:5
11:44:33.0 (4209498)|VARIABLE_ASSIGNMENT|[23]|myCase|null|
11:44:33.0 (4213505)|STATEMENT_EXECUTE|[36]
11:44:33.0 (4217856)|HEAP_ALLOCATE|[36]|Bytes:4
11:44:33.0 (4235402)|VARIABLE_SCOPE_BEGIN|[36]|casesToCreate|List<Case>|true|false
11:44:33.0 (4241755)|HEAP_ALLOCATE|[EXTERNAL]|Bytes:4
11:44:33.0 (4252113)|VARIABLE_ASSIGNMENT|[36]|casesToCreate|{"s":1,"v":[]}|0x510ffb59
11:44:33.0 (4282224)|HEAP_ALLOCATE|[37]|Bytes:5
11:44:33.0 (4294965)|VARIABLE_ASSIGNMENT|[37]|caseWithSecretInfo|null|
11:44:33.0 (4298265)|STATEMENT_EXECUTE|[37]
11:44:33.0 (4299689)|STATEMENT_EXECUTE|[46]
11:44:33.0 (4398595)|HEAP_ALLOCATE|[EXTERNAL]|Bytes:4
11:44:33.0 (4407546)|HEAP_ALLOCATE|[16]|Bytes:4
11:44:33.0 (4415028)|VARIABLE_ASSIGNMENT|[16]|i|1
11:44:33.0 (4432133)|STATEMENT_EXECUTE|[16]
11:44:33.0 (4433826)|STATEMENT_EXECUTE|[17]
11:44:33.0 (4441432)|HEAP_ALLOCATE|[17]|Bytes:15
11:44:33.0 (4448015)|VARIABLE_SCOPE_BEGIN|[17]|keyword|String|false|false
11:44:33.0 (4455249)|VARIABLE_ASSIGNMENT|[17]|keyword|"Social Security"
11:44:33.0 (4461366)|STATEMENT_EXECUTE|[19]
11:44:33.0 (4465406)|HEAP_ALLOCATE|[19]|Bytes:4
11:44:33.0 (4475070)|VARIABLE_SCOPE_BEGIN|[19]|keywordList|Set<String>|true|false
11:44:33.0 (4490438)|VARIABLE_ASSIGNMENT|[19]|keywordList|{"s":1,"v":[]}|0x13dd2f6a
11:44:33.0 (4493131)|STATEMENT_EXECUTE|[20]
11:44:33.0 (4499884)|HEAP_ALLOCATE|[EXTERNAL]|Bytes:4
11:44:33.0 (4505190)|STATEMENT_EXECUTE|[22]
11:44:33.0 (4508623)|HEAP_ALLOCATE|[22]|Bytes:4
11:44:33.0 (4519251)|VARIABLE_SCOPE_BEGIN|[22]|casesWithSecretInfo|List<Case>|true|false
11:44:33.0 (4527311)|HEAP_ALLOCATE|[EXTERNAL]|Bytes:4
11:44:33.0 (4540000)|VARIABLE_ASSIGNMENT|[22]|casesWithSecretInfo|{"s":1,"v":[]}|0x3a87e63c
11:44:33.0 (4583405)|HEAP_ALLOCATE|[23]|Bytes:5
11:44:33.0 (4609594)|VARIABLE_SCOPE_BEGIN|[23]|myCase|Case|true|false
11:44:33.0 (4978320)|VARIABLE_ASSIGNMENT|[23]|myCase|{"Origin":"Phone","Status":"New","LastModifiedDate":"2016-12-29T19:44:33.000Z","IsDeleted":false,"Description":"SSN Passport","Priority":"Medium","Product_Has_Extended (12 more) ...":false,"IsClosed":false,"SystemModstamp":"2016-12-29T19:44:33.000Z","BusinessHoursId":"01m41000000XnfnAAC","CreatedById":"00541000001IQl9AAG","IsEscalated":false,"OwnerId":"00541000001IQl9AAG","CreatedDate":"2016-12-29T19:44:33.000Z","IsClosedOnCreate":false,"CaseNumber":"00001092","Id":"50041000003lnbEAAQ","LastModifiedById":"00541000001IQl9AAG"}|0x35739015
11:44:33.0 (4986244)|STATEMENT_EXECUTE|[23]
11:44:33.0 (5009683)|STATEMENT_EXECUTE|[24]
11:44:33.0 (5034848)|STATEMENT_EXECUTE|[26]
11:44:33.0 (5045994)|HEAP_ALLOCATE|[23]|Bytes:5
11:44:33.0 (5059102)|VARIABLE_ASSIGNMENT|[23]|myCase|null|
11:44:33.0 (5061960)|STATEMENT_EXECUTE|[36]
11:44:33.0 (5065363)|HEAP_ALLOCATE|[36]|Bytes:4
11:44:33.0 (5074407)|VARIABLE_SCOPE_BEGIN|[36]|casesToCreate|List<Case>|true|false
11:44:33.0 (5079611)|HEAP_ALLOCATE|[EXTERNAL]|Bytes:4
11:44:33.0 (5088640)|VARIABLE_ASSIGNMENT|[36]|casesToCreate|{"s":1,"v":[]}|0x69a42a16
11:44:33.0 (5105694)|HEAP_ALLOCATE|[37]|Bytes:5
11:44:33.0 (5116324)|VARIABLE_ASSIGNMENT|[37]|caseWithSecretInfo|null|
11:44:33.0 (5119144)|STATEMENT_EXECUTE|[37]
11:44:33.0 (5120251)|STATEMENT_EXECUTE|[46]
11:44:33.0 (5145018)|HEAP_ALLOCATE|[EXTERNAL]|Bytes:4
11:44:33.0 (5151247)|HEAP_ALLOCATE|[16]|Bytes:4
11:44:33.0 (5157616)|VARIABLE_ASSIGNMENT|[16]|i|2
11:44:33.0 (5172587)|STATEMENT_EXECUTE|[16]
11:44:33.0 (5174254)|STATEMENT_EXECUTE|[17]
11:44:33.0 (5181873)|HEAP_ALLOCATE|[17]|Bytes:3
11:44:33.0 (5188291)|VARIABLE_SCOPE_BEGIN|[17]|keyword|String|false|false
11:44:33.0 (5194228)|VARIABLE_ASSIGNMENT|[17]|keyword|"SSN"
11:44:33.0 (5196044)|STATEMENT_EXECUTE|[19]
11:44:33.0 (5199758)|HEAP_ALLOCATE|[19]|Bytes:4
11:44:33.0 (5208221)|VARIABLE_SCOPE_BEGIN|[19]|keywordList|Set<String>|true|false
11:44:33.0 (5221846)|VARIABLE_ASSIGNMENT|[19]|keywordList|{"s":1,"v":[]}|0x47dfd148
11:44:33.0 (5224306)|STATEMENT_EXECUTE|[20]
11:44:33.0 (5230640)|HEAP_ALLOCATE|[EXTERNAL]|Bytes:4
11:44:33.0 (5235574)|STATEMENT_EXECUTE|[22]
11:44:33.0 (5239037)|HEAP_ALLOCATE|[22]|Bytes:4
11:44:33.0 (5246244)|VARIABLE_SCOPE_BEGIN|[22]|casesWithSecretInfo|List<Case>|true|false
11:44:33.0 (5251205)|HEAP_ALLOCATE|[EXTERNAL]|Bytes:4
11:44:33.0 (5258427)|VARIABLE_ASSIGNMENT|[22]|casesWithSecretInfo|{"s":1,"v":[]}|0x3d8300a6
11:44:33.0 (5284642)|HEAP_ALLOCATE|[23]|Bytes:5
11:44:33.0 (5299673)|VARIABLE_SCOPE_BEGIN|[23]|myCase|Case|true|false
11:44:33.0 (5576781)|VARIABLE_ASSIGNMENT|[23]|myCase|{"Origin":"Phone","Status":"New","LastModifiedDate":"2016-12-29T19:44:33.000Z","IsDeleted":false,"Description":"SSN Passport","Priority":"Medium","Product_Has_Extended (12 more) ...":false,"IsClosed":false,"SystemModstamp":"2016-12-29T19:44:33.000Z","BusinessHoursId":"01m41000000XnfnAAC","CreatedById":"00541000001IQl9AAG","IsEscalated":false,"OwnerId":"00541000001IQl9AAG","CreatedDate":"2016-12-29T19:44:33.000Z","IsClosedOnCreate":false,"CaseNumber":"00001092","Id":"50041000003lnbEAAQ","LastModifiedById":"00541000001IQl9AAG"}|0x35739015
11:44:33.0 (5584329)|STATEMENT_EXECUTE|[23]
11:44:33.0 (5606817)|STATEMENT_EXECUTE|[24]
11:44:33.0 (5633521)|STATEMENT_EXECUTE|[26]
11:44:33.0 (5635648)|STATEMENT_EXECUTE|[27]
11:44:33.0 (5660599)|HEAP_ALLOCATE|[EXTERNAL]|Bytes:4
11:44:33.0 (5668068)|STATEMENT_EXECUTE|[28]
11:44:33.0 (5671704)|HEAP_ALLOCATE|[28]|Bytes:5
11:44:33.0 (5727895)|HEAP_ALLOCATE|[28]|Bytes:18
11:44:33.0 (5739289)|HEAP_ALLOCATE|[28]|Bytes:25
11:44:33.0 (5765306)|HEAP_ALLOCATE|[28]|Bytes:5
11:44:33.0 (5792926)|HEAP_ALLOCATE|[28]|Bytes:53
11:44:33.0 (5819442)|USER_DEBUG|[28]|DEBUG|Case 50041000003lnbEAAQ includes secret keyword {SSN}
11:44:33.0 (5834119)|HEAP_ALLOCATE|[23]|Bytes:5
11:44:33.0 (5849408)|VARIABLE_ASSIGNMENT|[23]|myCase|null|
11:44:33.0 (5854124)|STATEMENT_EXECUTE|[36]
11:44:33.0 (5859278)|HEAP_ALLOCATE|[36]|Bytes:4
11:44:33.0 (5875370)|VARIABLE_SCOPE_BEGIN|[36]|casesToCreate|List<Case>|true|false
11:44:33.0 (5883774)|HEAP_ALLOCATE|[EXTERNAL]|Bytes:4
11:44:33.0 (5896859)|VARIABLE_ASSIGNMENT|[36]|casesToCreate|{"s":1,"v":[]}|0x38b0a72c
11:44:33.0 (5916777)|HEAP_ALLOCATE|[37]|Bytes:5
11:44:33.0 (5935656)|VARIABLE_SCOPE_BEGIN|[37]|caseWithSecretInfo|Case|true|false
11:44:33.0 (6276578)|VARIABLE_ASSIGNMENT|[37]|caseWithSecretInfo|{"Origin":"Phone","Status":"New","LastModifiedDate":"2016-12-29T19:44:33.000Z","IsDeleted":false,"Description":"SSN Passport","Priority":"Medium","Product_Has_Extended (12 more) ...":false,"IsClosed":false,"SystemModstamp":"2016-12-29T19:44:33.000Z","BusinessHoursId":"01m41000000XnfnAAC","CreatedById":"00541000001IQl9AAG","IsEscalated":false,"OwnerId":"00541000001IQl9AAG","CreatedDate":"2016-12-29T19:44:33.000Z","IsClosedOnCreate":false,"CaseNumber":"00001092","Id":"50041000003lnbEAAQ","LastModifiedById":"00541000001IQl9AAG"}|0x35739015
11:44:33.0 (6285604)|STATEMENT_EXECUTE|[37]
11:44:33.0 (6287202)|STATEMENT_EXECUTE|[38]
11:44:33.0 (6303945)|HEAP_ALLOCATE|[38]|Bytes:4
11:44:33.0 (6409748)|VARIABLE_SCOPE_BEGIN|[38]|childCase|Case|true|false
11:44:33.0 (6421987)|VARIABLE_ASSIGNMENT|[38]|childCase|{}|0x708cceb6
11:44:33.0 (6425001)|STATEMENT_EXECUTE|[39]
11:44:33.0 (6493262)|VARIABLE_ASSIGNMENT|[39]|this.Subject|"Warning: Parent case (24 more) ..."|0x708cceb6
11:44:33.0 (6497255)|STATEMENT_EXECUTE|[40]
11:44:33.0 (6541790)|VARIABLE_ASSIGNMENT|[40]|this.ParentId|"50041000003lnbEAAQ"|0x708cceb6
11:44:33.0 (6545401)|STATEMENT_EXECUTE|[41]
11:44:33.0 (6577335)|VARIABLE_ASSIGNMENT|[41]|this.IsEscalated|true|0x708cceb6
11:44:33.0 (6580360)|STATEMENT_EXECUTE|[42]
11:44:33.0 (6584086)|HEAP_ALLOCATE|[42]|Bytes:4
11:44:33.0 (6614362)|VARIABLE_ASSIGNMENT|[42]|this.Priority|"High"|0x708cceb6
11:44:33.0 (6618611)|STATEMENT_EXECUTE|[43]
11:44:33.0 (6646633)|VARIABLE_ASSIGNMENT|[43]|this.Description|"SSN"|0x708cceb6
11:44:33.0 (6649529)|STATEMENT_EXECUTE|[44]
11:44:33.0 (6677958)|HEAP_ALLOCATE|[EXTERNAL]|Bytes:4
11:44:33.0 (6693560)|HEAP_ALLOCATE|[37]|Bytes:5
11:44:33.0 (6706256)|VARIABLE_ASSIGNMENT|[37]|caseWithSecretInfo|null|
11:44:33.0 (6709294)|STATEMENT_EXECUTE|[46]
11:44:33.0 (6739451)|DML_BEGIN|[46]|Op:Insert|Type:Case|Rows:1
11:44:33.0 (6767892)|HEAP_ALLOCATE|[EXTERNAL]|Bytes:8
11:44:33.0 (30654648)|CODE_UNIT_STARTED|[EXTERNAL]|01q410000019tMZ|CheckSecretInformation on Case trigger event AfterInsert for [50041000003lnbF]
11:44:33.0 (30696549)|HEAP_ALLOCATE|[EXTERNAL]|Bytes:8
11:44:33.0 (30795568)|HEAP_ALLOCATE|[EXTERNAL]|Bytes:12
11:44:33.0 (30815154)|VARIABLE_SCOPE_BEGIN|[1]|this|CheckSecretInformation|true|false
11:44:33.0 (30868914)|VARIABLE_ASSIGNMENT|[1]|this|{}|0x26e4a182
11:44:33.0 (30906047)|HEAP_ALLOCATE|[EXTERNAL]|Bytes:12
11:44:33.0 (30912609)|VARIABLE_SCOPE_BEGIN|[1]|this|CheckSecretInformation|true|false
11:44:33.0 (30924243)|VARIABLE_ASSIGNMENT|[1]|this|{}|0x26e4a182
11:44:33.0 (30931143)|STATEMENT_EXECUTE|[1]
11:44:33.0 (30933404)|STATEMENT_EXECUTE|[3]
11:44:33.0 (30977172)|VARIABLE_ASSIGNMENT|[3]|this.childCasesSubject|"Warning: Parent case (24 more) ..."|0x26e4a182
11:44:33.0 (30979726)|STATEMENT_EXECUTE|[6]
11:44:33.0 (30986695)|HEAP_ALLOCATE|[6]|Bytes:4
11:44:33.0 (31039140)|HEAP_ALLOCATE|[EXTERNAL]|Bytes:4
11:44:33.0 (31059657)|VARIABLE_ASSIGNMENT|[6]|this.secretKeywords|{"s":1,"v":[]}|0x26e4a182
11:44:33.0 (31062854)|STATEMENT_EXECUTE|[7]
11:44:33.0 (31082888)|HEAP_ALLOCATE|[EXTERNAL]|Bytes:4
11:44:33.0 (31090540)|STATEMENT_EXECUTE|[8]
11:44:33.0 (31100004)|HEAP_ALLOCATE|[EXTERNAL]|Bytes:4
11:44:33.0 (31103834)|STATEMENT_EXECUTE|[9]
11:44:33.0 (31111508)|HEAP_ALLOCATE|[EXTERNAL]|Bytes:4
11:44:33.0 (31115121)|STATEMENT_EXECUTE|[10]
11:44:33.0 (31122492)|HEAP_ALLOCATE|[EXTERNAL]|Bytes:4
11:44:33.0 (31126141)|STATEMENT_EXECUTE|[11]
11:44:33.0 (31133683)|HEAP_ALLOCATE|[EXTERNAL]|Bytes:4
11:44:33.0 (31140076)|STATEMENT_EXECUTE|[16]
11:44:33.0 (31146141)|VARIABLE_SCOPE_BEGIN|[16]|i|Integer|false|false
11:44:33.0 (31152478)|HEAP_ALLOCATE|[16]|Bytes:4
11:44:33.0 (31158679)|VARIABLE_ASSIGNMENT|[16]|i|0
11:44:33.0 (31177290)|STATEMENT_EXECUTE|[16]
11:44:33.0 (31178887)|STATEMENT_EXECUTE|[17]
11:44:33.0 (31190987)|HEAP_ALLOCATE|[17]|Bytes:11
11:44:33.0 (31198784)|VARIABLE_SCOPE_BEGIN|[17]|keyword|String|false|false
11:44:33.0 (31205183)|VARIABLE_ASSIGNMENT|[17]|keyword|"Credit Card"
11:44:33.0 (31207115)|STATEMENT_EXECUTE|[19]
11:44:33.0 (31215181)|HEAP_ALLOCATE|[19]|Bytes:4
11:44:33.0 (31227473)|VARIABLE_SCOPE_BEGIN|[19]|keywordList|Set<String>|true|false
11:44:33.0 (31248096)|VARIABLE_ASSIGNMENT|[19]|keywordList|{"s":1,"v":[]}|0x52b5bd96
11:44:33.0 (31250800)|STATEMENT_EXECUTE|[20]
11:44:33.0 (31261476)|HEAP_ALLOCATE|[EXTERNAL]|Bytes:4
11:44:33.0 (31267597)|STATEMENT_EXECUTE|[22]
11:44:33.0 (31272074)|HEAP_ALLOCATE|[22]|Bytes:4
11:44:33.0 (31280851)|VARIABLE_SCOPE_BEGIN|[22]|casesWithSecretInfo|List<Case>|true|false
11:44:33.0 (31286757)|HEAP_ALLOCATE|[EXTERNAL]|Bytes:4
11:44:33.0 (31295864)|VARIABLE_ASSIGNMENT|[22]|casesWithSecretInfo|{"s":1,"v":[]}|0x79012ef1
11:44:33.0 (31345442)|HEAP_ALLOCATE|[23]|Bytes:5
11:44:33.0 (31373174)|VARIABLE_SCOPE_BEGIN|[23]|myCase|Case|true|false
11:44:33.0 (31916336)|VARIABLE_ASSIGNMENT|[23]|myCase|{"Status":"New","ParentId":"50041000003lnbEAAQ","LastModifiedDate":"2016-12-29T19:44:33.000Z","IsDeleted":false,"Description":"SSN","Priority":"High","Product_Has_Extended (12 more) ...":false,"IsClosed":false,"Subject":"Warning: Parent case (24 more) ...","SystemModstamp":"2016-12-29T19:44:33.000Z","BusinessHoursId":"01m41000000XnfnAAC","CreatedById":"00541000001IQl9AAG","IsEscalated":true,"OwnerId":"00541000001IQl9AAG","CreatedDate":"2016-12-29T19:44:33.000Z","IsClosedOnCreate":false,"CaseNumber":"00001093","Id":"50041000003lnbFAAQ","LastModifiedById":"00541000001IQl9AAG"}|0x7a6a78e2
11:44:33.0 (31925526)|STATEMENT_EXECUTE|[23]
11:44:33.0 (32014262)|STATEMENT_EXECUTE|[24]
11:44:33.0 (32030027)|HEAP_ALLOCATE|[23]|Bytes:5
11:44:33.0 (32045031)|VARIABLE_ASSIGNMENT|[23]|myCase|null|
11:44:33.0 (32049538)|STATEMENT_EXECUTE|[36]
11:44:33.0 (32053564)|HEAP_ALLOCATE|[36]|Bytes:4
11:44:33.0 (32063239)|VARIABLE_SCOPE_BEGIN|[36]|casesToCreate|List<Case>|true|false
11:44:33.0 (32069213)|HEAP_ALLOCATE|[EXTERNAL]|Bytes:4
11:44:33.0 (32078502)|VARIABLE_ASSIGNMENT|[36]|casesToCreate|{"s":1,"v":[]}|0x49db2a1b
11:44:33.0 (32096094)|HEAP_ALLOCATE|[37]|Bytes:5
11:44:33.0 (32107576)|VARIABLE_ASSIGNMENT|[37]|caseWithSecretInfo|null|
11:44:33.0 (32110556)|STATEMENT_EXECUTE|[37]
11:44:33.0 (32111924)|STATEMENT_EXECUTE|[46]
11:44:33.0 (32155794)|HEAP_ALLOCATE|[EXTERNAL]|Bytes:4
11:44:33.0 (32162653)|HEAP_ALLOCATE|[16]|Bytes:4
11:44:33.0 (32169095)|VARIABLE_ASSIGNMENT|[16]|i|1
11:44:33.0 (32185077)|STATEMENT_EXECUTE|[16]
11:44:33.0 (32186750)|STATEMENT_EXECUTE|[17]
11:44:33.0 (32194665)|HEAP_ALLOCATE|[17]|Bytes:15
11:44:33.0 (32201330)|VARIABLE_SCOPE_BEGIN|[17]|keyword|String|false|false
11:44:33.0 (32207969)|VARIABLE_ASSIGNMENT|[17]|keyword|"Social Security"
11:44:33.0 (32209894)|STATEMENT_EXECUTE|[19]
11:44:33.0 (32213631)|HEAP_ALLOCATE|[19]|Bytes:4
11:44:33.0 (32222542)|VARIABLE_SCOPE_BEGIN|[19]|keywordList|Set<String>|true|false
11:44:33.0 (32236065)|VARIABLE_ASSIGNMENT|[19]|keywordList|{"s":1,"v":[]}|0x367d67bb
11:44:33.0 (32238806)|STATEMENT_EXECUTE|[20]
11:44:33.0 (32245297)|HEAP_ALLOCATE|[EXTERNAL]|Bytes:4
11:44:33.0 (32250331)|STATEMENT_EXECUTE|[22]
11:44:33.0 (32253694)|HEAP_ALLOCATE|[22]|Bytes:4
11:44:33.0 (32261108)|VARIABLE_SCOPE_BEGIN|[22]|casesWithSecretInfo|List<Case>|true|false
11:44:33.0 (32265988)|HEAP_ALLOCATE|[EXTERNAL]|Bytes:4
11:44:33.0 (32273804)|VARIABLE_ASSIGNMENT|[22]|casesWithSecretInfo|{"s":1,"v":[]}|0x467bb123
11:44:33.0 (32300088)|HEAP_ALLOCATE|[23]|Bytes:5
11:44:33.0 (32315243)|VARIABLE_SCOPE_BEGIN|[23]|myCase|Case|true|false
11:44:33.0 (32536532)|VARIABLE_ASSIGNMENT|[23]|myCase|{"Status":"New","ParentId":"50041000003lnbEAAQ","LastModifiedDate":"2016-12-29T19:44:33.000Z","IsDeleted":false,"Description":"SSN","Priority":"High","Product_Has_Extended (12 more) ...":false,"IsClosed":false,"Subject":"Warning: Parent case (24 more) ...","SystemModstamp":"2016-12-29T19:44:33.000Z","BusinessHoursId":"01m41000000XnfnAAC","CreatedById":"00541000001IQl9AAG","IsEscalated":true,"OwnerId":"00541000001IQl9AAG","CreatedDate":"2016-12-29T19:44:33.000Z","IsClosedOnCreate":false,"CaseNumber":"00001093","Id":"50041000003lnbFAAQ","LastModifiedById":"00541000001IQl9AAG"}|0x7a6a78e2
11:44:33.0 (32544017)|STATEMENT_EXECUTE|[23]
11:44:33.0 (32572455)|STATEMENT_EXECUTE|[24]
11:44:33.0 (32583808)|HEAP_ALLOCATE|[23]|Bytes:5
11:44:33.0 (32596509)|VARIABLE_ASSIGNMENT|[23]|myCase|null|
11:44:33.0 (32599879)|STATEMENT_EXECUTE|[36]
11:44:33.0 (32605102)|HEAP_ALLOCATE|[36]|Bytes:4
11:44:33.0 (32620056)|VARIABLE_SCOPE_BEGIN|[36]|casesToCreate|List<Case>|true|false
11:44:33.0 (32628431)|HEAP_ALLOCATE|[EXTERNAL]|Bytes:4
11:44:33.0 (32642826)|VARIABLE_ASSIGNMENT|[36]|casesToCreate|{"s":1,"v":[]}|0x6f7f7c66
11:44:33.0 (32673299)|HEAP_ALLOCATE|[37]|Bytes:5
11:44:33.0 (32690543)|VARIABLE_ASSIGNMENT|[37]|caseWithSecretInfo|null|
11:44:33.0 (32693791)|STATEMENT_EXECUTE|[37]
11:44:33.0 (32695049)|STATEMENT_EXECUTE|[46]
11:44:33.0 (32725331)|HEAP_ALLOCATE|[EXTERNAL]|Bytes:4
11:44:33.0 (32732484)|HEAP_ALLOCATE|[16]|Bytes:4
11:44:33.0 (32739531)|VARIABLE_ASSIGNMENT|[16]|i|2
11:44:33.0 (32755643)|STATEMENT_EXECUTE|[16]
11:44:33.0 (32757258)|STATEMENT_EXECUTE|[17]
11:44:33.0 (32765143)|HEAP_ALLOCATE|[17]|Bytes:3
11:44:33.0 (32772461)|VARIABLE_SCOPE_BEGIN|[17]|keyword|String|false|false
11:44:33.0 (32781452)|VARIABLE_ASSIGNMENT|[17]|keyword|"SSN"
11:44:33.0 (32785327)|STATEMENT_EXECUTE|[19]
11:44:33.0 (32791217)|HEAP_ALLOCATE|[19]|Bytes:4
11:44:33.0 (32807855)|VARIABLE_SCOPE_BEGIN|[19]|keywordList|Set<String>|true|false
11:44:33.0 (32825850)|VARIABLE_ASSIGNMENT|[19]|keywordList|{"s":1,"v":[]}|0x7fe41860
11:44:33.0 (32828768)|STATEMENT_EXECUTE|[20]
11:44:33.0 (32836179)|HEAP_ALLOCATE|[EXTERNAL]|Bytes:4
11:44:33.0 (32841545)|STATEMENT_EXECUTE|[22]
11:44:33.0 (32845165)|HEAP_ALLOCATE|[22]|Bytes:4
11:44:33.0 (32852922)|VARIABLE_SCOPE_BEGIN|[22]|casesWithSecretInfo|List<Case>|true|false
11:44:33.0 (32857901)|HEAP_ALLOCATE|[EXTERNAL]|Bytes:4
11:44:33.0 (32865280)|VARIABLE_ASSIGNMENT|[22]|casesWithSecretInfo|{"s":1,"v":[]}|0x2279f898
11:44:33.0 (32892220)|HEAP_ALLOCATE|[23]|Bytes:5
11:44:33.0 (32907409)|VARIABLE_SCOPE_BEGIN|[23]|myCase|Case|true|false
11:44:33.0 (33119379)|VARIABLE_ASSIGNMENT|[23]|myCase|{"Status":"New","ParentId":"50041000003lnbEAAQ","LastModifiedDate":"2016-12-29T19:44:33.000Z","IsDeleted":false,"Description":"SSN","Priority":"High","Product_Has_Extended (12 more) ...":false,"IsClosed":false,"Subject":"Warning: Parent case (24 more) ...","SystemModstamp":"2016-12-29T19:44:33.000Z","BusinessHoursId":"01m41000000XnfnAAC","CreatedById":"00541000001IQl9AAG","IsEscalated":true,"OwnerId":"00541000001IQl9AAG","CreatedDate":"2016-12-29T19:44:33.000Z","IsClosedOnCreate":false,"CaseNumber":"00001093","Id":"50041000003lnbFAAQ","LastModifiedById":"00541000001IQl9AAG"}|0x7a6a78e2
11:44:33.0 (33127196)|STATEMENT_EXECUTE|[23]
11:44:33.0 (33155321)|STATEMENT_EXECUTE|[24]
11:44:33.0 (33166410)|HEAP_ALLOCATE|[23]|Bytes:5
11:44:33.0 (33178757)|VARIABLE_ASSIGNMENT|[23]|myCase|null|
11:44:33.0 (33181544)|STATEMENT_EXECUTE|[36]
11:44:33.0 (33184826)|HEAP_ALLOCATE|[36]|Bytes:4
11:44:33.0 (33193605)|VARIABLE_SCOPE_BEGIN|[36]|casesToCreate|List<Case>|true|false
11:44:33.0 (33198644)|HEAP_ALLOCATE|[EXTERNAL]|Bytes:4
11:44:33.0 (33207524)|VARIABLE_ASSIGNMENT|[36]|casesToCreate|{"s":1,"v":[]}|0x3910a75d
11:44:33.0 (33223507)|HEAP_ALLOCATE|[37]|Bytes:5
11:44:33.0 (33233830)|VARIABLE_ASSIGNMENT|[37]|caseWithSecretInfo|null|
11:44:33.0 (33237027)|STATEMENT_EXECUTE|[37]
11:44:33.0 (33238353)|STATEMENT_EXECUTE|[46]
11:44:33.0 (33262072)|HEAP_ALLOCATE|[EXTERNAL]|Bytes:4
11:44:33.0 (33268227)|HEAP_ALLOCATE|[16]|Bytes:4
11:44:33.0 (33274634)|VARIABLE_ASSIGNMENT|[16]|i|3
11:44:33.0 (33289662)|STATEMENT_EXECUTE|[16]
11:44:33.0 (33291263)|STATEMENT_EXECUTE|[17]
11:44:33.0 (33299079)|HEAP_ALLOCATE|[17]|Bytes:8
11:44:33.0 (33305658)|VARIABLE_SCOPE_BEGIN|[17]|keyword|String|false|false
11:44:33.0 (33311860)|VARIABLE_ASSIGNMENT|[17]|keyword|"Passport"
11:44:33.0 (33313731)|STATEMENT_EXECUTE|[19]
11:44:33.0 (33317458)|HEAP_ALLOCATE|[19]|Bytes:4
11:44:33.0 (33325992)|VARIABLE_SCOPE_BEGIN|[19]|keywordList|Set<String>|true|false
11:44:33.0 (33339577)|VARIABLE_ASSIGNMENT|[19]|keywordList|{"s":1,"v":[]}|0x2d986055
11:44:33.0 (33342108)|STATEMENT_EXECUTE|[20]
11:44:33.0 (33348297)|HEAP_ALLOCATE|[EXTERNAL]|Bytes:4
11:44:33.0 (33353572)|STATEMENT_EXECUTE|[22]
11:44:33.0 (33356766)|HEAP_ALLOCATE|[22]|Bytes:4
11:44:33.0 (33364340)|VARIABLE_SCOPE_BEGIN|[22]|casesWithSecretInfo|List<Case>|true|false
11:44:33.0 (33368843)|HEAP_ALLOCATE|[EXTERNAL]|Bytes:4
11:44:33.0 (33376183)|VARIABLE_ASSIGNMENT|[22]|casesWithSecretInfo|{"s":1,"v":[]}|0x72604a9e
11:44:33.0 (33402295)|HEAP_ALLOCATE|[23]|Bytes:5
11:44:33.0 (33416984)|VARIABLE_SCOPE_BEGIN|[23]|myCase|Case|true|false
11:44:33.0 (33668364)|VARIABLE_ASSIGNMENT|[23]|myCase|{"Status":"New","ParentId":"50041000003lnbEAAQ","LastModifiedDate":"2016-12-29T19:44:33.000Z","IsDeleted":false,"Description":"SSN","Priority":"High","Product_Has_Extended (12 more) ...":false,"IsClosed":false,"Subject":"Warning: Parent case (24 more) ...","SystemModstamp":"2016-12-29T19:44:33.000Z","BusinessHoursId":"01m41000000XnfnAAC","CreatedById":"00541000001IQl9AAG","IsEscalated":true,"OwnerId":"00541000001IQl9AAG","CreatedDate":"2016-12-29T19:44:33.000Z","IsClosedOnCreate":false,"CaseNumber":"00001093","Id":"50041000003lnbFAAQ","LastModifiedById":"00541000001IQl9AAG"}|0x7a6a78e2
11:44:33.0 (33675977)|STATEMENT_EXECUTE|[23]
11:44:33.0 (33704449)|STATEMENT_EXECUTE|[24]
11:44:33.0 (33715353)|HEAP_ALLOCATE|[23]|Bytes:5
11:44:33.0 (33727630)|VARIABLE_ASSIGNMENT|[23]|myCase|null|
11:44:33.0 (33733956)|STATEMENT_EXECUTE|[36]
11:44:33.0 (33737385)|HEAP_ALLOCATE|[36]|Bytes:4
11:44:33.0 (33746580)|VARIABLE_SCOPE_BEGIN|[36]|casesToCreate|List<Case>|true|false
11:44:33.0 (33751352)|HEAP_ALLOCATE|[EXTERNAL]|Bytes:4
11:44:33.0 (33760483)|VARIABLE_ASSIGNMENT|[36]|casesToCreate|{"s":1,"v":[]}|0x1f30c172
11:44:33.0 (33777215)|HEAP_ALLOCATE|[37]|Bytes:5
11:44:33.0 (33787983)|VARIABLE_ASSIGNMENT|[37]|caseWithSecretInfo|null|
11:44:33.0 (33790769)|STATEMENT_EXECUTE|[37]
11:44:33.0 (33791948)|STATEMENT_EXECUTE|[46]
11:44:33.0 (33815525)|HEAP_ALLOCATE|[EXTERNAL]|Bytes:4
11:44:33.0 (33821462)|HEAP_ALLOCATE|[16]|Bytes:4
11:44:33.0 (33827835)|VARIABLE_ASSIGNMENT|[16]|i|4
11:44:33.0 (33842893)|STATEMENT_EXECUTE|[16]
11:44:33.0 (33844582)|STATEMENT_EXECUTE|[17]
11:44:33.0 (33852592)|HEAP_ALLOCATE|[17]|Bytes:10
11:44:33.0 (33859156)|VARIABLE_SCOPE_BEGIN|[17]|keyword|String|false|false
11:44:33.0 (33865839)|VARIABLE_ASSIGNMENT|[17]|keyword|"Bodyweight"
11:44:33.0 (33867815)|STATEMENT_EXECUTE|[19]
11:44:33.0 (33871572)|HEAP_ALLOCATE|[19]|Bytes:4
11:44:33.0 (33880303)|VARIABLE_SCOPE_BEGIN|[19]|keywordList|Set<String>|true|false
11:44:33.0 (33893933)|VARIABLE_ASSIGNMENT|[19]|keywordList|{"s":1,"v":[]}|0x2326b786
11:44:33.0 (33896519)|STATEMENT_EXECUTE|[20]
11:44:33.0 (62051707)|HEAP_ALLOCATE|[EXTERNAL]|Bytes:4
11:44:33.0 (62102854)|STATEMENT_EXECUTE|[22]
11:44:33.0 (62121672)|HEAP_ALLOCATE|[22]|Bytes:4
11:44:33.0 (62149945)|VARIABLE_SCOPE_BEGIN|[22]|casesWithSecretInfo|List<Case>|true|false
11:44:33.0 (62166864)|HEAP_ALLOCATE|[EXTERNAL]|Bytes:4
11:44:33.0 (62204805)|VARIABLE_ASSIGNMENT|[22]|casesWithSecretInfo|{"s":1,"v":[]}|0x4dd2f17f
11:44:33.0 (62287720)|HEAP_ALLOCATE|[23]|Bytes:5
11:44:33.0 (62322050)|VARIABLE_SCOPE_BEGIN|[23]|myCase|Case|true|false
11:44:33.0 (62749162)|VARIABLE_ASSIGNMENT|[23]|myCase|{"Status":"New","ParentId":"50041000003lnbEAAQ","LastModifiedDate":"2016-12-29T19:44:33.000Z","IsDeleted":false,"Description":"SSN","Priority":"High","Product_Has_Extended (12 more) ...":false,"IsClosed":false,"Subject":"Warning: Parent case (24 more) ...","SystemModstamp":"2016-12-29T19:44:33.000Z","BusinessHoursId":"01m41000000XnfnAAC","CreatedById":"00541000001IQl9AAG","IsEscalated":true,"OwnerId":"00541000001IQl9AAG","CreatedDate":"2016-12-29T19:44:33.000Z","IsClosedOnCreate":false,"CaseNumber":"00001093","Id":"50041000003lnbFAAQ","LastModifiedById":"00541000001IQl9AAG"}|0x7a6a78e2
11:44:33.0 (62758426)|STATEMENT_EXECUTE|[23]
11:44:33.0 (62814462)|STATEMENT_EXECUTE|[24]
11:44:33.0 (62826564)|HEAP_ALLOCATE|[23]|Bytes:5
11:44:33.0 (62840396)|VARIABLE_ASSIGNMENT|[23]|myCase|null|
11:44:33.0 (62844970)|STATEMENT_EXECUTE|[36]
11:44:33.0 (62848690)|HEAP_ALLOCATE|[36]|Bytes:4
11:44:33.0 (62858281)|VARIABLE_SCOPE_BEGIN|[36]|casesToCreate|List<Case>|true|false
11:44:33.0 (62863816)|HEAP_ALLOCATE|[EXTERNAL]|Bytes:4
11:44:33.0 (62872678)|VARIABLE_ASSIGNMENT|[36]|casesToCreate|{"s":1,"v":[]}|0x3d9666e1
11:44:33.0 (62889731)|HEAP_ALLOCATE|[37]|Bytes:5
11:44:33.0 (62900719)|VARIABLE_ASSIGNMENT|[37]|caseWithSecretInfo|null|
11:44:33.0 (62903676)|STATEMENT_EXECUTE|[37]
11:44:33.0 (62905036)|STATEMENT_EXECUTE|[46]
11:44:33.0 (62959256)|HEAP_ALLOCATE|[EXTERNAL]|Bytes:4
11:44:33.0 (62968949)|HEAP_ALLOCATE|[16]|Bytes:4
11:44:33.0 (62976801)|VARIABLE_ASSIGNMENT|[16]|i|5
11:44:33.63 (63011850)|CUMULATIVE_LIMIT_USAGE
11:44:33.63 (63011850)|LIMIT_USAGE_FOR_NS|(default)|
  Number of SOQL queries: 0 out of 100
  Number of query rows: 0 out of 50000
  Number of SOSL queries: 0 out of 20
  Number of DML statements: 1 out of 150
  Number of DML rows: 1 out of 10000
  Maximum CPU time: 0 out of 10000
  Maximum heap size: 0 out of 6000000
  Number of callouts: 0 out of 100
  Number of Email Invocations: 0 out of 10
  Number of future calls: 0 out of 50
  Number of queueable jobs added to the queue: 0 out of 50
  Number of Mobile Apex push calls: 0 out of 10

11:44:33.63 (63011850)|CUMULATIVE_LIMIT_USAGE_END

11:44:33.0 (65460508)|CODE_UNIT_FINISHED|CheckSecretInformation on Case trigger event AfterInsert for [50041000003lnbF]
11:44:33.0 (65567835)|CODE_UNIT_STARTED|[EXTERNAL]|Workflow:Case
11:44:33.0 (76659394)|WF_RULE_EVAL_BEGIN|Assignment
11:44:33.0 (76675826)|WF_SPOOL_ACTION_BEGIN|Assignment
11:44:33.0 (76681106)|WF_ACTION|.
11:44:33.0 (76683842)|WF_RULE_EVAL_END
11:44:33.0 (76689355)|WF_RULE_EVAL_BEGIN|Escalation
11:44:33.0 (76693842)|WF_SPOOL_ACTION_BEGIN|Escalation
11:44:33.0 (76695256)|WF_ACTION|.
11:44:33.0 (76696281)|WF_RULE_EVAL_END
11:44:33.0 (76731815)|WF_ACTIONS_END| None
11:44:33.0 (76736321)|CODE_UNIT_FINISHED|Workflow:Case
11:44:33.0 (79442434)|DML_END|[46]
11:44:33.0 (79481252)|HEAP_ALLOCATE|[EXTERNAL]|Bytes:8
11:44:33.0 (79494324)|HEAP_ALLOCATE|[16]|Bytes:4
11:44:33.0 (79505726)|VARIABLE_ASSIGNMENT|[16]|i|3
11:44:33.0 (79531332)|STATEMENT_EXECUTE|[16]
11:44:33.0 (79533238)|STATEMENT_EXECUTE|[17]
11:44:33.0 (79545089)|HEAP_ALLOCATE|[17]|Bytes:8
11:44:33.0 (79553160)|VARIABLE_SCOPE_BEGIN|[17]|keyword|String|false|false
11:44:33.0 (79561426)|VARIABLE_ASSIGNMENT|[17]|keyword|"Passport"
11:44:33.0 (79563652)|STATEMENT_EXECUTE|[19]
11:44:33.0 (79571463)|HEAP_ALLOCATE|[19]|Bytes:4
11:44:33.0 (79584212)|VARIABLE_SCOPE_BEGIN|[19]|keywordList|Set<String>|true|false
11:44:33.0 (79607345)|VARIABLE_ASSIGNMENT|[19]|keywordList|{"s":1,"v":[]}|0x627f7e77
11:44:33.0 (79610096)|STATEMENT_EXECUTE|[20]
11:44:33.0 (79631702)|HEAP_ALLOCATE|[EXTERNAL]|Bytes:4
11:44:33.0 (79643385)|STATEMENT_EXECUTE|[22]
11:44:33.0 (79650493)|HEAP_ALLOCATE|[22]|Bytes:4
11:44:33.0 (79665834)|VARIABLE_SCOPE_BEGIN|[22]|casesWithSecretInfo|List<Case>|true|false
11:44:33.0 (79675126)|HEAP_ALLOCATE|[EXTERNAL]|Bytes:4
11:44:33.0 (79688515)|VARIABLE_ASSIGNMENT|[22]|casesWithSecretInfo|{"s":1,"v":[]}|0x10a277f5
11:44:33.0 (79738314)|HEAP_ALLOCATE|[23]|Bytes:5
11:44:33.0 (79769217)|VARIABLE_SCOPE_BEGIN|[23]|myCase|Case|true|false
11:44:33.0 (80161252)|VARIABLE_ASSIGNMENT|[23]|myCase|{"Origin":"Phone","Status":"New","LastModifiedDate":"2016-12-29T19:44:33.000Z","IsDeleted":false,"Description":"SSN Passport","Priority":"Medium","Product_Has_Extended (12 more) ...":false,"IsClosed":false,"SystemModstamp":"2016-12-29T19:44:33.000Z","BusinessHoursId":"01m41000000XnfnAAC","CreatedById":"00541000001IQl9AAG","IsEscalated":false,"OwnerId":"00541000001IQl9AAG","CreatedDate":"2016-12-29T19:44:33.000Z","IsClosedOnCreate":false,"CaseNumber":"00001092","Id":"50041000003lnbEAAQ","LastModifiedById":"00541000001IQl9AAG"}|0x35739015
11:44:33.0 (80172968)|STATEMENT_EXECUTE|[23]
11:44:33.0 (80203152)|STATEMENT_EXECUTE|[24]
11:44:33.0 (80241005)|STATEMENT_EXECUTE|[26]
11:44:33.0 (80242965)|STATEMENT_EXECUTE|[27]
11:44:33.0 (80252680)|HEAP_ALLOCATE|[EXTERNAL]|Bytes:4
11:44:33.0 (80258643)|STATEMENT_EXECUTE|[28]
11:44:33.0 (80273548)|HEAP_ALLOCATE|[28]|Bytes:18
11:44:33.0 (80313656)|HEAP_ALLOCATE|[28]|Bytes:10
11:44:33.0 (80339002)|HEAP_ALLOCATE|[28]|Bytes:58
11:44:33.0 (80358493)|USER_DEBUG|[28]|DEBUG|Case 50041000003lnbEAAQ includes secret keyword {Passport}
11:44:33.0 (80379504)|HEAP_ALLOCATE|[23]|Bytes:5
11:44:33.0 (80400557)|VARIABLE_ASSIGNMENT|[23]|myCase|null|
11:44:33.0 (80405963)|STATEMENT_EXECUTE|[36]
11:44:33.0 (80411798)|HEAP_ALLOCATE|[36]|Bytes:4
11:44:33.0 (80428295)|VARIABLE_SCOPE_BEGIN|[36]|casesToCreate|List<Case>|true|false
11:44:33.0 (80437399)|HEAP_ALLOCATE|[EXTERNAL]|Bytes:4
11:44:33.0 (80451351)|VARIABLE_ASSIGNMENT|[36]|casesToCreate|{"s":1,"v":[]}|0x228d8c53
11:44:33.0 (80479110)|HEAP_ALLOCATE|[37]|Bytes:5
11:44:33.0 (80496170)|VARIABLE_SCOPE_BEGIN|[37]|caseWithSecretInfo|Case|true|false
11:44:33.0 (80813714)|VARIABLE_ASSIGNMENT|[37]|caseWithSecretInfo|{"Origin":"Phone","Status":"New","LastModifiedDate":"2016-12-29T19:44:33.000Z","IsDeleted":false,"Description":"SSN Passport","Priority":"Medium","Product_Has_Extended (12 more) ...":false,"IsClosed":false,"SystemModstamp":"2016-12-29T19:44:33.000Z","BusinessHoursId":"01m41000000XnfnAAC","CreatedById":"00541000001IQl9AAG","IsEscalated":false,"OwnerId":"00541000001IQl9AAG","CreatedDate":"2016-12-29T19:44:33.000Z","IsClosedOnCreate":false,"CaseNumber":"00001092","Id":"50041000003lnbEAAQ","LastModifiedById":"00541000001IQl9AAG"}|0x35739015
11:44:33.0 (80821342)|STATEMENT_EXECUTE|[37]
11:44:33.0 (80822749)|STATEMENT_EXECUTE|[38]
11:44:33.0 (80839089)|HEAP_ALLOCATE|[38]|Bytes:4
11:44:33.0 (80858390)|VARIABLE_SCOPE_BEGIN|[38]|childCase|Case|true|false
11:44:33.0 (80868534)|VARIABLE_ASSIGNMENT|[38]|childCase|{}|0x6069d82a
11:44:33.0 (80870860)|STATEMENT_EXECUTE|[39]
11:44:33.0 (80928823)|VARIABLE_ASSIGNMENT|[39]|this.Subject|"Warning: Parent case (24 more) ..."|0x6069d82a
11:44:33.0 (80932840)|STATEMENT_EXECUTE|[40]
11:44:33.0 (80967049)|VARIABLE_ASSIGNMENT|[40]|this.ParentId|"50041000003lnbEAAQ"|0x6069d82a
11:44:33.0 (80970244)|STATEMENT_EXECUTE|[41]
11:44:33.0 (80998708)|VARIABLE_ASSIGNMENT|[41]|this.IsEscalated|true|0x6069d82a
11:44:33.0 (81001513)|STATEMENT_EXECUTE|[42]
11:44:33.0 (81028805)|VARIABLE_ASSIGNMENT|[42]|this.Priority|"High"|0x6069d82a
11:44:33.0 (81031425)|STATEMENT_EXECUTE|[43]
11:44:33.0 (81055305)|VARIABLE_ASSIGNMENT|[43]|this.Description|"Passport"|0x6069d82a
11:44:33.0 (81058012)|STATEMENT_EXECUTE|[44]
11:44:33.0 (81067010)|HEAP_ALLOCATE|[EXTERNAL]|Bytes:4
11:44:33.0 (81080941)|HEAP_ALLOCATE|[37]|Bytes:5
11:44:33.0 (81092945)|VARIABLE_ASSIGNMENT|[37]|caseWithSecretInfo|null|
11:44:33.0 (81096208)|STATEMENT_EXECUTE|[46]
11:44:33.0 (81125886)|DML_BEGIN|[46]|Op:Insert|Type:Case|Rows:1
11:44:33.0 (81148703)|HEAP_ALLOCATE|[EXTERNAL]|Bytes:8
11:44:33.0 (108023534)|CODE_UNIT_STARTED|[EXTERNAL]|01q410000019tMZ|CheckSecretInformation on Case trigger event AfterInsert for [50041000003lnbG]
11:44:33.0 (108053581)|HEAP_ALLOCATE|[EXTERNAL]|Bytes:8
11:44:33.0 (108136700)|HEAP_ALLOCATE|[EXTERNAL]|Bytes:12
11:44:33.0 (108147995)|VARIABLE_SCOPE_BEGIN|[1]|this|CheckSecretInformation|true|false
11:44:33.0 (108188740)|VARIABLE_ASSIGNMENT|[1]|this|{}|0x3ba66857
11:44:33.0 (108217048)|HEAP_ALLOCATE|[EXTERNAL]|Bytes:12
11:44:33.0 (108222710)|VARIABLE_SCOPE_BEGIN|[1]|this|CheckSecretInformation|true|false
11:44:33.0 (108233328)|VARIABLE_ASSIGNMENT|[1]|this|{}|0x3ba66857
11:44:33.0 (108238226)|STATEMENT_EXECUTE|[1]
11:44:33.0 (108240107)|STATEMENT_EXECUTE|[3]
11:44:33.0 (108268816)|VARIABLE_ASSIGNMENT|[3]|this.childCasesSubject|"Warning: Parent case (24 more) ..."|0x3ba66857
11:44:33.0 (108271331)|STATEMENT_EXECUTE|[6]
11:44:33.0 (108276161)|HEAP_ALLOCATE|[6]|Bytes:4
11:44:33.0 (108316274)|HEAP_ALLOCATE|[EXTERNAL]|Bytes:4
11:44:33.0 (108331702)|VARIABLE_ASSIGNMENT|[6]|this.secretKeywords|{"s":1,"v":[]}|0x3ba66857
11:44:33.0 (108335134)|STATEMENT_EXECUTE|[7]
11:44:33.0 (108352058)|HEAP_ALLOCATE|[EXTERNAL]|Bytes:4
11:44:33.0 (108358367)|STATEMENT_EXECUTE|[8]
11:44:33.0 (108366319)|HEAP_ALLOCATE|[EXTERNAL]|Bytes:4
11:44:33.0 (108370164)|STATEMENT_EXECUTE|[9]
11:44:33.0 (108378185)|HEAP_ALLOCATE|[EXTERNAL]|Bytes:4
11:44:33.0 (108381956)|STATEMENT_EXECUTE|[10]
11:44:33.0 (108389415)|HEAP_ALLOCATE|[EXTERNAL]|Bytes:4
11:44:33.0 (108392983)|STATEMENT_EXECUTE|[11]
11:44:33.0 (108400468)|HEAP_ALLOCATE|[EXTERNAL]|Bytes:4
11:44:33.0 (108405646)|STATEMENT_EXECUTE|[16]
11:44:33.0 (108410328)|VARIABLE_SCOPE_BEGIN|[16]|i|Integer|false|false
11:44:33.0 (108415360)|HEAP_ALLOCATE|[16]|Bytes:4
11:44:33.0 (108421120)|VARIABLE_ASSIGNMENT|[16]|i|0
11:44:33.0 (108436300)|STATEMENT_EXECUTE|[16]
11:44:33.0 (108438051)|STATEMENT_EXECUTE|[17]
11:44:33.0 (108447898)|HEAP_ALLOCATE|[17]|Bytes:11
11:44:33.0 (108454807)|VARIABLE_SCOPE_BEGIN|[17]|keyword|String|false|false
11:44:33.0 (108471094)|VARIABLE_ASSIGNMENT|[17]|keyword|"Credit Card"
11:44:33.0 (108474067)|STATEMENT_EXECUTE|[19]
11:44:33.0 (108480188)|HEAP_ALLOCATE|[19]|Bytes:4
11:44:33.0 (108492825)|VARIABLE_SCOPE_BEGIN|[19]|keywordList|Set<String>|true|false
11:44:33.0 (108512145)|VARIABLE_ASSIGNMENT|[19]|keywordList|{"s":1,"v":[]}|0x16145d2b
11:44:33.0 (108514737)|STATEMENT_EXECUTE|[20]
11:44:33.0 (108523062)|HEAP_ALLOCATE|[EXTERNAL]|Bytes:4
11:44:33.0 (108528512)|STATEMENT_EXECUTE|[22]
11:44:33.0 (108532596)|HEAP_ALLOCATE|[22]|Bytes:4
11:44:33.0 (108543611)|VARIABLE_SCOPE_BEGIN|[22]|casesWithSecretInfo|List<Case>|true|false
11:44:33.0 (108549810)|HEAP_ALLOCATE|[EXTERNAL]|Bytes:4
11:44:33.0 (108558266)|VARIABLE_ASSIGNMENT|[22]|casesWithSecretInfo|{"s":1,"v":[]}|0x1372002a
11:44:33.0 (108594547)|HEAP_ALLOCATE|[23]|Bytes:5
11:44:33.0 (108615377)|VARIABLE_SCOPE_BEGIN|[23]|myCase|Case|true|false
11:44:33.0 (109196969)|VARIABLE_ASSIGNMENT|[23]|myCase|{"Status":"New","ParentId":"50041000003lnbEAAQ","LastModifiedDate":"2016-12-29T19:44:33.000Z","IsDeleted":false,"Description":"Passport","Priority":"High","Product_Has_Extended (12 more) ...":false,"IsClosed":false,"Subject":"Warning: Parent case (24 more) ...","SystemModstamp":"2016-12-29T19:44:33.000Z","BusinessHoursId":"01m41000000XnfnAAC","CreatedById":"00541000001IQl9AAG","IsEscalated":true,"OwnerId":"00541000001IQl9AAG","CreatedDate":"2016-12-29T19:44:33.000Z","IsClosedOnCreate":false,"CaseNumber":"00001094","Id":"50041000003lnbGAAQ","LastModifiedById":"00541000001IQl9AAG"}|0x1b9e26c3
11:44:33.0 (109206721)|STATEMENT_EXECUTE|[23]
11:44:33.0 (109247901)|STATEMENT_EXECUTE|[24]
11:44:33.0 (109260784)|HEAP_ALLOCATE|[23]|Bytes:5
11:44:33.0 (109274486)|VARIABLE_ASSIGNMENT|[23]|myCase|null|
11:44:33.0 (109278706)|STATEMENT_EXECUTE|[36]
11:44:33.0 (109283504)|HEAP_ALLOCATE|[36]|Bytes:4
11:44:33.0 (109295772)|VARIABLE_SCOPE_BEGIN|[36]|casesToCreate|List<Case>|true|false
11:44:33.0 (109301576)|HEAP_ALLOCATE|[EXTERNAL]|Bytes:4
11:44:33.0 (109311359)|VARIABLE_ASSIGNMENT|[36]|casesToCreate|{"s":1,"v":[]}|0x533aa368
11:44:33.0 (109329494)|HEAP_ALLOCATE|[37]|Bytes:5
11:44:33.0 (109340553)|VARIABLE_ASSIGNMENT|[37]|caseWithSecretInfo|null|
11:44:33.0 (109343672)|STATEMENT_EXECUTE|[37]
11:44:33.0 (109344982)|STATEMENT_EXECUTE|[46]
11:44:33.0 (109382212)|HEAP_ALLOCATE|[EXTERNAL]|Bytes:4
11:44:33.0 (109388951)|HEAP_ALLOCATE|[16]|Bytes:4
11:44:33.0 (109395194)|VARIABLE_ASSIGNMENT|[16]|i|1
11:44:33.0 (109410565)|STATEMENT_EXECUTE|[16]
11:44:33.0 (109412317)|STATEMENT_EXECUTE|[17]
11:44:33.0 (109420543)|HEAP_ALLOCATE|[17]|Bytes:15
11:44:33.0 (109427222)|VARIABLE_SCOPE_BEGIN|[17]|keyword|String|false|false
11:44:33.0 (109433534)|VARIABLE_ASSIGNMENT|[17]|keyword|"Social Security"
11:44:33.0 (109435524)|STATEMENT_EXECUTE|[19]
11:44:33.0 (109439413)|HEAP_ALLOCATE|[19]|Bytes:4
11:44:33.0 (109448272)|VARIABLE_SCOPE_BEGIN|[19]|keywordList|Set<String>|true|false
11:44:33.0 (109466737)|VARIABLE_ASSIGNMENT|[19]|keywordList|{"s":1,"v":[]}|0x67f35121
11:44:33.0 (109469706)|STATEMENT_EXECUTE|[20]
11:44:33.0 (109476626)|HEAP_ALLOCATE|[EXTERNAL]|Bytes:4
11:44:33.0 (109482271)|STATEMENT_EXECUTE|[22]
11:44:33.0 (109485846)|HEAP_ALLOCATE|[22]|Bytes:4
11:44:33.0 (109493763)|VARIABLE_SCOPE_BEGIN|[22]|casesWithSecretInfo|List<Case>|true|false
11:44:33.0 (109498685)|HEAP_ALLOCATE|[EXTERNAL]|Bytes:4
11:44:33.0 (109506149)|VARIABLE_ASSIGNMENT|[22]|casesWithSecretInfo|{"s":1,"v":[]}|0x64837ea5
11:44:33.0 (109533554)|HEAP_ALLOCATE|[23]|Bytes:5
11:44:33.0 (109558310)|VARIABLE_SCOPE_BEGIN|[23]|myCase|Case|true|false
11:44:33.0 (109783293)|VARIABLE_ASSIGNMENT|[23]|myCase|{"Status":"New","ParentId":"50041000003lnbEAAQ","LastModifiedDate":"2016-12-29T19:44:33.000Z","IsDeleted":false,"Description":"Passport","Priority":"High","Product_Has_Extended (12 more) ...":false,"IsClosed":false,"Subject":"Warning: Parent case (24 more) ...","SystemModstamp":"2016-12-29T19:44:33.000Z","BusinessHoursId":"01m41000000XnfnAAC","CreatedById":"00541000001IQl9AAG","IsEscalated":true,"OwnerId":"00541000001IQl9AAG","CreatedDate":"2016-12-29T19:44:33.000Z","IsClosedOnCreate":false,"CaseNumber":"00001094","Id":"50041000003lnbGAAQ","LastModifiedById":"00541000001IQl9AAG"}|0x1b9e26c3
11:44:33.0 (109790738)|STATEMENT_EXECUTE|[23]
11:44:33.0 (109819236)|STATEMENT_EXECUTE|[24]
11:44:33.0 (109830574)|HEAP_ALLOCATE|[23]|Bytes:5
11:44:33.0 (109842942)|VARIABLE_ASSIGNMENT|[23]|myCase|null|
11:44:33.0 (109845773)|STATEMENT_EXECUTE|[36]
11:44:33.0 (109849240)|HEAP_ALLOCATE|[36]|Bytes:4
11:44:33.0 (109858111)|VARIABLE_SCOPE_BEGIN|[36]|casesToCreate|List<Case>|true|false
11:44:33.0 (109863023)|HEAP_ALLOCATE|[EXTERNAL]|Bytes:4
11:44:33.0 (109872144)|VARIABLE_ASSIGNMENT|[36]|casesToCreate|{"s":1,"v":[]}|0xe41e4c8
11:44:33.0 (109888496)|HEAP_ALLOCATE|[37]|Bytes:5
11:44:33.0 (109899162)|VARIABLE_ASSIGNMENT|[37]|caseWithSecretInfo|null|
11:44:33.0 (109902056)|STATEMENT_EXECUTE|[37]
11:44:33.0 (109903253)|STATEMENT_EXECUTE|[46]
11:44:33.0 (109927205)|HEAP_ALLOCATE|[EXTERNAL]|Bytes:4
11:44:33.0 (109933344)|HEAP_ALLOCATE|[16]|Bytes:4
11:44:33.0 (109939804)|VARIABLE_ASSIGNMENT|[16]|i|2
11:44:33.0 (109954972)|STATEMENT_EXECUTE|[16]
11:44:33.0 (109956882)|STATEMENT_EXECUTE|[17]
11:44:33.0 (109964858)|HEAP_ALLOCATE|[17]|Bytes:3
11:44:33.0 (109971253)|VARIABLE_SCOPE_BEGIN|[17]|keyword|String|false|false
11:44:33.0 (109977219)|VARIABLE_ASSIGNMENT|[17]|keyword|"SSN"
11:44:33.0 (109979171)|STATEMENT_EXECUTE|[19]
11:44:33.0 (109982842)|HEAP_ALLOCATE|[19]|Bytes:4
11:44:33.0 (109991495)|VARIABLE_SCOPE_BEGIN|[19]|keywordList|Set<String>|true|false
11:44:33.0 (110005075)|VARIABLE_ASSIGNMENT|[19]|keywordList|{"s":1,"v":[]}|0x8e6278b
11:44:33.0 (110008495)|STATEMENT_EXECUTE|[20]
11:44:33.0 (110014881)|HEAP_ALLOCATE|[EXTERNAL]|Bytes:4
11:44:33.0 (110020156)|STATEMENT_EXECUTE|[22]
11:44:33.0 (110023422)|HEAP_ALLOCATE|[22]|Bytes:4
11:44:33.0 (110030753)|VARIABLE_SCOPE_BEGIN|[22]|casesWithSecretInfo|List<Case>|true|false
11:44:33.0 (110035598)|HEAP_ALLOCATE|[EXTERNAL]|Bytes:4
11:44:33.0 (110042920)|VARIABLE_ASSIGNMENT|[22]|casesWithSecretInfo|{"s":1,"v":[]}|0x756115ef
11:44:33.0 (110068885)|HEAP_ALLOCATE|[23]|Bytes:5
11:44:33.0 (110084057)|VARIABLE_SCOPE_BEGIN|[23]|myCase|Case|true|false
11:44:33.0 (110376674)|VARIABLE_ASSIGNMENT|[23]|myCase|{"Status":"New","ParentId":"50041000003lnbEAAQ","LastModifiedDate":"2016-12-29T19:44:33.000Z","IsDeleted":false,"Description":"Passport","Priority":"High","Product_Has_Extended (12 more) ...":false,"IsClosed":false,"Subject":"Warning: Parent case (24 more) ...","SystemModstamp":"2016-12-29T19:44:33.000Z","BusinessHoursId":"01m41000000XnfnAAC","CreatedById":"00541000001IQl9AAG","IsEscalated":true,"OwnerId":"00541000001IQl9AAG","CreatedDate":"2016-12-29T19:44:33.000Z","IsClosedOnCreate":false,"CaseNumber":"00001094","Id":"50041000003lnbGAAQ","LastModifiedById":"00541000001IQl9AAG"}|0x1b9e26c3
11:44:33.0 (110383863)|STATEMENT_EXECUTE|[23]
11:44:33.0 (110412328)|STATEMENT_EXECUTE|[24]
11:44:33.0 (110423691)|HEAP_ALLOCATE|[23]|Bytes:5
11:44:33.0 (110436154)|VARIABLE_ASSIGNMENT|[23]|myCase|null|
11:44:33.0 (110438985)|STATEMENT_EXECUTE|[36]
11:44:33.0 (110442498)|HEAP_ALLOCATE|[36]|Bytes:4
11:44:33.0 (110451919)|VARIABLE_SCOPE_BEGIN|[36]|casesToCreate|List<Case>|true|false
11:44:33.0 (110461181)|HEAP_ALLOCATE|[EXTERNAL]|Bytes:4
11:44:33.0 (110470479)|VARIABLE_ASSIGNMENT|[36]|casesToCreate|{"s":1,"v":[]}|0xa683bb0
11:44:33.0 (110487429)|HEAP_ALLOCATE|[37]|Bytes:5
11:44:33.0 (110498218)|VARIABLE_ASSIGNMENT|[37]|caseWithSecretInfo|null|
11:44:33.0 (110501136)|STATEMENT_EXECUTE|[37]
11:44:33.0 (110502448)|STATEMENT_EXECUTE|[46]
11:44:33.0 (110526237)|HEAP_ALLOCATE|[EXTERNAL]|Bytes:4
11:44:33.0 (110532227)|HEAP_ALLOCATE|[16]|Bytes:4
11:44:33.0 (110538511)|VARIABLE_ASSIGNMENT|[16]|i|3
11:44:33.0 (110553626)|STATEMENT_EXECUTE|[16]
11:44:33.0 (110555365)|STATEMENT_EXECUTE|[17]
11:44:33.0 (110563220)|HEAP_ALLOCATE|[17]|Bytes:8
11:44:33.0 (110569408)|VARIABLE_SCOPE_BEGIN|[17]|keyword|String|false|false
11:44:33.0 (110575448)|VARIABLE_ASSIGNMENT|[17]|keyword|"Passport"
11:44:33.0 (110577309)|STATEMENT_EXECUTE|[19]
11:44:33.0 (110581062)|HEAP_ALLOCATE|[19]|Bytes:4
11:44:33.0 (110589720)|VARIABLE_SCOPE_BEGIN|[19]|keywordList|Set<String>|true|false
11:44:33.0 (110603456)|VARIABLE_ASSIGNMENT|[19]|keywordList|{"s":1,"v":[]}|0xb0ef991
11:44:33.0 (110605920)|STATEMENT_EXECUTE|[20]
11:44:33.0 (110612232)|HEAP_ALLOCATE|[EXTERNAL]|Bytes:4
11:44:33.0 (110617084)|STATEMENT_EXECUTE|[22]
11:44:33.0 (110626919)|HEAP_ALLOCATE|[22]|Bytes:4
11:44:33.0 (110635101)|VARIABLE_SCOPE_BEGIN|[22]|casesWithSecretInfo|List<Case>|true|false
11:44:33.0 (110640036)|HEAP_ALLOCATE|[EXTERNAL]|Bytes:4
11:44:33.0 (110647784)|VARIABLE_ASSIGNMENT|[22]|casesWithSecretInfo|{"s":1,"v":[]}|0x326d5d04
11:44:33.0 (110674441)|HEAP_ALLOCATE|[23]|Bytes:5
11:44:33.0 (110689394)|VARIABLE_SCOPE_BEGIN|[23]|myCase|Case|true|false
11:44:33.0 (110898568)|VARIABLE_ASSIGNMENT|[23]|myCase|{"Status":"New","ParentId":"50041000003lnbEAAQ","LastModifiedDate":"2016-12-29T19:44:33.000Z","IsDeleted":false,"Description":"Passport","Priority":"High","Product_Has_Extended (12 more) ...":false,"IsClosed":false,"Subject":"Warning: Parent case (24 more) ...","SystemModstamp":"2016-12-29T19:44:33.000Z","BusinessHoursId":"01m41000000XnfnAAC","CreatedById":"00541000001IQl9AAG","IsEscalated":true,"OwnerId":"00541000001IQl9AAG","CreatedDate":"2016-12-29T19:44:33.000Z","IsClosedOnCreate":false,"CaseNumber":"00001094","Id":"50041000003lnbGAAQ","LastModifiedById":"00541000001IQl9AAG"}|0x1b9e26c3
11:44:33.0 (110905666)|STATEMENT_EXECUTE|[23]
11:44:33.0 (110933649)|STATEMENT_EXECUTE|[24]
11:44:33.0 (110944342)|HEAP_ALLOCATE|[23]|Bytes:5
11:44:33.0 (110956306)|VARIABLE_ASSIGNMENT|[23]|myCase|null|
11:44:33.0 (110959066)|STATEMENT_EXECUTE|[36]
11:44:33.0 (110962346)|HEAP_ALLOCATE|[36]|Bytes:4
11:44:33.0 (110970791)|VARIABLE_SCOPE_BEGIN|[36]|casesToCreate|List<Case>|true|false
11:44:33.0 (110975611)|HEAP_ALLOCATE|[EXTERNAL]|Bytes:4
11:44:33.0 (110984335)|VARIABLE_ASSIGNMENT|[36]|casesToCreate|{"s":1,"v":[]}|0x4fdee8cb
11:44:33.0 (111000210)|HEAP_ALLOCATE|[37]|Bytes:5
11:44:33.0 (111011496)|VARIABLE_ASSIGNMENT|[37]|caseWithSecretInfo|null|
11:44:33.0 (111014249)|STATEMENT_EXECUTE|[37]
11:44:33.0 (111015485)|STATEMENT_EXECUTE|[46]
11:44:33.0 (111038947)|HEAP_ALLOCATE|[EXTERNAL]|Bytes:4
11:44:33.0 (111044859)|HEAP_ALLOCATE|[16]|Bytes:4
11:44:33.0 (111050997)|VARIABLE_ASSIGNMENT|[16]|i|4
11:44:33.0 (111065964)|STATEMENT_EXECUTE|[16]
11:44:33.0 (111067650)|STATEMENT_EXECUTE|[17]
11:44:33.0 (111075623)|HEAP_ALLOCATE|[17]|Bytes:10
11:44:33.0 (111081964)|VARIABLE_SCOPE_BEGIN|[17]|keyword|String|false|false
11:44:33.0 (111088486)|VARIABLE_ASSIGNMENT|[17]|keyword|"Bodyweight"
11:44:33.0 (111090406)|STATEMENT_EXECUTE|[19]
11:44:33.0 (111094177)|HEAP_ALLOCATE|[19]|Bytes:4
11:44:33.0 (111102941)|VARIABLE_SCOPE_BEGIN|[19]|keywordList|Set<String>|true|false
11:44:33.0 (111116204)|VARIABLE_ASSIGNMENT|[19]|keywordList|{"s":1,"v":[]}|0x420ff3b
11:44:33.0 (111118712)|STATEMENT_EXECUTE|[20]
11:44:33.0 (111124738)|HEAP_ALLOCATE|[EXTERNAL]|Bytes:4
11:44:33.0 (111129671)|STATEMENT_EXECUTE|[22]
11:44:33.0 (111132813)|HEAP_ALLOCATE|[22]|Bytes:4
11:44:33.0 (111139906)|VARIABLE_SCOPE_BEGIN|[22]|casesWithSecretInfo|List<Case>|true|false
11:44:33.0 (111144677)|HEAP_ALLOCATE|[EXTERNAL]|Bytes:4
11:44:33.0 (111152000)|VARIABLE_ASSIGNMENT|[22]|casesWithSecretInfo|{"s":1,"v":[]}|0x789e5c5f
11:44:33.0 (111177981)|HEAP_ALLOCATE|[23]|Bytes:5
11:44:33.0 (111192605)|VARIABLE_SCOPE_BEGIN|[23]|myCase|Case|true|false
11:44:33.0 (111403137)|VARIABLE_ASSIGNMENT|[23]|myCase|{"Status":"New","ParentId":"50041000003lnbEAAQ","LastModifiedDate":"2016-12-29T19:44:33.000Z","IsDeleted":false,"Description":"Passport","Priority":"High","Product_Has_Extended (12 more) ...":false,"IsClosed":false,"Subject":"Warning: Parent case (24 more) ...","SystemModstamp":"2016-12-29T19:44:33.000Z","BusinessHoursId":"01m41000000XnfnAAC","CreatedById":"00541000001IQl9AAG","IsEscalated":true,"OwnerId":"00541000001IQl9AAG","CreatedDate":"2016-12-29T19:44:33.000Z","IsClosedOnCreate":false,"CaseNumber":"00001094","Id":"50041000003lnbGAAQ","LastModifiedById":"00541000001IQl9AAG"}|0x1b9e26c3
11:44:33.0 (111410004)|STATEMENT_EXECUTE|[23]
11:44:33.0 (111437522)|STATEMENT_EXECUTE|[24]
11:44:33.0 (111448955)|HEAP_ALLOCATE|[23]|Bytes:5
11:44:33.0 (111465661)|VARIABLE_ASSIGNMENT|[23]|myCase|null|
11:44:33.0 (111468721)|STATEMENT_EXECUTE|[36]
11:44:33.0 (111472158)|HEAP_ALLOCATE|[36]|Bytes:4
11:44:33.0 (111481113)|VARIABLE_SCOPE_BEGIN|[36]|casesToCreate|List<Case>|true|false
11:44:33.0 (111485825)|HEAP_ALLOCATE|[EXTERNAL]|Bytes:4
11:44:33.0 (111494568)|VARIABLE_ASSIGNMENT|[36]|casesToCreate|{"s":1,"v":[]}|0x20c3bb35
11:44:33.0 (111510821)|HEAP_ALLOCATE|[37]|Bytes:5
11:44:33.0 (111521386)|VARIABLE_ASSIGNMENT|[37]|caseWithSecretInfo|null|
11:44:33.0 (111524006)|STATEMENT_EXECUTE|[37]
11:44:33.0 (111525204)|STATEMENT_EXECUTE|[46]
11:44:33.0 (111548097)|HEAP_ALLOCATE|[EXTERNAL]|Bytes:4
11:44:33.0 (111554231)|HEAP_ALLOCATE|[16]|Bytes:4
11:44:33.0 (111560505)|VARIABLE_ASSIGNMENT|[16]|i|5
11:44:33.111 (111580620)|CUMULATIVE_LIMIT_USAGE
11:44:33.111 (111580620)|LIMIT_USAGE_FOR_NS|(default)|
  Number of SOQL queries: 0 out of 100
  Number of query rows: 0 out of 50000
  Number of SOSL queries: 0 out of 20
  Number of DML statements: 2 out of 150
  Number of DML rows: 2 out of 10000
  Maximum CPU time: 0 out of 10000
  Maximum heap size: 0 out of 6000000
  Number of callouts: 0 out of 100
  Number of Email Invocations: 0 out of 10
  Number of future calls: 0 out of 50
  Number of queueable jobs added to the queue: 0 out of 50
  Number of Mobile Apex push calls: 0 out of 10

11:44:33.111 (111580620)|CUMULATIVE_LIMIT_USAGE_END

11:44:33.0 (112788883)|CODE_UNIT_FINISHED|CheckSecretInformation on Case trigger event AfterInsert for [50041000003lnbG]
11:44:33.0 (112853087)|CODE_UNIT_STARTED|[EXTERNAL]|Workflow:Case
11:44:33.0 (117509368)|WF_RULE_EVAL_BEGIN|Assignment
11:44:33.0 (117521472)|WF_SPOOL_ACTION_BEGIN|Assignment
11:44:33.0 (117526058)|WF_ACTION|.
11:44:33.0 (117528570)|WF_RULE_EVAL_END
11:44:33.0 (117533789)|WF_RULE_EVAL_BEGIN|Escalation
11:44:33.0 (117538026)|WF_SPOOL_ACTION_BEGIN|Escalation
11:44:33.0 (117539433)|WF_ACTION|.
11:44:33.0 (117540436)|WF_RULE_EVAL_END
11:44:33.0 (117578440)|WF_ACTIONS_END| None
11:44:33.0 (117582855)|CODE_UNIT_FINISHED|Workflow:Case
11:44:33.0 (117730542)|DML_END|[46]
11:44:33.0 (117752035)|HEAP_ALLOCATE|[EXTERNAL]|Bytes:8
11:44:33.0 (117762922)|HEAP_ALLOCATE|[16]|Bytes:4
11:44:33.0 (117775068)|VARIABLE_ASSIGNMENT|[16]|i|4
11:44:33.0 (117806056)|STATEMENT_EXECUTE|[16]
11:44:33.0 (117810271)|STATEMENT_EXECUTE|[17]
11:44:33.0 (117827015)|HEAP_ALLOCATE|[17]|Bytes:10
11:44:33.0 (117835146)|VARIABLE_SCOPE_BEGIN|[17]|keyword|String|false|false
11:44:33.0 (117842727)|VARIABLE_ASSIGNMENT|[17]|keyword|"Bodyweight"
11:44:33.0 (117844937)|STATEMENT_EXECUTE|[19]
11:44:33.0 (117849039)|HEAP_ALLOCATE|[19]|Bytes:4
11:44:33.0 (117858796)|VARIABLE_SCOPE_BEGIN|[19]|keywordList|Set<String>|true|false
11:44:33.0 (117874030)|VARIABLE_ASSIGNMENT|[19]|keywordList|{"s":1,"v":[]}|0x1b396a46
11:44:33.0 (117876721)|STATEMENT_EXECUTE|[20]
11:44:33.0 (117883207)|HEAP_ALLOCATE|[EXTERNAL]|Bytes:4
11:44:33.0 (117899723)|STATEMENT_EXECUTE|[22]
11:44:33.0 (117903805)|HEAP_ALLOCATE|[22]|Bytes:4
11:44:33.0 (117912225)|VARIABLE_SCOPE_BEGIN|[22]|casesWithSecretInfo|List<Case>|true|false
11:44:33.0 (117917482)|HEAP_ALLOCATE|[EXTERNAL]|Bytes:4
11:44:33.0 (117926001)|VARIABLE_ASSIGNMENT|[22]|casesWithSecretInfo|{"s":1,"v":[]}|0x114fa1da
11:44:33.0 (117963297)|HEAP_ALLOCATE|[23]|Bytes:5
11:44:33.0 (117991284)|VARIABLE_SCOPE_BEGIN|[23]|myCase|Case|true|false
11:44:33.0 (118302083)|VARIABLE_ASSIGNMENT|[23]|myCase|{"Origin":"Phone","Status":"New","LastModifiedDate":"2016-12-29T19:44:33.000Z","IsDeleted":false,"Description":"SSN Passport","Priority":"Medium","Product_Has_Extended (12 more) ...":false,"IsClosed":false,"SystemModstamp":"2016-12-29T19:44:33.000Z","BusinessHoursId":"01m41000000XnfnAAC","CreatedById":"00541000001IQl9AAG","IsEscalated":false,"OwnerId":"00541000001IQl9AAG","CreatedDate":"2016-12-29T19:44:33.000Z","IsClosedOnCreate":false,"CaseNumber":"00001092","Id":"50041000003lnbEAAQ","LastModifiedById":"00541000001IQl9AAG"}|0x35739015
11:44:33.0 (118310138)|STATEMENT_EXECUTE|[23]
11:44:33.0 (118334696)|STATEMENT_EXECUTE|[24]
11:44:33.0 (118371801)|STATEMENT_EXECUTE|[26]
11:44:33.0 (118383474)|HEAP_ALLOCATE|[23]|Bytes:5
11:44:33.0 (118396543)|VARIABLE_ASSIGNMENT|[23]|myCase|null|
11:44:33.0 (118399530)|STATEMENT_EXECUTE|[36]
11:44:33.0 (118403092)|HEAP_ALLOCATE|[36]|Bytes:4
11:44:33.0 (118412500)|VARIABLE_SCOPE_BEGIN|[36]|casesToCreate|List<Case>|true|false
11:44:33.0 (118417922)|HEAP_ALLOCATE|[EXTERNAL]|Bytes:4
11:44:33.0 (118427179)|VARIABLE_ASSIGNMENT|[36]|casesToCreate|{"s":1,"v":[]}|0x2c68bad5
11:44:33.0 (118444114)|HEAP_ALLOCATE|[37]|Bytes:5
11:44:33.0 (118454638)|VARIABLE_ASSIGNMENT|[37]|caseWithSecretInfo|null|
11:44:33.0 (118468753)|STATEMENT_EXECUTE|[37]
11:44:33.0 (118470116)|STATEMENT_EXECUTE|[46]
11:44:33.0 (118499478)|HEAP_ALLOCATE|[EXTERNAL]|Bytes:4
11:44:33.0 (118506325)|HEAP_ALLOCATE|[16]|Bytes:4
11:44:33.0 (118513275)|VARIABLE_ASSIGNMENT|[16]|i|5
11:44:33.118 (118533929)|CUMULATIVE_LIMIT_USAGE
11:44:33.118 (118533929)|LIMIT_USAGE_FOR_NS|(default)|
  Number of SOQL queries: 0 out of 100
  Number of query rows: 0 out of 50000
  Number of SOSL queries: 0 out of 20
  Number of DML statements: 2 out of 150
  Number of DML rows: 2 out of 10000
  Maximum CPU time: 0 out of 10000
  Maximum heap size: 0 out of 6000000
  Number of callouts: 0 out of 100
  Number of Email Invocations: 0 out of 10
  Number of future calls: 0 out of 50
  Number of queueable jobs added to the queue: 0 out of 50
  Number of Mobile Apex push calls: 0 out of 10

11:44:33.118 (118533929)|CUMULATIVE_LIMIT_USAGE_END

11:44:33.0 (119594391)|CODE_UNIT_FINISHED|CheckSecretInformation on Case trigger event AfterInsert for [50041000003lnbE]
11:44:33.0 (120547925)|EXECUTION_FINISHED
11:44:33.122 (122605705)|USER_INFO|[EXTERNAL]|00541000001IQl9|wjw@stuff.com|Pacific Standard Time|GMT-08:00
11:44:33.122 (122616644)|EXECUTION_STARTED
11:44:33.122 (122619242)|CODE_UNIT_STARTED|[EXTERNAL]|Workflow:Case
11:44:33.122 (129126214)|WF_RULE_EVAL_BEGIN|Assignment
11:44:33.122 (129133184)|WF_SPOOL_ACTION_BEGIN|Assignment
11:44:33.122 (129135811)|WF_ACTION|.
11:44:33.122 (129137353)|WF_RULE_EVAL_END
11:44:33.122 (129140487)|WF_RULE_EVAL_BEGIN|Escalation
11:44:33.122 (129143728)|WF_SPOOL_ACTION_BEGIN|Escalation
11:44:33.122 (129145378)|WF_ACTION|.
11:44:33.122 (129146408)|WF_RULE_EVAL_END
11:44:33.122 (129178312)|WF_ACTIONS_END| None
11:44:33.122 (129182699)|CODE_UNIT_FINISHED|Workflow:Case
11:44:33.122 (130755777)|EXECUTION_FINISHED
