36.0 APEX_CODE,FINEST;APEX_PROFILING,INFO;CALLOUT,INFO;DB,INFO;SYSTEM,DEBUG;VALIDATION,INFO;VISUALFORCE,INFO;WORKFLOW,INFO
11:34:54.0 (396716)|USER_INFO|[EXTERNAL]|00541000001IQl9|wjw@stuff.com|Pacific Standard Time|GMT-08:00
11:34:54.0 (425102)|EXECUTION_STARTED
11:34:54.0 (430653)|CODE_UNIT_STARTED|[EXTERNAL]|01q410000019tMZ|CheckSecretInformation on Case trigger event AfterInsert for [50041000003lnWh]
11:34:54.0 (502608)|HEAP_ALLOCATE|[EXTERNAL]|Bytes:8
11:34:54.0 (997158)|HEAP_ALLOCATE|[72]|Bytes:3
11:34:54.0 (1067936)|HEAP_ALLOCATE|[77]|Bytes:152
11:34:54.0 (1086672)|HEAP_ALLOCATE|[342]|Bytes:408
11:34:54.0 (1106669)|HEAP_ALLOCATE|[355]|Bytes:408
11:34:54.0 (1125114)|HEAP_ALLOCATE|[467]|Bytes:48
11:34:54.0 (1156395)|HEAP_ALLOCATE|[139]|Bytes:6
11:34:54.0 (1173639)|HEAP_ALLOCATE|[EXTERNAL]|Bytes:2
11:34:54.0 (1290506)|HEAP_ALLOCATE|[EXTERNAL]|Bytes:12
11:34:54.0 (1300020)|VARIABLE_SCOPE_BEGIN|[1]|this|CheckSecretInformation|true|false
11:34:54.0 (1371515)|VARIABLE_ASSIGNMENT|[1]|this|{}|0x3bdcfa4e
11:34:54.0 (1421846)|HEAP_ALLOCATE|[EXTERNAL]|Bytes:12
11:34:54.0 (1429581)|VARIABLE_SCOPE_BEGIN|[1]|this|CheckSecretInformation|true|false
11:34:54.0 (1442698)|VARIABLE_ASSIGNMENT|[1]|this|{}|0x3bdcfa4e
11:34:54.0 (1448323)|STATEMENT_EXECUTE|[1]
11:34:54.0 (1450052)|STATEMENT_EXECUTE|[3]
11:34:54.0 (1454743)|HEAP_ALLOCATE|[3]|Bytes:44
11:34:54.0 (1490780)|HEAP_ALLOCATE|[50]|Bytes:5
11:34:54.0 (1519029)|HEAP_ALLOCATE|[56]|Bytes:5
11:34:54.0 (1528849)|HEAP_ALLOCATE|[64]|Bytes:7
11:34:54.0 (1577799)|VARIABLE_ASSIGNMENT|[3]|this.childCasesSubject|"Warning: Parent case (24 more) ..."|0x3bdcfa4e
11:34:54.0 (1581227)|STATEMENT_EXECUTE|[6]
11:34:54.0 (1587928)|HEAP_ALLOCATE|[6]|Bytes:4
11:34:54.0 (1660444)|HEAP_ALLOCATE|[EXTERNAL]|Bytes:4
11:34:54.0 (1680161)|VARIABLE_ASSIGNMENT|[6]|this.secretKeywords|{"s":1,"v":[]}|0x3bdcfa4e
11:34:54.0 (1683251)|STATEMENT_EXECUTE|[7]
11:34:54.0 (1698552)|HEAP_ALLOCATE|[7]|Bytes:11
11:34:54.0 (1746877)|HEAP_ALLOCATE|[EXTERNAL]|Bytes:4
11:34:54.0 (1760101)|STATEMENT_EXECUTE|[8]
11:34:54.0 (1773304)|HEAP_ALLOCATE|[8]|Bytes:15
11:34:54.0 (1801170)|HEAP_ALLOCATE|[EXTERNAL]|Bytes:4
11:34:54.0 (1808603)|STATEMENT_EXECUTE|[9]
11:34:54.0 (1819175)|HEAP_ALLOCATE|[9]|Bytes:3
11:34:54.0 (1840351)|HEAP_ALLOCATE|[EXTERNAL]|Bytes:4
11:34:54.0 (1846720)|STATEMENT_EXECUTE|[10]
11:34:54.0 (1856184)|HEAP_ALLOCATE|[10]|Bytes:8
11:34:54.0 (1876804)|HEAP_ALLOCATE|[EXTERNAL]|Bytes:4
11:34:54.0 (1883176)|STATEMENT_EXECUTE|[11]
11:34:54.0 (1892504)|HEAP_ALLOCATE|[11]|Bytes:10
11:34:54.0 (1918062)|HEAP_ALLOCATE|[EXTERNAL]|Bytes:4
11:34:54.0 (1927255)|STATEMENT_EXECUTE|[16]
11:34:54.0 (1933340)|VARIABLE_SCOPE_BEGIN|[16]|i|Integer|false|false
11:34:54.0 (1939229)|HEAP_ALLOCATE|[16]|Bytes:4
11:34:54.0 (1946008)|VARIABLE_ASSIGNMENT|[16]|i|0
11:34:54.0 (1979934)|STATEMENT_EXECUTE|[16]
11:34:54.0 (1981935)|STATEMENT_EXECUTE|[17]
11:34:54.0 (2010696)|HEAP_ALLOCATE|[17]|Bytes:11
11:34:54.0 (2027506)|VARIABLE_SCOPE_BEGIN|[17]|keyword|String|false|false
11:34:54.0 (2038894)|VARIABLE_ASSIGNMENT|[17]|keyword|"Credit Card"
11:34:54.0 (2043282)|STATEMENT_EXECUTE|[21]
11:34:54.0 (2094821)|HEAP_ALLOCATE|[21]|Bytes:4
11:34:54.0 (2162233)|VARIABLE_SCOPE_BEGIN|[21]|casesWithSecretInfo|List<Case>|true|false
11:34:54.0 (2172537)|HEAP_ALLOCATE|[EXTERNAL]|Bytes:4
11:34:54.0 (2188701)|VARIABLE_ASSIGNMENT|[21]|casesWithSecretInfo|{"s":1,"v":[]}|0x7306a337
11:34:54.0 (2386511)|HEAP_ALLOCATE|[22]|Bytes:5
11:34:54.0 (2451521)|VARIABLE_SCOPE_BEGIN|[22]|myCase|Case|true|false
11:34:54.0 (3320341)|VARIABLE_ASSIGNMENT|[22]|myCase|{"Origin":"Phone","Status":"New","LastModifiedDate":"2016-12-29T19:34:54.000Z","IsDeleted":false,"Description":"SSN Passport","Priority":"Medium","Product_Has_Extended (12 more) ...":false,"IsClosed":false,"SystemModstamp":"2016-12-29T19:34:54.000Z","BusinessHoursId":"01m41000000XnfnAAC","CreatedById":"00541000001IQl9AAG","IsEscalated":false,"OwnerId":"00541000001IQl9AAG","CreatedDate":"2016-12-29T19:34:54.000Z","IsClosedOnCreate":false,"CaseNumber":"00001089","Id":"50041000003lnWhAAI","LastModifiedById":"00541000001IQl9AAG"}|0x2592c434
11:34:54.0 (3329432)|STATEMENT_EXECUTE|[22]
11:34:54.0 (3365178)|STATEMENT_EXECUTE|[23]
11:34:54.0 (3450156)|STATEMENT_EXECUTE|[25]
11:34:54.0 (3463322)|HEAP_ALLOCATE|[22]|Bytes:5
11:34:54.0 (3478999)|VARIABLE_ASSIGNMENT|[22]|myCase|null|
11:34:54.0 (3482518)|STATEMENT_EXECUTE|[35]
11:34:54.0 (3486940)|HEAP_ALLOCATE|[35]|Bytes:4
11:34:54.0 (3505389)|VARIABLE_SCOPE_BEGIN|[35]|casesToCreate|List<Case>|true|false
11:34:54.0 (3511167)|HEAP_ALLOCATE|[EXTERNAL]|Bytes:4
11:34:54.0 (3520810)|VARIABLE_ASSIGNMENT|[35]|casesToCreate|{"s":1,"v":[]}|0x6ddde1f1
11:34:54.0 (3551156)|HEAP_ALLOCATE|[36]|Bytes:5
11:34:54.0 (3563884)|VARIABLE_ASSIGNMENT|[36]|caseWithSecretInfo|null|
11:34:54.0 (3567044)|STATEMENT_EXECUTE|[36]
11:34:54.0 (3568373)|STATEMENT_EXECUTE|[45]
11:34:54.0 (3644769)|HEAP_ALLOCATE|[EXTERNAL]|Bytes:4
11:34:54.0 (3652527)|HEAP_ALLOCATE|[16]|Bytes:4
11:34:54.0 (3659727)|VARIABLE_ASSIGNMENT|[16]|i|1
11:34:54.0 (3676842)|STATEMENT_EXECUTE|[16]
11:34:54.0 (3678598)|STATEMENT_EXECUTE|[17]
11:34:54.0 (3686324)|HEAP_ALLOCATE|[17]|Bytes:15
11:34:54.0 (3692933)|VARIABLE_SCOPE_BEGIN|[17]|keyword|String|false|false
11:34:54.0 (3699511)|VARIABLE_ASSIGNMENT|[17]|keyword|"Social Security"
11:34:54.0 (3701618)|STATEMENT_EXECUTE|[21]
11:34:54.0 (3705323)|HEAP_ALLOCATE|[21]|Bytes:4
11:34:54.0 (3713252)|VARIABLE_SCOPE_BEGIN|[21]|casesWithSecretInfo|List<Case>|true|false
11:34:54.0 (3717626)|HEAP_ALLOCATE|[EXTERNAL]|Bytes:4
11:34:54.0 (3726302)|VARIABLE_ASSIGNMENT|[21]|casesWithSecretInfo|{"s":1,"v":[]}|0x4d1ec7
11:34:54.0 (3755013)|HEAP_ALLOCATE|[22]|Bytes:5
11:34:54.0 (3772418)|VARIABLE_SCOPE_BEGIN|[22]|myCase|Case|true|false
11:34:54.0 (4190095)|VARIABLE_ASSIGNMENT|[22]|myCase|{"Origin":"Phone","Status":"New","LastModifiedDate":"2016-12-29T19:34:54.000Z","IsDeleted":false,"Description":"SSN Passport","Priority":"Medium","Product_Has_Extended (12 more) ...":false,"IsClosed":false,"SystemModstamp":"2016-12-29T19:34:54.000Z","BusinessHoursId":"01m41000000XnfnAAC","CreatedById":"00541000001IQl9AAG","IsEscalated":false,"OwnerId":"00541000001IQl9AAG","CreatedDate":"2016-12-29T19:34:54.000Z","IsClosedOnCreate":false,"CaseNumber":"00001089","Id":"50041000003lnWhAAI","LastModifiedById":"00541000001IQl9AAG"}|0x2592c434
11:34:54.0 (4198007)|STATEMENT_EXECUTE|[22]
11:34:54.0 (4221886)|STATEMENT_EXECUTE|[23]
11:34:54.0 (4246548)|STATEMENT_EXECUTE|[25]
11:34:54.0 (4257659)|HEAP_ALLOCATE|[22]|Bytes:5
11:34:54.0 (4271142)|VARIABLE_ASSIGNMENT|[22]|myCase|null|
11:34:54.0 (4274169)|STATEMENT_EXECUTE|[35]
11:34:54.0 (4278090)|HEAP_ALLOCATE|[35]|Bytes:4
11:34:54.0 (4287024)|VARIABLE_SCOPE_BEGIN|[35]|casesToCreate|List<Case>|true|false
11:34:54.0 (4291815)|HEAP_ALLOCATE|[EXTERNAL]|Bytes:4
11:34:54.0 (4300968)|VARIABLE_ASSIGNMENT|[35]|casesToCreate|{"s":1,"v":[]}|0x334dd99e
11:34:54.0 (4318567)|HEAP_ALLOCATE|[36]|Bytes:5
11:34:54.0 (4329399)|VARIABLE_ASSIGNMENT|[36]|caseWithSecretInfo|null|
11:34:54.0 (4332211)|STATEMENT_EXECUTE|[36]
11:34:54.0 (4333440)|STATEMENT_EXECUTE|[45]
11:34:54.0 (4356879)|HEAP_ALLOCATE|[EXTERNAL]|Bytes:4
11:34:54.0 (4362746)|HEAP_ALLOCATE|[16]|Bytes:4
11:34:54.0 (4369053)|VARIABLE_ASSIGNMENT|[16]|i|2
11:34:54.0 (4384497)|STATEMENT_EXECUTE|[16]
11:34:54.0 (4386202)|STATEMENT_EXECUTE|[17]
11:34:54.0 (4393739)|HEAP_ALLOCATE|[17]|Bytes:3
11:34:54.0 (4399996)|VARIABLE_SCOPE_BEGIN|[17]|keyword|String|false|false
11:34:54.0 (4405869)|VARIABLE_ASSIGNMENT|[17]|keyword|"SSN"
11:34:54.0 (4407812)|STATEMENT_EXECUTE|[21]
11:34:54.0 (4411238)|HEAP_ALLOCATE|[21]|Bytes:4
11:34:54.0 (4418988)|VARIABLE_SCOPE_BEGIN|[21]|casesWithSecretInfo|List<Case>|true|false
11:34:54.0 (4423290)|HEAP_ALLOCATE|[EXTERNAL]|Bytes:4
11:34:54.0 (4430894)|VARIABLE_ASSIGNMENT|[21]|casesWithSecretInfo|{"s":1,"v":[]}|0xe9e25c9
11:34:54.0 (4457292)|HEAP_ALLOCATE|[22]|Bytes:5
11:34:54.0 (4472310)|VARIABLE_SCOPE_BEGIN|[22]|myCase|Case|true|false
11:34:54.0 (4919036)|VARIABLE_ASSIGNMENT|[22]|myCase|{"Origin":"Phone","Status":"New","LastModifiedDate":"2016-12-29T19:34:54.000Z","IsDeleted":false,"Description":"SSN Passport","Priority":"Medium","Product_Has_Extended (12 more) ...":false,"IsClosed":false,"SystemModstamp":"2016-12-29T19:34:54.000Z","BusinessHoursId":"01m41000000XnfnAAC","CreatedById":"00541000001IQl9AAG","IsEscalated":false,"OwnerId":"00541000001IQl9AAG","CreatedDate":"2016-12-29T19:34:54.000Z","IsClosedOnCreate":false,"CaseNumber":"00001089","Id":"50041000003lnWhAAI","LastModifiedById":"00541000001IQl9AAG"}|0x2592c434
11:34:54.0 (4928723)|STATEMENT_EXECUTE|[22]
11:34:54.0 (4955971)|STATEMENT_EXECUTE|[23]
11:34:54.0 (4980427)|STATEMENT_EXECUTE|[25]
11:34:54.0 (4982202)|STATEMENT_EXECUTE|[26]
11:34:54.0 (5007629)|HEAP_ALLOCATE|[EXTERNAL]|Bytes:4
11:34:54.0 (5015852)|STATEMENT_EXECUTE|[27]
11:34:54.0 (5020232)|HEAP_ALLOCATE|[27]|Bytes:5
11:34:54.0 (5076672)|HEAP_ALLOCATE|[27]|Bytes:18
11:34:54.0 (5089334)|HEAP_ALLOCATE|[27]|Bytes:25
11:34:54.0 (5100402)|HEAP_ALLOCATE|[27]|Bytes:51
11:34:54.0 (5124082)|USER_DEBUG|[27]|DEBUG|Case 50041000003lnWhAAI includes secret keyword SSN
11:34:54.0 (5147530)|HEAP_ALLOCATE|[22]|Bytes:5
11:34:54.0 (5169586)|VARIABLE_ASSIGNMENT|[22]|myCase|null|
11:34:54.0 (5174740)|STATEMENT_EXECUTE|[35]
11:34:54.0 (5180729)|HEAP_ALLOCATE|[35]|Bytes:4
11:34:54.0 (5197880)|VARIABLE_SCOPE_BEGIN|[35]|casesToCreate|List<Case>|true|false
11:34:54.0 (5206567)|HEAP_ALLOCATE|[EXTERNAL]|Bytes:4
11:34:54.0 (5220828)|VARIABLE_ASSIGNMENT|[35]|casesToCreate|{"s":1,"v":[]}|0x39c1a7de
11:34:54.0 (5254288)|HEAP_ALLOCATE|[36]|Bytes:5
11:34:54.0 (5283881)|VARIABLE_SCOPE_BEGIN|[36]|caseWithSecretInfo|Case|true|false
11:34:54.0 (5589905)|VARIABLE_ASSIGNMENT|[36]|caseWithSecretInfo|{"Origin":"Phone","Status":"New","LastModifiedDate":"2016-12-29T19:34:54.000Z","IsDeleted":false,"Description":"SSN Passport","Priority":"Medium","Product_Has_Extended (12 more) ...":false,"IsClosed":false,"SystemModstamp":"2016-12-29T19:34:54.000Z","BusinessHoursId":"01m41000000XnfnAAC","CreatedById":"00541000001IQl9AAG","IsEscalated":false,"OwnerId":"00541000001IQl9AAG","CreatedDate":"2016-12-29T19:34:54.000Z","IsClosedOnCreate":false,"CaseNumber":"00001089","Id":"50041000003lnWhAAI","LastModifiedById":"00541000001IQl9AAG"}|0x2592c434
11:34:54.0 (5596907)|STATEMENT_EXECUTE|[36]
11:34:54.0 (5598086)|STATEMENT_EXECUTE|[37]
11:34:54.0 (5614697)|HEAP_ALLOCATE|[37]|Bytes:4
11:34:54.0 (5716575)|VARIABLE_SCOPE_BEGIN|[37]|childCase|Case|true|false
11:34:54.0 (5728823)|VARIABLE_ASSIGNMENT|[37]|childCase|{}|0x460e7d42
11:34:54.0 (5731537)|STATEMENT_EXECUTE|[38]
11:34:54.0 (5808194)|VARIABLE_ASSIGNMENT|[38]|this.Subject|"Warning: Parent case (24 more) ..."|0x460e7d42
11:34:54.0 (5814722)|STATEMENT_EXECUTE|[39]
11:34:54.0 (5880643)|VARIABLE_ASSIGNMENT|[39]|this.ParentId|"50041000003lnWhAAI"|0x460e7d42
11:34:54.0 (5886456)|STATEMENT_EXECUTE|[40]
11:34:54.0 (5941124)|VARIABLE_ASSIGNMENT|[40]|this.IsEscalated|true|0x460e7d42
11:34:54.0 (5945080)|STATEMENT_EXECUTE|[41]
11:34:54.0 (5949035)|HEAP_ALLOCATE|[41]|Bytes:4
11:34:54.0 (5980727)|VARIABLE_ASSIGNMENT|[41]|this.Priority|"High"|0x460e7d42
11:34:54.0 (5983825)|STATEMENT_EXECUTE|[42]
11:34:54.0 (5994912)|HEAP_ALLOCATE|[42]|Bytes:6
11:34:54.0 (6026187)|VARIABLE_ASSIGNMENT|[42]|this.Description|"SSNSSN"|0x460e7d42
11:34:54.0 (6030237)|STATEMENT_EXECUTE|[43]
11:34:54.0 (6059256)|HEAP_ALLOCATE|[EXTERNAL]|Bytes:4
11:34:54.0 (6075677)|HEAP_ALLOCATE|[36]|Bytes:5
11:34:54.0 (6088693)|VARIABLE_ASSIGNMENT|[36]|caseWithSecretInfo|null|
11:34:54.0 (6091641)|STATEMENT_EXECUTE|[45]
11:34:54.0 (6120499)|DML_BEGIN|[45]|Op:Insert|Type:Case|Rows:1
11:34:54.0 (6151971)|HEAP_ALLOCATE|[EXTERNAL]|Bytes:8
11:34:54.0 (34364622)|CODE_UNIT_STARTED|[EXTERNAL]|01q410000019tMZ|CheckSecretInformation on Case trigger event AfterInsert for [50041000003lnWi]
11:34:54.0 (34412489)|HEAP_ALLOCATE|[EXTERNAL]|Bytes:8
11:34:54.0 (34518640)|HEAP_ALLOCATE|[EXTERNAL]|Bytes:12
11:34:54.0 (34533138)|VARIABLE_SCOPE_BEGIN|[1]|this|CheckSecretInformation|true|false
11:34:54.0 (34584614)|VARIABLE_ASSIGNMENT|[1]|this|{}|0x27acc04a
11:34:54.0 (34642348)|HEAP_ALLOCATE|[EXTERNAL]|Bytes:12
11:34:54.0 (34655611)|VARIABLE_SCOPE_BEGIN|[1]|this|CheckSecretInformation|true|false
11:34:54.0 (34685203)|VARIABLE_ASSIGNMENT|[1]|this|{}|0x27acc04a
11:34:54.0 (34697045)|STATEMENT_EXECUTE|[1]
11:34:54.0 (34701600)|STATEMENT_EXECUTE|[3]
11:34:54.0 (34756336)|VARIABLE_ASSIGNMENT|[3]|this.childCasesSubject|"Warning: Parent case (24 more) ..."|0x27acc04a
11:34:54.0 (34761142)|STATEMENT_EXECUTE|[6]
11:34:54.0 (34770048)|HEAP_ALLOCATE|[6]|Bytes:4
11:34:54.0 (34852544)|HEAP_ALLOCATE|[EXTERNAL]|Bytes:4
11:34:54.0 (34889787)|VARIABLE_ASSIGNMENT|[6]|this.secretKeywords|{"s":1,"v":[]}|0x27acc04a
11:34:54.0 (34898878)|STATEMENT_EXECUTE|[7]
11:34:54.0 (34933675)|HEAP_ALLOCATE|[EXTERNAL]|Bytes:4
11:34:54.0 (34945633)|STATEMENT_EXECUTE|[8]
11:34:54.0 (34965568)|HEAP_ALLOCATE|[EXTERNAL]|Bytes:4
11:34:54.0 (34981254)|STATEMENT_EXECUTE|[9]
11:34:54.0 (34996276)|HEAP_ALLOCATE|[EXTERNAL]|Bytes:4
11:34:54.0 (35004239)|STATEMENT_EXECUTE|[10]
11:34:54.0 (35022771)|HEAP_ALLOCATE|[EXTERNAL]|Bytes:4
11:34:54.0 (35031888)|STATEMENT_EXECUTE|[11]
11:34:54.0 (35045064)|HEAP_ALLOCATE|[EXTERNAL]|Bytes:4
11:34:54.0 (35052482)|STATEMENT_EXECUTE|[16]
11:34:54.0 (35059002)|VARIABLE_SCOPE_BEGIN|[16]|i|Integer|false|false
11:34:54.0 (35064393)|HEAP_ALLOCATE|[16]|Bytes:4
11:34:54.0 (35071882)|VARIABLE_ASSIGNMENT|[16]|i|0
11:34:54.0 (35096030)|STATEMENT_EXECUTE|[16]
11:34:54.0 (35099807)|STATEMENT_EXECUTE|[17]
11:34:54.0 (35120895)|HEAP_ALLOCATE|[17]|Bytes:11
11:34:54.0 (35135842)|VARIABLE_SCOPE_BEGIN|[17]|keyword|String|false|false
11:34:54.0 (35146718)|VARIABLE_ASSIGNMENT|[17]|keyword|"Credit Card"
11:34:54.0 (35150662)|STATEMENT_EXECUTE|[21]
11:34:54.0 (35157986)|HEAP_ALLOCATE|[21]|Bytes:4
11:34:54.0 (35175681)|VARIABLE_SCOPE_BEGIN|[21]|casesWithSecretInfo|List<Case>|true|false
11:34:54.0 (35185537)|HEAP_ALLOCATE|[EXTERNAL]|Bytes:4
11:34:54.0 (35201129)|VARIABLE_ASSIGNMENT|[21]|casesWithSecretInfo|{"s":1,"v":[]}|0x6de99bf2
11:34:54.0 (35259365)|HEAP_ALLOCATE|[22]|Bytes:5
11:34:54.0 (35290165)|VARIABLE_SCOPE_BEGIN|[22]|myCase|Case|true|false
11:34:54.0 (35888194)|VARIABLE_ASSIGNMENT|[22]|myCase|{"Status":"New","ParentId":"50041000003lnWhAAI","LastModifiedDate":"2016-12-29T19:34:54.000Z","IsDeleted":false,"Description":"SSNSSN","Priority":"High","Product_Has_Extended (12 more) ...":false,"IsClosed":false,"Subject":"Warning: Parent case (24 more) ...","SystemModstamp":"2016-12-29T19:34:54.000Z","BusinessHoursId":"01m41000000XnfnAAC","CreatedById":"00541000001IQl9AAG","IsEscalated":true,"OwnerId":"00541000001IQl9AAG","CreatedDate":"2016-12-29T19:34:54.000Z","IsClosedOnCreate":false,"CaseNumber":"00001090","Id":"50041000003lnWiAAI","LastModifiedById":"00541000001IQl9AAG"}|0x3b572097
11:34:54.0 (35896090)|STATEMENT_EXECUTE|[22]
11:34:54.0 (35983643)|STATEMENT_EXECUTE|[23]
11:34:54.0 (35999508)|HEAP_ALLOCATE|[22]|Bytes:5
11:34:54.0 (36016247)|VARIABLE_ASSIGNMENT|[22]|myCase|null|
11:34:54.0 (36021363)|STATEMENT_EXECUTE|[35]
11:34:54.0 (36025250)|HEAP_ALLOCATE|[35]|Bytes:4
11:34:54.0 (36034932)|VARIABLE_SCOPE_BEGIN|[35]|casesToCreate|List<Case>|true|false
11:34:54.0 (36040067)|HEAP_ALLOCATE|[EXTERNAL]|Bytes:4
11:34:54.0 (36049020)|VARIABLE_ASSIGNMENT|[35]|casesToCreate|{"s":1,"v":[]}|0x7a380927
11:34:54.0 (36067721)|HEAP_ALLOCATE|[36]|Bytes:5
11:34:54.0 (36079658)|VARIABLE_ASSIGNMENT|[36]|caseWithSecretInfo|null|
11:34:54.0 (36082873)|STATEMENT_EXECUTE|[36]
11:34:54.0 (36084204)|STATEMENT_EXECUTE|[45]
11:34:54.0 (36124839)|HEAP_ALLOCATE|[EXTERNAL]|Bytes:4
11:34:54.0 (36133592)|HEAP_ALLOCATE|[16]|Bytes:4
11:34:54.0 (36143350)|VARIABLE_ASSIGNMENT|[16]|i|1
11:34:54.0 (36169707)|STATEMENT_EXECUTE|[16]
11:34:54.0 (36173120)|STATEMENT_EXECUTE|[17]
11:34:54.0 (36187480)|HEAP_ALLOCATE|[17]|Bytes:15
11:34:54.0 (36199316)|VARIABLE_SCOPE_BEGIN|[17]|keyword|String|false|false
11:34:54.0 (36207052)|VARIABLE_ASSIGNMENT|[17]|keyword|"Social Security"
11:34:54.0 (36209826)|STATEMENT_EXECUTE|[21]
11:34:54.0 (36213680)|HEAP_ALLOCATE|[21]|Bytes:4
11:34:54.0 (36222217)|VARIABLE_SCOPE_BEGIN|[21]|casesWithSecretInfo|List<Case>|true|false
11:34:54.0 (36226833)|HEAP_ALLOCATE|[EXTERNAL]|Bytes:4
11:34:54.0 (36237319)|VARIABLE_ASSIGNMENT|[21]|casesWithSecretInfo|{"s":1,"v":[]}|0x2a69f93f
11:34:54.0 (36265801)|HEAP_ALLOCATE|[22]|Bytes:5
11:34:54.0 (36281621)|VARIABLE_SCOPE_BEGIN|[22]|myCase|Case|true|false
11:34:54.0 (36539374)|VARIABLE_ASSIGNMENT|[22]|myCase|{"Status":"New","ParentId":"50041000003lnWhAAI","LastModifiedDate":"2016-12-29T19:34:54.000Z","IsDeleted":false,"Description":"SSNSSN","Priority":"High","Product_Has_Extended (12 more) ...":false,"IsClosed":false,"Subject":"Warning: Parent case (24 more) ...","SystemModstamp":"2016-12-29T19:34:54.000Z","BusinessHoursId":"01m41000000XnfnAAC","CreatedById":"00541000001IQl9AAG","IsEscalated":true,"OwnerId":"00541000001IQl9AAG","CreatedDate":"2016-12-29T19:34:54.000Z","IsClosedOnCreate":false,"CaseNumber":"00001090","Id":"50041000003lnWiAAI","LastModifiedById":"00541000001IQl9AAG"}|0x3b572097
11:34:54.0 (36547204)|STATEMENT_EXECUTE|[22]
11:34:54.0 (36582434)|STATEMENT_EXECUTE|[23]
11:34:54.0 (36600103)|HEAP_ALLOCATE|[22]|Bytes:5
11:34:54.0 (36615265)|VARIABLE_ASSIGNMENT|[22]|myCase|null|
11:34:54.0 (36618281)|STATEMENT_EXECUTE|[35]
11:34:54.0 (36621997)|HEAP_ALLOCATE|[35]|Bytes:4
11:34:54.0 (36630863)|VARIABLE_SCOPE_BEGIN|[35]|casesToCreate|List<Case>|true|false
11:34:54.0 (36635525)|HEAP_ALLOCATE|[EXTERNAL]|Bytes:4
11:34:54.0 (36644471)|VARIABLE_ASSIGNMENT|[35]|casesToCreate|{"s":1,"v":[]}|0xb7ed18b
11:34:54.0 (36662103)|HEAP_ALLOCATE|[36]|Bytes:5
11:34:54.0 (36673234)|VARIABLE_ASSIGNMENT|[36]|caseWithSecretInfo|null|
11:34:54.0 (36676111)|STATEMENT_EXECUTE|[36]
11:34:54.0 (36677303)|STATEMENT_EXECUTE|[45]
11:34:54.0 (36700191)|HEAP_ALLOCATE|[EXTERNAL]|Bytes:4
11:34:54.0 (36705850)|HEAP_ALLOCATE|[16]|Bytes:4
11:34:54.0 (36712289)|VARIABLE_ASSIGNMENT|[16]|i|2
11:34:54.0 (36727548)|STATEMENT_EXECUTE|[16]
11:34:54.0 (36729493)|STATEMENT_EXECUTE|[17]
11:34:54.0 (36737453)|HEAP_ALLOCATE|[17]|Bytes:3
11:34:54.0 (36743836)|VARIABLE_SCOPE_BEGIN|[17]|keyword|String|false|false
11:34:54.0 (36749724)|VARIABLE_ASSIGNMENT|[17]|keyword|"SSN"
11:34:54.0 (36751878)|STATEMENT_EXECUTE|[21]
11:34:54.0 (36755337)|HEAP_ALLOCATE|[21]|Bytes:4
11:34:54.0 (36762984)|VARIABLE_SCOPE_BEGIN|[21]|casesWithSecretInfo|List<Case>|true|false
11:34:54.0 (36767228)|HEAP_ALLOCATE|[EXTERNAL]|Bytes:4
11:34:54.0 (36775028)|VARIABLE_ASSIGNMENT|[21]|casesWithSecretInfo|{"s":1,"v":[]}|0x92f0beb
11:34:54.0 (36806036)|HEAP_ALLOCATE|[22]|Bytes:5
11:34:54.0 (36821411)|VARIABLE_SCOPE_BEGIN|[22]|myCase|Case|true|false
11:34:54.0 (37075579)|VARIABLE_ASSIGNMENT|[22]|myCase|{"Status":"New","ParentId":"50041000003lnWhAAI","LastModifiedDate":"2016-12-29T19:34:54.000Z","IsDeleted":false,"Description":"SSNSSN","Priority":"High","Product_Has_Extended (12 more) ...":false,"IsClosed":false,"Subject":"Warning: Parent case (24 more) ...","SystemModstamp":"2016-12-29T19:34:54.000Z","BusinessHoursId":"01m41000000XnfnAAC","CreatedById":"00541000001IQl9AAG","IsEscalated":true,"OwnerId":"00541000001IQl9AAG","CreatedDate":"2016-12-29T19:34:54.000Z","IsClosedOnCreate":false,"CaseNumber":"00001090","Id":"50041000003lnWiAAI","LastModifiedById":"00541000001IQl9AAG"}|0x3b572097
11:34:54.0 (37083644)|STATEMENT_EXECUTE|[22]
11:34:54.0 (37119122)|STATEMENT_EXECUTE|[23]
11:34:54.0 (37136762)|HEAP_ALLOCATE|[22]|Bytes:5
11:34:54.0 (37152243)|VARIABLE_ASSIGNMENT|[22]|myCase|null|
11:34:54.0 (37155465)|STATEMENT_EXECUTE|[35]
11:34:54.0 (37159324)|HEAP_ALLOCATE|[35]|Bytes:4
11:34:54.0 (37168091)|VARIABLE_SCOPE_BEGIN|[35]|casesToCreate|List<Case>|true|false
11:34:54.0 (37172660)|HEAP_ALLOCATE|[EXTERNAL]|Bytes:4
11:34:54.0 (37181342)|VARIABLE_ASSIGNMENT|[35]|casesToCreate|{"s":1,"v":[]}|0x33e45ad8
11:34:54.0 (37198792)|HEAP_ALLOCATE|[36]|Bytes:5
11:34:54.0 (37209953)|VARIABLE_ASSIGNMENT|[36]|caseWithSecretInfo|null|
11:34:54.0 (37212770)|STATEMENT_EXECUTE|[36]
11:34:54.0 (37214413)|STATEMENT_EXECUTE|[45]
11:34:54.0 (37237178)|HEAP_ALLOCATE|[EXTERNAL]|Bytes:4
11:34:54.0 (37242737)|HEAP_ALLOCATE|[16]|Bytes:4
11:34:54.0 (37249024)|VARIABLE_ASSIGNMENT|[16]|i|3
11:34:54.0 (37267249)|STATEMENT_EXECUTE|[16]
11:34:54.0 (37270392)|STATEMENT_EXECUTE|[17]
11:34:54.0 (37286099)|HEAP_ALLOCATE|[17]|Bytes:8
11:34:54.0 (37298403)|VARIABLE_SCOPE_BEGIN|[17]|keyword|String|false|false
11:34:54.0 (37308707)|VARIABLE_ASSIGNMENT|[17]|keyword|"Passport"
11:34:54.0 (37311706)|STATEMENT_EXECUTE|[21]
11:34:54.0 (37315803)|HEAP_ALLOCATE|[21]|Bytes:4
11:34:54.0 (37325733)|VARIABLE_SCOPE_BEGIN|[21]|casesWithSecretInfo|List<Case>|true|false
11:34:54.0 (37330241)|HEAP_ALLOCATE|[EXTERNAL]|Bytes:4
11:34:54.0 (37338404)|VARIABLE_ASSIGNMENT|[21]|casesWithSecretInfo|{"s":1,"v":[]}|0x56a1fd9a
11:34:54.0 (37365839)|HEAP_ALLOCATE|[22]|Bytes:5
11:34:54.0 (37380900)|VARIABLE_SCOPE_BEGIN|[22]|myCase|Case|true|false
11:34:54.0 (37747468)|VARIABLE_ASSIGNMENT|[22]|myCase|{"Status":"New","ParentId":"50041000003lnWhAAI","LastModifiedDate":"2016-12-29T19:34:54.000Z","IsDeleted":false,"Description":"SSNSSN","Priority":"High","Product_Has_Extended (12 more) ...":false,"IsClosed":false,"Subject":"Warning: Parent case (24 more) ...","SystemModstamp":"2016-12-29T19:34:54.000Z","BusinessHoursId":"01m41000000XnfnAAC","CreatedById":"00541000001IQl9AAG","IsEscalated":true,"OwnerId":"00541000001IQl9AAG","CreatedDate":"2016-12-29T19:34:54.000Z","IsClosedOnCreate":false,"CaseNumber":"00001090","Id":"50041000003lnWiAAI","LastModifiedById":"00541000001IQl9AAG"}|0x3b572097
11:34:54.0 (37755500)|STATEMENT_EXECUTE|[22]
11:34:54.0 (37788392)|STATEMENT_EXECUTE|[23]
11:34:54.0 (37801310)|HEAP_ALLOCATE|[22]|Bytes:5
11:34:54.0 (37814937)|VARIABLE_ASSIGNMENT|[22]|myCase|null|
11:34:54.0 (37817773)|STATEMENT_EXECUTE|[35]
11:34:54.0 (37821399)|HEAP_ALLOCATE|[35]|Bytes:4
11:34:54.0 (37830316)|VARIABLE_SCOPE_BEGIN|[35]|casesToCreate|List<Case>|true|false
11:34:54.0 (37835143)|HEAP_ALLOCATE|[EXTERNAL]|Bytes:4
11:34:54.0 (37843746)|VARIABLE_ASSIGNMENT|[35]|casesToCreate|{"s":1,"v":[]}|0x2b2e9c4c
11:34:54.0 (37861951)|HEAP_ALLOCATE|[36]|Bytes:5
11:34:54.0 (37873210)|VARIABLE_ASSIGNMENT|[36]|caseWithSecretInfo|null|
11:34:54.0 (37875990)|STATEMENT_EXECUTE|[36]
11:34:54.0 (37877235)|STATEMENT_EXECUTE|[45]
11:34:54.0 (37899802)|HEAP_ALLOCATE|[EXTERNAL]|Bytes:4
11:34:54.0 (37905446)|HEAP_ALLOCATE|[16]|Bytes:4
11:34:54.0 (37911753)|VARIABLE_ASSIGNMENT|[16]|i|4
11:34:54.0 (37926950)|STATEMENT_EXECUTE|[16]
11:34:54.0 (37928609)|STATEMENT_EXECUTE|[17]
11:34:54.0 (37936297)|HEAP_ALLOCATE|[17]|Bytes:10
11:34:54.0 (37942856)|VARIABLE_SCOPE_BEGIN|[17]|keyword|String|false|false
11:34:54.0 (37948914)|VARIABLE_ASSIGNMENT|[17]|keyword|"Bodyweight"
11:34:54.0 (37951069)|STATEMENT_EXECUTE|[21]
11:34:54.0 (37954555)|HEAP_ALLOCATE|[21]|Bytes:4
11:34:54.0 (37962266)|VARIABLE_SCOPE_BEGIN|[21]|casesWithSecretInfo|List<Case>|true|false
11:34:54.0 (37966445)|HEAP_ALLOCATE|[EXTERNAL]|Bytes:4
11:34:54.0 (37973885)|VARIABLE_ASSIGNMENT|[21]|casesWithSecretInfo|{"s":1,"v":[]}|0x5aafaa91
11:34:54.0 (37999807)|HEAP_ALLOCATE|[22]|Bytes:5
11:34:54.0 (38014754)|VARIABLE_SCOPE_BEGIN|[22]|myCase|Case|true|false
11:34:54.0 (38232114)|VARIABLE_ASSIGNMENT|[22]|myCase|{"Status":"New","ParentId":"50041000003lnWhAAI","LastModifiedDate":"2016-12-29T19:34:54.000Z","IsDeleted":false,"Description":"SSNSSN","Priority":"High","Product_Has_Extended (12 more) ...":false,"IsClosed":false,"Subject":"Warning: Parent case (24 more) ...","SystemModstamp":"2016-12-29T19:34:54.000Z","BusinessHoursId":"01m41000000XnfnAAC","CreatedById":"00541000001IQl9AAG","IsEscalated":true,"OwnerId":"00541000001IQl9AAG","CreatedDate":"2016-12-29T19:34:54.000Z","IsClosedOnCreate":false,"CaseNumber":"00001090","Id":"50041000003lnWiAAI","LastModifiedById":"00541000001IQl9AAG"}|0x3b572097
11:34:54.0 (38239000)|STATEMENT_EXECUTE|[22]
11:34:54.0 (38266234)|STATEMENT_EXECUTE|[23]
11:34:54.0 (38277460)|HEAP_ALLOCATE|[22]|Bytes:5
11:34:54.0 (38290020)|VARIABLE_ASSIGNMENT|[22]|myCase|null|
11:34:54.0 (38292790)|STATEMENT_EXECUTE|[35]
11:34:54.0 (38296434)|HEAP_ALLOCATE|[35]|Bytes:4
11:34:54.0 (38304915)|VARIABLE_SCOPE_BEGIN|[35]|casesToCreate|List<Case>|true|false
11:34:54.0 (38309549)|HEAP_ALLOCATE|[EXTERNAL]|Bytes:4
11:34:54.0 (38317843)|VARIABLE_ASSIGNMENT|[35]|casesToCreate|{"s":1,"v":[]}|0x4b8c0986
11:34:54.0 (38334466)|HEAP_ALLOCATE|[36]|Bytes:5
11:34:54.0 (38345150)|VARIABLE_ASSIGNMENT|[36]|caseWithSecretInfo|null|
11:34:54.0 (38347933)|STATEMENT_EXECUTE|[36]
11:34:54.0 (38349186)|STATEMENT_EXECUTE|[45]
11:34:54.0 (38370919)|HEAP_ALLOCATE|[EXTERNAL]|Bytes:4
11:34:54.0 (38376411)|HEAP_ALLOCATE|[16]|Bytes:4
11:34:54.0 (38382524)|VARIABLE_ASSIGNMENT|[16]|i|5
11:34:54.38 (38402835)|CUMULATIVE_LIMIT_USAGE
11:34:54.38 (38402835)|LIMIT_USAGE_FOR_NS|(default)|
  Number of SOQL queries: 0 out of 100
  Number of query rows: 0 out of 50000
  Number of SOSL queries: 0 out of 20
  Number of DML statements: 1 out of 150
  Number of DML rows: 1 out of 10000
  Maximum CPU time: 0 out of 10000
  Maximum heap size: 0 out of 6000000
  Number of callouts: 0 out of 100
  Number of Email Invocations: 0 out of 10
  Number of future calls: 0 out of 50
  Number of queueable jobs added to the queue: 0 out of 50
  Number of Mobile Apex push calls: 0 out of 10

11:34:54.38 (38402835)|CUMULATIVE_LIMIT_USAGE_END

11:34:54.0 (39508096)|CODE_UNIT_FINISHED|CheckSecretInformation on Case trigger event AfterInsert for [50041000003lnWi]
11:34:54.0 (39596557)|CODE_UNIT_STARTED|[EXTERNAL]|Workflow:Case
11:34:54.0 (48443611)|WF_RULE_EVAL_BEGIN|Assignment
11:34:54.0 (48460760)|WF_SPOOL_ACTION_BEGIN|Assignment
11:34:54.0 (48464707)|WF_ACTION|.
11:34:54.0 (48466968)|WF_RULE_EVAL_END
11:34:54.0 (48472372)|WF_RULE_EVAL_BEGIN|Escalation
11:34:54.0 (48477556)|WF_SPOOL_ACTION_BEGIN|Escalation
11:34:54.0 (48479119)|WF_ACTION|.
11:34:54.0 (48480233)|WF_RULE_EVAL_END
11:34:54.0 (48521740)|WF_ACTIONS_END| None
11:34:54.0 (48530523)|CODE_UNIT_FINISHED|Workflow:Case
11:34:54.0 (49275975)|DML_END|[45]
11:34:54.0 (49334118)|HEAP_ALLOCATE|[EXTERNAL]|Bytes:8
11:34:54.0 (49358942)|HEAP_ALLOCATE|[16]|Bytes:4
11:34:54.0 (49382807)|VARIABLE_ASSIGNMENT|[16]|i|3
11:34:54.0 (49434611)|STATEMENT_EXECUTE|[16]
11:34:54.0 (49437073)|STATEMENT_EXECUTE|[17]
11:34:54.0 (49452160)|HEAP_ALLOCATE|[17]|Bytes:8
11:34:54.0 (49461869)|VARIABLE_SCOPE_BEGIN|[17]|keyword|String|false|false
11:34:54.0 (49474459)|VARIABLE_ASSIGNMENT|[17]|keyword|"Passport"
11:34:54.0 (49476996)|STATEMENT_EXECUTE|[21]
11:34:54.0 (49486723)|HEAP_ALLOCATE|[21]|Bytes:4
11:34:54.0 (49500832)|VARIABLE_SCOPE_BEGIN|[21]|casesWithSecretInfo|List<Case>|true|false
11:34:54.0 (49508404)|HEAP_ALLOCATE|[EXTERNAL]|Bytes:4
11:34:54.0 (49525973)|VARIABLE_ASSIGNMENT|[21]|casesWithSecretInfo|{"s":1,"v":[]}|0x10771443
11:34:54.0 (49580443)|HEAP_ALLOCATE|[22]|Bytes:5
11:34:54.0 (49610596)|VARIABLE_SCOPE_BEGIN|[22]|myCase|Case|true|false
11:34:54.0 (50318122)|VARIABLE_ASSIGNMENT|[22]|myCase|{"Origin":"Phone","Status":"New","LastModifiedDate":"2016-12-29T19:34:54.000Z","IsDeleted":false,"Description":"SSN Passport","Priority":"Medium","Product_Has_Extended (12 more) ...":false,"IsClosed":false,"SystemModstamp":"2016-12-29T19:34:54.000Z","BusinessHoursId":"01m41000000XnfnAAC","CreatedById":"00541000001IQl9AAG","IsEscalated":false,"OwnerId":"00541000001IQl9AAG","CreatedDate":"2016-12-29T19:34:54.000Z","IsClosedOnCreate":false,"CaseNumber":"00001089","Id":"50041000003lnWhAAI","LastModifiedById":"00541000001IQl9AAG"}|0x2592c434
11:34:54.0 (50326860)|STATEMENT_EXECUTE|[22]
11:34:54.0 (50357663)|STATEMENT_EXECUTE|[23]
11:34:54.0 (50422225)|STATEMENT_EXECUTE|[25]
11:34:54.0 (50425356)|STATEMENT_EXECUTE|[26]
11:34:54.0 (50439733)|HEAP_ALLOCATE|[EXTERNAL]|Bytes:4
11:34:54.0 (50450536)|STATEMENT_EXECUTE|[27]
11:34:54.0 (50479024)|HEAP_ALLOCATE|[27]|Bytes:18
11:34:54.0 (50494098)|HEAP_ALLOCATE|[27]|Bytes:56
11:34:54.0 (50512518)|USER_DEBUG|[27]|DEBUG|Case 50041000003lnWhAAI includes secret keyword Passport
11:34:54.0 (50527071)|HEAP_ALLOCATE|[22]|Bytes:5
11:34:54.0 (50542348)|VARIABLE_ASSIGNMENT|[22]|myCase|null|
11:34:54.0 (50547261)|STATEMENT_EXECUTE|[35]
11:34:54.0 (50551441)|HEAP_ALLOCATE|[35]|Bytes:4
11:34:54.0 (50561431)|VARIABLE_SCOPE_BEGIN|[35]|casesToCreate|List<Case>|true|false
11:34:54.0 (50566556)|HEAP_ALLOCATE|[EXTERNAL]|Bytes:4
11:34:54.0 (50576061)|VARIABLE_ASSIGNMENT|[35]|casesToCreate|{"s":1,"v":[]}|0x77ed224
11:34:54.0 (50613544)|HEAP_ALLOCATE|[36]|Bytes:5
11:34:54.0 (50643172)|VARIABLE_SCOPE_BEGIN|[36]|caseWithSecretInfo|Case|true|false
11:34:54.0 (51182403)|VARIABLE_ASSIGNMENT|[36]|caseWithSecretInfo|{"Origin":"Phone","Status":"New","LastModifiedDate":"2016-12-29T19:34:54.000Z","IsDeleted":false,"Description":"SSN Passport","Priority":"Medium","Product_Has_Extended (12 more) ...":false,"IsClosed":false,"SystemModstamp":"2016-12-29T19:34:54.000Z","BusinessHoursId":"01m41000000XnfnAAC","CreatedById":"00541000001IQl9AAG","IsEscalated":false,"OwnerId":"00541000001IQl9AAG","CreatedDate":"2016-12-29T19:34:54.000Z","IsClosedOnCreate":false,"CaseNumber":"00001089","Id":"50041000003lnWhAAI","LastModifiedById":"00541000001IQl9AAG"}|0x2592c434
11:34:54.0 (51190126)|STATEMENT_EXECUTE|[36]
11:34:54.0 (51191661)|STATEMENT_EXECUTE|[37]
11:34:54.0 (51209869)|HEAP_ALLOCATE|[37]|Bytes:4
11:34:54.0 (51233456)|VARIABLE_SCOPE_BEGIN|[37]|childCase|Case|true|false
11:34:54.0 (51243984)|VARIABLE_ASSIGNMENT|[37]|childCase|{}|0x51ea0af0
11:34:54.0 (51246754)|STATEMENT_EXECUTE|[38]
11:34:54.0 (51303411)|VARIABLE_ASSIGNMENT|[38]|this.Subject|"Warning: Parent case (24 more) ..."|0x51ea0af0
11:34:54.0 (51307228)|STATEMENT_EXECUTE|[39]
11:34:54.0 (51340043)|VARIABLE_ASSIGNMENT|[39]|this.ParentId|"50041000003lnWhAAI"|0x51ea0af0
11:34:54.0 (51343312)|STATEMENT_EXECUTE|[40]
11:34:54.0 (51369120)|VARIABLE_ASSIGNMENT|[40]|this.IsEscalated|true|0x51ea0af0
11:34:54.0 (51372189)|STATEMENT_EXECUTE|[41]
11:34:54.0 (51396226)|VARIABLE_ASSIGNMENT|[41]|this.Priority|"High"|0x51ea0af0
11:34:54.0 (51398952)|STATEMENT_EXECUTE|[42]
11:34:54.0 (51406444)|HEAP_ALLOCATE|[42]|Bytes:16
11:34:54.0 (51434601)|VARIABLE_ASSIGNMENT|[42]|this.Description|"PassportPassport"|0x51ea0af0
11:34:54.0 (51438115)|STATEMENT_EXECUTE|[43]
11:34:54.0 (51448005)|HEAP_ALLOCATE|[EXTERNAL]|Bytes:4
11:34:54.0 (51477509)|HEAP_ALLOCATE|[36]|Bytes:5
11:34:54.0 (51498894)|VARIABLE_ASSIGNMENT|[36]|caseWithSecretInfo|null|
11:34:54.0 (51503957)|STATEMENT_EXECUTE|[45]
11:34:54.0 (51542978)|DML_BEGIN|[45]|Op:Insert|Type:Case|Rows:1
11:34:54.0 (51580104)|HEAP_ALLOCATE|[EXTERNAL]|Bytes:8
11:34:54.0 (79294323)|CODE_UNIT_STARTED|[EXTERNAL]|01q410000019tMZ|CheckSecretInformation on Case trigger event AfterInsert for [50041000003lnWj]
11:34:54.0 (79346801)|HEAP_ALLOCATE|[EXTERNAL]|Bytes:8
11:34:54.0 (79491795)|HEAP_ALLOCATE|[EXTERNAL]|Bytes:12
11:34:54.0 (79506565)|VARIABLE_SCOPE_BEGIN|[1]|this|CheckSecretInformation|true|false
11:34:54.0 (79562070)|VARIABLE_ASSIGNMENT|[1]|this|{}|0xe818b06
11:34:54.0 (79608721)|HEAP_ALLOCATE|[EXTERNAL]|Bytes:12
11:34:54.0 (79619059)|VARIABLE_SCOPE_BEGIN|[1]|this|CheckSecretInformation|true|false
11:34:54.0 (79638466)|VARIABLE_ASSIGNMENT|[1]|this|{}|0xe818b06
11:34:54.0 (79654751)|STATEMENT_EXECUTE|[1]
11:34:54.0 (79658361)|STATEMENT_EXECUTE|[3]
11:34:54.0 (79709982)|VARIABLE_ASSIGNMENT|[3]|this.childCasesSubject|"Warning: Parent case (24 more) ..."|0xe818b06
11:34:54.0 (79715935)|STATEMENT_EXECUTE|[6]
11:34:54.0 (79725750)|HEAP_ALLOCATE|[6]|Bytes:4
11:34:54.0 (79796585)|HEAP_ALLOCATE|[EXTERNAL]|Bytes:4
11:34:54.0 (79816774)|VARIABLE_ASSIGNMENT|[6]|this.secretKeywords|{"s":1,"v":[]}|0xe818b06
11:34:54.0 (79820025)|STATEMENT_EXECUTE|[7]
11:34:54.0 (79841319)|HEAP_ALLOCATE|[EXTERNAL]|Bytes:4
11:34:54.0 (79849178)|STATEMENT_EXECUTE|[8]
11:34:54.0 (79858115)|HEAP_ALLOCATE|[EXTERNAL]|Bytes:4
11:34:54.0 (79875427)|STATEMENT_EXECUTE|[9]
11:34:54.0 (79892918)|HEAP_ALLOCATE|[EXTERNAL]|Bytes:4
11:34:54.0 (79902289)|STATEMENT_EXECUTE|[10]
11:34:54.0 (79917182)|HEAP_ALLOCATE|[EXTERNAL]|Bytes:4
11:34:54.0 (79921968)|STATEMENT_EXECUTE|[11]
11:34:54.0 (79929555)|HEAP_ALLOCATE|[EXTERNAL]|Bytes:4
11:34:54.0 (79936245)|STATEMENT_EXECUTE|[16]
11:34:54.0 (79947406)|VARIABLE_SCOPE_BEGIN|[16]|i|Integer|false|false
11:34:54.0 (79953385)|HEAP_ALLOCATE|[16]|Bytes:4
11:34:54.0 (79960598)|VARIABLE_ASSIGNMENT|[16]|i|0
11:34:54.0 (79981748)|STATEMENT_EXECUTE|[16]
11:34:54.0 (79983510)|STATEMENT_EXECUTE|[17]
11:34:54.0 (79994353)|HEAP_ALLOCATE|[17]|Bytes:11
11:34:54.0 (80001384)|VARIABLE_SCOPE_BEGIN|[17]|keyword|String|false|false
11:34:54.0 (80008963)|VARIABLE_ASSIGNMENT|[17]|keyword|"Credit Card"
11:34:54.0 (80011300)|STATEMENT_EXECUTE|[21]
11:34:54.0 (80015926)|HEAP_ALLOCATE|[21]|Bytes:4
11:34:54.0 (80026063)|VARIABLE_SCOPE_BEGIN|[21]|casesWithSecretInfo|List<Case>|true|false
11:34:54.0 (80032196)|HEAP_ALLOCATE|[EXTERNAL]|Bytes:4
11:34:54.0 (80042083)|VARIABLE_ASSIGNMENT|[21]|casesWithSecretInfo|{"s":1,"v":[]}|0x131b2790
11:34:54.0 (80091465)|HEAP_ALLOCATE|[22]|Bytes:5
11:34:54.0 (80136293)|VARIABLE_SCOPE_BEGIN|[22]|myCase|Case|true|false
11:34:54.0 (80608101)|VARIABLE_ASSIGNMENT|[22]|myCase|{"Status":"New","ParentId":"50041000003lnWhAAI","LastModifiedDate":"2016-12-29T19:34:54.000Z","IsDeleted":false,"Description":"PassportPassport","Priority":"High","Product_Has_Extended (12 more) ...":false,"IsClosed":false,"Subject":"Warning: Parent case (24 more) ...","SystemModstamp":"2016-12-29T19:34:54.000Z","BusinessHoursId":"01m41000000XnfnAAC","CreatedById":"00541000001IQl9AAG","IsEscalated":true,"OwnerId":"00541000001IQl9AAG","CreatedDate":"2016-12-29T19:34:54.000Z","IsClosedOnCreate":false,"CaseNumber":"00001091","Id":"50041000003lnWjAAI","LastModifiedById":"00541000001IQl9AAG"}|0x4e3bbad
11:34:54.0 (80615932)|STATEMENT_EXECUTE|[22]
11:34:54.0 (80657559)|STATEMENT_EXECUTE|[23]
11:34:54.0 (80670608)|HEAP_ALLOCATE|[22]|Bytes:5
11:34:54.0 (80685843)|VARIABLE_ASSIGNMENT|[22]|myCase|null|
11:34:54.0 (80690139)|STATEMENT_EXECUTE|[35]
11:34:54.0 (80693998)|HEAP_ALLOCATE|[35]|Bytes:4
11:34:54.0 (80703334)|VARIABLE_SCOPE_BEGIN|[35]|casesToCreate|List<Case>|true|false
11:34:54.0 (80708480)|HEAP_ALLOCATE|[EXTERNAL]|Bytes:4
11:34:54.0 (80717198)|VARIABLE_ASSIGNMENT|[35]|casesToCreate|{"s":1,"v":[]}|0x6b8c98c
11:34:54.0 (80735825)|HEAP_ALLOCATE|[36]|Bytes:5
11:34:54.0 (80760185)|VARIABLE_ASSIGNMENT|[36]|caseWithSecretInfo|null|
11:34:54.0 (80765549)|STATEMENT_EXECUTE|[36]
11:34:54.0 (80767760)|STATEMENT_EXECUTE|[45]
11:34:54.0 (80823487)|HEAP_ALLOCATE|[EXTERNAL]|Bytes:4
11:34:54.0 (80834233)|HEAP_ALLOCATE|[16]|Bytes:4
11:34:54.0 (80845320)|VARIABLE_ASSIGNMENT|[16]|i|1
11:34:54.0 (80886443)|STATEMENT_EXECUTE|[16]
11:34:54.0 (80889583)|STATEMENT_EXECUTE|[17]
11:34:54.0 (80907078)|HEAP_ALLOCATE|[17]|Bytes:15
11:34:54.0 (80920305)|VARIABLE_SCOPE_BEGIN|[17]|keyword|String|false|false
11:34:54.0 (80931365)|VARIABLE_ASSIGNMENT|[17]|keyword|"Social Security"
11:34:54.0 (80934954)|STATEMENT_EXECUTE|[21]
11:34:54.0 (80946468)|HEAP_ALLOCATE|[21]|Bytes:4
11:34:54.0 (80962846)|VARIABLE_SCOPE_BEGIN|[21]|casesWithSecretInfo|List<Case>|true|false
11:34:54.0 (80971070)|HEAP_ALLOCATE|[EXTERNAL]|Bytes:4
11:34:54.0 (80998996)|VARIABLE_ASSIGNMENT|[21]|casesWithSecretInfo|{"s":1,"v":[]}|0x14c54010
11:34:54.0 (81034320)|HEAP_ALLOCATE|[22]|Bytes:5
11:34:54.0 (81051545)|VARIABLE_SCOPE_BEGIN|[22]|myCase|Case|true|false
11:34:54.0 (81497971)|VARIABLE_ASSIGNMENT|[22]|myCase|{"Status":"New","ParentId":"50041000003lnWhAAI","LastModifiedDate":"2016-12-29T19:34:54.000Z","IsDeleted":false,"Description":"PassportPassport","Priority":"High","Product_Has_Extended (12 more) ...":false,"IsClosed":false,"Subject":"Warning: Parent case (24 more) ...","SystemModstamp":"2016-12-29T19:34:54.000Z","BusinessHoursId":"01m41000000XnfnAAC","CreatedById":"00541000001IQl9AAG","IsEscalated":true,"OwnerId":"00541000001IQl9AAG","CreatedDate":"2016-12-29T19:34:54.000Z","IsClosedOnCreate":false,"CaseNumber":"00001091","Id":"50041000003lnWjAAI","LastModifiedById":"00541000001IQl9AAG"}|0x4e3bbad
11:34:54.0 (81506142)|STATEMENT_EXECUTE|[22]
11:34:54.0 (81535013)|STATEMENT_EXECUTE|[23]
11:34:54.0 (81558418)|HEAP_ALLOCATE|[22]|Bytes:5
11:34:54.0 (81580713)|VARIABLE_ASSIGNMENT|[22]|myCase|null|
11:34:54.0 (81585933)|STATEMENT_EXECUTE|[35]
11:34:54.0 (81603803)|HEAP_ALLOCATE|[35]|Bytes:4
11:34:54.0 (81622263)|VARIABLE_SCOPE_BEGIN|[35]|casesToCreate|List<Case>|true|false
11:34:54.0 (81631609)|HEAP_ALLOCATE|[EXTERNAL]|Bytes:4
11:34:54.0 (81645706)|VARIABLE_ASSIGNMENT|[35]|casesToCreate|{"s":1,"v":[]}|0x5ea8d2bf
11:34:54.0 (81677405)|HEAP_ALLOCATE|[36]|Bytes:5
11:34:54.0 (81690835)|VARIABLE_ASSIGNMENT|[36]|caseWithSecretInfo|null|
11:34:54.0 (81693994)|STATEMENT_EXECUTE|[36]
11:34:54.0 (81695322)|STATEMENT_EXECUTE|[45]
11:34:54.0 (81719455)|HEAP_ALLOCATE|[EXTERNAL]|Bytes:4
11:34:54.0 (81725413)|HEAP_ALLOCATE|[16]|Bytes:4
11:34:54.0 (81732330)|VARIABLE_ASSIGNMENT|[16]|i|2
11:34:54.0 (81751858)|STATEMENT_EXECUTE|[16]
11:34:54.0 (81753761)|STATEMENT_EXECUTE|[17]
11:34:54.0 (81761756)|HEAP_ALLOCATE|[17]|Bytes:3
11:34:54.0 (81768360)|VARIABLE_SCOPE_BEGIN|[17]|keyword|String|false|false
11:34:54.0 (81774553)|VARIABLE_ASSIGNMENT|[17]|keyword|"SSN"
11:34:54.0 (81776825)|STATEMENT_EXECUTE|[21]
11:34:54.0 (81780764)|HEAP_ALLOCATE|[21]|Bytes:4
11:34:54.0 (81788867)|VARIABLE_SCOPE_BEGIN|[21]|casesWithSecretInfo|List<Case>|true|false
11:34:54.0 (81793630)|HEAP_ALLOCATE|[EXTERNAL]|Bytes:4
11:34:54.0 (81801601)|VARIABLE_ASSIGNMENT|[21]|casesWithSecretInfo|{"s":1,"v":[]}|0x470f2414
11:34:54.0 (81851463)|HEAP_ALLOCATE|[22]|Bytes:5
11:34:54.0 (81880441)|VARIABLE_SCOPE_BEGIN|[22]|myCase|Case|true|false
11:34:54.0 (82347211)|VARIABLE_ASSIGNMENT|[22]|myCase|{"Status":"New","ParentId":"50041000003lnWhAAI","LastModifiedDate":"2016-12-29T19:34:54.000Z","IsDeleted":false,"Description":"PassportPassport","Priority":"High","Product_Has_Extended (12 more) ...":false,"IsClosed":false,"Subject":"Warning: Parent case (24 more) ...","SystemModstamp":"2016-12-29T19:34:54.000Z","BusinessHoursId":"01m41000000XnfnAAC","CreatedById":"00541000001IQl9AAG","IsEscalated":true,"OwnerId":"00541000001IQl9AAG","CreatedDate":"2016-12-29T19:34:54.000Z","IsClosedOnCreate":false,"CaseNumber":"00001091","Id":"50041000003lnWjAAI","LastModifiedById":"00541000001IQl9AAG"}|0x4e3bbad
11:34:54.0 (82358259)|STATEMENT_EXECUTE|[22]
11:34:54.0 (82396495)|STATEMENT_EXECUTE|[23]
11:34:54.0 (82415126)|HEAP_ALLOCATE|[22]|Bytes:5
11:34:54.0 (82436852)|VARIABLE_ASSIGNMENT|[22]|myCase|null|
11:34:54.0 (82441669)|STATEMENT_EXECUTE|[35]
11:34:54.0 (82447649)|HEAP_ALLOCATE|[35]|Bytes:4
11:34:54.0 (82464547)|VARIABLE_SCOPE_BEGIN|[35]|casesToCreate|List<Case>|true|false
11:34:54.0 (82470752)|HEAP_ALLOCATE|[EXTERNAL]|Bytes:4
11:34:54.0 (82480805)|VARIABLE_ASSIGNMENT|[35]|casesToCreate|{"s":1,"v":[]}|0x73b71d0
11:34:54.0 (82500759)|HEAP_ALLOCATE|[36]|Bytes:5
11:34:54.0 (82512809)|VARIABLE_ASSIGNMENT|[36]|caseWithSecretInfo|null|
11:34:54.0 (82516309)|STATEMENT_EXECUTE|[36]
11:34:54.0 (82517813)|STATEMENT_EXECUTE|[45]
11:34:54.0 (82541489)|HEAP_ALLOCATE|[EXTERNAL]|Bytes:4
11:34:54.0 (82547333)|HEAP_ALLOCATE|[16]|Bytes:4
11:34:54.0 (82553649)|VARIABLE_ASSIGNMENT|[16]|i|3
11:34:54.0 (82584421)|STATEMENT_EXECUTE|[16]
11:34:54.0 (82587483)|STATEMENT_EXECUTE|[17]
11:34:54.0 (82604854)|HEAP_ALLOCATE|[17]|Bytes:8
11:34:54.0 (82617640)|VARIABLE_SCOPE_BEGIN|[17]|keyword|String|false|false
11:34:54.0 (82628122)|VARIABLE_ASSIGNMENT|[17]|keyword|"Passport"
11:34:54.0 (82632195)|STATEMENT_EXECUTE|[21]
11:34:54.0 (82638154)|HEAP_ALLOCATE|[21]|Bytes:4
11:34:54.0 (82653391)|VARIABLE_SCOPE_BEGIN|[21]|casesWithSecretInfo|List<Case>|true|false
11:34:54.0 (82661611)|HEAP_ALLOCATE|[EXTERNAL]|Bytes:4
11:34:54.0 (82688051)|VARIABLE_ASSIGNMENT|[21]|casesWithSecretInfo|{"s":1,"v":[]}|0x394064e7
11:34:54.0 (82733845)|HEAP_ALLOCATE|[22]|Bytes:5
11:34:54.0 (82751747)|VARIABLE_SCOPE_BEGIN|[22]|myCase|Case|true|false
11:34:54.0 (82980008)|VARIABLE_ASSIGNMENT|[22]|myCase|{"Status":"New","ParentId":"50041000003lnWhAAI","LastModifiedDate":"2016-12-29T19:34:54.000Z","IsDeleted":false,"Description":"PassportPassport","Priority":"High","Product_Has_Extended (12 more) ...":false,"IsClosed":false,"Subject":"Warning: Parent case (24 more) ...","SystemModstamp":"2016-12-29T19:34:54.000Z","BusinessHoursId":"01m41000000XnfnAAC","CreatedById":"00541000001IQl9AAG","IsEscalated":true,"OwnerId":"00541000001IQl9AAG","CreatedDate":"2016-12-29T19:34:54.000Z","IsClosedOnCreate":false,"CaseNumber":"00001091","Id":"50041000003lnWjAAI","LastModifiedById":"00541000001IQl9AAG"}|0x4e3bbad
11:34:54.0 (82988261)|STATEMENT_EXECUTE|[22]
11:34:54.0 (83016393)|STATEMENT_EXECUTE|[23]
11:34:54.0 (83028784)|HEAP_ALLOCATE|[22]|Bytes:5
11:34:54.0 (83057867)|VARIABLE_ASSIGNMENT|[22]|myCase|null|
11:34:54.0 (83062885)|STATEMENT_EXECUTE|[35]
11:34:54.0 (83068545)|HEAP_ALLOCATE|[35]|Bytes:4
11:34:54.0 (83083073)|VARIABLE_SCOPE_BEGIN|[35]|casesToCreate|List<Case>|true|false
11:34:54.0 (83090979)|HEAP_ALLOCATE|[EXTERNAL]|Bytes:4
11:34:54.0 (83105062)|VARIABLE_ASSIGNMENT|[35]|casesToCreate|{"s":1,"v":[]}|0x21e5745a
11:34:54.0 (83134519)|HEAP_ALLOCATE|[36]|Bytes:5
11:34:54.0 (83148132)|VARIABLE_ASSIGNMENT|[36]|caseWithSecretInfo|null|
11:34:54.0 (83151449)|STATEMENT_EXECUTE|[36]
11:34:54.0 (83152950)|STATEMENT_EXECUTE|[45]
11:34:54.0 (83176271)|HEAP_ALLOCATE|[EXTERNAL]|Bytes:4
11:34:54.0 (83182200)|HEAP_ALLOCATE|[16]|Bytes:4
11:34:54.0 (83188515)|VARIABLE_ASSIGNMENT|[16]|i|4
11:34:54.0 (83204554)|STATEMENT_EXECUTE|[16]
11:34:54.0 (83206654)|STATEMENT_EXECUTE|[17]
11:34:54.0 (83214430)|HEAP_ALLOCATE|[17]|Bytes:10
11:34:54.0 (83221096)|VARIABLE_SCOPE_BEGIN|[17]|keyword|String|false|false
11:34:54.0 (83227151)|VARIABLE_ASSIGNMENT|[17]|keyword|"Bodyweight"
11:34:54.0 (83229472)|STATEMENT_EXECUTE|[21]
11:34:54.0 (83233015)|HEAP_ALLOCATE|[21]|Bytes:4
11:34:54.0 (83240860)|VARIABLE_SCOPE_BEGIN|[21]|casesWithSecretInfo|List<Case>|true|false
11:34:54.0 (83254785)|HEAP_ALLOCATE|[EXTERNAL]|Bytes:4
11:34:54.0 (83268213)|VARIABLE_ASSIGNMENT|[21]|casesWithSecretInfo|{"s":1,"v":[]}|0x1ff4cbf6
11:34:54.0 (83305691)|HEAP_ALLOCATE|[22]|Bytes:5
11:34:54.0 (83322197)|VARIABLE_SCOPE_BEGIN|[22]|myCase|Case|true|false
11:34:54.0 (83729702)|VARIABLE_ASSIGNMENT|[22]|myCase|{"Status":"New","ParentId":"50041000003lnWhAAI","LastModifiedDate":"2016-12-29T19:34:54.000Z","IsDeleted":false,"Description":"PassportPassport","Priority":"High","Product_Has_Extended (12 more) ...":false,"IsClosed":false,"Subject":"Warning: Parent case (24 more) ...","SystemModstamp":"2016-12-29T19:34:54.000Z","BusinessHoursId":"01m41000000XnfnAAC","CreatedById":"00541000001IQl9AAG","IsEscalated":true,"OwnerId":"00541000001IQl9AAG","CreatedDate":"2016-12-29T19:34:54.000Z","IsClosedOnCreate":false,"CaseNumber":"00001091","Id":"50041000003lnWjAAI","LastModifiedById":"00541000001IQl9AAG"}|0x4e3bbad
11:34:54.0 (83737124)|STATEMENT_EXECUTE|[22]
11:34:54.0 (83765213)|STATEMENT_EXECUTE|[23]
11:34:54.0 (83777576)|HEAP_ALLOCATE|[22]|Bytes:5
11:34:54.0 (83791261)|VARIABLE_ASSIGNMENT|[22]|myCase|null|
11:34:54.0 (83794336)|STATEMENT_EXECUTE|[35]
11:34:54.0 (83798161)|HEAP_ALLOCATE|[35]|Bytes:4
11:34:54.0 (83807153)|VARIABLE_SCOPE_BEGIN|[35]|casesToCreate|List<Case>|true|false
11:34:54.0 (83811749)|HEAP_ALLOCATE|[EXTERNAL]|Bytes:4
11:34:54.0 (83820470)|VARIABLE_ASSIGNMENT|[35]|casesToCreate|{"s":1,"v":[]}|0x431d9c29
11:34:54.0 (83838138)|HEAP_ALLOCATE|[36]|Bytes:5
11:34:54.0 (83848973)|VARIABLE_ASSIGNMENT|[36]|caseWithSecretInfo|null|
11:34:54.0 (83851862)|STATEMENT_EXECUTE|[36]
11:34:54.0 (83853089)|STATEMENT_EXECUTE|[45]
11:34:54.0 (83889536)|HEAP_ALLOCATE|[EXTERNAL]|Bytes:4
11:34:54.0 (83899119)|HEAP_ALLOCATE|[16]|Bytes:4
11:34:54.0 (83909677)|VARIABLE_ASSIGNMENT|[16]|i|5
11:34:54.83 (83934017)|CUMULATIVE_LIMIT_USAGE
11:34:54.83 (83934017)|LIMIT_USAGE_FOR_NS|(default)|
  Number of SOQL queries: 0 out of 100
  Number of query rows: 0 out of 50000
  Number of SOSL queries: 0 out of 20
  Number of DML statements: 2 out of 150
  Number of DML rows: 2 out of 10000
  Maximum CPU time: 0 out of 10000
  Maximum heap size: 0 out of 6000000
  Number of callouts: 0 out of 100
  Number of Email Invocations: 0 out of 10
  Number of future calls: 0 out of 50
  Number of queueable jobs added to the queue: 0 out of 50
  Number of Mobile Apex push calls: 0 out of 10

11:34:54.83 (83934017)|CUMULATIVE_LIMIT_USAGE_END

11:34:54.0 (85243217)|CODE_UNIT_FINISHED|CheckSecretInformation on Case trigger event AfterInsert for [50041000003lnWj]
11:34:54.0 (85327221)|CODE_UNIT_STARTED|[EXTERNAL]|Workflow:Case
11:34:54.0 (89781833)|WF_RULE_EVAL_BEGIN|Assignment
11:34:54.0 (89793866)|WF_SPOOL_ACTION_BEGIN|Assignment
11:34:54.0 (89797872)|WF_ACTION|.
11:34:54.0 (89800200)|WF_RULE_EVAL_END
11:34:54.0 (89805578)|WF_RULE_EVAL_BEGIN|Escalation
11:34:54.0 (89810194)|WF_SPOOL_ACTION_BEGIN|Escalation
11:34:54.0 (89811781)|WF_ACTION|.
11:34:54.0 (89812866)|WF_RULE_EVAL_END
11:34:54.0 (89851164)|WF_ACTIONS_END| None
11:34:54.0 (89856491)|CODE_UNIT_FINISHED|Workflow:Case
11:34:54.0 (90029014)|DML_END|[45]
11:34:54.0 (90077830)|HEAP_ALLOCATE|[EXTERNAL]|Bytes:8
11:34:54.0 (90099636)|HEAP_ALLOCATE|[16]|Bytes:4
11:34:54.0 (90115615)|VARIABLE_ASSIGNMENT|[16]|i|4
11:34:54.0 (90147700)|STATEMENT_EXECUTE|[16]
11:34:54.0 (90150323)|STATEMENT_EXECUTE|[17]
11:34:54.0 (90162584)|HEAP_ALLOCATE|[17]|Bytes:10
11:34:54.0 (90171325)|VARIABLE_SCOPE_BEGIN|[17]|keyword|String|false|false
11:34:54.0 (90179887)|VARIABLE_ASSIGNMENT|[17]|keyword|"Bodyweight"
11:34:54.0 (90182368)|STATEMENT_EXECUTE|[21]
11:34:54.0 (90187114)|HEAP_ALLOCATE|[21]|Bytes:4
11:34:54.0 (90196845)|VARIABLE_SCOPE_BEGIN|[21]|casesWithSecretInfo|List<Case>|true|false
11:34:54.0 (90202256)|HEAP_ALLOCATE|[EXTERNAL]|Bytes:4
11:34:54.0 (90212348)|VARIABLE_ASSIGNMENT|[21]|casesWithSecretInfo|{"s":1,"v":[]}|0x738d4327
11:34:54.0 (90267739)|HEAP_ALLOCATE|[22]|Bytes:5
11:34:54.0 (90292794)|VARIABLE_SCOPE_BEGIN|[22]|myCase|Case|true|false
11:34:54.0 (90955408)|VARIABLE_ASSIGNMENT|[22]|myCase|{"Origin":"Phone","Status":"New","LastModifiedDate":"2016-12-29T19:34:54.000Z","IsDeleted":false,"Description":"SSN Passport","Priority":"Medium","Product_Has_Extended (12 more) ...":false,"IsClosed":false,"SystemModstamp":"2016-12-29T19:34:54.000Z","BusinessHoursId":"01m41000000XnfnAAC","CreatedById":"00541000001IQl9AAG","IsEscalated":false,"OwnerId":"00541000001IQl9AAG","CreatedDate":"2016-12-29T19:34:54.000Z","IsClosedOnCreate":false,"CaseNumber":"00001089","Id":"50041000003lnWhAAI","LastModifiedById":"00541000001IQl9AAG"}|0x2592c434
11:34:54.0 (90965886)|STATEMENT_EXECUTE|[22]
11:34:54.0 (91000602)|STATEMENT_EXECUTE|[23]
11:34:54.0 (91045864)|STATEMENT_EXECUTE|[25]
11:34:54.0 (91057828)|HEAP_ALLOCATE|[22]|Bytes:5
11:34:54.0 (91071954)|VARIABLE_ASSIGNMENT|[22]|myCase|null|
11:34:54.0 (91074897)|STATEMENT_EXECUTE|[35]
11:34:54.0 (91078566)|HEAP_ALLOCATE|[35]|Bytes:4
11:34:54.0 (91087970)|VARIABLE_SCOPE_BEGIN|[35]|casesToCreate|List<Case>|true|false
11:34:54.0 (91093330)|HEAP_ALLOCATE|[EXTERNAL]|Bytes:4
11:34:54.0 (91102693)|VARIABLE_ASSIGNMENT|[35]|casesToCreate|{"s":1,"v":[]}|0x4a1f9ddb
11:34:54.0 (91121145)|HEAP_ALLOCATE|[36]|Bytes:5
11:34:54.0 (91132438)|VARIABLE_ASSIGNMENT|[36]|caseWithSecretInfo|null|
11:34:54.0 (91135244)|STATEMENT_EXECUTE|[36]
11:34:54.0 (91136547)|STATEMENT_EXECUTE|[45]
11:34:54.0 (91162626)|HEAP_ALLOCATE|[EXTERNAL]|Bytes:4
11:34:54.0 (91169412)|HEAP_ALLOCATE|[16]|Bytes:4
11:34:54.0 (91175718)|VARIABLE_ASSIGNMENT|[16]|i|5
11:34:54.91 (91197074)|CUMULATIVE_LIMIT_USAGE
11:34:54.91 (91197074)|LIMIT_USAGE_FOR_NS|(default)|
  Number of SOQL queries: 0 out of 100
  Number of query rows: 0 out of 50000
  Number of SOSL queries: 0 out of 20
  Number of DML statements: 2 out of 150
  Number of DML rows: 2 out of 10000
  Maximum CPU time: 0 out of 10000
  Maximum heap size: 0 out of 6000000
  Number of callouts: 0 out of 100
  Number of Email Invocations: 0 out of 10
  Number of future calls: 0 out of 50
  Number of queueable jobs added to the queue: 0 out of 50
  Number of Mobile Apex push calls: 0 out of 10

11:34:54.91 (91197074)|CUMULATIVE_LIMIT_USAGE_END

11:34:54.0 (92277943)|CODE_UNIT_FINISHED|CheckSecretInformation on Case trigger event AfterInsert for [50041000003lnWh]
11:34:54.0 (93429830)|EXECUTION_FINISHED
11:34:54.95 (95744451)|USER_INFO|[EXTERNAL]|00541000001IQl9|wjw@stuff.com|Pacific Standard Time|GMT-08:00
11:34:54.95 (95754182)|EXECUTION_STARTED
11:34:54.95 (95758582)|CODE_UNIT_STARTED|[EXTERNAL]|Workflow:Case
11:34:54.95 (100971467)|WF_RULE_EVAL_BEGIN|Assignment
11:34:54.95 (100984332)|WF_SPOOL_ACTION_BEGIN|Assignment
11:34:54.95 (100988611)|WF_ACTION|.
11:34:54.95 (100990899)|WF_RULE_EVAL_END
11:34:54.95 (100994891)|WF_RULE_EVAL_BEGIN|Escalation
11:34:54.95 (100999128)|WF_SPOOL_ACTION_BEGIN|Escalation
11:34:54.95 (101001572)|WF_ACTION|.
11:34:54.95 (101003325)|WF_RULE_EVAL_END
11:34:54.95 (101036407)|WF_ACTIONS_END| None
11:34:54.95 (101042008)|CODE_UNIT_FINISHED|Workflow:Case
11:34:54.95 (102008657)|EXECUTION_FINISHED
