36.0 APEX_CODE,FINEST;APEX_PROFILING,INFO;CALLOUT,INFO;DB,INFO;SYSTEM,DEBUG;VALIDATION,INFO;VISUALFORCE,INFO;WORKFLOW,INFO
11:29:10.0 (391339)|USER_INFO|[EXTERNAL]|00541000001IQl9|wjw@stuff.com|Pacific Standard Time|GMT-08:00
11:29:10.0 (423325)|EXECUTION_STARTED
11:29:10.0 (429246)|CODE_UNIT_STARTED|[EXTERNAL]|01q410000019tMZ|CheckSecretInformation on Case trigger event AfterInsert for [50041000003lnWN]
11:29:10.0 (495098)|HEAP_ALLOCATE|[EXTERNAL]|Bytes:8
11:29:10.0 (867088)|HEAP_ALLOCATE|[72]|Bytes:3
11:29:10.0 (898989)|HEAP_ALLOCATE|[77]|Bytes:152
11:29:10.0 (918459)|HEAP_ALLOCATE|[342]|Bytes:408
11:29:10.0 (949191)|HEAP_ALLOCATE|[355]|Bytes:408
11:29:10.0 (979969)|HEAP_ALLOCATE|[467]|Bytes:48
11:29:10.0 (1015165)|HEAP_ALLOCATE|[139]|Bytes:6
11:29:10.0 (1038472)|HEAP_ALLOCATE|[EXTERNAL]|Bytes:2
11:29:10.0 (1095101)|HEAP_ALLOCATE|[EXTERNAL]|Bytes:12
11:29:10.0 (1105834)|VARIABLE_SCOPE_BEGIN|[1]|this|CheckSecretInformation|true|false
11:29:10.0 (1169560)|VARIABLE_ASSIGNMENT|[1]|this|{}|0x7c8ae78f
11:29:10.0 (1226103)|HEAP_ALLOCATE|[EXTERNAL]|Bytes:12
11:29:10.0 (1234970)|VARIABLE_SCOPE_BEGIN|[1]|this|CheckSecretInformation|true|false
11:29:10.0 (1253755)|VARIABLE_ASSIGNMENT|[1]|this|{}|0x7c8ae78f
11:29:10.0 (1261865)|STATEMENT_EXECUTE|[1]
11:29:10.0 (1264632)|STATEMENT_EXECUTE|[3]
11:29:10.0 (1269082)|HEAP_ALLOCATE|[3]|Bytes:44
11:29:10.0 (1305438)|HEAP_ALLOCATE|[50]|Bytes:5
11:29:10.0 (1333863)|HEAP_ALLOCATE|[56]|Bytes:5
11:29:10.0 (1346420)|HEAP_ALLOCATE|[64]|Bytes:7
11:29:10.0 (1407775)|VARIABLE_ASSIGNMENT|[3]|this.childCasesSubject|"Warning: Parent case (24 more) ..."|0x7c8ae78f
11:29:10.0 (1413196)|STATEMENT_EXECUTE|[6]
11:29:10.0 (1422793)|HEAP_ALLOCATE|[6]|Bytes:4
11:29:10.0 (1523572)|HEAP_ALLOCATE|[EXTERNAL]|Bytes:4
11:29:10.0 (1551249)|VARIABLE_ASSIGNMENT|[6]|this.secretKeywords|{"s":1,"v":[]}|0x7c8ae78f
11:29:10.0 (1556720)|STATEMENT_EXECUTE|[7]
11:29:10.0 (1576134)|HEAP_ALLOCATE|[7]|Bytes:11
11:29:10.0 (1627463)|HEAP_ALLOCATE|[EXTERNAL]|Bytes:4
11:29:10.0 (1639477)|STATEMENT_EXECUTE|[8]
11:29:10.0 (1654742)|HEAP_ALLOCATE|[8]|Bytes:15
11:29:10.0 (1687773)|HEAP_ALLOCATE|[EXTERNAL]|Bytes:4
11:29:10.0 (1698101)|STATEMENT_EXECUTE|[9]
11:29:10.0 (1711218)|HEAP_ALLOCATE|[9]|Bytes:3
11:29:10.0 (1745938)|HEAP_ALLOCATE|[EXTERNAL]|Bytes:4
11:29:10.0 (1756970)|STATEMENT_EXECUTE|[10]
11:29:10.0 (1772551)|HEAP_ALLOCATE|[10]|Bytes:8
11:29:10.0 (1807164)|HEAP_ALLOCATE|[EXTERNAL]|Bytes:4
11:29:10.0 (1818145)|STATEMENT_EXECUTE|[11]
11:29:10.0 (1835707)|HEAP_ALLOCATE|[11]|Bytes:10
11:29:10.0 (1876416)|HEAP_ALLOCATE|[EXTERNAL]|Bytes:4
11:29:10.0 (1889896)|STATEMENT_EXECUTE|[16]
11:29:10.0 (1898396)|VARIABLE_SCOPE_BEGIN|[16]|i|Integer|false|false
11:29:10.0 (1903510)|HEAP_ALLOCATE|[16]|Bytes:4
11:29:10.0 (1912876)|VARIABLE_ASSIGNMENT|[16]|i|0
11:29:10.0 (1961983)|STATEMENT_EXECUTE|[16]
11:29:10.0 (1965218)|STATEMENT_EXECUTE|[17]
11:29:10.0 (2008055)|HEAP_ALLOCATE|[17]|Bytes:11
11:29:10.0 (2023839)|VARIABLE_SCOPE_BEGIN|[17]|keyword|String|false|false
11:29:10.0 (2034996)|VARIABLE_ASSIGNMENT|[17]|keyword|"Credit Card"
11:29:10.0 (2038944)|STATEMENT_EXECUTE|[21]
11:29:10.0 (2098943)|HEAP_ALLOCATE|[21]|Bytes:4
11:29:10.0 (2169819)|VARIABLE_SCOPE_BEGIN|[21]|casesWithSecretInfo|List<Case>|true|false
11:29:10.0 (2178898)|HEAP_ALLOCATE|[EXTERNAL]|Bytes:4
11:29:10.0 (2193991)|VARIABLE_ASSIGNMENT|[21]|casesWithSecretInfo|{"s":1,"v":[]}|0x691bbffc
11:29:10.0 (2439785)|HEAP_ALLOCATE|[22]|Bytes:5
11:29:10.0 (2496621)|VARIABLE_SCOPE_BEGIN|[22]|myCase|Case|true|false
11:29:10.0 (3598285)|VARIABLE_ASSIGNMENT|[22]|myCase|{"Origin":"Phone","Status":"New","LastModifiedDate":"2016-12-29T19:29:10.000Z","IsDeleted":false,"Description":"Credit Card Passport","Priority":"Medium","Product_Has_Extended (12 more) ...":false,"IsClosed":false,"SystemModstamp":"2016-12-29T19:29:10.000Z","BusinessHoursId":"01m41000000XnfnAAC","CreatedById":"00541000001IQl9AAG","IsEscalated":false,"OwnerId":"00541000001IQl9AAG","CreatedDate":"2016-12-29T19:29:10.000Z","IsClosedOnCreate":false,"CaseNumber":"00001083","Id":"50041000003lnWNAAY","LastModifiedById":"00541000001IQl9AAG"}|0x10a97105
11:29:10.0 (3634565)|STATEMENT_EXECUTE|[22]
11:29:10.0 (3673495)|STATEMENT_EXECUTE|[23]
11:29:10.0 (3763815)|STATEMENT_EXECUTE|[25]
11:29:10.0 (3767280)|STATEMENT_EXECUTE|[26]
11:29:10.0 (3799646)|HEAP_ALLOCATE|[EXTERNAL]|Bytes:4
11:29:10.0 (3811319)|STATEMENT_EXECUTE|[27]
11:29:10.0 (3816982)|HEAP_ALLOCATE|[27]|Bytes:5
11:29:10.0 (3891154)|HEAP_ALLOCATE|[27]|Bytes:18
11:29:10.0 (3913087)|HEAP_ALLOCATE|[27]|Bytes:25
11:29:10.0 (3933000)|HEAP_ALLOCATE|[27]|Bytes:59
11:29:10.0 (3962763)|USER_DEBUG|[27]|DEBUG|Case 50041000003lnWNAAY includes secret keyword Credit Card
11:29:10.0 (3973000)|STATEMENT_EXECUTE|[28]
11:29:10.0 (3986031)|VARIABLE_ASSIGNMENT|[22]|myCase|null|
11:29:10.0 (3989613)|STATEMENT_EXECUTE|[35]
11:29:10.0 (3995403)|HEAP_ALLOCATE|[35]|Bytes:4
11:29:10.0 (4021594)|VARIABLE_SCOPE_BEGIN|[35]|casesToCreate|List<Case>|true|false
11:29:10.0 (4030644)|HEAP_ALLOCATE|[EXTERNAL]|Bytes:4
11:29:10.0 (4044452)|VARIABLE_ASSIGNMENT|[35]|casesToCreate|{"s":1,"v":[]}|0x784e0d02
11:29:10.0 (4088057)|HEAP_ALLOCATE|[36]|Bytes:5
11:29:10.0 (4111385)|VARIABLE_SCOPE_BEGIN|[36]|caseWithSecretInfo|Case|true|false
11:29:10.0 (4660467)|VARIABLE_ASSIGNMENT|[36]|caseWithSecretInfo|{"Origin":"Phone","Status":"New","LastModifiedDate":"2016-12-29T19:29:10.000Z","IsDeleted":false,"Description":"Credit Card Passport","Priority":"Medium","Product_Has_Extended (12 more) ...":false,"IsClosed":false,"SystemModstamp":"2016-12-29T19:29:10.000Z","BusinessHoursId":"01m41000000XnfnAAC","CreatedById":"00541000001IQl9AAG","IsEscalated":false,"OwnerId":"00541000001IQl9AAG","CreatedDate":"2016-12-29T19:29:10.000Z","IsClosedOnCreate":false,"CaseNumber":"00001083","Id":"50041000003lnWNAAY","LastModifiedById":"00541000001IQl9AAG"}|0x10a97105
11:29:10.0 (4669716)|STATEMENT_EXECUTE|[36]
11:29:10.0 (4671805)|STATEMENT_EXECUTE|[37]
11:29:10.0 (4690971)|HEAP_ALLOCATE|[37]|Bytes:4
11:29:10.0 (4837208)|VARIABLE_SCOPE_BEGIN|[37]|childCase|Case|true|false
11:29:10.0 (4853661)|VARIABLE_ASSIGNMENT|[37]|childCase|{}|0x12987ef8
11:29:10.0 (4858084)|STATEMENT_EXECUTE|[38]
11:29:10.0 (4943213)|VARIABLE_ASSIGNMENT|[38]|this.Subject|"Warning: Parent case (24 more) ..."|0x12987ef8
11:29:10.0 (4948006)|STATEMENT_EXECUTE|[39]
11:29:10.0 (4996883)|VARIABLE_ASSIGNMENT|[39]|this.ParentId|"50041000003lnWNAAY"|0x12987ef8
11:29:10.0 (5000245)|STATEMENT_EXECUTE|[40]
11:29:10.0 (5031969)|VARIABLE_ASSIGNMENT|[40]|this.IsEscalated|true|0x12987ef8
11:29:10.0 (5034830)|STATEMENT_EXECUTE|[41]
11:29:10.0 (5038588)|HEAP_ALLOCATE|[41]|Bytes:4
11:29:10.0 (5074765)|VARIABLE_ASSIGNMENT|[41]|this.Priority|"High"|0x12987ef8
11:29:10.0 (5079721)|STATEMENT_EXECUTE|[42]
11:29:10.0 (5122592)|VARIABLE_ASSIGNMENT|[42]|this.Description|"Credit Card"|0x12987ef8
11:29:10.0 (5127612)|STATEMENT_EXECUTE|[43]
11:29:10.0 (5169005)|HEAP_ALLOCATE|[EXTERNAL]|Bytes:4
11:29:10.0 (5193626)|HEAP_ALLOCATE|[36]|Bytes:5
11:29:10.0 (5213422)|VARIABLE_ASSIGNMENT|[36]|caseWithSecretInfo|null|
11:29:10.0 (5218108)|STATEMENT_EXECUTE|[45]
11:29:10.0 (5275491)|DML_BEGIN|[45]|Op:Insert|Type:Case|Rows:1
11:29:10.0 (5306221)|HEAP_ALLOCATE|[EXTERNAL]|Bytes:8
11:29:10.0 (64496858)|CODE_UNIT_STARTED|[EXTERNAL]|01q410000019tMZ|CheckSecretInformation on Case trigger event AfterInsert for [50041000003lnWO]
11:29:10.0 (64539882)|HEAP_ALLOCATE|[EXTERNAL]|Bytes:8
11:29:10.0 (64627377)|HEAP_ALLOCATE|[EXTERNAL]|Bytes:12
11:29:10.0 (64641395)|VARIABLE_SCOPE_BEGIN|[1]|this|CheckSecretInformation|true|false
11:29:10.0 (64689528)|VARIABLE_ASSIGNMENT|[1]|this|{}|0x7ecc326c
11:29:10.0 (64724273)|HEAP_ALLOCATE|[EXTERNAL]|Bytes:12
11:29:10.0 (64730924)|VARIABLE_SCOPE_BEGIN|[1]|this|CheckSecretInformation|true|false
11:29:10.0 (64742483)|VARIABLE_ASSIGNMENT|[1]|this|{}|0x7ecc326c
11:29:10.0 (64749237)|STATEMENT_EXECUTE|[1]
11:29:10.0 (64751584)|STATEMENT_EXECUTE|[3]
11:29:10.0 (64795452)|VARIABLE_ASSIGNMENT|[3]|this.childCasesSubject|"Warning: Parent case (24 more) ..."|0x7ecc326c
11:29:10.0 (64798103)|STATEMENT_EXECUTE|[6]
11:29:10.0 (64806134)|HEAP_ALLOCATE|[6]|Bytes:4
11:29:10.0 (64865812)|HEAP_ALLOCATE|[EXTERNAL]|Bytes:4
11:29:10.0 (64888342)|VARIABLE_ASSIGNMENT|[6]|this.secretKeywords|{"s":1,"v":[]}|0x7ecc326c
11:29:10.0 (64891806)|STATEMENT_EXECUTE|[7]
11:29:10.0 (64914906)|HEAP_ALLOCATE|[EXTERNAL]|Bytes:4
11:29:10.0 (64921969)|STATEMENT_EXECUTE|[8]
11:29:10.0 (64930088)|HEAP_ALLOCATE|[EXTERNAL]|Bytes:4
11:29:10.0 (64933799)|STATEMENT_EXECUTE|[9]
11:29:10.0 (64940791)|HEAP_ALLOCATE|[EXTERNAL]|Bytes:4
11:29:10.0 (64944542)|STATEMENT_EXECUTE|[10]
11:29:10.0 (64951781)|HEAP_ALLOCATE|[EXTERNAL]|Bytes:4
11:29:10.0 (64955372)|STATEMENT_EXECUTE|[11]
11:29:10.0 (64962340)|HEAP_ALLOCATE|[EXTERNAL]|Bytes:4
11:29:10.0 (64968708)|STATEMENT_EXECUTE|[16]
11:29:10.0 (64974754)|VARIABLE_SCOPE_BEGIN|[16]|i|Integer|false|false
11:29:10.0 (64979811)|HEAP_ALLOCATE|[16]|Bytes:4
11:29:10.0 (64986525)|VARIABLE_ASSIGNMENT|[16]|i|0
11:29:10.0 (65007030)|STATEMENT_EXECUTE|[16]
11:29:10.0 (65009120)|STATEMENT_EXECUTE|[17]
11:29:10.0 (65021281)|HEAP_ALLOCATE|[17]|Bytes:11
11:29:10.0 (65027894)|VARIABLE_SCOPE_BEGIN|[17]|keyword|String|false|false
11:29:10.0 (65033906)|VARIABLE_ASSIGNMENT|[17]|keyword|"Credit Card"
11:29:10.0 (65035948)|STATEMENT_EXECUTE|[21]
11:29:10.0 (65040082)|HEAP_ALLOCATE|[21]|Bytes:4
11:29:10.0 (65049459)|VARIABLE_SCOPE_BEGIN|[21]|casesWithSecretInfo|List<Case>|true|false
11:29:10.0 (65053977)|HEAP_ALLOCATE|[EXTERNAL]|Bytes:4
11:29:10.0 (65063707)|VARIABLE_ASSIGNMENT|[21]|casesWithSecretInfo|{"s":1,"v":[]}|0x2bd77cbe
11:29:10.0 (65112800)|HEAP_ALLOCATE|[22]|Bytes:5
11:29:10.0 (65143299)|VARIABLE_SCOPE_BEGIN|[22]|myCase|Case|true|false
11:29:10.0 (65635374)|VARIABLE_ASSIGNMENT|[22]|myCase|{"Status":"New","ParentId":"50041000003lnWNAAY","LastModifiedDate":"2016-12-29T19:29:10.000Z","IsDeleted":false,"Description":"Credit Card","Priority":"High","Product_Has_Extended (12 more) ...":false,"IsClosed":false,"Subject":"Warning: Parent case (24 more) ...","SystemModstamp":"2016-12-29T19:29:10.000Z","BusinessHoursId":"01m41000000XnfnAAC","CreatedById":"00541000001IQl9AAG","IsEscalated":true,"OwnerId":"00541000001IQl9AAG","CreatedDate":"2016-12-29T19:29:10.000Z","IsClosedOnCreate":false,"CaseNumber":"00001084","Id":"50041000003lnWOAAY","LastModifiedById":"00541000001IQl9AAG"}|0x376d9e40
11:29:10.0 (65642794)|STATEMENT_EXECUTE|[22]
11:29:10.0 (65718304)|STATEMENT_EXECUTE|[23]
11:29:10.0 (65731950)|HEAP_ALLOCATE|[22]|Bytes:5
11:29:10.0 (65745788)|VARIABLE_ASSIGNMENT|[22]|myCase|null|
11:29:10.0 (65750019)|STATEMENT_EXECUTE|[35]
11:29:10.0 (65753608)|HEAP_ALLOCATE|[35]|Bytes:4
11:29:10.0 (65763664)|VARIABLE_SCOPE_BEGIN|[35]|casesToCreate|List<Case>|true|false
11:29:10.0 (65768846)|HEAP_ALLOCATE|[EXTERNAL]|Bytes:4
11:29:10.0 (65777811)|VARIABLE_ASSIGNMENT|[35]|casesToCreate|{"s":1,"v":[]}|0x282d9593
11:29:10.0 (65795129)|HEAP_ALLOCATE|[36]|Bytes:5
11:29:10.0 (65805469)|VARIABLE_ASSIGNMENT|[36]|caseWithSecretInfo|null|
11:29:10.0 (65808188)|STATEMENT_EXECUTE|[36]
11:29:10.0 (65809328)|STATEMENT_EXECUTE|[45]
11:29:10.0 (65895414)|HEAP_ALLOCATE|[EXTERNAL]|Bytes:4
11:29:10.0 (65903714)|HEAP_ALLOCATE|[16]|Bytes:4
11:29:10.0 (65910328)|VARIABLE_ASSIGNMENT|[16]|i|1
11:29:10.0 (65926782)|STATEMENT_EXECUTE|[16]
11:29:10.0 (65928245)|STATEMENT_EXECUTE|[17]
11:29:10.0 (65935705)|HEAP_ALLOCATE|[17]|Bytes:15
11:29:10.0 (65941916)|VARIABLE_SCOPE_BEGIN|[17]|keyword|String|false|false
11:29:10.0 (65948193)|VARIABLE_ASSIGNMENT|[17]|keyword|"Social Security"
11:29:10.0 (65950225)|STATEMENT_EXECUTE|[21]
11:29:10.0 (65953463)|HEAP_ALLOCATE|[21]|Bytes:4
11:29:10.0 (65961422)|VARIABLE_SCOPE_BEGIN|[21]|casesWithSecretInfo|List<Case>|true|false
11:29:10.0 (65965433)|HEAP_ALLOCATE|[EXTERNAL]|Bytes:4
11:29:10.0 (65973497)|VARIABLE_ASSIGNMENT|[21]|casesWithSecretInfo|{"s":1,"v":[]}|0x63f52e02
11:29:10.0 (66000225)|HEAP_ALLOCATE|[22]|Bytes:5
11:29:10.0 (66015406)|VARIABLE_SCOPE_BEGIN|[22]|myCase|Case|true|false
11:29:10.0 (66231169)|VARIABLE_ASSIGNMENT|[22]|myCase|{"Status":"New","ParentId":"50041000003lnWNAAY","LastModifiedDate":"2016-12-29T19:29:10.000Z","IsDeleted":false,"Description":"Credit Card","Priority":"High","Product_Has_Extended (12 more) ...":false,"IsClosed":false,"Subject":"Warning: Parent case (24 more) ...","SystemModstamp":"2016-12-29T19:29:10.000Z","BusinessHoursId":"01m41000000XnfnAAC","CreatedById":"00541000001IQl9AAG","IsEscalated":true,"OwnerId":"00541000001IQl9AAG","CreatedDate":"2016-12-29T19:29:10.000Z","IsClosedOnCreate":false,"CaseNumber":"00001084","Id":"50041000003lnWOAAY","LastModifiedById":"00541000001IQl9AAG"}|0x376d9e40
11:29:10.0 (66237719)|STATEMENT_EXECUTE|[22]
11:29:10.0 (66265261)|STATEMENT_EXECUTE|[23]
11:29:10.0 (66278301)|HEAP_ALLOCATE|[22]|Bytes:5
11:29:10.0 (66296585)|VARIABLE_ASSIGNMENT|[22]|myCase|null|
11:29:10.0 (66301173)|STATEMENT_EXECUTE|[35]
11:29:10.0 (66306125)|HEAP_ALLOCATE|[35]|Bytes:4
11:29:10.0 (66320599)|VARIABLE_SCOPE_BEGIN|[35]|casesToCreate|List<Case>|true|false
11:29:10.0 (66327408)|HEAP_ALLOCATE|[EXTERNAL]|Bytes:4
11:29:10.0 (66339951)|VARIABLE_ASSIGNMENT|[35]|casesToCreate|{"s":1,"v":[]}|0x73d79c4e
11:29:10.0 (66366458)|HEAP_ALLOCATE|[36]|Bytes:5
11:29:10.0 (66384025)|VARIABLE_ASSIGNMENT|[36]|caseWithSecretInfo|null|
11:29:10.0 (66388159)|STATEMENT_EXECUTE|[36]
11:29:10.0 (66390160)|STATEMENT_EXECUTE|[45]
11:29:10.0 (66420706)|HEAP_ALLOCATE|[EXTERNAL]|Bytes:4
11:29:10.0 (66428521)|HEAP_ALLOCATE|[16]|Bytes:4
11:29:10.0 (66436501)|VARIABLE_ASSIGNMENT|[16]|i|2
11:29:10.0 (66457809)|STATEMENT_EXECUTE|[16]
11:29:10.0 (66460175)|STATEMENT_EXECUTE|[17]
11:29:10.0 (66471704)|HEAP_ALLOCATE|[17]|Bytes:3
11:29:10.0 (66486915)|VARIABLE_SCOPE_BEGIN|[17]|keyword|String|false|false
11:29:10.0 (66495527)|VARIABLE_ASSIGNMENT|[17]|keyword|"SSN"
11:29:10.0 (66499065)|STATEMENT_EXECUTE|[21]
11:29:10.0 (66504044)|HEAP_ALLOCATE|[21]|Bytes:4
11:29:10.0 (66517765)|VARIABLE_SCOPE_BEGIN|[21]|casesWithSecretInfo|List<Case>|true|false
11:29:10.0 (66524012)|HEAP_ALLOCATE|[EXTERNAL]|Bytes:4
11:29:10.0 (66535099)|VARIABLE_ASSIGNMENT|[21]|casesWithSecretInfo|{"s":1,"v":[]}|0x281393ea
11:29:10.0 (66572029)|HEAP_ALLOCATE|[22]|Bytes:5
11:29:10.0 (66594839)|VARIABLE_SCOPE_BEGIN|[22]|myCase|Case|true|false
11:29:10.0 (67051544)|VARIABLE_ASSIGNMENT|[22]|myCase|{"Status":"New","ParentId":"50041000003lnWNAAY","LastModifiedDate":"2016-12-29T19:29:10.000Z","IsDeleted":false,"Description":"Credit Card","Priority":"High","Product_Has_Extended (12 more) ...":false,"IsClosed":false,"Subject":"Warning: Parent case (24 more) ...","SystemModstamp":"2016-12-29T19:29:10.000Z","BusinessHoursId":"01m41000000XnfnAAC","CreatedById":"00541000001IQl9AAG","IsEscalated":true,"OwnerId":"00541000001IQl9AAG","CreatedDate":"2016-12-29T19:29:10.000Z","IsClosedOnCreate":false,"CaseNumber":"00001084","Id":"50041000003lnWOAAY","LastModifiedById":"00541000001IQl9AAG"}|0x376d9e40
11:29:10.0 (67060842)|STATEMENT_EXECUTE|[22]
11:29:10.0 (67096369)|STATEMENT_EXECUTE|[23]
11:29:10.0 (67113565)|HEAP_ALLOCATE|[22]|Bytes:5
11:29:10.0 (67132600)|VARIABLE_ASSIGNMENT|[22]|myCase|null|
11:29:10.0 (67137222)|STATEMENT_EXECUTE|[35]
11:29:10.0 (67143028)|HEAP_ALLOCATE|[35]|Bytes:4
11:29:10.0 (67157699)|VARIABLE_SCOPE_BEGIN|[35]|casesToCreate|List<Case>|true|false
11:29:10.0 (67164314)|HEAP_ALLOCATE|[EXTERNAL]|Bytes:4
11:29:10.0 (67177342)|VARIABLE_ASSIGNMENT|[35]|casesToCreate|{"s":1,"v":[]}|0x6cd61a76
11:29:10.0 (67208558)|HEAP_ALLOCATE|[36]|Bytes:5
11:29:10.0 (67226646)|VARIABLE_ASSIGNMENT|[36]|caseWithSecretInfo|null|
11:29:10.0 (67231313)|STATEMENT_EXECUTE|[36]
11:29:10.0 (67233139)|STATEMENT_EXECUTE|[45]
11:29:10.0 (67283397)|HEAP_ALLOCATE|[EXTERNAL]|Bytes:4
11:29:10.0 (67293370)|HEAP_ALLOCATE|[16]|Bytes:4
11:29:10.0 (67303393)|VARIABLE_ASSIGNMENT|[16]|i|3
11:29:10.0 (67328018)|STATEMENT_EXECUTE|[16]
11:29:10.0 (67330636)|STATEMENT_EXECUTE|[17]
11:29:10.0 (67344418)|HEAP_ALLOCATE|[17]|Bytes:8
11:29:10.0 (67354867)|VARIABLE_SCOPE_BEGIN|[17]|keyword|String|false|false
11:29:10.0 (67363638)|VARIABLE_ASSIGNMENT|[17]|keyword|"Passport"
11:29:10.0 (67366759)|STATEMENT_EXECUTE|[21]
11:29:10.0 (67371213)|HEAP_ALLOCATE|[21]|Bytes:4
11:29:10.0 (67382556)|VARIABLE_SCOPE_BEGIN|[21]|casesWithSecretInfo|List<Case>|true|false
11:29:10.0 (67388069)|HEAP_ALLOCATE|[EXTERNAL]|Bytes:4
11:29:10.0 (67398359)|VARIABLE_ASSIGNMENT|[21]|casesWithSecretInfo|{"s":1,"v":[]}|0x2699acd0
11:29:10.0 (67433975)|HEAP_ALLOCATE|[22]|Bytes:5
11:29:10.0 (67455038)|VARIABLE_SCOPE_BEGIN|[22]|myCase|Case|true|false
11:29:10.0 (67763289)|VARIABLE_ASSIGNMENT|[22]|myCase|{"Status":"New","ParentId":"50041000003lnWNAAY","LastModifiedDate":"2016-12-29T19:29:10.000Z","IsDeleted":false,"Description":"Credit Card","Priority":"High","Product_Has_Extended (12 more) ...":false,"IsClosed":false,"Subject":"Warning: Parent case (24 more) ...","SystemModstamp":"2016-12-29T19:29:10.000Z","BusinessHoursId":"01m41000000XnfnAAC","CreatedById":"00541000001IQl9AAG","IsEscalated":true,"OwnerId":"00541000001IQl9AAG","CreatedDate":"2016-12-29T19:29:10.000Z","IsClosedOnCreate":false,"CaseNumber":"00001084","Id":"50041000003lnWOAAY","LastModifiedById":"00541000001IQl9AAG"}|0x376d9e40
11:29:10.0 (67770334)|STATEMENT_EXECUTE|[22]
11:29:10.0 (67809490)|STATEMENT_EXECUTE|[23]
11:29:10.0 (67821571)|HEAP_ALLOCATE|[22]|Bytes:5
11:29:10.0 (67834179)|VARIABLE_ASSIGNMENT|[22]|myCase|null|
11:29:10.0 (67836705)|STATEMENT_EXECUTE|[35]
11:29:10.0 (67840125)|HEAP_ALLOCATE|[35]|Bytes:4
11:29:10.0 (67849184)|VARIABLE_SCOPE_BEGIN|[35]|casesToCreate|List<Case>|true|false
11:29:10.0 (67853794)|HEAP_ALLOCATE|[EXTERNAL]|Bytes:4
11:29:10.0 (67862872)|VARIABLE_ASSIGNMENT|[35]|casesToCreate|{"s":1,"v":[]}|0x696361a1
11:29:10.0 (67879300)|HEAP_ALLOCATE|[36]|Bytes:5
11:29:10.0 (67889351)|VARIABLE_ASSIGNMENT|[36]|caseWithSecretInfo|null|
11:29:10.0 (67891984)|STATEMENT_EXECUTE|[36]
11:29:10.0 (67893141)|STATEMENT_EXECUTE|[45]
11:29:10.0 (67917183)|HEAP_ALLOCATE|[EXTERNAL]|Bytes:4
11:29:10.0 (67922715)|HEAP_ALLOCATE|[16]|Bytes:4
11:29:10.0 (67928625)|VARIABLE_ASSIGNMENT|[16]|i|4
11:29:10.0 (67946798)|STATEMENT_EXECUTE|[16]
11:29:10.0 (67949541)|STATEMENT_EXECUTE|[17]
11:29:10.0 (67965190)|HEAP_ALLOCATE|[17]|Bytes:10
11:29:10.0 (67976947)|VARIABLE_SCOPE_BEGIN|[17]|keyword|String|false|false
11:29:10.0 (67986833)|VARIABLE_ASSIGNMENT|[17]|keyword|"Bodyweight"
11:29:10.0 (67990285)|STATEMENT_EXECUTE|[21]
11:29:10.0 (67995288)|HEAP_ALLOCATE|[21]|Bytes:4
11:29:10.0 (68011380)|VARIABLE_SCOPE_BEGIN|[21]|casesWithSecretInfo|List<Case>|true|false
11:29:10.0 (68019855)|HEAP_ALLOCATE|[EXTERNAL]|Bytes:4
11:29:10.0 (68031860)|VARIABLE_ASSIGNMENT|[21]|casesWithSecretInfo|{"s":1,"v":[]}|0x5d5b23a4
11:29:10.0 (68061735)|HEAP_ALLOCATE|[22]|Bytes:5
11:29:10.0 (68076385)|VARIABLE_SCOPE_BEGIN|[22]|myCase|Case|true|false
11:29:10.0 (68288055)|VARIABLE_ASSIGNMENT|[22]|myCase|{"Status":"New","ParentId":"50041000003lnWNAAY","LastModifiedDate":"2016-12-29T19:29:10.000Z","IsDeleted":false,"Description":"Credit Card","Priority":"High","Product_Has_Extended (12 more) ...":false,"IsClosed":false,"Subject":"Warning: Parent case (24 more) ...","SystemModstamp":"2016-12-29T19:29:10.000Z","BusinessHoursId":"01m41000000XnfnAAC","CreatedById":"00541000001IQl9AAG","IsEscalated":true,"OwnerId":"00541000001IQl9AAG","CreatedDate":"2016-12-29T19:29:10.000Z","IsClosedOnCreate":false,"CaseNumber":"00001084","Id":"50041000003lnWOAAY","LastModifiedById":"00541000001IQl9AAG"}|0x376d9e40
11:29:10.0 (68295082)|STATEMENT_EXECUTE|[22]
11:29:10.0 (68322657)|STATEMENT_EXECUTE|[23]
11:29:10.0 (68333641)|HEAP_ALLOCATE|[22]|Bytes:5
11:29:10.0 (68345716)|VARIABLE_ASSIGNMENT|[22]|myCase|null|
11:29:10.0 (68348235)|STATEMENT_EXECUTE|[35]
11:29:10.0 (68351590)|HEAP_ALLOCATE|[35]|Bytes:4
11:29:10.0 (68360497)|VARIABLE_SCOPE_BEGIN|[35]|casesToCreate|List<Case>|true|false
11:29:10.0 (68364824)|HEAP_ALLOCATE|[EXTERNAL]|Bytes:4
11:29:10.0 (68373552)|VARIABLE_ASSIGNMENT|[35]|casesToCreate|{"s":1,"v":[]}|0x18297d3
11:29:10.0 (68389797)|HEAP_ALLOCATE|[36]|Bytes:5
11:29:10.0 (68399622)|VARIABLE_ASSIGNMENT|[36]|caseWithSecretInfo|null|
11:29:10.0 (68402426)|STATEMENT_EXECUTE|[36]
11:29:10.0 (68403689)|STATEMENT_EXECUTE|[45]
11:29:10.0 (68427071)|HEAP_ALLOCATE|[EXTERNAL]|Bytes:4
11:29:10.0 (68432453)|HEAP_ALLOCATE|[16]|Bytes:4
11:29:10.0 (68438150)|VARIABLE_ASSIGNMENT|[16]|i|5
11:29:10.68 (68460683)|CUMULATIVE_LIMIT_USAGE
11:29:10.68 (68460683)|LIMIT_USAGE_FOR_NS|(default)|
  Number of SOQL queries: 0 out of 100
  Number of query rows: 0 out of 50000
  Number of SOSL queries: 0 out of 20
  Number of DML statements: 1 out of 150
  Number of DML rows: 1 out of 10000
  Maximum CPU time: 0 out of 10000
  Maximum heap size: 0 out of 6000000
  Number of callouts: 0 out of 100
  Number of Email Invocations: 0 out of 10
  Number of future calls: 0 out of 50
  Number of queueable jobs added to the queue: 0 out of 50
  Number of Mobile Apex push calls: 0 out of 10

11:29:10.68 (68460683)|CUMULATIVE_LIMIT_USAGE_END

11:29:10.0 (69943121)|CODE_UNIT_FINISHED|CheckSecretInformation on Case trigger event AfterInsert for [50041000003lnWO]
11:29:10.0 (70011041)|CODE_UNIT_STARTED|[EXTERNAL]|Workflow:Case
11:29:10.0 (79443284)|WF_RULE_EVAL_BEGIN|Assignment
11:29:10.0 (79462399)|WF_SPOOL_ACTION_BEGIN|Assignment
11:29:10.0 (79468414)|WF_ACTION|.
11:29:10.0 (79471803)|WF_RULE_EVAL_END
11:29:10.0 (79479365)|WF_RULE_EVAL_BEGIN|Escalation
11:29:10.0 (79486789)|WF_SPOOL_ACTION_BEGIN|Escalation
11:29:10.0 (79490903)|WF_ACTION|.
11:29:10.0 (79493192)|WF_RULE_EVAL_END
11:29:10.0 (79545809)|WF_ACTIONS_END| None
11:29:10.0 (79555237)|CODE_UNIT_FINISHED|Workflow:Case
11:29:10.0 (82491528)|DML_END|[45]
11:29:10.0 (82526779)|HEAP_ALLOCATE|[EXTERNAL]|Bytes:8
11:29:10.0 (82547472)|HEAP_ALLOCATE|[16]|Bytes:4
11:29:10.0 (82571404)|VARIABLE_ASSIGNMENT|[16]|i|1
11:29:10.0 (82622477)|STATEMENT_EXECUTE|[16]
11:29:10.0 (82626124)|STATEMENT_EXECUTE|[17]
11:29:10.0 (82643370)|HEAP_ALLOCATE|[17]|Bytes:15
11:29:10.0 (82656853)|VARIABLE_SCOPE_BEGIN|[17]|keyword|String|false|false
11:29:10.0 (82673015)|VARIABLE_ASSIGNMENT|[17]|keyword|"Social Security"
11:29:10.0 (82676381)|STATEMENT_EXECUTE|[21]
11:29:10.0 (82682311)|HEAP_ALLOCATE|[21]|Bytes:4
11:29:10.0 (82700492)|VARIABLE_SCOPE_BEGIN|[21]|casesWithSecretInfo|List<Case>|true|false
11:29:10.0 (82708044)|HEAP_ALLOCATE|[EXTERNAL]|Bytes:4
11:29:10.0 (82729620)|VARIABLE_ASSIGNMENT|[21]|casesWithSecretInfo|{"s":1,"v":[]}|0x518fb3e9
11:29:10.0 (82789407)|HEAP_ALLOCATE|[22]|Bytes:5
11:29:10.0 (82866590)|VARIABLE_SCOPE_BEGIN|[22]|myCase|Case|true|false
11:29:10.0 (83518945)|VARIABLE_ASSIGNMENT|[22]|myCase|{"Origin":"Phone","Status":"New","LastModifiedDate":"2016-12-29T19:29:10.000Z","IsDeleted":false,"Description":"Credit Card Passport","Priority":"Medium","Product_Has_Extended (12 more) ...":false,"IsClosed":false,"SystemModstamp":"2016-12-29T19:29:10.000Z","BusinessHoursId":"01m41000000XnfnAAC","CreatedById":"00541000001IQl9AAG","IsEscalated":false,"OwnerId":"00541000001IQl9AAG","CreatedDate":"2016-12-29T19:29:10.000Z","IsClosedOnCreate":false,"CaseNumber":"00001083","Id":"50041000003lnWNAAY","LastModifiedById":"00541000001IQl9AAG"}|0x10a97105
11:29:10.0 (83534373)|STATEMENT_EXECUTE|[22]
11:29:10.0 (83574180)|STATEMENT_EXECUTE|[23]
11:29:10.0 (83631449)|STATEMENT_EXECUTE|[25]
11:29:10.0 (83649582)|HEAP_ALLOCATE|[22]|Bytes:5
11:29:10.0 (83669176)|VARIABLE_ASSIGNMENT|[22]|myCase|null|
11:29:10.0 (83673798)|STATEMENT_EXECUTE|[35]
11:29:10.0 (83679252)|HEAP_ALLOCATE|[35]|Bytes:4
11:29:10.0 (83694517)|VARIABLE_SCOPE_BEGIN|[35]|casesToCreate|List<Case>|true|false
11:29:10.0 (83701474)|HEAP_ALLOCATE|[EXTERNAL]|Bytes:4
11:29:10.0 (83714539)|VARIABLE_ASSIGNMENT|[35]|casesToCreate|{"s":1,"v":[]}|0x1bbb31ab
11:29:10.0 (83743293)|HEAP_ALLOCATE|[36]|Bytes:5
11:29:10.0 (83760321)|VARIABLE_ASSIGNMENT|[36]|caseWithSecretInfo|null|
11:29:10.0 (83765092)|STATEMENT_EXECUTE|[36]
11:29:10.0 (83767318)|STATEMENT_EXECUTE|[45]
11:29:10.0 (83808325)|HEAP_ALLOCATE|[EXTERNAL]|Bytes:4
11:29:10.0 (83818521)|HEAP_ALLOCATE|[16]|Bytes:4
11:29:10.0 (83827811)|VARIABLE_ASSIGNMENT|[16]|i|2
11:29:10.0 (83854468)|STATEMENT_EXECUTE|[16]
11:29:10.0 (83857354)|STATEMENT_EXECUTE|[17]
11:29:10.0 (83872770)|HEAP_ALLOCATE|[17]|Bytes:3
11:29:10.0 (83884379)|VARIABLE_SCOPE_BEGIN|[17]|keyword|String|false|false
11:29:10.0 (83893941)|VARIABLE_ASSIGNMENT|[17]|keyword|"SSN"
11:29:10.0 (83897748)|STATEMENT_EXECUTE|[21]
11:29:10.0 (83903982)|HEAP_ALLOCATE|[21]|Bytes:4
11:29:10.0 (83920441)|VARIABLE_SCOPE_BEGIN|[21]|casesWithSecretInfo|List<Case>|true|false
11:29:10.0 (83927637)|HEAP_ALLOCATE|[EXTERNAL]|Bytes:4
11:29:10.0 (83940953)|VARIABLE_ASSIGNMENT|[21]|casesWithSecretInfo|{"s":1,"v":[]}|0x47eebb7f
11:29:10.0 (83984768)|HEAP_ALLOCATE|[22]|Bytes:5
11:29:10.0 (84009826)|VARIABLE_SCOPE_BEGIN|[22]|myCase|Case|true|false
11:29:10.0 (84574359)|VARIABLE_ASSIGNMENT|[22]|myCase|{"Origin":"Phone","Status":"New","LastModifiedDate":"2016-12-29T19:29:10.000Z","IsDeleted":false,"Description":"Credit Card Passport","Priority":"Medium","Product_Has_Extended (12 more) ...":false,"IsClosed":false,"SystemModstamp":"2016-12-29T19:29:10.000Z","BusinessHoursId":"01m41000000XnfnAAC","CreatedById":"00541000001IQl9AAG","IsEscalated":false,"OwnerId":"00541000001IQl9AAG","CreatedDate":"2016-12-29T19:29:10.000Z","IsClosedOnCreate":false,"CaseNumber":"00001083","Id":"50041000003lnWNAAY","LastModifiedById":"00541000001IQl9AAG"}|0x10a97105
11:29:10.0 (84582995)|STATEMENT_EXECUTE|[22]
11:29:10.0 (84615027)|STATEMENT_EXECUTE|[23]
11:29:10.0 (84653251)|STATEMENT_EXECUTE|[25]
11:29:10.0 (84668556)|HEAP_ALLOCATE|[22]|Bytes:5
11:29:10.0 (84686280)|VARIABLE_ASSIGNMENT|[22]|myCase|null|
11:29:10.0 (84690319)|STATEMENT_EXECUTE|[35]
11:29:10.0 (84695458)|HEAP_ALLOCATE|[35]|Bytes:4
11:29:10.0 (84709555)|VARIABLE_SCOPE_BEGIN|[35]|casesToCreate|List<Case>|true|false
11:29:10.0 (84716165)|HEAP_ALLOCATE|[EXTERNAL]|Bytes:4
11:29:10.0 (84728669)|VARIABLE_ASSIGNMENT|[35]|casesToCreate|{"s":1,"v":[]}|0x474c09ec
11:29:10.0 (84754285)|HEAP_ALLOCATE|[36]|Bytes:5
11:29:10.0 (84770555)|VARIABLE_ASSIGNMENT|[36]|caseWithSecretInfo|null|
11:29:10.0 (84774742)|STATEMENT_EXECUTE|[36]
11:29:10.0 (84776619)|STATEMENT_EXECUTE|[45]
11:29:10.0 (84809305)|HEAP_ALLOCATE|[EXTERNAL]|Bytes:4
11:29:10.0 (84818249)|HEAP_ALLOCATE|[16]|Bytes:4
11:29:10.0 (84827854)|VARIABLE_ASSIGNMENT|[16]|i|3
11:29:10.0 (84853292)|STATEMENT_EXECUTE|[16]
11:29:10.0 (84856310)|STATEMENT_EXECUTE|[17]
11:29:10.0 (84872627)|HEAP_ALLOCATE|[17]|Bytes:8
11:29:10.0 (84884323)|VARIABLE_SCOPE_BEGIN|[17]|keyword|String|false|false
11:29:10.0 (84894053)|VARIABLE_ASSIGNMENT|[17]|keyword|"Passport"
11:29:10.0 (84897228)|STATEMENT_EXECUTE|[21]
11:29:10.0 (84902111)|HEAP_ALLOCATE|[21]|Bytes:4
11:29:10.0 (84917826)|VARIABLE_SCOPE_BEGIN|[21]|casesWithSecretInfo|List<Case>|true|false
11:29:10.0 (84923881)|HEAP_ALLOCATE|[EXTERNAL]|Bytes:4
11:29:10.0 (84935427)|VARIABLE_ASSIGNMENT|[21]|casesWithSecretInfo|{"s":1,"v":[]}|0x6bf0fa17
11:29:10.0 (84976448)|HEAP_ALLOCATE|[22]|Bytes:5
11:29:10.0 (85001958)|VARIABLE_SCOPE_BEGIN|[22]|myCase|Case|true|false
11:29:10.0 (85501936)|VARIABLE_ASSIGNMENT|[22]|myCase|{"Origin":"Phone","Status":"New","LastModifiedDate":"2016-12-29T19:29:10.000Z","IsDeleted":false,"Description":"Credit Card Passport","Priority":"Medium","Product_Has_Extended (12 more) ...":false,"IsClosed":false,"SystemModstamp":"2016-12-29T19:29:10.000Z","BusinessHoursId":"01m41000000XnfnAAC","CreatedById":"00541000001IQl9AAG","IsEscalated":false,"OwnerId":"00541000001IQl9AAG","CreatedDate":"2016-12-29T19:29:10.000Z","IsClosedOnCreate":false,"CaseNumber":"00001083","Id":"50041000003lnWNAAY","LastModifiedById":"00541000001IQl9AAG"}|0x10a97105
11:29:10.0 (85510442)|STATEMENT_EXECUTE|[22]
11:29:10.0 (85546546)|STATEMENT_EXECUTE|[23]
11:29:10.0 (85588292)|STATEMENT_EXECUTE|[25]
11:29:10.0 (85591538)|STATEMENT_EXECUTE|[26]
11:29:10.0 (85607013)|HEAP_ALLOCATE|[EXTERNAL]|Bytes:4
11:29:10.0 (85618052)|STATEMENT_EXECUTE|[27]
11:29:10.0 (85648402)|HEAP_ALLOCATE|[27]|Bytes:18
11:29:10.0 (85674391)|HEAP_ALLOCATE|[27]|Bytes:56
11:29:10.0 (85695435)|USER_DEBUG|[27]|DEBUG|Case 50041000003lnWNAAY includes secret keyword Passport
11:29:10.0 (85704664)|STATEMENT_EXECUTE|[28]
11:29:10.0 (85716886)|VARIABLE_ASSIGNMENT|[22]|myCase|null|
11:29:10.0 (85720846)|STATEMENT_EXECUTE|[35]
11:29:10.0 (85726583)|HEAP_ALLOCATE|[35]|Bytes:4
11:29:10.0 (85743757)|VARIABLE_SCOPE_BEGIN|[35]|casesToCreate|List<Case>|true|false
11:29:10.0 (85751300)|HEAP_ALLOCATE|[EXTERNAL]|Bytes:4
11:29:10.0 (85764291)|VARIABLE_ASSIGNMENT|[35]|casesToCreate|{"s":1,"v":[]}|0x2984a8ab
11:29:10.0 (85794759)|HEAP_ALLOCATE|[36]|Bytes:5
11:29:10.0 (85819409)|VARIABLE_SCOPE_BEGIN|[36]|caseWithSecretInfo|Case|true|false
11:29:10.0 (86330446)|VARIABLE_ASSIGNMENT|[36]|caseWithSecretInfo|{"Origin":"Phone","Status":"New","LastModifiedDate":"2016-12-29T19:29:10.000Z","IsDeleted":false,"Description":"Credit Card Passport","Priority":"Medium","Product_Has_Extended (12 more) ...":false,"IsClosed":false,"SystemModstamp":"2016-12-29T19:29:10.000Z","BusinessHoursId":"01m41000000XnfnAAC","CreatedById":"00541000001IQl9AAG","IsEscalated":false,"OwnerId":"00541000001IQl9AAG","CreatedDate":"2016-12-29T19:29:10.000Z","IsClosedOnCreate":false,"CaseNumber":"00001083","Id":"50041000003lnWNAAY","LastModifiedById":"00541000001IQl9AAG"}|0x10a97105
11:29:10.0 (86343753)|STATEMENT_EXECUTE|[36]
11:29:10.0 (86345216)|STATEMENT_EXECUTE|[37]
11:29:10.0 (86360090)|HEAP_ALLOCATE|[37]|Bytes:4
11:29:10.0 (86385147)|VARIABLE_SCOPE_BEGIN|[37]|childCase|Case|true|false
11:29:10.0 (86397578)|VARIABLE_ASSIGNMENT|[37]|childCase|{}|0x1b03dba7
11:29:10.0 (86399957)|STATEMENT_EXECUTE|[38]
11:29:10.0 (86452997)|VARIABLE_ASSIGNMENT|[38]|this.Subject|"Warning: Parent case (24 more) ..."|0x1b03dba7
11:29:10.0 (86456843)|STATEMENT_EXECUTE|[39]
11:29:10.0 (86490767)|VARIABLE_ASSIGNMENT|[39]|this.ParentId|"50041000003lnWNAAY"|0x1b03dba7
11:29:10.0 (86495481)|STATEMENT_EXECUTE|[40]
11:29:10.0 (86526063)|VARIABLE_ASSIGNMENT|[40]|this.IsEscalated|true|0x1b03dba7
11:29:10.0 (86529232)|STATEMENT_EXECUTE|[41]
11:29:10.0 (86553743)|VARIABLE_ASSIGNMENT|[41]|this.Priority|"High"|0x1b03dba7
11:29:10.0 (86556480)|STATEMENT_EXECUTE|[42]
11:29:10.0 (86577724)|VARIABLE_ASSIGNMENT|[42]|this.Description|"Passport"|0x1b03dba7
11:29:10.0 (86580241)|STATEMENT_EXECUTE|[43]
11:29:10.0 (86589806)|HEAP_ALLOCATE|[EXTERNAL]|Bytes:4
11:29:10.0 (86603852)|HEAP_ALLOCATE|[36]|Bytes:5
11:29:10.0 (86615659)|VARIABLE_ASSIGNMENT|[36]|caseWithSecretInfo|null|
11:29:10.0 (86618446)|STATEMENT_EXECUTE|[45]
11:29:10.0 (86645910)|DML_BEGIN|[45]|Op:Insert|Type:Case|Rows:1
11:29:10.0 (86667988)|HEAP_ALLOCATE|[EXTERNAL]|Bytes:8
11:29:10.0 (111575601)|CODE_UNIT_STARTED|[EXTERNAL]|01q410000019tMZ|CheckSecretInformation on Case trigger event AfterInsert for [50041000003lnWP]
11:29:10.0 (111619777)|HEAP_ALLOCATE|[EXTERNAL]|Bytes:8
11:29:10.0 (111716907)|HEAP_ALLOCATE|[EXTERNAL]|Bytes:12
11:29:10.0 (111731326)|VARIABLE_SCOPE_BEGIN|[1]|this|CheckSecretInformation|true|false
11:29:10.0 (111780837)|VARIABLE_ASSIGNMENT|[1]|this|{}|0x22a77afb
11:29:10.0 (111823188)|HEAP_ALLOCATE|[EXTERNAL]|Bytes:12
11:29:10.0 (111832409)|VARIABLE_SCOPE_BEGIN|[1]|this|CheckSecretInformation|true|false
11:29:10.0 (111854102)|VARIABLE_ASSIGNMENT|[1]|this|{}|0x22a77afb
11:29:10.0 (111863728)|STATEMENT_EXECUTE|[1]
11:29:10.0 (111867179)|STATEMENT_EXECUTE|[3]
11:29:10.0 (111907241)|VARIABLE_ASSIGNMENT|[3]|this.childCasesSubject|"Warning: Parent case (24 more) ..."|0x22a77afb
11:29:10.0 (111913122)|STATEMENT_EXECUTE|[6]
11:29:10.0 (111920750)|HEAP_ALLOCATE|[6]|Bytes:4
11:29:10.0 (111975883)|HEAP_ALLOCATE|[EXTERNAL]|Bytes:4
11:29:10.0 (112004596)|VARIABLE_ASSIGNMENT|[6]|this.secretKeywords|{"s":1,"v":[]}|0x22a77afb
11:29:10.0 (112010920)|STATEMENT_EXECUTE|[7]
11:29:10.0 (112038759)|HEAP_ALLOCATE|[EXTERNAL]|Bytes:4
11:29:10.0 (112052405)|STATEMENT_EXECUTE|[8]
11:29:10.0 (112072559)|HEAP_ALLOCATE|[EXTERNAL]|Bytes:4
11:29:10.0 (112081541)|STATEMENT_EXECUTE|[9]
11:29:10.0 (112098579)|HEAP_ALLOCATE|[EXTERNAL]|Bytes:4
11:29:10.0 (112107145)|STATEMENT_EXECUTE|[10]
11:29:10.0 (112123633)|HEAP_ALLOCATE|[EXTERNAL]|Bytes:4
11:29:10.0 (112131914)|STATEMENT_EXECUTE|[11]
11:29:10.0 (112148754)|HEAP_ALLOCATE|[EXTERNAL]|Bytes:4
11:29:10.0 (112159363)|STATEMENT_EXECUTE|[16]
11:29:10.0 (112167987)|VARIABLE_SCOPE_BEGIN|[16]|i|Integer|false|false
11:29:10.0 (112173271)|HEAP_ALLOCATE|[16]|Bytes:4
11:29:10.0 (112183390)|VARIABLE_ASSIGNMENT|[16]|i|0
11:29:10.0 (112210747)|STATEMENT_EXECUTE|[16]
11:29:10.0 (112213822)|STATEMENT_EXECUTE|[17]
11:29:10.0 (112233100)|HEAP_ALLOCATE|[17]|Bytes:11
11:29:10.0 (112247559)|VARIABLE_SCOPE_BEGIN|[17]|keyword|String|false|false
11:29:10.0 (112258875)|VARIABLE_ASSIGNMENT|[17]|keyword|"Credit Card"
11:29:10.0 (112263130)|STATEMENT_EXECUTE|[21]
11:29:10.0 (112269830)|HEAP_ALLOCATE|[21]|Bytes:4
11:29:10.0 (112288831)|VARIABLE_SCOPE_BEGIN|[21]|casesWithSecretInfo|List<Case>|true|false
11:29:10.0 (112297412)|HEAP_ALLOCATE|[EXTERNAL]|Bytes:4
11:29:10.0 (112312836)|VARIABLE_ASSIGNMENT|[21]|casesWithSecretInfo|{"s":1,"v":[]}|0x6c6a035a
11:29:10.0 (112377534)|HEAP_ALLOCATE|[22]|Bytes:5
11:29:10.0 (112415182)|VARIABLE_SCOPE_BEGIN|[22]|myCase|Case|true|false
11:29:10.0 (113206503)|VARIABLE_ASSIGNMENT|[22]|myCase|{"Status":"New","ParentId":"50041000003lnWNAAY","LastModifiedDate":"2016-12-29T19:29:10.000Z","IsDeleted":false,"Description":"Passport","Priority":"High","Product_Has_Extended (12 more) ...":false,"IsClosed":false,"Subject":"Warning: Parent case (24 more) ...","SystemModstamp":"2016-12-29T19:29:10.000Z","BusinessHoursId":"01m41000000XnfnAAC","CreatedById":"00541000001IQl9AAG","IsEscalated":true,"OwnerId":"00541000001IQl9AAG","CreatedDate":"2016-12-29T19:29:10.000Z","IsClosedOnCreate":false,"CaseNumber":"00001085","Id":"50041000003lnWPAAY","LastModifiedById":"00541000001IQl9AAG"}|0x74694f93
11:29:10.0 (113217927)|STATEMENT_EXECUTE|[22]
11:29:10.0 (113261731)|STATEMENT_EXECUTE|[23]
11:29:10.0 (113279091)|HEAP_ALLOCATE|[22]|Bytes:5
11:29:10.0 (113300515)|VARIABLE_ASSIGNMENT|[22]|myCase|null|
11:29:10.0 (113305928)|STATEMENT_EXECUTE|[35]
11:29:10.0 (113312150)|HEAP_ALLOCATE|[35]|Bytes:4
11:29:10.0 (113335953)|VARIABLE_SCOPE_BEGIN|[35]|casesToCreate|List<Case>|true|false
11:29:10.0 (113344566)|HEAP_ALLOCATE|[EXTERNAL]|Bytes:4
11:29:10.0 (113358286)|VARIABLE_ASSIGNMENT|[35]|casesToCreate|{"s":1,"v":[]}|0x6d008347
11:29:10.0 (113388165)|HEAP_ALLOCATE|[36]|Bytes:5
11:29:10.0 (113408271)|VARIABLE_ASSIGNMENT|[36]|caseWithSecretInfo|null|
11:29:10.0 (113413499)|STATEMENT_EXECUTE|[36]
11:29:10.0 (113415598)|STATEMENT_EXECUTE|[45]
11:29:10.0 (113467783)|HEAP_ALLOCATE|[EXTERNAL]|Bytes:4
11:29:10.0 (113479003)|HEAP_ALLOCATE|[16]|Bytes:4
11:29:10.0 (113489128)|VARIABLE_ASSIGNMENT|[16]|i|1
11:29:10.0 (113515523)|STATEMENT_EXECUTE|[16]
11:29:10.0 (113518851)|STATEMENT_EXECUTE|[17]
11:29:10.0 (113535090)|HEAP_ALLOCATE|[17]|Bytes:15
11:29:10.0 (113548922)|VARIABLE_SCOPE_BEGIN|[17]|keyword|String|false|false
11:29:10.0 (113559771)|VARIABLE_ASSIGNMENT|[17]|keyword|"Social Security"
11:29:10.0 (113563679)|STATEMENT_EXECUTE|[21]
11:29:10.0 (113569576)|HEAP_ALLOCATE|[21]|Bytes:4
11:29:10.0 (113586372)|VARIABLE_SCOPE_BEGIN|[21]|casesWithSecretInfo|List<Case>|true|false
11:29:10.0 (113594054)|HEAP_ALLOCATE|[EXTERNAL]|Bytes:4
11:29:10.0 (113607571)|VARIABLE_ASSIGNMENT|[21]|casesWithSecretInfo|{"s":1,"v":[]}|0x43227bcf
11:29:10.0 (113651595)|HEAP_ALLOCATE|[22]|Bytes:5
11:29:10.0 (113678663)|VARIABLE_SCOPE_BEGIN|[22]|myCase|Case|true|false
11:29:10.0 (114178517)|VARIABLE_ASSIGNMENT|[22]|myCase|{"Status":"New","ParentId":"50041000003lnWNAAY","LastModifiedDate":"2016-12-29T19:29:10.000Z","IsDeleted":false,"Description":"Passport","Priority":"High","Product_Has_Extended (12 more) ...":false,"IsClosed":false,"Subject":"Warning: Parent case (24 more) ...","SystemModstamp":"2016-12-29T19:29:10.000Z","BusinessHoursId":"01m41000000XnfnAAC","CreatedById":"00541000001IQl9AAG","IsEscalated":true,"OwnerId":"00541000001IQl9AAG","CreatedDate":"2016-12-29T19:29:10.000Z","IsClosedOnCreate":false,"CaseNumber":"00001085","Id":"50041000003lnWPAAY","LastModifiedById":"00541000001IQl9AAG"}|0x74694f93
11:29:10.0 (114188184)|STATEMENT_EXECUTE|[22]
11:29:10.0 (114227738)|STATEMENT_EXECUTE|[23]
11:29:10.0 (114243842)|HEAP_ALLOCATE|[22]|Bytes:5
11:29:10.0 (114263684)|VARIABLE_ASSIGNMENT|[22]|myCase|null|
11:29:10.0 (114268258)|STATEMENT_EXECUTE|[35]
11:29:10.0 (114273784)|HEAP_ALLOCATE|[35]|Bytes:4
11:29:10.0 (114290561)|VARIABLE_SCOPE_BEGIN|[35]|casesToCreate|List<Case>|true|false
11:29:10.0 (114298310)|HEAP_ALLOCATE|[EXTERNAL]|Bytes:4
11:29:10.0 (114312640)|VARIABLE_ASSIGNMENT|[35]|casesToCreate|{"s":1,"v":[]}|0x7f6ec022
11:29:10.0 (114350833)|HEAP_ALLOCATE|[36]|Bytes:5
11:29:10.0 (114372194)|VARIABLE_ASSIGNMENT|[36]|caseWithSecretInfo|null|
11:29:10.0 (114376991)|STATEMENT_EXECUTE|[36]
11:29:10.0 (114379412)|STATEMENT_EXECUTE|[45]
11:29:10.0 (114415866)|HEAP_ALLOCATE|[EXTERNAL]|Bytes:4
11:29:10.0 (114425177)|HEAP_ALLOCATE|[16]|Bytes:4
11:29:10.0 (114434880)|VARIABLE_ASSIGNMENT|[16]|i|2
11:29:10.0 (114460562)|STATEMENT_EXECUTE|[16]
11:29:10.0 (114464306)|STATEMENT_EXECUTE|[17]
11:29:10.0 (114482500)|HEAP_ALLOCATE|[17]|Bytes:3
11:29:10.0 (114495678)|VARIABLE_SCOPE_BEGIN|[17]|keyword|String|false|false
11:29:10.0 (114506082)|VARIABLE_ASSIGNMENT|[17]|keyword|"SSN"
11:29:10.0 (114509857)|STATEMENT_EXECUTE|[21]
11:29:10.0 (114515443)|HEAP_ALLOCATE|[21]|Bytes:4
11:29:10.0 (114531525)|VARIABLE_SCOPE_BEGIN|[21]|casesWithSecretInfo|List<Case>|true|false
11:29:10.0 (114539313)|HEAP_ALLOCATE|[EXTERNAL]|Bytes:4
11:29:10.0 (114552304)|VARIABLE_ASSIGNMENT|[21]|casesWithSecretInfo|{"s":1,"v":[]}|0x41c51d8b
11:29:10.0 (114597264)|HEAP_ALLOCATE|[22]|Bytes:5
11:29:10.0 (114624075)|VARIABLE_SCOPE_BEGIN|[22]|myCase|Case|true|false
11:29:10.0 (115123886)|VARIABLE_ASSIGNMENT|[22]|myCase|{"Status":"New","ParentId":"50041000003lnWNAAY","LastModifiedDate":"2016-12-29T19:29:10.000Z","IsDeleted":false,"Description":"Passport","Priority":"High","Product_Has_Extended (12 more) ...":false,"IsClosed":false,"Subject":"Warning: Parent case (24 more) ...","SystemModstamp":"2016-12-29T19:29:10.000Z","BusinessHoursId":"01m41000000XnfnAAC","CreatedById":"00541000001IQl9AAG","IsEscalated":true,"OwnerId":"00541000001IQl9AAG","CreatedDate":"2016-12-29T19:29:10.000Z","IsClosedOnCreate":false,"CaseNumber":"00001085","Id":"50041000003lnWPAAY","LastModifiedById":"00541000001IQl9AAG"}|0x74694f93
11:29:10.0 (115134064)|STATEMENT_EXECUTE|[22]
11:29:10.0 (115169563)|STATEMENT_EXECUTE|[23]
11:29:10.0 (115188276)|HEAP_ALLOCATE|[22]|Bytes:5
11:29:10.0 (115209381)|VARIABLE_ASSIGNMENT|[22]|myCase|null|
11:29:10.0 (115214135)|STATEMENT_EXECUTE|[35]
11:29:10.0 (115219703)|HEAP_ALLOCATE|[35]|Bytes:4
11:29:10.0 (115237903)|VARIABLE_SCOPE_BEGIN|[35]|casesToCreate|List<Case>|true|false
11:29:10.0 (115245904)|HEAP_ALLOCATE|[EXTERNAL]|Bytes:4
11:29:10.0 (115259595)|VARIABLE_ASSIGNMENT|[35]|casesToCreate|{"s":1,"v":[]}|0x2836b44f
11:29:10.0 (115289549)|HEAP_ALLOCATE|[36]|Bytes:5
11:29:10.0 (115309087)|VARIABLE_ASSIGNMENT|[36]|caseWithSecretInfo|null|
11:29:10.0 (115313747)|STATEMENT_EXECUTE|[36]
11:29:10.0 (115315852)|STATEMENT_EXECUTE|[45]
11:29:10.0 (115359207)|HEAP_ALLOCATE|[EXTERNAL]|Bytes:4
11:29:10.0 (115369699)|HEAP_ALLOCATE|[16]|Bytes:4
11:29:10.0 (115379934)|VARIABLE_ASSIGNMENT|[16]|i|3
11:29:10.0 (115406131)|STATEMENT_EXECUTE|[16]
11:29:10.0 (115409367)|STATEMENT_EXECUTE|[17]
11:29:10.0 (115425284)|HEAP_ALLOCATE|[17]|Bytes:8
11:29:10.0 (115437177)|VARIABLE_SCOPE_BEGIN|[17]|keyword|String|false|false
11:29:10.0 (115447334)|VARIABLE_ASSIGNMENT|[17]|keyword|"Passport"
11:29:10.0 (115451129)|STATEMENT_EXECUTE|[21]
11:29:10.0 (115456515)|HEAP_ALLOCATE|[21]|Bytes:4
11:29:10.0 (115472733)|VARIABLE_SCOPE_BEGIN|[21]|casesWithSecretInfo|List<Case>|true|false
11:29:10.0 (115480417)|HEAP_ALLOCATE|[EXTERNAL]|Bytes:4
11:29:10.0 (115494298)|VARIABLE_ASSIGNMENT|[21]|casesWithSecretInfo|{"s":1,"v":[]}|0x781a5e85
11:29:10.0 (115539486)|HEAP_ALLOCATE|[22]|Bytes:5
11:29:10.0 (115565906)|VARIABLE_SCOPE_BEGIN|[22]|myCase|Case|true|false
11:29:10.0 (116060272)|VARIABLE_ASSIGNMENT|[22]|myCase|{"Status":"New","ParentId":"50041000003lnWNAAY","LastModifiedDate":"2016-12-29T19:29:10.000Z","IsDeleted":false,"Description":"Passport","Priority":"High","Product_Has_Extended (12 more) ...":false,"IsClosed":false,"Subject":"Warning: Parent case (24 more) ...","SystemModstamp":"2016-12-29T19:29:10.000Z","BusinessHoursId":"01m41000000XnfnAAC","CreatedById":"00541000001IQl9AAG","IsEscalated":true,"OwnerId":"00541000001IQl9AAG","CreatedDate":"2016-12-29T19:29:10.000Z","IsClosedOnCreate":false,"CaseNumber":"00001085","Id":"50041000003lnWPAAY","LastModifiedById":"00541000001IQl9AAG"}|0x74694f93
11:29:10.0 (116069721)|STATEMENT_EXECUTE|[22]
11:29:10.0 (116107065)|STATEMENT_EXECUTE|[23]
11:29:10.0 (116125525)|HEAP_ALLOCATE|[22]|Bytes:5
11:29:10.0 (116147019)|VARIABLE_ASSIGNMENT|[22]|myCase|null|
11:29:10.0 (116151990)|STATEMENT_EXECUTE|[35]
11:29:10.0 (116158410)|HEAP_ALLOCATE|[35]|Bytes:4
11:29:10.0 (116175154)|VARIABLE_SCOPE_BEGIN|[35]|casesToCreate|List<Case>|true|false
11:29:10.0 (116183384)|HEAP_ALLOCATE|[EXTERNAL]|Bytes:4
11:29:10.0 (116197201)|VARIABLE_ASSIGNMENT|[35]|casesToCreate|{"s":1,"v":[]}|0x71fcee74
11:29:10.0 (116227959)|HEAP_ALLOCATE|[36]|Bytes:5
11:29:10.0 (116248950)|VARIABLE_ASSIGNMENT|[36]|caseWithSecretInfo|null|
11:29:10.0 (116253791)|STATEMENT_EXECUTE|[36]
11:29:10.0 (116255831)|STATEMENT_EXECUTE|[45]
11:29:10.0 (116291651)|HEAP_ALLOCATE|[EXTERNAL]|Bytes:4
11:29:10.0 (116301135)|HEAP_ALLOCATE|[16]|Bytes:4
11:29:10.0 (116311447)|VARIABLE_ASSIGNMENT|[16]|i|4
11:29:10.0 (116342799)|STATEMENT_EXECUTE|[16]
11:29:10.0 (116346163)|STATEMENT_EXECUTE|[17]
11:29:10.0 (116363560)|HEAP_ALLOCATE|[17]|Bytes:10
11:29:10.0 (116376897)|VARIABLE_SCOPE_BEGIN|[17]|keyword|String|false|false
11:29:10.0 (116387667)|VARIABLE_ASSIGNMENT|[17]|keyword|"Bodyweight"
11:29:10.0 (116391569)|STATEMENT_EXECUTE|[21]
11:29:10.0 (116397281)|HEAP_ALLOCATE|[21]|Bytes:4
11:29:10.0 (116413803)|VARIABLE_SCOPE_BEGIN|[21]|casesWithSecretInfo|List<Case>|true|false
11:29:10.0 (116421933)|HEAP_ALLOCATE|[EXTERNAL]|Bytes:4
11:29:10.0 (116435351)|VARIABLE_ASSIGNMENT|[21]|casesWithSecretInfo|{"s":1,"v":[]}|0x18bc9c85
11:29:10.0 (116477202)|HEAP_ALLOCATE|[22]|Bytes:5
11:29:10.0 (116505447)|VARIABLE_SCOPE_BEGIN|[22]|myCase|Case|true|false
11:29:10.0 (116965136)|VARIABLE_ASSIGNMENT|[22]|myCase|{"Status":"New","ParentId":"50041000003lnWNAAY","LastModifiedDate":"2016-12-29T19:29:10.000Z","IsDeleted":false,"Description":"Passport","Priority":"High","Product_Has_Extended (12 more) ...":false,"IsClosed":false,"Subject":"Warning: Parent case (24 more) ...","SystemModstamp":"2016-12-29T19:29:10.000Z","BusinessHoursId":"01m41000000XnfnAAC","CreatedById":"00541000001IQl9AAG","IsEscalated":true,"OwnerId":"00541000001IQl9AAG","CreatedDate":"2016-12-29T19:29:10.000Z","IsClosedOnCreate":false,"CaseNumber":"00001085","Id":"50041000003lnWPAAY","LastModifiedById":"00541000001IQl9AAG"}|0x74694f93
11:29:10.0 (116974362)|STATEMENT_EXECUTE|[22]
11:29:10.0 (117012539)|STATEMENT_EXECUTE|[23]
11:29:10.0 (117031805)|HEAP_ALLOCATE|[22]|Bytes:5
11:29:10.0 (117052474)|VARIABLE_ASSIGNMENT|[22]|myCase|null|
11:29:10.0 (117057187)|STATEMENT_EXECUTE|[35]
11:29:10.0 (117063002)|HEAP_ALLOCATE|[35]|Bytes:4
11:29:10.0 (117079091)|VARIABLE_SCOPE_BEGIN|[35]|casesToCreate|List<Case>|true|false
11:29:10.0 (117086831)|HEAP_ALLOCATE|[EXTERNAL]|Bytes:4
11:29:10.0 (117100314)|VARIABLE_ASSIGNMENT|[35]|casesToCreate|{"s":1,"v":[]}|0x535d711
11:29:10.0 (117130977)|HEAP_ALLOCATE|[36]|Bytes:5
11:29:10.0 (117152112)|VARIABLE_ASSIGNMENT|[36]|caseWithSecretInfo|null|
11:29:10.0 (117156970)|STATEMENT_EXECUTE|[36]
11:29:10.0 (117159045)|STATEMENT_EXECUTE|[45]
11:29:10.0 (117197630)|HEAP_ALLOCATE|[EXTERNAL]|Bytes:4
11:29:10.0 (117207680)|HEAP_ALLOCATE|[16]|Bytes:4
11:29:10.0 (117217894)|VARIABLE_ASSIGNMENT|[16]|i|5
11:29:10.117 (117251536)|CUMULATIVE_LIMIT_USAGE
11:29:10.117 (117251536)|LIMIT_USAGE_FOR_NS|(default)|
  Number of SOQL queries: 0 out of 100
  Number of query rows: 0 out of 50000
  Number of SOSL queries: 0 out of 20
  Number of DML statements: 2 out of 150
  Number of DML rows: 2 out of 10000
  Maximum CPU time: 0 out of 10000
  Maximum heap size: 0 out of 6000000
  Number of callouts: 0 out of 100
  Number of Email Invocations: 0 out of 10
  Number of future calls: 0 out of 50
  Number of queueable jobs added to the queue: 0 out of 50
  Number of Mobile Apex push calls: 0 out of 10

11:29:10.117 (117251536)|CUMULATIVE_LIMIT_USAGE_END

11:29:10.0 (118401230)|CODE_UNIT_FINISHED|CheckSecretInformation on Case trigger event AfterInsert for [50041000003lnWP]
11:29:10.0 (118479171)|CODE_UNIT_STARTED|[EXTERNAL]|Workflow:Case
11:29:10.0 (122534310)|WF_RULE_EVAL_BEGIN|Assignment
11:29:10.0 (122552521)|WF_SPOOL_ACTION_BEGIN|Assignment
11:29:10.0 (122560149)|WF_ACTION|.
11:29:10.0 (122564390)|WF_RULE_EVAL_END
11:29:10.0 (122575902)|WF_RULE_EVAL_BEGIN|Escalation
11:29:10.0 (122582841)|WF_SPOOL_ACTION_BEGIN|Escalation
11:29:10.0 (122585854)|WF_ACTION|.
11:29:10.0 (122587650)|WF_RULE_EVAL_END
11:29:10.0 (122640893)|WF_ACTIONS_END| None
11:29:10.0 (122648964)|CODE_UNIT_FINISHED|Workflow:Case
11:29:10.0 (122805320)|DML_END|[45]
11:29:10.0 (122836121)|HEAP_ALLOCATE|[EXTERNAL]|Bytes:8
11:29:10.0 (122849333)|HEAP_ALLOCATE|[16]|Bytes:4
11:29:10.0 (122862921)|VARIABLE_ASSIGNMENT|[16]|i|4
11:29:10.0 (122892977)|STATEMENT_EXECUTE|[16]
11:29:10.0 (122896560)|STATEMENT_EXECUTE|[17]
11:29:10.0 (122914499)|HEAP_ALLOCATE|[17]|Bytes:10
11:29:10.0 (122928399)|VARIABLE_SCOPE_BEGIN|[17]|keyword|String|false|false
11:29:10.0 (122939886)|VARIABLE_ASSIGNMENT|[17]|keyword|"Bodyweight"
11:29:10.0 (122944011)|STATEMENT_EXECUTE|[21]
11:29:10.0 (122950404)|HEAP_ALLOCATE|[21]|Bytes:4
11:29:10.0 (122967838)|VARIABLE_SCOPE_BEGIN|[21]|casesWithSecretInfo|List<Case>|true|false
11:29:10.0 (122977477)|HEAP_ALLOCATE|[EXTERNAL]|Bytes:4
11:29:10.0 (122992573)|VARIABLE_ASSIGNMENT|[21]|casesWithSecretInfo|{"s":1,"v":[]}|0x39e89b90
11:29:10.0 (123041810)|HEAP_ALLOCATE|[22]|Bytes:5
11:29:10.0 (123071506)|VARIABLE_SCOPE_BEGIN|[22]|myCase|Case|true|false
11:29:10.0 (123687504)|VARIABLE_ASSIGNMENT|[22]|myCase|{"Origin":"Phone","Status":"New","LastModifiedDate":"2016-12-29T19:29:10.000Z","IsDeleted":false,"Description":"Credit Card Passport","Priority":"Medium","Product_Has_Extended (12 more) ...":false,"IsClosed":false,"SystemModstamp":"2016-12-29T19:29:10.000Z","BusinessHoursId":"01m41000000XnfnAAC","CreatedById":"00541000001IQl9AAG","IsEscalated":false,"OwnerId":"00541000001IQl9AAG","CreatedDate":"2016-12-29T19:29:10.000Z","IsClosedOnCreate":false,"CaseNumber":"00001083","Id":"50041000003lnWNAAY","LastModifiedById":"00541000001IQl9AAG"}|0x10a97105
11:29:10.0 (123696760)|STATEMENT_EXECUTE|[22]
11:29:10.0 (123732835)|STATEMENT_EXECUTE|[23]
11:29:10.0 (123777933)|STATEMENT_EXECUTE|[25]
11:29:10.0 (123795112)|HEAP_ALLOCATE|[22]|Bytes:5
11:29:10.0 (123815040)|VARIABLE_ASSIGNMENT|[22]|myCase|null|
11:29:10.0 (123819320)|STATEMENT_EXECUTE|[35]
11:29:10.0 (123824544)|HEAP_ALLOCATE|[35]|Bytes:4
11:29:10.0 (123840032)|VARIABLE_SCOPE_BEGIN|[35]|casesToCreate|List<Case>|true|false
11:29:10.0 (123847475)|HEAP_ALLOCATE|[EXTERNAL]|Bytes:4
11:29:10.0 (123860031)|VARIABLE_ASSIGNMENT|[35]|casesToCreate|{"s":1,"v":[]}|0x45cc709c
11:29:10.0 (123888027)|HEAP_ALLOCATE|[36]|Bytes:5
11:29:10.0 (123907101)|VARIABLE_ASSIGNMENT|[36]|caseWithSecretInfo|null|
11:29:10.0 (123910996)|STATEMENT_EXECUTE|[36]
11:29:10.0 (123912883)|STATEMENT_EXECUTE|[45]
11:29:10.0 (123949037)|HEAP_ALLOCATE|[EXTERNAL]|Bytes:4
11:29:10.0 (123958106)|HEAP_ALLOCATE|[16]|Bytes:4
11:29:10.0 (123967956)|VARIABLE_ASSIGNMENT|[16]|i|5
11:29:10.123 (123999242)|CUMULATIVE_LIMIT_USAGE
11:29:10.123 (123999242)|LIMIT_USAGE_FOR_NS|(default)|
  Number of SOQL queries: 0 out of 100
  Number of query rows: 0 out of 50000
  Number of SOSL queries: 0 out of 20
  Number of DML statements: 2 out of 150
  Number of DML rows: 2 out of 10000
  Maximum CPU time: 0 out of 10000
  Maximum heap size: 0 out of 6000000
  Number of callouts: 0 out of 100
  Number of Email Invocations: 0 out of 10
  Number of future calls: 0 out of 50
  Number of queueable jobs added to the queue: 0 out of 50
  Number of Mobile Apex push calls: 0 out of 10

11:29:10.123 (123999242)|CUMULATIVE_LIMIT_USAGE_END

11:29:10.0 (125046018)|CODE_UNIT_FINISHED|CheckSecretInformation on Case trigger event AfterInsert for [50041000003lnWN]
11:29:10.0 (126206760)|EXECUTION_FINISHED
11:29:10.128 (128187154)|USER_INFO|[EXTERNAL]|00541000001IQl9|wjw@stuff.com|Pacific Standard Time|GMT-08:00
11:29:10.128 (128202055)|EXECUTION_STARTED
11:29:10.128 (128207260)|CODE_UNIT_STARTED|[EXTERNAL]|Workflow:Case
11:29:10.128 (133175575)|WF_RULE_EVAL_BEGIN|Assignment
11:29:10.128 (133194799)|WF_SPOOL_ACTION_BEGIN|Assignment
11:29:10.128 (133202145)|WF_ACTION|.
11:29:10.128 (133206707)|WF_RULE_EVAL_END
11:29:10.128 (133216536)|WF_RULE_EVAL_BEGIN|Escalation
11:29:10.128 (133225107)|WF_SPOOL_ACTION_BEGIN|Escalation
11:29:10.128 (133228722)|WF_ACTION|.
11:29:10.128 (133230888)|WF_RULE_EVAL_END
11:29:10.128 (133285321)|WF_ACTIONS_END| None
11:29:10.128 (133294038)|CODE_UNIT_FINISHED|Workflow:Case
11:29:10.128 (134465352)|EXECUTION_FINISHED
