36.0 APEX_CODE,FINEST;APEX_PROFILING,INFO;CALLOUT,INFO;DB,INFO;SYSTEM,DEBUG;VALIDATION,INFO;VISUALFORCE,INFO;WORKFLOW,INFO
08:36:44.0 (393858)|USER_INFO|[EXTERNAL]|00541000001IQl9|wjw@stuff.com|Pacific Standard Time|GMT-08:00
08:36:44.0 (424828)|EXECUTION_STARTED
08:36:44.0 (428770)|CODE_UNIT_STARTED|[EXTERNAL]|TRIGGERS
08:36:44.0 (460716)|CODE_UNIT_STARTED|[EXTERNAL]|01q410000019tMZ|CheckSecretInformation on Case trigger event BeforeUpdate for [50041000003lmnG]
08:36:44.0 (507166)|HEAP_ALLOCATE|[EXTERNAL]|Bytes:8
08:36:44.0 (538349)|HEAP_ALLOCATE|[EXTERNAL]|Bytes:8
08:36:44.0 (978991)|HEAP_ALLOCATE|[72]|Bytes:3
08:36:44.0 (1014820)|HEAP_ALLOCATE|[77]|Bytes:152
08:36:44.0 (1031008)|HEAP_ALLOCATE|[342]|Bytes:408
08:36:44.0 (1051278)|HEAP_ALLOCATE|[355]|Bytes:408
08:36:44.0 (1070785)|HEAP_ALLOCATE|[467]|Bytes:48
08:36:44.0 (1102531)|HEAP_ALLOCATE|[139]|Bytes:6
08:36:44.0 (1119288)|HEAP_ALLOCATE|[EXTERNAL]|Bytes:2
08:36:44.0 (1233745)|HEAP_ALLOCATE|[EXTERNAL]|Bytes:12
08:36:44.0 (1245551)|VARIABLE_SCOPE_BEGIN|[1]|this|CheckSecretInformation|true|false
08:36:44.0 (1305471)|VARIABLE_ASSIGNMENT|[1]|this|{}|0x50d7c397
08:36:44.0 (1352765)|HEAP_ALLOCATE|[EXTERNAL]|Bytes:12
08:36:44.0 (1360193)|VARIABLE_SCOPE_BEGIN|[1]|this|CheckSecretInformation|true|false
08:36:44.0 (1372806)|VARIABLE_ASSIGNMENT|[1]|this|{}|0x50d7c397
08:36:44.0 (1378065)|STATEMENT_EXECUTE|[1]
08:36:44.0 (1380233)|STATEMENT_EXECUTE|[4]
08:36:44.0 (1387248)|HEAP_ALLOCATE|[4]|Bytes:4
08:36:44.0 (1465359)|HEAP_ALLOCATE|[50]|Bytes:5
08:36:44.0 (1487982)|HEAP_ALLOCATE|[56]|Bytes:5
08:36:44.0 (1496523)|HEAP_ALLOCATE|[64]|Bytes:7
08:36:44.0 (1567561)|VARIABLE_ASSIGNMENT|[4]|this.secretKeywords|{"s":1,"v":[]}|0x50d7c397
08:36:44.0 (1571258)|STATEMENT_EXECUTE|[5]
08:36:44.0 (1583381)|HEAP_ALLOCATE|[5]|Bytes:11
08:36:44.0 (1620295)|HEAP_ALLOCATE|[EXTERNAL]|Bytes:4
08:36:44.0 (1630073)|STATEMENT_EXECUTE|[6]
08:36:44.0 (1641047)|HEAP_ALLOCATE|[6]|Bytes:15
08:36:44.0 (1660493)|HEAP_ALLOCATE|[EXTERNAL]|Bytes:4
08:36:44.0 (1667047)|STATEMENT_EXECUTE|[7]
08:36:44.0 (1676212)|HEAP_ALLOCATE|[7]|Bytes:3
08:36:44.0 (1720837)|HEAP_ALLOCATE|[EXTERNAL]|Bytes:4
08:36:44.0 (1733146)|STATEMENT_EXECUTE|[8]
08:36:44.0 (1747189)|HEAP_ALLOCATE|[8]|Bytes:8
08:36:44.0 (1779540)|HEAP_ALLOCATE|[EXTERNAL]|Bytes:4
08:36:44.0 (1786803)|STATEMENT_EXECUTE|[9]
08:36:44.0 (1797303)|HEAP_ALLOCATE|[9]|Bytes:10
08:36:44.0 (1816964)|HEAP_ALLOCATE|[EXTERNAL]|Bytes:4
08:36:44.0 (1822827)|STATEMENT_EXECUTE|[12]
08:36:44.0 (1827369)|HEAP_ALLOCATE|[12]|Bytes:4
08:36:44.0 (1888827)|HEAP_ALLOCATE|[EXTERNAL]|Bytes:4
08:36:44.0 (1901456)|VARIABLE_ASSIGNMENT|[12]|this.casesWithSecretInfo|{"s":1,"v":[]}|0x50d7c397
08:36:44.0 (2107577)|HEAP_ALLOCATE|[13]|Bytes:5
08:36:44.0 (2144621)|HEAP_ALLOCATE|[13]|Bytes:4
08:36:44.0 (2154650)|VARIABLE_SCOPE_BEGIN|[13]|myCase|Case|true|false
08:36:44.0 (2856083)|VARIABLE_ASSIGNMENT|[13]|myCase|{"Origin":"Phone","Status":"New","LastModifiedDate":"2016-12-29T16:32:01.000Z","IsDeleted":false,"Description":"BODYWEIGHT!","Priority":"Medium","Product_Has_Extended (12 more) ...":false,"IsClosed":false,"SystemModstamp":"2016-12-29T16:32:01.000Z","BusinessHoursId":"01m41000000XnfnAAC","CreatedById":"00541000001IQl9AAG","IsEscalated":false,"OwnerId":"00541000001IQl9AAG","CreatedDate":"2016-12-29T16:31:31.000Z","IsClosedOnCreate":false,"CaseNumber":"00001030","Id":"50041000003lmnGAAQ","LastModifiedById":"00541000001IQl9AAG"}|0x487f4a4b
08:36:44.0 (2865515)|STATEMENT_EXECUTE|[13]
08:36:44.0 (2873486)|HEAP_ALLOCATE|[14]|Bytes:4
08:36:44.0 (2912784)|HEAP_ALLOCATE|[14]|Bytes:20
08:36:44.0 (2937307)|HEAP_ALLOCATE|[14]|Bytes:5
08:36:44.0 (2950058)|VARIABLE_SCOPE_BEGIN|[14]|keyword|String|false|false
08:36:44.0 (2957477)|VARIABLE_ASSIGNMENT|[14]|keyword|"Credit Card"
08:36:44.0 (2960356)|STATEMENT_EXECUTE|[14]
08:36:44.0 (3037435)|STATEMENT_EXECUTE|[15]
08:36:44.0 (3050034)|HEAP_ALLOCATE|[14]|Bytes:5
08:36:44.0 (3061358)|VARIABLE_SCOPE_BEGIN|[14]|keyword|String|false|false
08:36:44.0 (3068175)|VARIABLE_ASSIGNMENT|[14]|keyword|"Social Security"
08:36:44.0 (3070445)|STATEMENT_EXECUTE|[14]
08:36:44.0 (3091096)|STATEMENT_EXECUTE|[15]
08:36:44.0 (3099713)|HEAP_ALLOCATE|[14]|Bytes:5
08:36:44.0 (3108922)|VARIABLE_SCOPE_BEGIN|[14]|keyword|String|false|false
08:36:44.0 (3114145)|VARIABLE_ASSIGNMENT|[14]|keyword|"SSN"
08:36:44.0 (3116131)|STATEMENT_EXECUTE|[14]
08:36:44.0 (3134474)|STATEMENT_EXECUTE|[15]
08:36:44.0 (3142457)|HEAP_ALLOCATE|[14]|Bytes:5
08:36:44.0 (3151492)|VARIABLE_SCOPE_BEGIN|[14]|keyword|String|false|false
08:36:44.0 (3156455)|VARIABLE_ASSIGNMENT|[14]|keyword|"Passport"
08:36:44.0 (3158599)|STATEMENT_EXECUTE|[14]
08:36:44.0 (3177158)|STATEMENT_EXECUTE|[15]
08:36:44.0 (3185441)|HEAP_ALLOCATE|[14]|Bytes:5
08:36:44.0 (3194417)|VARIABLE_SCOPE_BEGIN|[14]|keyword|String|false|false
08:36:44.0 (3199537)|VARIABLE_ASSIGNMENT|[14]|keyword|"Bodyweight"
08:36:44.0 (3201560)|STATEMENT_EXECUTE|[14]
08:36:44.0 (3219604)|STATEMENT_EXECUTE|[15]
08:36:44.0 (3227637)|HEAP_ALLOCATE|[14]|Bytes:5
08:36:44.0 (3237403)|VARIABLE_ASSIGNMENT|[14]|keyword|null
08:36:44.0 (3245574)|HEAP_ALLOCATE|[13]|Bytes:5
08:36:44.0 (3254472)|VARIABLE_ASSIGNMENT|[13]|myCase|null|
08:36:44.0 (3295546)|HEAP_ALLOCATE|[24]|Bytes:5
08:36:44.0 (3307183)|VARIABLE_ASSIGNMENT|[24]|caseWithSecretInfo|null|
08:36:44.0 (3310081)|STATEMENT_EXECUTE|[24]
08:36:44.3 (3316701)|CUMULATIVE_LIMIT_USAGE
08:36:44.3 (3316701)|LIMIT_USAGE_FOR_NS|(default)|
  Number of SOQL queries: 0 out of 100
  Number of query rows: 0 out of 50000
  Number of SOSL queries: 0 out of 20
  Number of DML statements: 0 out of 150
  Number of DML rows: 0 out of 10000
  Maximum CPU time: 0 out of 10000
  Maximum heap size: 0 out of 6000000
  Number of callouts: 0 out of 100
  Number of Email Invocations: 0 out of 10
  Number of future calls: 0 out of 50
  Number of queueable jobs added to the queue: 0 out of 50
  Number of Mobile Apex push calls: 0 out of 10

08:36:44.3 (3316701)|CUMULATIVE_LIMIT_USAGE_END

08:36:44.0 (4523244)|CODE_UNIT_FINISHED|CheckSecretInformation on Case trigger event BeforeUpdate for [50041000003lmnG]
08:36:44.0 (25164577)|CODE_UNIT_STARTED|[EXTERNAL]|Workflow:Case
08:36:44.0 (36564725)|WF_RULE_EVAL_BEGIN|Assignment
08:36:44.0 (36585887)|WF_SPOOL_ACTION_BEGIN|Assignment
08:36:44.0 (36589987)|WF_ACTION|.
08:36:44.0 (36592494)|WF_RULE_EVAL_END
08:36:44.0 (36597816)|WF_RULE_EVAL_BEGIN|Escalation
08:36:44.0 (36602963)|WF_SPOOL_ACTION_BEGIN|Escalation
08:36:44.0 (36604300)|WF_ACTION|.
08:36:44.0 (36605343)|WF_RULE_EVAL_END
08:36:44.0 (36672249)|WF_ACTIONS_END| None
08:36:44.0 (36681126)|CODE_UNIT_FINISHED|Workflow:Case
08:36:44.0 (46853112)|CODE_UNIT_FINISHED|TRIGGERS
08:36:44.0 (46866607)|EXECUTION_FINISHED
