36.0 APEX_CODE,FINEST;APEX_PROFILING,INFO;CALLOUT,INFO;DB,INFO;SYSTEM,DEBUG;VALIDATION,INFO;VISUALFORCE,INFO;WORKFLOW,INFO
08:43:09.0 (350398)|USER_INFO|[EXTERNAL]|00541000001IQl9|wjw@stuff.com|Pacific Standard Time|GMT-08:00
08:43:09.0 (381413)|EXECUTION_STARTED
08:43:09.0 (385708)|CODE_UNIT_STARTED|[EXTERNAL]|01q410000019tMZ|CheckSecretInformation on Case trigger event AfterInsert for [50041000003lmnp]
08:43:09.0 (451367)|HEAP_ALLOCATE|[EXTERNAL]|Bytes:8
08:43:09.0 (884668)|HEAP_ALLOCATE|[72]|Bytes:3
08:43:09.0 (935691)|HEAP_ALLOCATE|[77]|Bytes:152
08:43:09.0 (954395)|HEAP_ALLOCATE|[342]|Bytes:408
08:43:09.0 (972178)|HEAP_ALLOCATE|[355]|Bytes:408
08:43:09.0 (987630)|HEAP_ALLOCATE|[467]|Bytes:48
08:43:09.0 (1017979)|HEAP_ALLOCATE|[139]|Bytes:6
08:43:09.0 (1035611)|HEAP_ALLOCATE|[EXTERNAL]|Bytes:2
08:43:09.0 (1156547)|HEAP_ALLOCATE|[EXTERNAL]|Bytes:12
08:43:09.0 (1167176)|VARIABLE_SCOPE_BEGIN|[1]|this|CheckSecretInformation|true|false
08:43:09.0 (1230531)|VARIABLE_ASSIGNMENT|[1]|this|{}|0x37f91372
08:43:09.0 (1277565)|HEAP_ALLOCATE|[EXTERNAL]|Bytes:12
08:43:09.0 (1284660)|VARIABLE_SCOPE_BEGIN|[1]|this|CheckSecretInformation|true|false
08:43:09.0 (1298519)|VARIABLE_ASSIGNMENT|[1]|this|{}|0x37f91372
08:43:09.0 (1305707)|STATEMENT_EXECUTE|[1]
08:43:09.0 (1307668)|STATEMENT_EXECUTE|[4]
08:43:09.0 (1317355)|HEAP_ALLOCATE|[4]|Bytes:4
08:43:09.0 (1393790)|HEAP_ALLOCATE|[50]|Bytes:5
08:43:09.0 (1427097)|HEAP_ALLOCATE|[56]|Bytes:5
08:43:09.0 (1436806)|HEAP_ALLOCATE|[64]|Bytes:7
08:43:09.0 (1513976)|VARIABLE_ASSIGNMENT|[4]|this.secretKeywords|{"s":1,"v":[]}|0x37f91372
08:43:09.0 (1517980)|STATEMENT_EXECUTE|[5]
08:43:09.0 (1530520)|HEAP_ALLOCATE|[5]|Bytes:11
08:43:09.0 (1567383)|HEAP_ALLOCATE|[EXTERNAL]|Bytes:4
08:43:09.0 (1577871)|STATEMENT_EXECUTE|[6]
08:43:09.0 (1587346)|HEAP_ALLOCATE|[6]|Bytes:15
08:43:09.0 (1607403)|HEAP_ALLOCATE|[EXTERNAL]|Bytes:4
08:43:09.0 (1613966)|STATEMENT_EXECUTE|[7]
08:43:09.0 (1622330)|HEAP_ALLOCATE|[7]|Bytes:3
08:43:09.0 (1640605)|HEAP_ALLOCATE|[EXTERNAL]|Bytes:4
08:43:09.0 (1646607)|STATEMENT_EXECUTE|[8]
08:43:09.0 (1654717)|HEAP_ALLOCATE|[8]|Bytes:8
08:43:09.0 (1672393)|HEAP_ALLOCATE|[EXTERNAL]|Bytes:4
08:43:09.0 (1678614)|STATEMENT_EXECUTE|[9]
08:43:09.0 (1686516)|HEAP_ALLOCATE|[9]|Bytes:10
08:43:09.0 (1703668)|HEAP_ALLOCATE|[EXTERNAL]|Bytes:4
08:43:09.0 (1709739)|STATEMENT_EXECUTE|[12]
08:43:09.0 (1716819)|HEAP_ALLOCATE|[12]|Bytes:4
08:43:09.0 (1786132)|HEAP_ALLOCATE|[EXTERNAL]|Bytes:4
08:43:09.0 (1799594)|VARIABLE_ASSIGNMENT|[12]|this.casesWithSecretInfo|{"s":1,"v":[]}|0x37f91372
08:43:09.0 (1998310)|HEAP_ALLOCATE|[13]|Bytes:5
08:43:09.0 (2050029)|VARIABLE_SCOPE_BEGIN|[13]|myCase|Case|true|false
08:43:09.0 (2828876)|VARIABLE_ASSIGNMENT|[13]|myCase|{"Origin":"Phone","Status":"New","LastModifiedDate":"2016-12-29T16:43:09.000Z","IsDeleted":false,"Description":"No secret info here!","Priority":"Medium","Product_Has_Extended (12 more) ...":false,"IsClosed":false,"SystemModstamp":"2016-12-29T16:43:09.000Z","BusinessHoursId":"01m41000000XnfnAAC","CreatedById":"00541000001IQl9AAG","IsEscalated":false,"OwnerId":"00541000001IQl9AAG","CreatedDate":"2016-12-29T16:43:09.000Z","IsClosedOnCreate":false,"CaseNumber":"00001031","Id":"50041000003lmnpAAA","LastModifiedById":"00541000001IQl9AAG"}|0x665057fa
08:43:09.0 (2837487)|STATEMENT_EXECUTE|[13]
08:43:09.0 (2846238)|HEAP_ALLOCATE|[14]|Bytes:4
08:43:09.0 (2887601)|HEAP_ALLOCATE|[14]|Bytes:20
08:43:09.0 (2911899)|HEAP_ALLOCATE|[14]|Bytes:5
08:43:09.0 (2925530)|VARIABLE_SCOPE_BEGIN|[14]|keyword|String|false|false
08:43:09.0 (2933409)|VARIABLE_ASSIGNMENT|[14]|keyword|"Credit Card"
08:43:09.0 (2936147)|STATEMENT_EXECUTE|[14]
08:43:09.0 (3026265)|STATEMENT_EXECUTE|[15]
08:43:09.0 (3039360)|HEAP_ALLOCATE|[14]|Bytes:5
08:43:09.0 (3050184)|VARIABLE_SCOPE_BEGIN|[14]|keyword|String|false|false
08:43:09.0 (3057486)|VARIABLE_ASSIGNMENT|[14]|keyword|"Social Security"
08:43:09.0 (3059891)|STATEMENT_EXECUTE|[14]
08:43:09.0 (3081388)|STATEMENT_EXECUTE|[15]
08:43:09.0 (3090250)|HEAP_ALLOCATE|[14]|Bytes:5
08:43:09.0 (3099335)|VARIABLE_SCOPE_BEGIN|[14]|keyword|String|false|false
08:43:09.0 (3104585)|VARIABLE_ASSIGNMENT|[14]|keyword|"SSN"
08:43:09.0 (3106651)|STATEMENT_EXECUTE|[14]
08:43:09.0 (3125651)|STATEMENT_EXECUTE|[15]
08:43:09.0 (3133991)|HEAP_ALLOCATE|[14]|Bytes:5
08:43:09.0 (3142582)|VARIABLE_SCOPE_BEGIN|[14]|keyword|String|false|false
08:43:09.0 (3148121)|VARIABLE_ASSIGNMENT|[14]|keyword|"Passport"
08:43:09.0 (3150284)|STATEMENT_EXECUTE|[14]
08:43:09.0 (3168965)|STATEMENT_EXECUTE|[15]
08:43:09.0 (3177863)|HEAP_ALLOCATE|[14]|Bytes:5
08:43:09.0 (3186568)|VARIABLE_SCOPE_BEGIN|[14]|keyword|String|false|false
08:43:09.0 (3192060)|VARIABLE_ASSIGNMENT|[14]|keyword|"Bodyweight"
08:43:09.0 (3194131)|STATEMENT_EXECUTE|[14]
08:43:09.0 (3213595)|STATEMENT_EXECUTE|[15]
08:43:09.0 (3221956)|HEAP_ALLOCATE|[14]|Bytes:5
08:43:09.0 (3232523)|VARIABLE_ASSIGNMENT|[14]|keyword|null
08:43:09.0 (3240593)|HEAP_ALLOCATE|[13]|Bytes:5
08:43:09.0 (3249306)|VARIABLE_ASSIGNMENT|[13]|myCase|null|
08:43:09.0 (3284058)|HEAP_ALLOCATE|[24]|Bytes:5
08:43:09.0 (3294909)|VARIABLE_ASSIGNMENT|[24]|caseWithSecretInfo|null|
08:43:09.0 (3297711)|STATEMENT_EXECUTE|[24]
08:43:09.3 (3304631)|CUMULATIVE_LIMIT_USAGE
08:43:09.3 (3304631)|LIMIT_USAGE_FOR_NS|(default)|
  Number of SOQL queries: 0 out of 100
  Number of query rows: 0 out of 50000
  Number of SOSL queries: 0 out of 20
  Number of DML statements: 0 out of 150
  Number of DML rows: 0 out of 10000
  Maximum CPU time: 0 out of 10000
  Maximum heap size: 0 out of 6000000
  Number of callouts: 0 out of 100
  Number of Email Invocations: 0 out of 10
  Number of future calls: 0 out of 50
  Number of queueable jobs added to the queue: 0 out of 50
  Number of Mobile Apex push calls: 0 out of 10

08:43:09.3 (3304631)|CUMULATIVE_LIMIT_USAGE_END

08:43:09.0 (4310474)|CODE_UNIT_FINISHED|CheckSecretInformation on Case trigger event AfterInsert for [50041000003lmnp]
08:43:09.0 (5336773)|EXECUTION_FINISHED
08:43:09.7 (7025018)|USER_INFO|[EXTERNAL]|00541000001IQl9|wjw@stuff.com|Pacific Standard Time|GMT-08:00
08:43:09.7 (7031765)|EXECUTION_STARTED
08:43:09.7 (7034088)|CODE_UNIT_STARTED|[EXTERNAL]|Workflow:Case
08:43:09.7 (16575343)|WF_RULE_EVAL_BEGIN|Assignment
08:43:09.7 (16591027)|WF_SPOOL_ACTION_BEGIN|Assignment
08:43:09.7 (16597297)|WF_ACTION|.
08:43:09.7 (16600456)|WF_RULE_EVAL_END
08:43:09.7 (16606044)|WF_RULE_EVAL_BEGIN|Escalation
08:43:09.7 (16611063)|WF_SPOOL_ACTION_BEGIN|Escalation
08:43:09.7 (16612586)|WF_ACTION|.
08:43:09.7 (16613635)|WF_RULE_EVAL_END
08:43:09.7 (16652441)|WF_ACTIONS_END| None
08:43:09.7 (16656609)|CODE_UNIT_FINISHED|Workflow:Case
08:43:09.7 (17705540)|EXECUTION_FINISHED
