36.0 APEX_CODE,FINEST;APEX_PROFILING,INFO;CALLOUT,INFO;DB,INFO;SYSTEM,DEBUG;VALIDATION,INFO;VISUALFORCE,INFO;WORKFLOW,INFO
08:43:22.0 (384456)|USER_INFO|[EXTERNAL]|00541000001IQl9|wjw@stuff.com|Pacific Standard Time|GMT-08:00
08:43:22.0 (406591)|EXECUTION_STARTED
08:43:22.0 (410487)|CODE_UNIT_STARTED|[EXTERNAL]|TRIGGERS
08:43:22.0 (433652)|CODE_UNIT_STARTED|[EXTERNAL]|01q410000019tMZ|CheckSecretInformation on Case trigger event BeforeUpdate for [50041000003lmnp]
08:43:22.0 (472273)|HEAP_ALLOCATE|[EXTERNAL]|Bytes:8
08:43:22.0 (636370)|HEAP_ALLOCATE|[EXTERNAL]|Bytes:8
08:43:22.0 (1027951)|HEAP_ALLOCATE|[72]|Bytes:3
08:43:22.0 (1069850)|HEAP_ALLOCATE|[77]|Bytes:152
08:43:22.0 (1094461)|HEAP_ALLOCATE|[342]|Bytes:408
08:43:22.0 (1126639)|HEAP_ALLOCATE|[355]|Bytes:408
08:43:22.0 (1220865)|HEAP_ALLOCATE|[467]|Bytes:48
08:43:22.0 (1262943)|HEAP_ALLOCATE|[139]|Bytes:6
08:43:22.0 (1286215)|HEAP_ALLOCATE|[EXTERNAL]|Bytes:2
08:43:22.0 (1414257)|HEAP_ALLOCATE|[EXTERNAL]|Bytes:12
08:43:22.0 (1425973)|VARIABLE_SCOPE_BEGIN|[1]|this|CheckSecretInformation|true|false
08:43:22.0 (1483852)|VARIABLE_ASSIGNMENT|[1]|this|{}|0x7ba3c1d1
08:43:22.0 (1541207)|HEAP_ALLOCATE|[EXTERNAL]|Bytes:12
08:43:22.0 (1548730)|VARIABLE_SCOPE_BEGIN|[1]|this|CheckSecretInformation|true|false
08:43:22.0 (1565426)|VARIABLE_ASSIGNMENT|[1]|this|{}|0x7ba3c1d1
08:43:22.0 (1571357)|STATEMENT_EXECUTE|[1]
08:43:22.0 (1574090)|STATEMENT_EXECUTE|[4]
08:43:22.0 (1581173)|HEAP_ALLOCATE|[4]|Bytes:4
08:43:22.0 (1678063)|HEAP_ALLOCATE|[50]|Bytes:5
08:43:22.0 (1705340)|HEAP_ALLOCATE|[56]|Bytes:5
08:43:22.0 (1715263)|HEAP_ALLOCATE|[64]|Bytes:7
08:43:22.0 (1794096)|VARIABLE_ASSIGNMENT|[4]|this.secretKeywords|{"s":1,"v":[]}|0x7ba3c1d1
08:43:22.0 (1798504)|STATEMENT_EXECUTE|[5]
08:43:22.0 (1813378)|HEAP_ALLOCATE|[5]|Bytes:11
08:43:22.0 (1855580)|HEAP_ALLOCATE|[EXTERNAL]|Bytes:4
08:43:22.0 (1894253)|STATEMENT_EXECUTE|[6]
08:43:22.0 (1909382)|HEAP_ALLOCATE|[6]|Bytes:15
08:43:22.0 (1936083)|HEAP_ALLOCATE|[EXTERNAL]|Bytes:4
08:43:22.0 (1943478)|STATEMENT_EXECUTE|[7]
08:43:22.0 (1953175)|HEAP_ALLOCATE|[7]|Bytes:3
08:43:22.0 (1976578)|HEAP_ALLOCATE|[EXTERNAL]|Bytes:4
08:43:22.0 (1983187)|STATEMENT_EXECUTE|[8]
08:43:22.0 (1993145)|HEAP_ALLOCATE|[8]|Bytes:8
08:43:22.0 (2015475)|HEAP_ALLOCATE|[EXTERNAL]|Bytes:4
08:43:22.0 (2022528)|STATEMENT_EXECUTE|[9]
08:43:22.0 (2035885)|HEAP_ALLOCATE|[9]|Bytes:10
08:43:22.0 (2058210)|HEAP_ALLOCATE|[EXTERNAL]|Bytes:4
08:43:22.0 (2065334)|STATEMENT_EXECUTE|[12]
08:43:22.0 (2070364)|HEAP_ALLOCATE|[12]|Bytes:4
08:43:22.0 (2140537)|HEAP_ALLOCATE|[EXTERNAL]|Bytes:4
08:43:22.0 (2153539)|VARIABLE_ASSIGNMENT|[12]|this.casesWithSecretInfo|{"s":1,"v":[]}|0x7ba3c1d1
08:43:22.0 (2346206)|HEAP_ALLOCATE|[13]|Bytes:5
08:43:22.0 (2413052)|HEAP_ALLOCATE|[13]|Bytes:4
08:43:22.0 (2423833)|VARIABLE_SCOPE_BEGIN|[13]|myCase|Case|true|false
08:43:22.0 (3118098)|VARIABLE_ASSIGNMENT|[13]|myCase|{"Origin":"Phone","Status":"New","LastModifiedDate":"2016-12-29T16:43:09.000Z","IsDeleted":false,"Description":"BODYWEIGHT!","Priority":"Medium","Product_Has_Extended (12 more) ...":false,"IsClosed":false,"SystemModstamp":"2016-12-29T16:43:10.000Z","BusinessHoursId":"01m41000000XnfnAAC","CreatedById":"00541000001IQl9AAG","IsEscalated":false,"OwnerId":"00541000001IQl9AAG","CreatedDate":"2016-12-29T16:43:09.000Z","IsClosedOnCreate":false,"CaseNumber":"00001031","Id":"50041000003lmnpAAA","LastModifiedById":"00541000001IQl9AAG"}|0x5149d033
08:43:22.0 (3126868)|STATEMENT_EXECUTE|[13]
08:43:22.0 (3137184)|HEAP_ALLOCATE|[14]|Bytes:4
08:43:22.0 (3182727)|HEAP_ALLOCATE|[14]|Bytes:20
08:43:22.0 (3211429)|HEAP_ALLOCATE|[14]|Bytes:5
08:43:22.0 (3225299)|VARIABLE_SCOPE_BEGIN|[14]|keyword|String|false|false
08:43:22.0 (3233102)|VARIABLE_ASSIGNMENT|[14]|keyword|"Credit Card"
08:43:22.0 (3235970)|STATEMENT_EXECUTE|[14]
08:43:22.0 (3310502)|STATEMENT_EXECUTE|[15]
08:43:22.0 (3322435)|HEAP_ALLOCATE|[14]|Bytes:5
08:43:22.0 (3333390)|VARIABLE_SCOPE_BEGIN|[14]|keyword|String|false|false
08:43:22.0 (3340830)|VARIABLE_ASSIGNMENT|[14]|keyword|"Social Security"
08:43:22.0 (3343159)|STATEMENT_EXECUTE|[14]
08:43:22.0 (3362795)|STATEMENT_EXECUTE|[15]
08:43:22.0 (3371576)|HEAP_ALLOCATE|[14]|Bytes:5
08:43:22.0 (3386817)|VARIABLE_SCOPE_BEGIN|[14]|keyword|String|false|false
08:43:22.0 (3393079)|VARIABLE_ASSIGNMENT|[14]|keyword|"SSN"
08:43:22.0 (3395344)|STATEMENT_EXECUTE|[14]
08:43:22.0 (3413796)|STATEMENT_EXECUTE|[15]
08:43:22.0 (3422385)|HEAP_ALLOCATE|[14]|Bytes:5
08:43:22.0 (3431820)|VARIABLE_SCOPE_BEGIN|[14]|keyword|String|false|false
08:43:22.0 (3437176)|VARIABLE_ASSIGNMENT|[14]|keyword|"Passport"
08:43:22.0 (3439452)|STATEMENT_EXECUTE|[14]
08:43:22.0 (3456506)|STATEMENT_EXECUTE|[15]
08:43:22.0 (3464689)|HEAP_ALLOCATE|[14]|Bytes:5
08:43:22.0 (3473863)|VARIABLE_SCOPE_BEGIN|[14]|keyword|String|false|false
08:43:22.0 (3479342)|VARIABLE_ASSIGNMENT|[14]|keyword|"Bodyweight"
08:43:22.0 (3481472)|STATEMENT_EXECUTE|[14]
08:43:22.0 (3497965)|STATEMENT_EXECUTE|[15]
08:43:22.0 (3506169)|HEAP_ALLOCATE|[14]|Bytes:5
08:43:22.0 (3516408)|VARIABLE_ASSIGNMENT|[14]|keyword|null
08:43:22.0 (3524110)|HEAP_ALLOCATE|[13]|Bytes:5
08:43:22.0 (3533291)|VARIABLE_ASSIGNMENT|[13]|myCase|null|
08:43:22.0 (3577635)|HEAP_ALLOCATE|[24]|Bytes:5
08:43:22.0 (3590128)|VARIABLE_ASSIGNMENT|[24]|caseWithSecretInfo|null|
08:43:22.0 (3593111)|STATEMENT_EXECUTE|[24]
08:43:22.3 (3602080)|CUMULATIVE_LIMIT_USAGE
08:43:22.3 (3602080)|LIMIT_USAGE_FOR_NS|(default)|
  Number of SOQL queries: 0 out of 100
  Number of query rows: 0 out of 50000
  Number of SOSL queries: 0 out of 20
  Number of DML statements: 0 out of 150
  Number of DML rows: 0 out of 10000
  Maximum CPU time: 0 out of 10000
  Maximum heap size: 0 out of 6000000
  Number of callouts: 0 out of 100
  Number of Email Invocations: 0 out of 10
  Number of future calls: 0 out of 50
  Number of queueable jobs added to the queue: 0 out of 50
  Number of Mobile Apex push calls: 0 out of 10

08:43:22.3 (3602080)|CUMULATIVE_LIMIT_USAGE_END

08:43:22.0 (4628253)|CODE_UNIT_FINISHED|CheckSecretInformation on Case trigger event BeforeUpdate for [50041000003lmnp]
08:43:22.0 (22806339)|CODE_UNIT_STARTED|[EXTERNAL]|Workflow:Case
08:43:22.0 (31151426)|WF_RULE_EVAL_BEGIN|Assignment
08:43:22.0 (31170179)|WF_SPOOL_ACTION_BEGIN|Assignment
08:43:22.0 (31175389)|WF_ACTION|.
08:43:22.0 (31178406)|WF_RULE_EVAL_END
08:43:22.0 (31184109)|WF_RULE_EVAL_BEGIN|Escalation
08:43:22.0 (31188853)|WF_SPOOL_ACTION_BEGIN|Escalation
08:43:22.0 (31190345)|WF_ACTION|.
08:43:22.0 (31191322)|WF_RULE_EVAL_END
08:43:22.0 (31229970)|WF_ACTIONS_END| None
08:43:22.0 (31238841)|CODE_UNIT_FINISHED|Workflow:Case
08:43:22.0 (44783217)|CODE_UNIT_FINISHED|TRIGGERS
08:43:22.0 (44796532)|EXECUTION_FINISHED
