36.0 APEX_CODE,FINEST;APEX_PROFILING,INFO;CALLOUT,INFO;DB,INFO;SYSTEM,DEBUG;VALIDATION,INFO;VISUALFORCE,INFO;WORKFLOW,INFO
11:49:18.1 (1378732)|USER_INFO|[EXTERNAL]|00541000001IQl9|wjw@stuff.com|Pacific Standard Time|GMT-08:00
11:49:18.1 (1418187)|EXECUTION_STARTED
11:49:18.1 (1429308)|CODE_UNIT_STARTED|[EXTERNAL]|01q410000019tMZ|CheckSecretInformation on Case trigger event AfterInsert for [50041000003lnbT]
11:49:18.1 (1603205)|HEAP_ALLOCATE|[EXTERNAL]|Bytes:8
11:49:18.1 (2181755)|HEAP_ALLOCATE|[72]|Bytes:3
11:49:18.1 (2234435)|HEAP_ALLOCATE|[77]|Bytes:152
11:49:18.1 (2256321)|HEAP_ALLOCATE|[342]|Bytes:408
11:49:18.1 (2284764)|HEAP_ALLOCATE|[355]|Bytes:408
11:49:18.1 (2314959)|HEAP_ALLOCATE|[467]|Bytes:48
11:49:18.1 (2354068)|HEAP_ALLOCATE|[139]|Bytes:6
11:49:18.1 (2379193)|HEAP_ALLOCATE|[EXTERNAL]|Bytes:2
11:49:18.1 (2510616)|HEAP_ALLOCATE|[EXTERNAL]|Bytes:12
11:49:18.1 (2521835)|VARIABLE_SCOPE_BEGIN|[1]|this|CheckSecretInformation|true|false
11:49:18.1 (2596915)|VARIABLE_ASSIGNMENT|[1]|this|{}|0x65a0dcc2
11:49:18.1 (2663207)|HEAP_ALLOCATE|[EXTERNAL]|Bytes:12
11:49:18.1 (2671675)|VARIABLE_SCOPE_BEGIN|[1]|this|CheckSecretInformation|true|false
11:49:18.1 (2689643)|VARIABLE_ASSIGNMENT|[1]|this|{}|0x65a0dcc2
11:49:18.1 (2696677)|STATEMENT_EXECUTE|[1]
11:49:18.1 (2698550)|STATEMENT_EXECUTE|[3]
11:49:18.1 (2703133)|HEAP_ALLOCATE|[3]|Bytes:44
11:49:18.1 (2737906)|HEAP_ALLOCATE|[50]|Bytes:5
11:49:18.1 (2762078)|HEAP_ALLOCATE|[56]|Bytes:5
11:49:18.1 (2784677)|HEAP_ALLOCATE|[64]|Bytes:7
11:49:18.1 (2836499)|VARIABLE_ASSIGNMENT|[3]|this.childCasesSubject|"Warning: Parent case (24 more) ..."|0x65a0dcc2
11:49:18.1 (2840021)|STATEMENT_EXECUTE|[6]
11:49:18.1 (2846376)|HEAP_ALLOCATE|[6]|Bytes:4
11:49:18.1 (3009268)|HEAP_ALLOCATE|[EXTERNAL]|Bytes:4
11:49:18.1 (3032264)|VARIABLE_ASSIGNMENT|[6]|this.secretKeywords|{"s":1,"v":[]}|0x65a0dcc2
11:49:18.1 (3037362)|STATEMENT_EXECUTE|[7]
11:49:18.1 (3053718)|HEAP_ALLOCATE|[7]|Bytes:11
11:49:18.1 (3096978)|HEAP_ALLOCATE|[EXTERNAL]|Bytes:4
11:49:18.1 (3109092)|STATEMENT_EXECUTE|[8]
11:49:18.1 (3119608)|HEAP_ALLOCATE|[8]|Bytes:15
11:49:18.1 (3141061)|HEAP_ALLOCATE|[EXTERNAL]|Bytes:4
11:49:18.1 (3147361)|STATEMENT_EXECUTE|[9]
11:49:18.1 (3156691)|HEAP_ALLOCATE|[9]|Bytes:3
11:49:18.1 (3176093)|HEAP_ALLOCATE|[EXTERNAL]|Bytes:4
11:49:18.1 (3181982)|STATEMENT_EXECUTE|[10]
11:49:18.1 (3191196)|HEAP_ALLOCATE|[10]|Bytes:8
11:49:18.1 (3210296)|HEAP_ALLOCATE|[EXTERNAL]|Bytes:4
11:49:18.1 (3216104)|STATEMENT_EXECUTE|[11]
11:49:18.1 (3225470)|HEAP_ALLOCATE|[11]|Bytes:10
11:49:18.1 (3244610)|HEAP_ALLOCATE|[EXTERNAL]|Bytes:4
11:49:18.1 (3252976)|STATEMENT_EXECUTE|[16]
11:49:18.1 (3259107)|VARIABLE_SCOPE_BEGIN|[16]|i|Integer|false|false
11:49:18.1 (3264197)|HEAP_ALLOCATE|[16]|Bytes:4
11:49:18.1 (3270921)|VARIABLE_ASSIGNMENT|[16]|i|0
11:49:18.1 (3304418)|STATEMENT_EXECUTE|[16]
11:49:18.1 (3306260)|STATEMENT_EXECUTE|[17]
11:49:18.1 (3331985)|HEAP_ALLOCATE|[17]|Bytes:11
11:49:18.1 (3340649)|VARIABLE_SCOPE_BEGIN|[17]|keyword|String|false|false
11:49:18.1 (3347630)|VARIABLE_ASSIGNMENT|[17]|keyword|"Credit Card"
11:49:18.1 (3350082)|STATEMENT_EXECUTE|[19]
11:49:18.1 (3360927)|HEAP_ALLOCATE|[19]|Bytes:4
11:49:18.1 (3385676)|VARIABLE_SCOPE_BEGIN|[19]|keywordList|Set<String>|true|false
11:49:18.1 (3417207)|VARIABLE_ASSIGNMENT|[19]|keywordList|{"s":1,"v":[]}|0x3b580e62
11:49:18.1 (3420678)|STATEMENT_EXECUTE|[20]
11:49:18.1 (3446534)|HEAP_ALLOCATE|[EXTERNAL]|Bytes:4
11:49:18.1 (3454332)|STATEMENT_EXECUTE|[22]
11:49:18.1 (3502015)|HEAP_ALLOCATE|[22]|Bytes:4
11:49:18.1 (3566983)|VARIABLE_SCOPE_BEGIN|[22]|casesWithSecretInfo|List<Case>|true|false
11:49:18.1 (3573953)|HEAP_ALLOCATE|[EXTERNAL]|Bytes:4
11:49:18.1 (3585836)|VARIABLE_ASSIGNMENT|[22]|casesWithSecretInfo|{"s":1,"v":[]}|0x636b6d22
11:49:18.1 (3810973)|HEAP_ALLOCATE|[23]|Bytes:5
11:49:18.1 (3881627)|VARIABLE_SCOPE_BEGIN|[23]|myCase|Case|true|false
11:49:18.1 (4737379)|VARIABLE_ASSIGNMENT|[23]|myCase|{"Origin":"Phone","Status":"New","LastModifiedDate":"2016-12-29T19:49:18.000Z","IsDeleted":false,"Description":"SSN Passport","Priority":"Medium","Product_Has_Extended (12 more) ...":false,"IsClosed":false,"SystemModstamp":"2016-12-29T19:49:18.000Z","BusinessHoursId":"01m41000000XnfnAAC","CreatedById":"00541000001IQl9AAG","IsEscalated":false,"OwnerId":"00541000001IQl9AAG","CreatedDate":"2016-12-29T19:49:18.000Z","IsClosedOnCreate":false,"CaseNumber":"00001098","Id":"50041000003lnbTAAQ","LastModifiedById":"00541000001IQl9AAG"}|0x5d930c27
11:49:18.1 (4746700)|STATEMENT_EXECUTE|[23]
11:49:18.1 (4782822)|STATEMENT_EXECUTE|[24]
11:49:18.1 (4894856)|STATEMENT_EXECUTE|[26]
11:49:18.1 (4914134)|HEAP_ALLOCATE|[23]|Bytes:5
11:49:18.1 (4931547)|VARIABLE_ASSIGNMENT|[23]|myCase|null|
11:49:18.1 (4935792)|STATEMENT_EXECUTE|[36]
11:49:18.1 (4940508)|HEAP_ALLOCATE|[36]|Bytes:4
11:49:18.1 (4963805)|VARIABLE_SCOPE_BEGIN|[36]|casesToCreate|List<Case>|true|false
11:49:18.1 (4969626)|HEAP_ALLOCATE|[EXTERNAL]|Bytes:4
11:49:18.1 (4980349)|VARIABLE_ASSIGNMENT|[36]|casesToCreate|{"s":1,"v":[]}|0x1e574cd4
11:49:18.1 (5012936)|HEAP_ALLOCATE|[37]|Bytes:5
11:49:18.1 (5026898)|VARIABLE_ASSIGNMENT|[37]|caseWithSecretInfo|null|
11:49:18.1 (5033431)|STATEMENT_EXECUTE|[37]
11:49:18.1 (5034932)|STATEMENT_EXECUTE|[46]
11:49:18.1 (5130149)|HEAP_ALLOCATE|[EXTERNAL]|Bytes:4
11:49:18.1 (5138067)|HEAP_ALLOCATE|[16]|Bytes:4
11:49:18.1 (5145548)|VARIABLE_ASSIGNMENT|[16]|i|1
11:49:18.1 (5167491)|STATEMENT_EXECUTE|[16]
11:49:18.1 (5169272)|STATEMENT_EXECUTE|[17]
11:49:18.1 (5180340)|HEAP_ALLOCATE|[17]|Bytes:15
11:49:18.1 (5187878)|VARIABLE_SCOPE_BEGIN|[17]|keyword|String|false|false
11:49:18.1 (5196063)|VARIABLE_ASSIGNMENT|[17]|keyword|"Social Security"
11:49:18.1 (5198334)|STATEMENT_EXECUTE|[19]
11:49:18.1 (5202282)|HEAP_ALLOCATE|[19]|Bytes:4
11:49:18.1 (5215532)|VARIABLE_SCOPE_BEGIN|[19]|keywordList|Set<String>|true|false
11:49:18.1 (5233345)|VARIABLE_ASSIGNMENT|[19]|keywordList|{"s":1,"v":[]}|0x2147c5a8
11:49:18.1 (5236604)|STATEMENT_EXECUTE|[20]
11:49:18.1 (5244467)|HEAP_ALLOCATE|[EXTERNAL]|Bytes:4
11:49:18.1 (5250212)|STATEMENT_EXECUTE|[22]
11:49:18.1 (5253870)|HEAP_ALLOCATE|[22]|Bytes:4
11:49:18.1 (5266066)|VARIABLE_SCOPE_BEGIN|[22]|casesWithSecretInfo|List<Case>|true|false
11:49:18.1 (5278572)|HEAP_ALLOCATE|[EXTERNAL]|Bytes:4
11:49:18.1 (5292556)|VARIABLE_ASSIGNMENT|[22]|casesWithSecretInfo|{"s":1,"v":[]}|0x64f00793
11:49:18.1 (5344660)|HEAP_ALLOCATE|[23]|Bytes:5
11:49:18.1 (5367794)|VARIABLE_SCOPE_BEGIN|[23]|myCase|Case|true|false
11:49:18.1 (5773893)|VARIABLE_ASSIGNMENT|[23]|myCase|{"Origin":"Phone","Status":"New","LastModifiedDate":"2016-12-29T19:49:18.000Z","IsDeleted":false,"Description":"SSN Passport","Priority":"Medium","Product_Has_Extended (12 more) ...":false,"IsClosed":false,"SystemModstamp":"2016-12-29T19:49:18.000Z","BusinessHoursId":"01m41000000XnfnAAC","CreatedById":"00541000001IQl9AAG","IsEscalated":false,"OwnerId":"00541000001IQl9AAG","CreatedDate":"2016-12-29T19:49:18.000Z","IsClosedOnCreate":false,"CaseNumber":"00001098","Id":"50041000003lnbTAAQ","LastModifiedById":"00541000001IQl9AAG"}|0x5d930c27
11:49:18.1 (5781231)|STATEMENT_EXECUTE|[23]
11:49:18.1 (5807450)|STATEMENT_EXECUTE|[24]
11:49:18.1 (5833381)|STATEMENT_EXECUTE|[26]
11:49:18.1 (5848100)|HEAP_ALLOCATE|[23]|Bytes:5
11:49:18.1 (5861976)|VARIABLE_ASSIGNMENT|[23]|myCase|null|
11:49:18.1 (5865673)|STATEMENT_EXECUTE|[36]
11:49:18.1 (5870718)|HEAP_ALLOCATE|[36]|Bytes:4
11:49:18.1 (5884664)|VARIABLE_SCOPE_BEGIN|[36]|casesToCreate|List<Case>|true|false
11:49:18.1 (5892351)|HEAP_ALLOCATE|[EXTERNAL]|Bytes:4
11:49:18.1 (5910491)|VARIABLE_ASSIGNMENT|[36]|casesToCreate|{"s":1,"v":[]}|0x4ab1dcff
11:49:18.1 (5942726)|HEAP_ALLOCATE|[37]|Bytes:5
11:49:18.1 (5962488)|VARIABLE_ASSIGNMENT|[37]|caseWithSecretInfo|null|
11:49:18.1 (5971174)|STATEMENT_EXECUTE|[37]
11:49:18.1 (5973756)|STATEMENT_EXECUTE|[46]
11:49:18.1 (6010829)|HEAP_ALLOCATE|[EXTERNAL]|Bytes:4
11:49:18.1 (6025891)|HEAP_ALLOCATE|[16]|Bytes:4
11:49:18.1 (6036547)|VARIABLE_ASSIGNMENT|[16]|i|2
11:49:18.1 (6064043)|STATEMENT_EXECUTE|[16]
11:49:18.1 (6066868)|STATEMENT_EXECUTE|[17]
11:49:18.1 (6082738)|HEAP_ALLOCATE|[17]|Bytes:3
11:49:18.1 (6094301)|VARIABLE_SCOPE_BEGIN|[17]|keyword|String|false|false
11:49:18.1 (6105919)|VARIABLE_ASSIGNMENT|[17]|keyword|"SSN"
11:49:18.1 (6111658)|STATEMENT_EXECUTE|[19]
11:49:18.1 (6118134)|HEAP_ALLOCATE|[19]|Bytes:4
11:49:18.1 (6134434)|VARIABLE_SCOPE_BEGIN|[19]|keywordList|Set<String>|true|false
11:49:18.1 (6161469)|VARIABLE_ASSIGNMENT|[19]|keywordList|{"s":1,"v":[]}|0x6ea41891
11:49:18.1 (6166600)|STATEMENT_EXECUTE|[20]
11:49:18.1 (6178046)|HEAP_ALLOCATE|[EXTERNAL]|Bytes:4
11:49:18.1 (6187604)|STATEMENT_EXECUTE|[22]
11:49:18.1 (6193650)|HEAP_ALLOCATE|[22]|Bytes:4
11:49:18.1 (6212004)|VARIABLE_SCOPE_BEGIN|[22]|casesWithSecretInfo|List<Case>|true|false
11:49:18.1 (6220122)|HEAP_ALLOCATE|[EXTERNAL]|Bytes:4
11:49:18.1 (6233360)|VARIABLE_ASSIGNMENT|[22]|casesWithSecretInfo|{"s":1,"v":[]}|0x71d1ea68
11:49:18.1 (6275498)|HEAP_ALLOCATE|[23]|Bytes:5
11:49:18.1 (6303809)|VARIABLE_SCOPE_BEGIN|[23]|myCase|Case|true|false
11:49:18.1 (6825714)|VARIABLE_ASSIGNMENT|[23]|myCase|{"Origin":"Phone","Status":"New","LastModifiedDate":"2016-12-29T19:49:18.000Z","IsDeleted":false,"Description":"SSN Passport","Priority":"Medium","Product_Has_Extended (12 more) ...":false,"IsClosed":false,"SystemModstamp":"2016-12-29T19:49:18.000Z","BusinessHoursId":"01m41000000XnfnAAC","CreatedById":"00541000001IQl9AAG","IsEscalated":false,"OwnerId":"00541000001IQl9AAG","CreatedDate":"2016-12-29T19:49:18.000Z","IsClosedOnCreate":false,"CaseNumber":"00001098","Id":"50041000003lnbTAAQ","LastModifiedById":"00541000001IQl9AAG"}|0x5d930c27
11:49:18.1 (6834511)|STATEMENT_EXECUTE|[23]
11:49:18.1 (6867822)|STATEMENT_EXECUTE|[24]
11:49:18.1 (6904293)|STATEMENT_EXECUTE|[26]
11:49:18.1 (6907278)|STATEMENT_EXECUTE|[27]
11:49:18.1 (6947153)|HEAP_ALLOCATE|[EXTERNAL]|Bytes:4
11:49:18.1 (6957999)|STATEMENT_EXECUTE|[28]
11:49:18.1 (6963611)|HEAP_ALLOCATE|[28]|Bytes:5
11:49:18.1 (7037577)|HEAP_ALLOCATE|[28]|Bytes:18
11:49:18.1 (7058801)|HEAP_ALLOCATE|[28]|Bytes:25
11:49:18.1 (7086021)|HEAP_ALLOCATE|[28]|Bytes:5
11:49:18.1 (7109962)|HEAP_ALLOCATE|[28]|Bytes:53
11:49:18.1 (7143027)|USER_DEBUG|[28]|DEBUG|Case 50041000003lnbTAAQ includes secret keyword {SSN}
11:49:18.1 (7162890)|HEAP_ALLOCATE|[23]|Bytes:5
11:49:18.1 (7181236)|VARIABLE_ASSIGNMENT|[23]|myCase|null|
11:49:18.1 (7185224)|STATEMENT_EXECUTE|[36]
11:49:18.1 (7189768)|HEAP_ALLOCATE|[36]|Bytes:4
11:49:18.1 (7208073)|VARIABLE_SCOPE_BEGIN|[36]|casesToCreate|List<Case>|true|false
11:49:18.1 (7214501)|HEAP_ALLOCATE|[EXTERNAL]|Bytes:4
11:49:18.1 (7227613)|VARIABLE_ASSIGNMENT|[36]|casesToCreate|{"s":1,"v":[]}|0x1f452d06
11:49:18.1 (7253923)|HEAP_ALLOCATE|[37]|Bytes:5
11:49:18.1 (7275388)|VARIABLE_SCOPE_BEGIN|[37]|caseWithSecretInfo|Case|true|false
11:49:18.1 (7811912)|VARIABLE_ASSIGNMENT|[37]|caseWithSecretInfo|{"Origin":"Phone","Status":"New","LastModifiedDate":"2016-12-29T19:49:18.000Z","IsDeleted":false,"Description":"SSN Passport","Priority":"Medium","Product_Has_Extended (12 more) ...":false,"IsClosed":false,"SystemModstamp":"2016-12-29T19:49:18.000Z","BusinessHoursId":"01m41000000XnfnAAC","CreatedById":"00541000001IQl9AAG","IsEscalated":false,"OwnerId":"00541000001IQl9AAG","CreatedDate":"2016-12-29T19:49:18.000Z","IsClosedOnCreate":false,"CaseNumber":"00001098","Id":"50041000003lnbTAAQ","LastModifiedById":"00541000001IQl9AAG"}|0x5d930c27
11:49:18.1 (7819971)|STATEMENT_EXECUTE|[37]
11:49:18.1 (7821789)|STATEMENT_EXECUTE|[38]
11:49:18.1 (7839814)|HEAP_ALLOCATE|[38]|Bytes:4
11:49:18.1 (7989876)|VARIABLE_SCOPE_BEGIN|[38]|childCase|Case|true|false
11:49:18.1 (8008115)|VARIABLE_ASSIGNMENT|[38]|childCase|{}|0x61b9162c
11:49:18.1 (8014417)|STATEMENT_EXECUTE|[39]
11:49:18.1 (8116383)|VARIABLE_ASSIGNMENT|[39]|this.Subject|"Warning: Parent case (24 more) ..."|0x61b9162c
11:49:18.1 (8121619)|STATEMENT_EXECUTE|[40]
11:49:18.1 (8208175)|VARIABLE_ASSIGNMENT|[40]|this.ParentId|"50041000003lnbTAAQ"|0x61b9162c
11:49:18.1 (8213489)|STATEMENT_EXECUTE|[41]
11:49:18.1 (8273663)|VARIABLE_ASSIGNMENT|[41]|this.IsEscalated|true|0x61b9162c
11:49:18.1 (8278639)|STATEMENT_EXECUTE|[42]
11:49:18.1 (8283827)|HEAP_ALLOCATE|[42]|Bytes:4
11:49:18.1 (8336469)|VARIABLE_ASSIGNMENT|[42]|this.Priority|"High"|0x61b9162c
11:49:18.1 (8342239)|STATEMENT_EXECUTE|[43]
11:49:18.1 (8376713)|VARIABLE_ASSIGNMENT|[43]|this.Description|"SSN"|0x61b9162c
11:49:18.1 (8381323)|STATEMENT_EXECUTE|[44]
11:49:18.1 (8427181)|HEAP_ALLOCATE|[EXTERNAL]|Bytes:4
11:49:18.1 (8451468)|HEAP_ALLOCATE|[37]|Bytes:5
11:49:18.1 (8478304)|VARIABLE_ASSIGNMENT|[37]|caseWithSecretInfo|null|
11:49:18.1 (8484274)|STATEMENT_EXECUTE|[46]
11:49:18.1 (8519522)|DML_BEGIN|[46]|Op:Insert|Type:Case|Rows:1
11:49:18.1 (8571958)|HEAP_ALLOCATE|[EXTERNAL]|Bytes:8
11:49:18.1 (121247369)|CODE_UNIT_STARTED|[EXTERNAL]|01q410000019tMZ|CheckSecretInformation on Case trigger event AfterInsert for [50041000003lnbU]
11:49:18.1 (121297710)|HEAP_ALLOCATE|[EXTERNAL]|Bytes:8
11:49:18.1 (121417425)|HEAP_ALLOCATE|[EXTERNAL]|Bytes:12
11:49:18.1 (121434364)|VARIABLE_SCOPE_BEGIN|[1]|this|CheckSecretInformation|true|false
11:49:18.1 (121489803)|VARIABLE_ASSIGNMENT|[1]|this|{}|0x48327ffc
11:49:18.1 (121539684)|HEAP_ALLOCATE|[EXTERNAL]|Bytes:12
11:49:18.1 (121549996)|VARIABLE_SCOPE_BEGIN|[1]|this|CheckSecretInformation|true|false
11:49:18.1 (121571065)|VARIABLE_ASSIGNMENT|[1]|this|{}|0x48327ffc
11:49:18.1 (121580023)|STATEMENT_EXECUTE|[1]
11:49:18.1 (121583273)|STATEMENT_EXECUTE|[3]
11:49:18.1 (121636091)|VARIABLE_ASSIGNMENT|[3]|this.childCasesSubject|"Warning: Parent case (24 more) ..."|0x48327ffc
11:49:18.1 (121642086)|STATEMENT_EXECUTE|[6]
11:49:18.1 (121653251)|HEAP_ALLOCATE|[6]|Bytes:4
11:49:18.1 (121743893)|HEAP_ALLOCATE|[EXTERNAL]|Bytes:4
11:49:18.1 (121767752)|VARIABLE_ASSIGNMENT|[6]|this.secretKeywords|{"s":1,"v":[]}|0x48327ffc
11:49:18.1 (121772596)|STATEMENT_EXECUTE|[7]
11:49:18.1 (121802522)|HEAP_ALLOCATE|[EXTERNAL]|Bytes:4
11:49:18.1 (121815603)|STATEMENT_EXECUTE|[8]
11:49:18.1 (121831534)|HEAP_ALLOCATE|[EXTERNAL]|Bytes:4
11:49:18.1 (121838787)|STATEMENT_EXECUTE|[9]
11:49:18.1 (121851700)|HEAP_ALLOCATE|[EXTERNAL]|Bytes:4
11:49:18.1 (121858173)|STATEMENT_EXECUTE|[10]
11:49:18.1 (121871057)|HEAP_ALLOCATE|[EXTERNAL]|Bytes:4
11:49:18.1 (121877686)|STATEMENT_EXECUTE|[11]
11:49:18.1 (121890329)|HEAP_ALLOCATE|[EXTERNAL]|Bytes:4
11:49:18.1 (121899824)|STATEMENT_EXECUTE|[16]
11:49:18.1 (121907540)|VARIABLE_SCOPE_BEGIN|[16]|i|Integer|false|false
11:49:18.1 (121914679)|HEAP_ALLOCATE|[16]|Bytes:4
11:49:18.1 (121925154)|VARIABLE_ASSIGNMENT|[16]|i|0
11:49:18.1 (121957174)|STATEMENT_EXECUTE|[16]
11:49:18.1 (121960145)|STATEMENT_EXECUTE|[17]
11:49:18.1 (121981290)|HEAP_ALLOCATE|[17]|Bytes:11
11:49:18.1 (121994332)|VARIABLE_SCOPE_BEGIN|[17]|keyword|String|false|false
11:49:18.1 (122006836)|VARIABLE_ASSIGNMENT|[17]|keyword|"Credit Card"
11:49:18.1 (122011703)|STATEMENT_EXECUTE|[19]
11:49:18.1 (122021519)|HEAP_ALLOCATE|[19]|Bytes:4
11:49:18.1 (122042238)|VARIABLE_SCOPE_BEGIN|[19]|keywordList|Set<String>|true|false
11:49:18.1 (122071880)|VARIABLE_ASSIGNMENT|[19]|keywordList|{"s":1,"v":[]}|0x42b90939
11:49:18.1 (122077906)|STATEMENT_EXECUTE|[20]
11:49:18.1 (122093384)|HEAP_ALLOCATE|[EXTERNAL]|Bytes:4
11:49:18.1 (122105387)|STATEMENT_EXECUTE|[22]
11:49:18.1 (122112965)|HEAP_ALLOCATE|[22]|Bytes:4
11:49:18.1 (122130496)|VARIABLE_SCOPE_BEGIN|[22]|casesWithSecretInfo|List<Case>|true|false
11:49:18.1 (122139298)|HEAP_ALLOCATE|[EXTERNAL]|Bytes:4
11:49:18.1 (122154553)|VARIABLE_ASSIGNMENT|[22]|casesWithSecretInfo|{"s":1,"v":[]}|0x77412d46
11:49:18.1 (122222651)|HEAP_ALLOCATE|[23]|Bytes:5
11:49:18.1 (122267737)|VARIABLE_SCOPE_BEGIN|[23]|myCase|Case|true|false
11:49:18.1 (123095881)|VARIABLE_ASSIGNMENT|[23]|myCase|{"Status":"New","ParentId":"50041000003lnbTAAQ","LastModifiedDate":"2016-12-29T19:49:18.000Z","IsDeleted":false,"Description":"SSN","Priority":"High","Product_Has_Extended (12 more) ...":false,"IsClosed":false,"Subject":"Warning: Parent case (24 more) ...","SystemModstamp":"2016-12-29T19:49:18.000Z","BusinessHoursId":"01m41000000XnfnAAC","CreatedById":"00541000001IQl9AAG","IsEscalated":true,"OwnerId":"00541000001IQl9AAG","CreatedDate":"2016-12-29T19:49:18.000Z","IsClosedOnCreate":false,"CaseNumber":"00001099","Id":"50041000003lnbUAAQ","LastModifiedById":"00541000001IQl9AAG"}|0x2cd761cd
11:49:18.1 (123107122)|STATEMENT_EXECUTE|[23]
11:49:18.1 (123200819)|STATEMENT_EXECUTE|[24]
11:49:18.1 (123221451)|HEAP_ALLOCATE|[23]|Bytes:5
11:49:18.1 (123244229)|VARIABLE_ASSIGNMENT|[23]|myCase|null|
11:49:18.1 (123250289)|STATEMENT_EXECUTE|[36]
11:49:18.1 (123256624)|HEAP_ALLOCATE|[36]|Bytes:4
11:49:18.1 (123273974)|VARIABLE_SCOPE_BEGIN|[36]|casesToCreate|List<Case>|true|false
11:49:18.1 (123282309)|HEAP_ALLOCATE|[EXTERNAL]|Bytes:4
11:49:18.1 (123299128)|VARIABLE_ASSIGNMENT|[36]|casesToCreate|{"s":1,"v":[]}|0x3d02709a
11:49:18.1 (123331311)|HEAP_ALLOCATE|[37]|Bytes:5
11:49:18.1 (123350784)|VARIABLE_ASSIGNMENT|[37]|caseWithSecretInfo|null|
11:49:18.1 (123355689)|STATEMENT_EXECUTE|[37]
11:49:18.1 (123358238)|STATEMENT_EXECUTE|[46]
11:49:18.1 (123414518)|HEAP_ALLOCATE|[EXTERNAL]|Bytes:4
11:49:18.1 (123424504)|HEAP_ALLOCATE|[16]|Bytes:4
11:49:18.1 (123449737)|VARIABLE_ASSIGNMENT|[16]|i|1
11:49:18.1 (123489959)|STATEMENT_EXECUTE|[16]
11:49:18.1 (123492979)|STATEMENT_EXECUTE|[17]
11:49:18.1 (123510940)|HEAP_ALLOCATE|[17]|Bytes:15
11:49:18.1 (123522678)|VARIABLE_SCOPE_BEGIN|[17]|keyword|String|false|false
11:49:18.1 (123533640)|VARIABLE_ASSIGNMENT|[17]|keyword|"Social Security"
11:49:18.1 (123537552)|STATEMENT_EXECUTE|[19]
11:49:18.1 (123543373)|HEAP_ALLOCATE|[19]|Bytes:4
11:49:18.1 (123559822)|VARIABLE_SCOPE_BEGIN|[19]|keywordList|Set<String>|true|false
11:49:18.1 (123580812)|VARIABLE_ASSIGNMENT|[19]|keywordList|{"s":1,"v":[]}|0x377846c2
11:49:18.1 (123585142)|STATEMENT_EXECUTE|[20]
11:49:18.1 (123608667)|HEAP_ALLOCATE|[EXTERNAL]|Bytes:4
11:49:18.1 (123619440)|STATEMENT_EXECUTE|[22]
11:49:18.1 (123625007)|HEAP_ALLOCATE|[22]|Bytes:4
11:49:18.1 (123637861)|VARIABLE_SCOPE_BEGIN|[22]|casesWithSecretInfo|List<Case>|true|false
11:49:18.1 (123645957)|HEAP_ALLOCATE|[EXTERNAL]|Bytes:4
11:49:18.1 (123658240)|VARIABLE_ASSIGNMENT|[22]|casesWithSecretInfo|{"s":1,"v":[]}|0x49ad6676
11:49:18.1 (123723357)|HEAP_ALLOCATE|[23]|Bytes:5
11:49:18.1 (123749626)|VARIABLE_SCOPE_BEGIN|[23]|myCase|Case|true|false
11:49:18.1 (124118772)|VARIABLE_ASSIGNMENT|[23]|myCase|{"Status":"New","ParentId":"50041000003lnbTAAQ","LastModifiedDate":"2016-12-29T19:49:18.000Z","IsDeleted":false,"Description":"SSN","Priority":"High","Product_Has_Extended (12 more) ...":false,"IsClosed":false,"Subject":"Warning: Parent case (24 more) ...","SystemModstamp":"2016-12-29T19:49:18.000Z","BusinessHoursId":"01m41000000XnfnAAC","CreatedById":"00541000001IQl9AAG","IsEscalated":true,"OwnerId":"00541000001IQl9AAG","CreatedDate":"2016-12-29T19:49:18.000Z","IsClosedOnCreate":false,"CaseNumber":"00001099","Id":"50041000003lnbUAAQ","LastModifiedById":"00541000001IQl9AAG"}|0x2cd761cd
11:49:18.1 (124128673)|STATEMENT_EXECUTE|[23]
11:49:18.1 (124164844)|STATEMENT_EXECUTE|[24]
11:49:18.1 (124193451)|HEAP_ALLOCATE|[23]|Bytes:5
11:49:18.1 (124213983)|VARIABLE_ASSIGNMENT|[23]|myCase|null|
11:49:18.1 (124218345)|STATEMENT_EXECUTE|[36]
11:49:18.1 (124224095)|HEAP_ALLOCATE|[36]|Bytes:4
11:49:18.1 (124239702)|VARIABLE_SCOPE_BEGIN|[36]|casesToCreate|List<Case>|true|false
11:49:18.1 (124248236)|HEAP_ALLOCATE|[EXTERNAL]|Bytes:4
11:49:18.1 (124261469)|VARIABLE_ASSIGNMENT|[36]|casesToCreate|{"s":1,"v":[]}|0x5e63bf87
11:49:18.1 (124291222)|HEAP_ALLOCATE|[37]|Bytes:5
11:49:18.1 (124309277)|VARIABLE_ASSIGNMENT|[37]|caseWithSecretInfo|null|
11:49:18.1 (124313579)|STATEMENT_EXECUTE|[37]
11:49:18.1 (124315259)|STATEMENT_EXECUTE|[46]
11:49:18.1 (124363655)|HEAP_ALLOCATE|[EXTERNAL]|Bytes:4
11:49:18.1 (124372099)|HEAP_ALLOCATE|[16]|Bytes:4
11:49:18.1 (124384804)|VARIABLE_ASSIGNMENT|[16]|i|2
11:49:18.1 (124408786)|STATEMENT_EXECUTE|[16]
11:49:18.1 (124410991)|STATEMENT_EXECUTE|[17]
11:49:18.1 (124423612)|HEAP_ALLOCATE|[17]|Bytes:3
11:49:18.1 (124433275)|VARIABLE_SCOPE_BEGIN|[17]|keyword|String|false|false
11:49:18.1 (124442911)|VARIABLE_ASSIGNMENT|[17]|keyword|"SSN"
11:49:18.1 (124446115)|STATEMENT_EXECUTE|[19]
11:49:18.1 (124450952)|HEAP_ALLOCATE|[19]|Bytes:4
11:49:18.1 (124466680)|VARIABLE_SCOPE_BEGIN|[19]|keywordList|Set<String>|true|false
11:49:18.1 (124485770)|VARIABLE_ASSIGNMENT|[19]|keywordList|{"s":1,"v":[]}|0x70cb9271
11:49:18.1 (124489607)|STATEMENT_EXECUTE|[20]
11:49:18.1 (124499607)|HEAP_ALLOCATE|[EXTERNAL]|Bytes:4
11:49:18.1 (124507028)|STATEMENT_EXECUTE|[22]
11:49:18.1 (124514343)|HEAP_ALLOCATE|[22]|Bytes:4
11:49:18.1 (124526397)|VARIABLE_SCOPE_BEGIN|[22]|casesWithSecretInfo|List<Case>|true|false
11:49:18.1 (124532971)|HEAP_ALLOCATE|[EXTERNAL]|Bytes:4
11:49:18.1 (124558123)|VARIABLE_ASSIGNMENT|[22]|casesWithSecretInfo|{"s":1,"v":[]}|0x5f084fc
11:49:18.1 (124601318)|HEAP_ALLOCATE|[23]|Bytes:5
11:49:18.1 (124619730)|VARIABLE_SCOPE_BEGIN|[23]|myCase|Case|true|false
11:49:18.1 (124842503)|VARIABLE_ASSIGNMENT|[23]|myCase|{"Status":"New","ParentId":"50041000003lnbTAAQ","LastModifiedDate":"2016-12-29T19:49:18.000Z","IsDeleted":false,"Description":"SSN","Priority":"High","Product_Has_Extended (12 more) ...":false,"IsClosed":false,"Subject":"Warning: Parent case (24 more) ...","SystemModstamp":"2016-12-29T19:49:18.000Z","BusinessHoursId":"01m41000000XnfnAAC","CreatedById":"00541000001IQl9AAG","IsEscalated":true,"OwnerId":"00541000001IQl9AAG","CreatedDate":"2016-12-29T19:49:18.000Z","IsClosedOnCreate":false,"CaseNumber":"00001099","Id":"50041000003lnbUAAQ","LastModifiedById":"00541000001IQl9AAG"}|0x2cd761cd
11:49:18.1 (124849908)|STATEMENT_EXECUTE|[23]
11:49:18.1 (124879769)|STATEMENT_EXECUTE|[24]
11:49:18.1 (124892085)|HEAP_ALLOCATE|[23]|Bytes:5
11:49:18.1 (124905739)|VARIABLE_ASSIGNMENT|[23]|myCase|null|
11:49:18.1 (124908488)|STATEMENT_EXECUTE|[36]
11:49:18.1 (124912144)|HEAP_ALLOCATE|[36]|Bytes:4
11:49:18.1 (124922099)|VARIABLE_SCOPE_BEGIN|[36]|casesToCreate|List<Case>|true|false
11:49:18.1 (124927271)|HEAP_ALLOCATE|[EXTERNAL]|Bytes:4
11:49:18.1 (124936984)|VARIABLE_ASSIGNMENT|[36]|casesToCreate|{"s":1,"v":[]}|0x274ccce2
11:49:18.1 (124956038)|HEAP_ALLOCATE|[37]|Bytes:5
11:49:18.1 (124966869)|VARIABLE_ASSIGNMENT|[37]|caseWithSecretInfo|null|
11:49:18.1 (124969711)|STATEMENT_EXECUTE|[37]
11:49:18.1 (124970807)|STATEMENT_EXECUTE|[46]
11:49:18.1 (124997343)|HEAP_ALLOCATE|[EXTERNAL]|Bytes:4
11:49:18.1 (125003335)|HEAP_ALLOCATE|[16]|Bytes:4
11:49:18.1 (125011124)|VARIABLE_ASSIGNMENT|[16]|i|3
11:49:18.1 (125028155)|STATEMENT_EXECUTE|[16]
11:49:18.1 (125029807)|STATEMENT_EXECUTE|[17]
11:49:18.1 (125037750)|HEAP_ALLOCATE|[17]|Bytes:8
11:49:18.1 (125043869)|VARIABLE_SCOPE_BEGIN|[17]|keyword|String|false|false
11:49:18.1 (125050101)|VARIABLE_ASSIGNMENT|[17]|keyword|"Passport"
11:49:18.1 (125052356)|STATEMENT_EXECUTE|[19]
11:49:18.1 (125056231)|HEAP_ALLOCATE|[19]|Bytes:4
11:49:18.1 (125065741)|VARIABLE_SCOPE_BEGIN|[19]|keywordList|Set<String>|true|false
11:49:18.1 (125080129)|VARIABLE_ASSIGNMENT|[19]|keywordList|{"s":1,"v":[]}|0x6490d00b
11:49:18.1 (125082980)|STATEMENT_EXECUTE|[20]
11:49:18.1 (125090123)|HEAP_ALLOCATE|[EXTERNAL]|Bytes:4
11:49:18.1 (125095354)|STATEMENT_EXECUTE|[22]
11:49:18.1 (125098872)|HEAP_ALLOCATE|[22]|Bytes:4
11:49:18.1 (125106525)|VARIABLE_SCOPE_BEGIN|[22]|casesWithSecretInfo|List<Case>|true|false
11:49:18.1 (125111099)|HEAP_ALLOCATE|[EXTERNAL]|Bytes:4
11:49:18.1 (125118766)|VARIABLE_ASSIGNMENT|[22]|casesWithSecretInfo|{"s":1,"v":[]}|0x48e49ef2
11:49:18.1 (125146579)|HEAP_ALLOCATE|[23]|Bytes:5
11:49:18.1 (125161553)|VARIABLE_SCOPE_BEGIN|[23]|myCase|Case|true|false
11:49:18.1 (125369515)|VARIABLE_ASSIGNMENT|[23]|myCase|{"Status":"New","ParentId":"50041000003lnbTAAQ","LastModifiedDate":"2016-12-29T19:49:18.000Z","IsDeleted":false,"Description":"SSN","Priority":"High","Product_Has_Extended (12 more) ...":false,"IsClosed":false,"Subject":"Warning: Parent case (24 more) ...","SystemModstamp":"2016-12-29T19:49:18.000Z","BusinessHoursId":"01m41000000XnfnAAC","CreatedById":"00541000001IQl9AAG","IsEscalated":true,"OwnerId":"00541000001IQl9AAG","CreatedDate":"2016-12-29T19:49:18.000Z","IsClosedOnCreate":false,"CaseNumber":"00001099","Id":"50041000003lnbUAAQ","LastModifiedById":"00541000001IQl9AAG"}|0x2cd761cd
11:49:18.1 (125376492)|STATEMENT_EXECUTE|[23]
11:49:18.1 (125404569)|STATEMENT_EXECUTE|[24]
11:49:18.1 (125416006)|HEAP_ALLOCATE|[23]|Bytes:5
11:49:18.1 (125428568)|VARIABLE_ASSIGNMENT|[23]|myCase|null|
11:49:18.1 (125431213)|STATEMENT_EXECUTE|[36]
11:49:18.1 (125437197)|HEAP_ALLOCATE|[36]|Bytes:4
11:49:18.1 (125446569)|VARIABLE_SCOPE_BEGIN|[36]|casesToCreate|List<Case>|true|false
11:49:18.1 (125451116)|HEAP_ALLOCATE|[EXTERNAL]|Bytes:4
11:49:18.1 (125460207)|VARIABLE_ASSIGNMENT|[36]|casesToCreate|{"s":1,"v":[]}|0x49b22476
11:49:18.1 (125477943)|HEAP_ALLOCATE|[37]|Bytes:5
11:49:18.1 (125488773)|VARIABLE_ASSIGNMENT|[37]|caseWithSecretInfo|null|
11:49:18.1 (125491598)|STATEMENT_EXECUTE|[37]
11:49:18.1 (125492683)|STATEMENT_EXECUTE|[46]
11:49:18.1 (125516555)|HEAP_ALLOCATE|[EXTERNAL]|Bytes:4
11:49:18.1 (125522530)|HEAP_ALLOCATE|[16]|Bytes:4
11:49:18.1 (125529099)|VARIABLE_ASSIGNMENT|[16]|i|4
11:49:18.1 (125551548)|STATEMENT_EXECUTE|[16]
11:49:18.1 (125553256)|STATEMENT_EXECUTE|[17]
11:49:18.1 (125561425)|HEAP_ALLOCATE|[17]|Bytes:10
11:49:18.1 (125567995)|VARIABLE_SCOPE_BEGIN|[17]|keyword|String|false|false
11:49:18.1 (125574467)|VARIABLE_ASSIGNMENT|[17]|keyword|"Bodyweight"
11:49:18.1 (125576607)|STATEMENT_EXECUTE|[19]
11:49:18.1 (125580522)|HEAP_ALLOCATE|[19]|Bytes:4
11:49:18.1 (125589282)|VARIABLE_SCOPE_BEGIN|[19]|keywordList|Set<String>|true|false
11:49:18.1 (125603474)|VARIABLE_ASSIGNMENT|[19]|keywordList|{"s":1,"v":[]}|0x8d8ca7e
11:49:18.1 (125606244)|STATEMENT_EXECUTE|[20]
11:49:18.1 (125613064)|HEAP_ALLOCATE|[EXTERNAL]|Bytes:4
11:49:18.1 (125618359)|STATEMENT_EXECUTE|[22]
11:49:18.1 (125621821)|HEAP_ALLOCATE|[22]|Bytes:4
11:49:18.1 (125629543)|VARIABLE_SCOPE_BEGIN|[22]|casesWithSecretInfo|List<Case>|true|false
11:49:18.1 (125634072)|HEAP_ALLOCATE|[EXTERNAL]|Bytes:4
11:49:18.1 (125641716)|VARIABLE_ASSIGNMENT|[22]|casesWithSecretInfo|{"s":1,"v":[]}|0x6a2a43e6
11:49:18.1 (125669200)|HEAP_ALLOCATE|[23]|Bytes:5
11:49:18.1 (125684285)|VARIABLE_SCOPE_BEGIN|[23]|myCase|Case|true|false
11:49:18.1 (125890243)|VARIABLE_ASSIGNMENT|[23]|myCase|{"Status":"New","ParentId":"50041000003lnbTAAQ","LastModifiedDate":"2016-12-29T19:49:18.000Z","IsDeleted":false,"Description":"SSN","Priority":"High","Product_Has_Extended (12 more) ...":false,"IsClosed":false,"Subject":"Warning: Parent case (24 more) ...","SystemModstamp":"2016-12-29T19:49:18.000Z","BusinessHoursId":"01m41000000XnfnAAC","CreatedById":"00541000001IQl9AAG","IsEscalated":true,"OwnerId":"00541000001IQl9AAG","CreatedDate":"2016-12-29T19:49:18.000Z","IsClosedOnCreate":false,"CaseNumber":"00001099","Id":"50041000003lnbUAAQ","LastModifiedById":"00541000001IQl9AAG"}|0x2cd761cd
11:49:18.1 (125899105)|STATEMENT_EXECUTE|[23]
11:49:18.1 (125927209)|STATEMENT_EXECUTE|[24]
11:49:18.1 (125939043)|HEAP_ALLOCATE|[23]|Bytes:5
11:49:18.1 (125951584)|VARIABLE_ASSIGNMENT|[23]|myCase|null|
11:49:18.1 (125954229)|STATEMENT_EXECUTE|[36]
11:49:18.1 (125957595)|HEAP_ALLOCATE|[36]|Bytes:4
11:49:18.1 (125966755)|VARIABLE_SCOPE_BEGIN|[36]|casesToCreate|List<Case>|true|false
11:49:18.1 (125971517)|HEAP_ALLOCATE|[EXTERNAL]|Bytes:4
11:49:18.1 (125980452)|VARIABLE_ASSIGNMENT|[36]|casesToCreate|{"s":1,"v":[]}|0x655535f
11:49:18.1 (125997996)|HEAP_ALLOCATE|[37]|Bytes:5
11:49:18.1 (126008408)|VARIABLE_ASSIGNMENT|[37]|caseWithSecretInfo|null|
11:49:18.1 (126012147)|STATEMENT_EXECUTE|[37]
11:49:18.1 (126013272)|STATEMENT_EXECUTE|[46]
11:49:18.1 (126037479)|HEAP_ALLOCATE|[EXTERNAL]|Bytes:4
11:49:18.1 (126043384)|HEAP_ALLOCATE|[16]|Bytes:4
11:49:18.1 (126049950)|VARIABLE_ASSIGNMENT|[16]|i|5
11:49:18.126 (126071813)|CUMULATIVE_LIMIT_USAGE
11:49:18.126 (126071813)|LIMIT_USAGE_FOR_NS|(default)|
  Number of SOQL queries: 0 out of 100
  Number of query rows: 0 out of 50000
  Number of SOSL queries: 0 out of 20
  Number of DML statements: 1 out of 150
  Number of DML rows: 1 out of 10000
  Maximum CPU time: 0 out of 10000
  Maximum heap size: 0 out of 6000000
  Number of callouts: 0 out of 100
  Number of Email Invocations: 0 out of 10
  Number of future calls: 0 out of 50
  Number of queueable jobs added to the queue: 0 out of 50
  Number of Mobile Apex push calls: 0 out of 10

11:49:18.126 (126071813)|CUMULATIVE_LIMIT_USAGE_END

11:49:18.1 (127760810)|CODE_UNIT_FINISHED|CheckSecretInformation on Case trigger event AfterInsert for [50041000003lnbU]
11:49:18.1 (127871971)|CODE_UNIT_STARTED|[EXTERNAL]|Workflow:Case
11:49:18.1 (138419652)|WF_RULE_EVAL_BEGIN|Assignment
11:49:18.1 (138437281)|WF_SPOOL_ACTION_BEGIN|Assignment
11:49:18.1 (138443549)|WF_ACTION|.
11:49:18.1 (138447455)|WF_RULE_EVAL_END
11:49:18.1 (138456400)|WF_RULE_EVAL_BEGIN|Escalation
11:49:18.1 (138464876)|WF_SPOOL_ACTION_BEGIN|Escalation
11:49:18.1 (138467809)|WF_ACTION|.
11:49:18.1 (138469604)|WF_RULE_EVAL_END
11:49:18.1 (138539358)|WF_ACTIONS_END| None
11:49:18.1 (138547911)|CODE_UNIT_FINISHED|Workflow:Case
11:49:18.1 (139632365)|DML_END|[46]
11:49:18.1 (139674064)|HEAP_ALLOCATE|[EXTERNAL]|Bytes:8
11:49:18.1 (139697299)|HEAP_ALLOCATE|[16]|Bytes:4
11:49:18.1 (139718698)|VARIABLE_ASSIGNMENT|[16]|i|3
11:49:18.1 (139767610)|STATEMENT_EXECUTE|[16]
11:49:18.1 (139769840)|STATEMENT_EXECUTE|[17]
11:49:18.1 (139784294)|HEAP_ALLOCATE|[17]|Bytes:8
11:49:18.1 (139793822)|VARIABLE_SCOPE_BEGIN|[17]|keyword|String|false|false
11:49:18.1 (139803183)|VARIABLE_ASSIGNMENT|[17]|keyword|"Passport"
11:49:18.1 (139805822)|STATEMENT_EXECUTE|[19]
11:49:18.1 (139814730)|HEAP_ALLOCATE|[19]|Bytes:4
11:49:18.1 (139830248)|VARIABLE_SCOPE_BEGIN|[19]|keywordList|Set<String>|true|false
11:49:18.1 (139854171)|VARIABLE_ASSIGNMENT|[19]|keywordList|{"s":1,"v":[]}|0x38a4189f
11:49:18.1 (139857219)|STATEMENT_EXECUTE|[20]
11:49:18.1 (139867556)|HEAP_ALLOCATE|[EXTERNAL]|Bytes:4
11:49:18.1 (139873297)|STATEMENT_EXECUTE|[22]
11:49:18.1 (139879153)|HEAP_ALLOCATE|[22]|Bytes:4
11:49:18.1 (139888427)|VARIABLE_SCOPE_BEGIN|[22]|casesWithSecretInfo|List<Case>|true|false
11:49:18.1 (139895561)|HEAP_ALLOCATE|[EXTERNAL]|Bytes:4
11:49:18.1 (139904580)|VARIABLE_ASSIGNMENT|[22]|casesWithSecretInfo|{"s":1,"v":[]}|0x6745cd87
11:49:18.1 (139949818)|HEAP_ALLOCATE|[23]|Bytes:5
11:49:18.1 (139976316)|VARIABLE_SCOPE_BEGIN|[23]|myCase|Case|true|false
11:49:18.1 (140360997)|VARIABLE_ASSIGNMENT|[23]|myCase|{"Origin":"Phone","Status":"New","LastModifiedDate":"2016-12-29T19:49:18.000Z","IsDeleted":false,"Description":"SSN Passport","Priority":"Medium","Product_Has_Extended (12 more) ...":false,"IsClosed":false,"SystemModstamp":"2016-12-29T19:49:18.000Z","BusinessHoursId":"01m41000000XnfnAAC","CreatedById":"00541000001IQl9AAG","IsEscalated":false,"OwnerId":"00541000001IQl9AAG","CreatedDate":"2016-12-29T19:49:18.000Z","IsClosedOnCreate":false,"CaseNumber":"00001098","Id":"50041000003lnbTAAQ","LastModifiedById":"00541000001IQl9AAG"}|0x5d930c27
11:49:18.1 (140368556)|STATEMENT_EXECUTE|[23]
11:49:18.1 (140395890)|STATEMENT_EXECUTE|[24]
11:49:18.1 (140445074)|STATEMENT_EXECUTE|[26]
11:49:18.1 (140446843)|STATEMENT_EXECUTE|[27]
11:49:18.1 (140456988)|HEAP_ALLOCATE|[EXTERNAL]|Bytes:4
11:49:18.1 (140462939)|STATEMENT_EXECUTE|[28]
11:49:18.1 (140505981)|HEAP_ALLOCATE|[28]|Bytes:18
11:49:18.1 (140548801)|HEAP_ALLOCATE|[28]|Bytes:10
11:49:18.1 (140573048)|HEAP_ALLOCATE|[28]|Bytes:58
11:49:18.1 (140594015)|USER_DEBUG|[28]|DEBUG|Case 50041000003lnbTAAQ includes secret keyword {Passport}
11:49:18.1 (140616080)|HEAP_ALLOCATE|[23]|Bytes:5
11:49:18.1 (140636821)|VARIABLE_ASSIGNMENT|[23]|myCase|null|
11:49:18.1 (140642552)|STATEMENT_EXECUTE|[36]
11:49:18.1 (140648271)|HEAP_ALLOCATE|[36]|Bytes:4
11:49:18.1 (140663544)|VARIABLE_SCOPE_BEGIN|[36]|casesToCreate|List<Case>|true|false
11:49:18.1 (140671162)|HEAP_ALLOCATE|[EXTERNAL]|Bytes:4
11:49:18.1 (140685261)|VARIABLE_ASSIGNMENT|[36]|casesToCreate|{"s":1,"v":[]}|0x6adf9e49
11:49:18.1 (140718858)|HEAP_ALLOCATE|[37]|Bytes:5
11:49:18.1 (140744842)|VARIABLE_SCOPE_BEGIN|[37]|caseWithSecretInfo|Case|true|false
11:49:18.1 (141348499)|VARIABLE_ASSIGNMENT|[37]|caseWithSecretInfo|{"Origin":"Phone","Status":"New","LastModifiedDate":"2016-12-29T19:49:18.000Z","IsDeleted":false,"Description":"SSN Passport","Priority":"Medium","Product_Has_Extended (12 more) ...":false,"IsClosed":false,"SystemModstamp":"2016-12-29T19:49:18.000Z","BusinessHoursId":"01m41000000XnfnAAC","CreatedById":"00541000001IQl9AAG","IsEscalated":false,"OwnerId":"00541000001IQl9AAG","CreatedDate":"2016-12-29T19:49:18.000Z","IsClosedOnCreate":false,"CaseNumber":"00001098","Id":"50041000003lnbTAAQ","LastModifiedById":"00541000001IQl9AAG"}|0x5d930c27
11:49:18.1 (141359502)|STATEMENT_EXECUTE|[37]
11:49:18.1 (141361527)|STATEMENT_EXECUTE|[38]
11:49:18.1 (141383698)|HEAP_ALLOCATE|[38]|Bytes:4
11:49:18.1 (141415711)|VARIABLE_SCOPE_BEGIN|[38]|childCase|Case|true|false
11:49:18.1 (141431115)|VARIABLE_ASSIGNMENT|[38]|childCase|{}|0x509e215b
11:49:18.1 (141435622)|STATEMENT_EXECUTE|[39]
11:49:18.1 (141521481)|VARIABLE_ASSIGNMENT|[39]|this.Subject|"Warning: Parent case (24 more) ..."|0x509e215b
11:49:18.1 (141531685)|STATEMENT_EXECUTE|[40]
11:49:18.1 (141582579)|VARIABLE_ASSIGNMENT|[40]|this.ParentId|"50041000003lnbTAAQ"|0x509e215b
11:49:18.1 (141586178)|STATEMENT_EXECUTE|[41]
11:49:18.1 (141619135)|VARIABLE_ASSIGNMENT|[41]|this.IsEscalated|true|0x509e215b
11:49:18.1 (141624099)|STATEMENT_EXECUTE|[42]
11:49:18.1 (141669703)|VARIABLE_ASSIGNMENT|[42]|this.Priority|"High"|0x509e215b
11:49:18.1 (141673641)|STATEMENT_EXECUTE|[43]
11:49:18.1 (141717696)|VARIABLE_ASSIGNMENT|[43]|this.Description|"Passport"|0x509e215b
11:49:18.1 (141722490)|STATEMENT_EXECUTE|[44]
11:49:18.1 (141733654)|HEAP_ALLOCATE|[EXTERNAL]|Bytes:4
11:49:18.1 (141748682)|HEAP_ALLOCATE|[37]|Bytes:5
11:49:18.1 (141763895)|VARIABLE_ASSIGNMENT|[37]|caseWithSecretInfo|null|
11:49:18.1 (141769064)|STATEMENT_EXECUTE|[46]
11:49:18.1 (141813200)|DML_BEGIN|[46]|Op:Insert|Type:Case|Rows:1
11:49:18.1 (141861870)|HEAP_ALLOCATE|[EXTERNAL]|Bytes:8
11:49:18.1 (186250730)|CODE_UNIT_STARTED|[EXTERNAL]|01q410000019tMZ|CheckSecretInformation on Case trigger event AfterInsert for [50041000003lnbV]
11:49:18.1 (186285309)|HEAP_ALLOCATE|[EXTERNAL]|Bytes:8
11:49:18.1 (186386178)|HEAP_ALLOCATE|[EXTERNAL]|Bytes:12
11:49:18.1 (186400497)|VARIABLE_SCOPE_BEGIN|[1]|this|CheckSecretInformation|true|false
11:49:18.1 (186445275)|VARIABLE_ASSIGNMENT|[1]|this|{}|0x551f428b
11:49:18.1 (186476820)|HEAP_ALLOCATE|[EXTERNAL]|Bytes:12
11:49:18.1 (186482568)|VARIABLE_SCOPE_BEGIN|[1]|this|CheckSecretInformation|true|false
11:49:18.1 (186493773)|VARIABLE_ASSIGNMENT|[1]|this|{}|0x551f428b
11:49:18.1 (186500677)|STATEMENT_EXECUTE|[1]
11:49:18.1 (186502666)|STATEMENT_EXECUTE|[3]
11:49:18.1 (186544934)|VARIABLE_ASSIGNMENT|[3]|this.childCasesSubject|"Warning: Parent case (24 more) ..."|0x551f428b
11:49:18.1 (186548447)|STATEMENT_EXECUTE|[6]
11:49:18.1 (186555091)|HEAP_ALLOCATE|[6]|Bytes:4
11:49:18.1 (186603506)|HEAP_ALLOCATE|[EXTERNAL]|Bytes:4
11:49:18.1 (186620996)|VARIABLE_ASSIGNMENT|[6]|this.secretKeywords|{"s":1,"v":[]}|0x551f428b
11:49:18.1 (186624311)|STATEMENT_EXECUTE|[7]
11:49:18.1 (186647718)|HEAP_ALLOCATE|[EXTERNAL]|Bytes:4
11:49:18.1 (186657046)|STATEMENT_EXECUTE|[8]
11:49:18.1 (186667749)|HEAP_ALLOCATE|[EXTERNAL]|Bytes:4
11:49:18.1 (186673240)|STATEMENT_EXECUTE|[9]
11:49:18.1 (186684574)|HEAP_ALLOCATE|[EXTERNAL]|Bytes:4
11:49:18.1 (186689740)|STATEMENT_EXECUTE|[10]
11:49:18.1 (186698494)|HEAP_ALLOCATE|[EXTERNAL]|Bytes:4
11:49:18.1 (186702476)|STATEMENT_EXECUTE|[11]
11:49:18.1 (186709780)|HEAP_ALLOCATE|[EXTERNAL]|Bytes:4
11:49:18.1 (186716500)|STATEMENT_EXECUTE|[16]
11:49:18.1 (186721878)|VARIABLE_SCOPE_BEGIN|[16]|i|Integer|false|false
11:49:18.1 (186726715)|HEAP_ALLOCATE|[16]|Bytes:4
11:49:18.1 (186733761)|VARIABLE_ASSIGNMENT|[16]|i|0
11:49:18.1 (186753556)|STATEMENT_EXECUTE|[16]
11:49:18.1 (186755130)|STATEMENT_EXECUTE|[17]
11:49:18.1 (186766090)|HEAP_ALLOCATE|[17]|Bytes:11
11:49:18.1 (186773295)|VARIABLE_SCOPE_BEGIN|[17]|keyword|String|false|false
11:49:18.1 (186779858)|VARIABLE_ASSIGNMENT|[17]|keyword|"Credit Card"
11:49:18.1 (186782128)|STATEMENT_EXECUTE|[19]
11:49:18.1 (186789360)|HEAP_ALLOCATE|[19]|Bytes:4
11:49:18.1 (186801650)|VARIABLE_SCOPE_BEGIN|[19]|keywordList|Set<String>|true|false
11:49:18.1 (186824096)|VARIABLE_ASSIGNMENT|[19]|keywordList|{"s":1,"v":[]}|0x711c6e1
11:49:18.1 (186827266)|STATEMENT_EXECUTE|[20]
11:49:18.1 (186837151)|HEAP_ALLOCATE|[EXTERNAL]|Bytes:4
11:49:18.1 (186843365)|STATEMENT_EXECUTE|[22]
11:49:18.1 (186847740)|HEAP_ALLOCATE|[22]|Bytes:4
11:49:18.1 (186856360)|VARIABLE_SCOPE_BEGIN|[22]|casesWithSecretInfo|List<Case>|true|false
11:49:18.1 (186861973)|HEAP_ALLOCATE|[EXTERNAL]|Bytes:4
11:49:18.1 (186869913)|VARIABLE_ASSIGNMENT|[22]|casesWithSecretInfo|{"s":1,"v":[]}|0x1fe0d034
11:49:18.1 (186914371)|HEAP_ALLOCATE|[23]|Bytes:5
11:49:18.1 (186942731)|VARIABLE_SCOPE_BEGIN|[23]|myCase|Case|true|false
11:49:18.1 (187302918)|VARIABLE_ASSIGNMENT|[23]|myCase|{"Status":"New","ParentId":"50041000003lnbTAAQ","LastModifiedDate":"2016-12-29T19:49:18.000Z","IsDeleted":false,"Description":"Passport","Priority":"High","Product_Has_Extended (12 more) ...":false,"IsClosed":false,"Subject":"Warning: Parent case (24 more) ...","SystemModstamp":"2016-12-29T19:49:18.000Z","BusinessHoursId":"01m41000000XnfnAAC","CreatedById":"00541000001IQl9AAG","IsEscalated":true,"OwnerId":"00541000001IQl9AAG","CreatedDate":"2016-12-29T19:49:18.000Z","IsClosedOnCreate":false,"CaseNumber":"00001100","Id":"50041000003lnbVAAQ","LastModifiedById":"00541000001IQl9AAG"}|0x3044c259
11:49:18.1 (187310791)|STATEMENT_EXECUTE|[23]
11:49:18.1 (187357623)|STATEMENT_EXECUTE|[24]
11:49:18.1 (187370934)|HEAP_ALLOCATE|[23]|Bytes:5
11:49:18.1 (187385572)|VARIABLE_ASSIGNMENT|[23]|myCase|null|
11:49:18.1 (187389551)|STATEMENT_EXECUTE|[36]
11:49:18.1 (187393746)|HEAP_ALLOCATE|[36]|Bytes:4
11:49:18.1 (187403129)|VARIABLE_SCOPE_BEGIN|[36]|casesToCreate|List<Case>|true|false
11:49:18.1 (187408045)|HEAP_ALLOCATE|[EXTERNAL]|Bytes:4
11:49:18.1 (187417193)|VARIABLE_ASSIGNMENT|[36]|casesToCreate|{"s":1,"v":[]}|0x546b3f23
11:49:18.1 (187435875)|HEAP_ALLOCATE|[37]|Bytes:5
11:49:18.1 (187446920)|VARIABLE_ASSIGNMENT|[37]|caseWithSecretInfo|null|
11:49:18.1 (187449891)|STATEMENT_EXECUTE|[37]
11:49:18.1 (187451112)|STATEMENT_EXECUTE|[46]
11:49:18.1 (187493643)|HEAP_ALLOCATE|[EXTERNAL]|Bytes:4
11:49:18.1 (187500203)|HEAP_ALLOCATE|[16]|Bytes:4
11:49:18.1 (187506966)|VARIABLE_ASSIGNMENT|[16]|i|1
11:49:18.1 (187528884)|STATEMENT_EXECUTE|[16]
11:49:18.1 (187530652)|STATEMENT_EXECUTE|[17]
11:49:18.1 (187539321)|HEAP_ALLOCATE|[17]|Bytes:15
11:49:18.1 (187545926)|VARIABLE_SCOPE_BEGIN|[17]|keyword|String|false|false
11:49:18.1 (187553148)|VARIABLE_ASSIGNMENT|[17]|keyword|"Social Security"
11:49:18.1 (187555348)|STATEMENT_EXECUTE|[19]
11:49:18.1 (187559117)|HEAP_ALLOCATE|[19]|Bytes:4
11:49:18.1 (187568501)|VARIABLE_SCOPE_BEGIN|[19]|keywordList|Set<String>|true|false
11:49:18.1 (187583119)|VARIABLE_ASSIGNMENT|[19]|keywordList|{"s":1,"v":[]}|0x5dc4dd81
11:49:18.1 (187585958)|STATEMENT_EXECUTE|[20]
11:49:18.1 (187592840)|HEAP_ALLOCATE|[EXTERNAL]|Bytes:4
11:49:18.1 (187598155)|STATEMENT_EXECUTE|[22]
11:49:18.1 (187601579)|HEAP_ALLOCATE|[22]|Bytes:4
11:49:18.1 (187609044)|VARIABLE_SCOPE_BEGIN|[22]|casesWithSecretInfo|List<Case>|true|false
11:49:18.1 (187613515)|HEAP_ALLOCATE|[EXTERNAL]|Bytes:4
11:49:18.1 (187620914)|VARIABLE_ASSIGNMENT|[22]|casesWithSecretInfo|{"s":1,"v":[]}|0x44bcd77d
11:49:18.1 (187651787)|HEAP_ALLOCATE|[23]|Bytes:5
11:49:18.1 (187667521)|VARIABLE_SCOPE_BEGIN|[23]|myCase|Case|true|false
11:49:18.1 (187876647)|VARIABLE_ASSIGNMENT|[23]|myCase|{"Status":"New","ParentId":"50041000003lnbTAAQ","LastModifiedDate":"2016-12-29T19:49:18.000Z","IsDeleted":false,"Description":"Passport","Priority":"High","Product_Has_Extended (12 more) ...":false,"IsClosed":false,"Subject":"Warning: Parent case (24 more) ...","SystemModstamp":"2016-12-29T19:49:18.000Z","BusinessHoursId":"01m41000000XnfnAAC","CreatedById":"00541000001IQl9AAG","IsEscalated":true,"OwnerId":"00541000001IQl9AAG","CreatedDate":"2016-12-29T19:49:18.000Z","IsClosedOnCreate":false,"CaseNumber":"00001100","Id":"50041000003lnbVAAQ","LastModifiedById":"00541000001IQl9AAG"}|0x3044c259
11:49:18.1 (187883380)|STATEMENT_EXECUTE|[23]
11:49:18.1 (187911659)|STATEMENT_EXECUTE|[24]
11:49:18.1 (187923586)|HEAP_ALLOCATE|[23]|Bytes:5
11:49:18.1 (187936248)|VARIABLE_ASSIGNMENT|[23]|myCase|null|
11:49:18.1 (187940179)|STATEMENT_EXECUTE|[36]
11:49:18.1 (187944837)|HEAP_ALLOCATE|[36]|Bytes:4
11:49:18.1 (187954264)|VARIABLE_SCOPE_BEGIN|[36]|casesToCreate|List<Case>|true|false
11:49:18.1 (187958987)|HEAP_ALLOCATE|[EXTERNAL]|Bytes:4
11:49:18.1 (187968222)|VARIABLE_ASSIGNMENT|[36]|casesToCreate|{"s":1,"v":[]}|0x527c93b9
11:49:18.1 (187986540)|HEAP_ALLOCATE|[37]|Bytes:5
11:49:18.1 (187997265)|VARIABLE_ASSIGNMENT|[37]|caseWithSecretInfo|null|
11:49:18.1 (188000346)|STATEMENT_EXECUTE|[37]
11:49:18.1 (188002459)|STATEMENT_EXECUTE|[46]
11:49:18.1 (188027028)|HEAP_ALLOCATE|[EXTERNAL]|Bytes:4
11:49:18.1 (188032952)|HEAP_ALLOCATE|[16]|Bytes:4
11:49:18.1 (188039542)|VARIABLE_ASSIGNMENT|[16]|i|2
11:49:18.1 (188056078)|STATEMENT_EXECUTE|[16]
11:49:18.1 (188057772)|STATEMENT_EXECUTE|[17]
11:49:18.1 (188065693)|HEAP_ALLOCATE|[17]|Bytes:3
11:49:18.1 (188071936)|VARIABLE_SCOPE_BEGIN|[17]|keyword|String|false|false
11:49:18.1 (188079675)|VARIABLE_ASSIGNMENT|[17]|keyword|"SSN"
11:49:18.1 (188082168)|STATEMENT_EXECUTE|[19]
11:49:18.1 (188085989)|HEAP_ALLOCATE|[19]|Bytes:4
11:49:18.1 (188095619)|VARIABLE_SCOPE_BEGIN|[19]|keywordList|Set<String>|true|false
11:49:18.1 (188110123)|VARIABLE_ASSIGNMENT|[19]|keywordList|{"s":1,"v":[]}|0x5fe32cf2
11:49:18.1 (188113059)|STATEMENT_EXECUTE|[20]
11:49:18.1 (188120294)|HEAP_ALLOCATE|[EXTERNAL]|Bytes:4
11:49:18.1 (188125670)|STATEMENT_EXECUTE|[22]
11:49:18.1 (188129180)|HEAP_ALLOCATE|[22]|Bytes:4
11:49:18.1 (188136745)|VARIABLE_SCOPE_BEGIN|[22]|casesWithSecretInfo|List<Case>|true|false
11:49:18.1 (188141356)|HEAP_ALLOCATE|[EXTERNAL]|Bytes:4
11:49:18.1 (188148927)|VARIABLE_ASSIGNMENT|[22]|casesWithSecretInfo|{"s":1,"v":[]}|0x2430da5a
11:49:18.1 (188176475)|HEAP_ALLOCATE|[23]|Bytes:5
11:49:18.1 (188191533)|VARIABLE_SCOPE_BEGIN|[23]|myCase|Case|true|false
11:49:18.1 (188392716)|VARIABLE_ASSIGNMENT|[23]|myCase|{"Status":"New","ParentId":"50041000003lnbTAAQ","LastModifiedDate":"2016-12-29T19:49:18.000Z","IsDeleted":false,"Description":"Passport","Priority":"High","Product_Has_Extended (12 more) ...":false,"IsClosed":false,"Subject":"Warning: Parent case (24 more) ...","SystemModstamp":"2016-12-29T19:49:18.000Z","BusinessHoursId":"01m41000000XnfnAAC","CreatedById":"00541000001IQl9AAG","IsEscalated":true,"OwnerId":"00541000001IQl9AAG","CreatedDate":"2016-12-29T19:49:18.000Z","IsClosedOnCreate":false,"CaseNumber":"00001100","Id":"50041000003lnbVAAQ","LastModifiedById":"00541000001IQl9AAG"}|0x3044c259
11:49:18.1 (188399210)|STATEMENT_EXECUTE|[23]
11:49:18.1 (188426975)|STATEMENT_EXECUTE|[24]
11:49:18.1 (188438391)|HEAP_ALLOCATE|[23]|Bytes:5
11:49:18.1 (188450661)|VARIABLE_ASSIGNMENT|[23]|myCase|null|
11:49:18.1 (188453253)|STATEMENT_EXECUTE|[36]
11:49:18.1 (188456527)|HEAP_ALLOCATE|[36]|Bytes:4
11:49:18.1 (188465457)|VARIABLE_SCOPE_BEGIN|[36]|casesToCreate|List<Case>|true|false
11:49:18.1 (188470035)|HEAP_ALLOCATE|[EXTERNAL]|Bytes:4
11:49:18.1 (188478820)|VARIABLE_ASSIGNMENT|[36]|casesToCreate|{"s":1,"v":[]}|0x615f69e
11:49:18.1 (188496433)|HEAP_ALLOCATE|[37]|Bytes:5
11:49:18.1 (188506782)|VARIABLE_ASSIGNMENT|[37]|caseWithSecretInfo|null|
11:49:18.1 (188509493)|STATEMENT_EXECUTE|[37]
11:49:18.1 (188510588)|STATEMENT_EXECUTE|[46]
11:49:18.1 (188539062)|HEAP_ALLOCATE|[EXTERNAL]|Bytes:4
11:49:18.1 (188545044)|HEAP_ALLOCATE|[16]|Bytes:4
11:49:18.1 (188551753)|VARIABLE_ASSIGNMENT|[16]|i|3
11:49:18.1 (188568088)|STATEMENT_EXECUTE|[16]
11:49:18.1 (188569609)|STATEMENT_EXECUTE|[17]
11:49:18.1 (188577475)|HEAP_ALLOCATE|[17]|Bytes:8
11:49:18.1 (188583668)|VARIABLE_SCOPE_BEGIN|[17]|keyword|String|false|false
11:49:18.1 (188589720)|VARIABLE_ASSIGNMENT|[17]|keyword|"Passport"
11:49:18.1 (188591720)|STATEMENT_EXECUTE|[19]
11:49:18.1 (188595482)|HEAP_ALLOCATE|[19]|Bytes:4
11:49:18.1 (188604064)|VARIABLE_SCOPE_BEGIN|[19]|keywordList|Set<String>|true|false
11:49:18.1 (188617813)|VARIABLE_ASSIGNMENT|[19]|keywordList|{"s":1,"v":[]}|0x30425cbe
11:49:18.1 (188620633)|STATEMENT_EXECUTE|[20]
11:49:18.1 (188627494)|HEAP_ALLOCATE|[EXTERNAL]|Bytes:4
11:49:18.1 (188632650)|STATEMENT_EXECUTE|[22]
11:49:18.1 (188635911)|HEAP_ALLOCATE|[22]|Bytes:4
11:49:18.1 (188643666)|VARIABLE_SCOPE_BEGIN|[22]|casesWithSecretInfo|List<Case>|true|false
11:49:18.1 (188648085)|HEAP_ALLOCATE|[EXTERNAL]|Bytes:4
11:49:18.1 (188655447)|VARIABLE_ASSIGNMENT|[22]|casesWithSecretInfo|{"s":1,"v":[]}|0x768062f8
11:49:18.1 (188684008)|HEAP_ALLOCATE|[23]|Bytes:5
11:49:18.1 (188700784)|VARIABLE_SCOPE_BEGIN|[23]|myCase|Case|true|false
11:49:18.1 (188897706)|VARIABLE_ASSIGNMENT|[23]|myCase|{"Status":"New","ParentId":"50041000003lnbTAAQ","LastModifiedDate":"2016-12-29T19:49:18.000Z","IsDeleted":false,"Description":"Passport","Priority":"High","Product_Has_Extended (12 more) ...":false,"IsClosed":false,"Subject":"Warning: Parent case (24 more) ...","SystemModstamp":"2016-12-29T19:49:18.000Z","BusinessHoursId":"01m41000000XnfnAAC","CreatedById":"00541000001IQl9AAG","IsEscalated":true,"OwnerId":"00541000001IQl9AAG","CreatedDate":"2016-12-29T19:49:18.000Z","IsClosedOnCreate":false,"CaseNumber":"00001100","Id":"50041000003lnbVAAQ","LastModifiedById":"00541000001IQl9AAG"}|0x3044c259
11:49:18.1 (188904790)|STATEMENT_EXECUTE|[23]
11:49:18.1 (188932141)|STATEMENT_EXECUTE|[24]
11:49:18.1 (188946719)|HEAP_ALLOCATE|[23]|Bytes:5
11:49:18.1 (188959445)|VARIABLE_ASSIGNMENT|[23]|myCase|null|
11:49:18.1 (188962118)|STATEMENT_EXECUTE|[36]
11:49:18.1 (188965422)|HEAP_ALLOCATE|[36]|Bytes:4
11:49:18.1 (188974393)|VARIABLE_SCOPE_BEGIN|[36]|casesToCreate|List<Case>|true|false
11:49:18.1 (188978834)|HEAP_ALLOCATE|[EXTERNAL]|Bytes:4
11:49:18.1 (188988223)|VARIABLE_ASSIGNMENT|[36]|casesToCreate|{"s":1,"v":[]}|0x54408478
11:49:18.1 (189005790)|HEAP_ALLOCATE|[37]|Bytes:5
11:49:18.1 (189017297)|VARIABLE_ASSIGNMENT|[37]|caseWithSecretInfo|null|
11:49:18.1 (189020000)|STATEMENT_EXECUTE|[37]
11:49:18.1 (189021071)|STATEMENT_EXECUTE|[46]
11:49:18.1 (189044822)|HEAP_ALLOCATE|[EXTERNAL]|Bytes:4
11:49:18.1 (189050573)|HEAP_ALLOCATE|[16]|Bytes:4
11:49:18.1 (189057220)|VARIABLE_ASSIGNMENT|[16]|i|4
11:49:18.1 (189073032)|STATEMENT_EXECUTE|[16]
11:49:18.1 (189077388)|STATEMENT_EXECUTE|[17]
11:49:18.1 (189085934)|HEAP_ALLOCATE|[17]|Bytes:10
11:49:18.1 (189092369)|VARIABLE_SCOPE_BEGIN|[17]|keyword|String|false|false
11:49:18.1 (189098536)|VARIABLE_ASSIGNMENT|[17]|keyword|"Bodyweight"
11:49:18.1 (189100756)|STATEMENT_EXECUTE|[19]
11:49:18.1 (189104436)|HEAP_ALLOCATE|[19]|Bytes:4
11:49:18.1 (189113147)|VARIABLE_SCOPE_BEGIN|[19]|keywordList|Set<String>|true|false
11:49:18.1 (189127281)|VARIABLE_ASSIGNMENT|[19]|keywordList|{"s":1,"v":[]}|0x7dc82968
11:49:18.1 (189130237)|STATEMENT_EXECUTE|[20]
11:49:18.1 (189137021)|HEAP_ALLOCATE|[EXTERNAL]|Bytes:4
11:49:18.1 (189142196)|STATEMENT_EXECUTE|[22]
11:49:18.1 (189145594)|HEAP_ALLOCATE|[22]|Bytes:4
11:49:18.1 (189153147)|VARIABLE_SCOPE_BEGIN|[22]|casesWithSecretInfo|List<Case>|true|false
11:49:18.1 (189157448)|HEAP_ALLOCATE|[EXTERNAL]|Bytes:4
11:49:18.1 (189164931)|VARIABLE_ASSIGNMENT|[22]|casesWithSecretInfo|{"s":1,"v":[]}|0x5f4d2dc3
11:49:18.1 (189191784)|HEAP_ALLOCATE|[23]|Bytes:5
11:49:18.1 (189206276)|VARIABLE_SCOPE_BEGIN|[23]|myCase|Case|true|false
11:49:18.1 (189413882)|VARIABLE_ASSIGNMENT|[23]|myCase|{"Status":"New","ParentId":"50041000003lnbTAAQ","LastModifiedDate":"2016-12-29T19:49:18.000Z","IsDeleted":false,"Description":"Passport","Priority":"High","Product_Has_Extended (12 more) ...":false,"IsClosed":false,"Subject":"Warning: Parent case (24 more) ...","SystemModstamp":"2016-12-29T19:49:18.000Z","BusinessHoursId":"01m41000000XnfnAAC","CreatedById":"00541000001IQl9AAG","IsEscalated":true,"OwnerId":"00541000001IQl9AAG","CreatedDate":"2016-12-29T19:49:18.000Z","IsClosedOnCreate":false,"CaseNumber":"00001100","Id":"50041000003lnbVAAQ","LastModifiedById":"00541000001IQl9AAG"}|0x3044c259
11:49:18.1 (189423943)|STATEMENT_EXECUTE|[23]
11:49:18.1 (189452757)|STATEMENT_EXECUTE|[24]
11:49:18.1 (189464496)|HEAP_ALLOCATE|[23]|Bytes:5
11:49:18.1 (189478014)|VARIABLE_ASSIGNMENT|[23]|myCase|null|
11:49:18.1 (189482385)|STATEMENT_EXECUTE|[36]
11:49:18.1 (189487963)|HEAP_ALLOCATE|[36]|Bytes:4
11:49:18.1 (189503708)|VARIABLE_SCOPE_BEGIN|[36]|casesToCreate|List<Case>|true|false
11:49:18.1 (189512056)|HEAP_ALLOCATE|[EXTERNAL]|Bytes:4
11:49:18.1 (189531266)|VARIABLE_ASSIGNMENT|[36]|casesToCreate|{"s":1,"v":[]}|0x2aaf1370
11:49:18.1 (189561051)|HEAP_ALLOCATE|[37]|Bytes:5
11:49:18.1 (189582301)|VARIABLE_ASSIGNMENT|[37]|caseWithSecretInfo|null|
11:49:18.1 (189586858)|STATEMENT_EXECUTE|[37]
11:49:18.1 (189588114)|STATEMENT_EXECUTE|[46]
11:49:18.1 (189613947)|HEAP_ALLOCATE|[EXTERNAL]|Bytes:4
11:49:18.1 (189619934)|HEAP_ALLOCATE|[16]|Bytes:4
11:49:18.1 (189627164)|VARIABLE_ASSIGNMENT|[16]|i|5
11:49:18.189 (189649672)|CUMULATIVE_LIMIT_USAGE
11:49:18.189 (189649672)|LIMIT_USAGE_FOR_NS|(default)|
  Number of SOQL queries: 0 out of 100
  Number of query rows: 0 out of 50000
  Number of SOSL queries: 0 out of 20
  Number of DML statements: 2 out of 150
  Number of DML rows: 2 out of 10000
  Maximum CPU time: 0 out of 10000
  Maximum heap size: 0 out of 6000000
  Number of callouts: 0 out of 100
  Number of Email Invocations: 0 out of 10
  Number of future calls: 0 out of 50
  Number of queueable jobs added to the queue: 0 out of 50
  Number of Mobile Apex push calls: 0 out of 10

11:49:18.189 (189649672)|CUMULATIVE_LIMIT_USAGE_END

11:49:18.1 (191084396)|CODE_UNIT_FINISHED|CheckSecretInformation on Case trigger event AfterInsert for [50041000003lnbV]
11:49:18.1 (191147506)|CODE_UNIT_STARTED|[EXTERNAL]|Workflow:Case
11:49:18.1 (195484112)|WF_RULE_EVAL_BEGIN|Assignment
11:49:18.1 (195498718)|WF_SPOOL_ACTION_BEGIN|Assignment
11:49:18.1 (195505772)|WF_ACTION|.
11:49:18.1 (195509872)|WF_RULE_EVAL_END
11:49:18.1 (195520739)|WF_RULE_EVAL_BEGIN|Escalation
11:49:18.1 (195538424)|WF_SPOOL_ACTION_BEGIN|Escalation
11:49:18.1 (195540976)|WF_ACTION|.
11:49:18.1 (195542677)|WF_RULE_EVAL_END
11:49:18.1 (195586727)|WF_ACTIONS_END| None
11:49:18.1 (195591885)|CODE_UNIT_FINISHED|Workflow:Case
11:49:18.1 (195755668)|DML_END|[46]
11:49:18.1 (195779757)|HEAP_ALLOCATE|[EXTERNAL]|Bytes:8
11:49:18.1 (195789622)|HEAP_ALLOCATE|[16]|Bytes:4
11:49:18.1 (195799202)|VARIABLE_ASSIGNMENT|[16]|i|4
11:49:18.1 (195821378)|STATEMENT_EXECUTE|[16]
11:49:18.1 (195823248)|STATEMENT_EXECUTE|[17]
11:49:18.1 (195832328)|HEAP_ALLOCATE|[17]|Bytes:10
11:49:18.1 (195839048)|VARIABLE_SCOPE_BEGIN|[17]|keyword|String|false|false
11:49:18.1 (195846030)|VARIABLE_ASSIGNMENT|[17]|keyword|"Bodyweight"
11:49:18.1 (195848199)|STATEMENT_EXECUTE|[19]
11:49:18.1 (195852121)|HEAP_ALLOCATE|[19]|Bytes:4
11:49:18.1 (195862256)|VARIABLE_SCOPE_BEGIN|[19]|keywordList|Set<String>|true|false
11:49:18.1 (195877411)|VARIABLE_ASSIGNMENT|[19]|keywordList|{"s":1,"v":[]}|0x4623d44b
11:49:18.1 (195880386)|STATEMENT_EXECUTE|[20]
11:49:18.1 (195887729)|HEAP_ALLOCATE|[EXTERNAL]|Bytes:4
11:49:18.1 (195893146)|STATEMENT_EXECUTE|[22]
11:49:18.1 (195896943)|HEAP_ALLOCATE|[22]|Bytes:4
11:49:18.1 (195905259)|VARIABLE_SCOPE_BEGIN|[22]|casesWithSecretInfo|List<Case>|true|false
11:49:18.1 (195910375)|HEAP_ALLOCATE|[EXTERNAL]|Bytes:4
11:49:18.1 (195918653)|VARIABLE_ASSIGNMENT|[22]|casesWithSecretInfo|{"s":1,"v":[]}|0x7036ca79
11:49:18.1 (195949380)|HEAP_ALLOCATE|[23]|Bytes:5
11:49:18.1 (195966184)|VARIABLE_SCOPE_BEGIN|[23]|myCase|Case|true|false
11:49:18.1 (196268005)|VARIABLE_ASSIGNMENT|[23]|myCase|{"Origin":"Phone","Status":"New","LastModifiedDate":"2016-12-29T19:49:18.000Z","IsDeleted":false,"Description":"SSN Passport","Priority":"Medium","Product_Has_Extended (12 more) ...":false,"IsClosed":false,"SystemModstamp":"2016-12-29T19:49:18.000Z","BusinessHoursId":"01m41000000XnfnAAC","CreatedById":"00541000001IQl9AAG","IsEscalated":false,"OwnerId":"00541000001IQl9AAG","CreatedDate":"2016-12-29T19:49:18.000Z","IsClosedOnCreate":false,"CaseNumber":"00001098","Id":"50041000003lnbTAAQ","LastModifiedById":"00541000001IQl9AAG"}|0x5d930c27
11:49:18.1 (196275385)|STATEMENT_EXECUTE|[23]
11:49:18.1 (196302640)|STATEMENT_EXECUTE|[24]
11:49:18.1 (196341084)|STATEMENT_EXECUTE|[26]
11:49:18.1 (196352601)|HEAP_ALLOCATE|[23]|Bytes:5
11:49:18.1 (196365689)|VARIABLE_ASSIGNMENT|[23]|myCase|null|
11:49:18.1 (196368636)|STATEMENT_EXECUTE|[36]
11:49:18.1 (196372157)|HEAP_ALLOCATE|[36]|Bytes:4
11:49:18.1 (196381347)|VARIABLE_SCOPE_BEGIN|[36]|casesToCreate|List<Case>|true|false
11:49:18.1 (196386086)|HEAP_ALLOCATE|[EXTERNAL]|Bytes:4
11:49:18.1 (196395625)|VARIABLE_ASSIGNMENT|[36]|casesToCreate|{"s":1,"v":[]}|0x2250639c
11:49:18.1 (196414019)|HEAP_ALLOCATE|[37]|Bytes:5
11:49:18.1 (196424826)|VARIABLE_ASSIGNMENT|[37]|caseWithSecretInfo|null|
11:49:18.1 (196427654)|STATEMENT_EXECUTE|[37]
11:49:18.1 (196428749)|STATEMENT_EXECUTE|[46]
11:49:18.1 (196454850)|HEAP_ALLOCATE|[EXTERNAL]|Bytes:4
11:49:18.1 (196460980)|HEAP_ALLOCATE|[16]|Bytes:4
11:49:18.1 (196467728)|VARIABLE_ASSIGNMENT|[16]|i|5
11:49:18.196 (196489038)|CUMULATIVE_LIMIT_USAGE
11:49:18.196 (196489038)|LIMIT_USAGE_FOR_NS|(default)|
  Number of SOQL queries: 0 out of 100
  Number of query rows: 0 out of 50000
  Number of SOSL queries: 0 out of 20
  Number of DML statements: 2 out of 150
  Number of DML rows: 2 out of 10000
  Maximum CPU time: 0 out of 10000
  Maximum heap size: 0 out of 6000000
  Number of callouts: 0 out of 100
  Number of Email Invocations: 0 out of 10
  Number of future calls: 0 out of 50
  Number of queueable jobs added to the queue: 0 out of 50
  Number of Mobile Apex push calls: 0 out of 10

11:49:18.196 (196489038)|CUMULATIVE_LIMIT_USAGE_END

11:49:18.1 (197902584)|CODE_UNIT_FINISHED|CheckSecretInformation on Case trigger event AfterInsert for [50041000003lnbT]
11:49:18.1 (199169783)|EXECUTION_FINISHED
11:49:18.215 (215333002)|USER_INFO|[EXTERNAL]|00541000001IQl9|wjw@stuff.com|Pacific Standard Time|GMT-08:00
11:49:18.215 (215346167)|EXECUTION_STARTED
11:49:18.215 (215349461)|CODE_UNIT_STARTED|[EXTERNAL]|Workflow:Case
11:49:18.215 (220770861)|WF_RULE_EVAL_BEGIN|Assignment
11:49:18.215 (220781421)|WF_SPOOL_ACTION_BEGIN|Assignment
11:49:18.215 (220784929)|WF_ACTION|.
11:49:18.215 (220787412)|WF_RULE_EVAL_END
11:49:18.215 (220791959)|WF_RULE_EVAL_BEGIN|Escalation
11:49:18.215 (220796564)|WF_SPOOL_ACTION_BEGIN|Escalation
11:49:18.215 (220797993)|WF_ACTION|.
11:49:18.215 (220799083)|WF_RULE_EVAL_END
11:49:18.215 (220839563)|WF_ACTIONS_END| None
11:49:18.215 (220845056)|CODE_UNIT_FINISHED|Workflow:Case
11:49:18.215 (222549927)|EXECUTION_FINISHED
