36.0 APEX_CODE,FINEST;APEX_PROFILING,INFO;CALLOUT,INFO;DB,INFO;SYSTEM,DEBUG;VALIDATION,INFO;VISUALFORCE,INFO;WORKFLOW,INFO
10:27:47.0 (409567)|USER_INFO|[EXTERNAL]|00541000001IQl9|wjw@stuff.com|Pacific Standard Time|GMT-08:00
10:27:47.0 (449898)|EXECUTION_STARTED
10:27:47.0 (456764)|CODE_UNIT_STARTED|[EXTERNAL]|01q410000019tMZ|CheckSecretInformation on Case trigger event AfterInsert for [50041000003ln2r]
10:27:47.0 (543470)|HEAP_ALLOCATE|[EXTERNAL]|Bytes:8
10:27:47.0 (1088257)|HEAP_ALLOCATE|[72]|Bytes:3
10:27:47.0 (1180579)|HEAP_ALLOCATE|[77]|Bytes:152
10:27:47.0 (1201775)|HEAP_ALLOCATE|[342]|Bytes:408
10:27:47.0 (1221776)|HEAP_ALLOCATE|[355]|Bytes:408
10:27:47.0 (1240031)|HEAP_ALLOCATE|[467]|Bytes:48
10:27:47.0 (1313888)|HEAP_ALLOCATE|[139]|Bytes:6
10:27:47.0 (1333762)|HEAP_ALLOCATE|[EXTERNAL]|Bytes:5
10:27:47.0 (1492530)|HEAP_ALLOCATE|[EXTERNAL]|Bytes:16
10:27:47.0 (1504140)|VARIABLE_SCOPE_BEGIN|[1]|this|CheckSecretInformation|true|false
10:27:47.0 (1839338)|VARIABLE_ASSIGNMENT|[1]|this|{}|0x10dd4957
10:27:47.0 (1906910)|HEAP_ALLOCATE|[EXTERNAL]|Bytes:16
10:27:47.0 (1915083)|VARIABLE_SCOPE_BEGIN|[1]|this|CheckSecretInformation|true|false
10:27:47.0 (1930031)|VARIABLE_ASSIGNMENT|[1]|this|{}|0x10dd4957
10:27:47.0 (1937330)|STATEMENT_EXECUTE|[1]
10:27:47.0 (1939237)|STATEMENT_EXECUTE|[3]
10:27:47.0 (1943575)|HEAP_ALLOCATE|[3]|Bytes:44
10:27:47.0 (1979871)|HEAP_ALLOCATE|[50]|Bytes:5
10:27:47.0 (2010937)|HEAP_ALLOCATE|[56]|Bytes:5
10:27:47.0 (2020876)|HEAP_ALLOCATE|[64]|Bytes:7
10:27:47.0 (2087633)|VARIABLE_ASSIGNMENT|[3]|this.childCasesSubject|"Warning: Parent case (24 more) ..."|0x10dd4957
10:27:47.0 (2091753)|STATEMENT_EXECUTE|[6]
10:27:47.0 (2100559)|HEAP_ALLOCATE|[6]|Bytes:4
10:27:47.0 (2255531)|HEAP_ALLOCATE|[EXTERNAL]|Bytes:4
10:27:47.0 (2283183)|VARIABLE_ASSIGNMENT|[6]|this.secretKeywords|{"s":1,"v":[]}|0x10dd4957
10:27:47.0 (2286559)|STATEMENT_EXECUTE|[7]
10:27:47.0 (2301036)|HEAP_ALLOCATE|[7]|Bytes:11
10:27:47.0 (2381236)|HEAP_ALLOCATE|[EXTERNAL]|Bytes:4
10:27:47.0 (2415620)|STATEMENT_EXECUTE|[8]
10:27:47.0 (2428212)|HEAP_ALLOCATE|[8]|Bytes:15
10:27:47.0 (2457580)|HEAP_ALLOCATE|[EXTERNAL]|Bytes:4
10:27:47.0 (2466086)|STATEMENT_EXECUTE|[9]
10:27:47.0 (2476268)|HEAP_ALLOCATE|[9]|Bytes:3
10:27:47.0 (2496941)|HEAP_ALLOCATE|[EXTERNAL]|Bytes:4
10:27:47.0 (2502908)|STATEMENT_EXECUTE|[10]
10:27:47.0 (2511797)|HEAP_ALLOCATE|[10]|Bytes:8
10:27:47.0 (2530861)|HEAP_ALLOCATE|[EXTERNAL]|Bytes:4
10:27:47.0 (2536448)|STATEMENT_EXECUTE|[11]
10:27:47.0 (2548295)|HEAP_ALLOCATE|[11]|Bytes:10
10:27:47.0 (2569299)|HEAP_ALLOCATE|[EXTERNAL]|Bytes:4
10:27:47.0 (2575386)|STATEMENT_EXECUTE|[14]
10:27:47.0 (2580037)|HEAP_ALLOCATE|[14]|Bytes:4
10:27:47.0 (2656305)|HEAP_ALLOCATE|[EXTERNAL]|Bytes:4
10:27:47.0 (2670478)|VARIABLE_ASSIGNMENT|[14]|this.casesWithSecretInfo|{"s":1,"v":[]}|0x10dd4957
10:27:47.0 (2883238)|HEAP_ALLOCATE|[15]|Bytes:5
10:27:47.0 (2954068)|VARIABLE_SCOPE_BEGIN|[15]|myCase|Case|true|false
10:27:47.0 (3708218)|VARIABLE_ASSIGNMENT|[15]|myCase|{"Origin":"Phone","Status":"New","LastModifiedDate":"2016-12-29T18:27:47.000Z","IsDeleted":false,"Description":"Credit Card","Priority":"Medium","Product_Has_Extended (12 more) ...":false,"IsClosed":false,"SystemModstamp":"2016-12-29T18:27:47.000Z","BusinessHoursId":"01m41000000XnfnAAC","CreatedById":"00541000001IQl9AAG","IsEscalated":false,"OwnerId":"00541000001IQl9AAG","CreatedDate":"2016-12-29T18:27:47.000Z","IsClosedOnCreate":false,"CaseNumber":"00001068","Id":"50041000003ln2rAAA","LastModifiedById":"00541000001IQl9AAG"}|0xfdb6e5f
10:27:47.0 (3718220)|STATEMENT_EXECUTE|[15]
10:27:47.0 (3754855)|STATEMENT_EXECUTE|[16]
10:27:47.0 (3758020)|STATEMENT_EXECUTE|[17]
10:27:47.0 (3763304)|VARIABLE_SCOPE_BEGIN|[17]|i|Integer|false|false
10:27:47.0 (3767864)|HEAP_ALLOCATE|[17]|Bytes:4
10:27:47.0 (3774725)|VARIABLE_ASSIGNMENT|[17]|i|0
10:27:47.0 (3808322)|STATEMENT_EXECUTE|[17]
10:27:47.0 (3810387)|STATEMENT_EXECUTE|[18]
10:27:47.0 (3837699)|HEAP_ALLOCATE|[18]|Bytes:11
10:27:47.0 (3847042)|VARIABLE_SCOPE_BEGIN|[18]|keyword|String|false|false
10:27:47.0 (3854532)|VARIABLE_ASSIGNMENT|[18]|keyword|"Credit Card"
10:27:47.0 (3944832)|STATEMENT_EXECUTE|[19]
10:27:47.0 (3947430)|STATEMENT_EXECUTE|[20]
10:27:47.0 (3976663)|HEAP_ALLOCATE|[EXTERNAL]|Bytes:4
10:27:47.0 (3983824)|STATEMENT_EXECUTE|[21]
10:27:47.0 (3988319)|HEAP_ALLOCATE|[21]|Bytes:5
10:27:47.0 (4042505)|HEAP_ALLOCATE|[21]|Bytes:18
10:27:47.0 (4054804)|HEAP_ALLOCATE|[21]|Bytes:25
10:27:47.0 (4067559)|HEAP_ALLOCATE|[21]|Bytes:59
10:27:47.0 (4094770)|USER_DEBUG|[21]|DEBUG|Case 50041000003ln2rAAA includes secret keyword Credit Card
10:27:47.0 (4101746)|STATEMENT_EXECUTE|[22]
10:27:47.0 (4114501)|HEAP_ALLOCATE|[15]|Bytes:5
10:27:47.0 (4128442)|VARIABLE_ASSIGNMENT|[15]|myCase|null|
10:27:47.4 (4138673)|CUMULATIVE_LIMIT_USAGE
10:27:47.4 (4138673)|LIMIT_USAGE_FOR_NS|(default)|
  Number of SOQL queries: 0 out of 100
  Number of query rows: 0 out of 50000
  Number of SOSL queries: 0 out of 20
  Number of DML statements: 0 out of 150
  Number of DML rows: 0 out of 10000
  Maximum CPU time: 0 out of 10000
  Maximum heap size: 0 out of 6000000
  Number of callouts: 0 out of 100
  Number of Email Invocations: 0 out of 10
  Number of future calls: 0 out of 50
  Number of queueable jobs added to the queue: 0 out of 50
  Number of Mobile Apex push calls: 0 out of 10

10:27:47.4 (4138673)|CUMULATIVE_LIMIT_USAGE_END

10:27:47.0 (5422752)|CODE_UNIT_FINISHED|CheckSecretInformation on Case trigger event AfterInsert for [50041000003ln2r]
10:27:47.0 (7039648)|EXECUTION_FINISHED
10:27:47.10 (10113884)|USER_INFO|[EXTERNAL]|00541000001IQl9|wjw@stuff.com|Pacific Standard Time|GMT-08:00
10:27:47.10 (10129668)|EXECUTION_STARTED
10:27:47.10 (10135316)|CODE_UNIT_STARTED|[EXTERNAL]|Workflow:Case
10:27:47.10 (19039650)|WF_RULE_EVAL_BEGIN|Assignment
10:27:47.10 (19061700)|WF_SPOOL_ACTION_BEGIN|Assignment
10:27:47.10 (19068598)|WF_ACTION|.
10:27:47.10 (19071349)|WF_RULE_EVAL_END
10:27:47.10 (19079918)|WF_RULE_EVAL_BEGIN|Escalation
10:27:47.10 (19087601)|WF_SPOOL_ACTION_BEGIN|Escalation
10:27:47.10 (19090763)|WF_ACTION|.
10:27:47.10 (19092257)|WF_RULE_EVAL_END
10:27:47.10 (19141047)|WF_ACTIONS_END| None
10:27:47.10 (19148222)|CODE_UNIT_FINISHED|Workflow:Case
10:27:47.10 (20645915)|EXECUTION_FINISHED
