36.0 APEX_CODE,FINEST;APEX_PROFILING,INFO;CALLOUT,INFO;DB,INFO;SYSTEM,DEBUG;VALIDATION,INFO;VISUALFORCE,INFO;WORKFLOW,INFO
08:54:36.0 (409864)|USER_INFO|[EXTERNAL]|00541000001IQl9|wjw@stuff.com|Pacific Standard Time|GMT-08:00
08:54:36.0 (442740)|EXECUTION_STARTED
08:54:36.0 (447050)|CODE_UNIT_STARTED|[EXTERNAL]|TRIGGERS
08:54:36.0 (478268)|CODE_UNIT_STARTED|[EXTERNAL]|01q410000019tBL|LeadingCompetitor on Opportunity trigger event BeforeInsert for [new]
08:54:36.0 (522446)|HEAP_ALLOCATE|[EXTERNAL]|Bytes:8
08:54:36.0 (923489)|HEAP_ALLOCATE|[72]|Bytes:3
08:54:36.0 (959810)|HEAP_ALLOCATE|[77]|Bytes:152
08:54:36.0 (977578)|HEAP_ALLOCATE|[342]|Bytes:408
08:54:36.0 (996415)|HEAP_ALLOCATE|[355]|Bytes:408
08:54:36.0 (1014470)|HEAP_ALLOCATE|[467]|Bytes:48
08:54:36.0 (1046644)|HEAP_ALLOCATE|[139]|Bytes:6
08:54:36.0 (1074791)|HEAP_ALLOCATE|[EXTERNAL]|Bytes:4
08:54:36.0 (1085585)|VARIABLE_SCOPE_BEGIN|[1]|this|LeadingCompetitor|true|false
08:54:36.0 (1135276)|VARIABLE_ASSIGNMENT|[1]|this|{}|0x77218fc7
08:54:36.0 (1182003)|HEAP_ALLOCATE|[EXTERNAL]|Bytes:4
08:54:36.0 (1190581)|VARIABLE_SCOPE_BEGIN|[1]|this|LeadingCompetitor|true|false
08:54:36.0 (1201626)|VARIABLE_ASSIGNMENT|[1]|this|{}|0x77218fc7
08:54:36.0 (1207216)|STATEMENT_EXECUTE|[1]
08:54:36.0 (1237831)|HEAP_ALLOCATE|[50]|Bytes:5
08:54:36.0 (1257367)|HEAP_ALLOCATE|[56]|Bytes:5
08:54:36.0 (1266641)|HEAP_ALLOCATE|[64]|Bytes:7
08:54:36.0 (1656889)|HEAP_ALLOCATE|[3]|Bytes:5
08:54:36.0 (1698406)|HEAP_ALLOCATE|[3]|Bytes:4
08:54:36.0 (1711480)|VARIABLE_SCOPE_BEGIN|[3]|opp|Opportunity|true|false
08:54:36.0 (2572859)|VARIABLE_ASSIGNMENT|[3]|opp|{"IsDeleted":false,"AccountId":"0014100000DJ332AAD","HasOpportunityLineIt (2 more) ...":false,"StageName":"Prospecting","Amount":150000.00,"Probability":10,"ForecastCategory":"Pipeline","IsClosed":false,"CloseDate":"2017-01-05T00:00:00.000Z","Name":"Test Case","HasOpenActivity":false,"ExpectedRevenue":15000.00,"OwnerId":"00541000001IQl9AAG","IsWon":false,"HasOverdueTask":false,"ForecastCategoryName":"Pipeline","IsPrivate":false}|0x46be7f88
08:54:36.0 (2581621)|STATEMENT_EXECUTE|[3]
08:54:36.0 (2583244)|STATEMENT_EXECUTE|[5]
08:54:36.0 (2595413)|HEAP_ALLOCATE|[5]|Bytes:4
08:54:36.0 (2629555)|VARIABLE_SCOPE_BEGIN|[5]|competitorPrices|List<Decimal>|true|false
08:54:36.0 (2660131)|HEAP_ALLOCATE|[EXTERNAL]|Bytes:4
08:54:36.0 (2677569)|VARIABLE_ASSIGNMENT|[5]|competitorPrices|{"s":1,"v":[]}|0x58e7e5f
08:54:36.0 (2680461)|STATEMENT_EXECUTE|[6]
08:54:36.0 (2754310)|HEAP_ALLOCATE|[EXTERNAL]|Bytes:4
08:54:36.0 (2769962)|STATEMENT_EXECUTE|[7]
08:54:36.0 (2837134)|HEAP_ALLOCATE|[EXTERNAL]|Bytes:4
08:54:36.0 (2847014)|STATEMENT_EXECUTE|[8]
08:54:36.0 (2890315)|HEAP_ALLOCATE|[EXTERNAL]|Bytes:4
08:54:36.0 (2898134)|STATEMENT_EXECUTE|[11]
08:54:36.0 (2905793)|HEAP_ALLOCATE|[11]|Bytes:4
08:54:36.0 (2926727)|VARIABLE_SCOPE_BEGIN|[11]|competitors|List<String>|true|false
08:54:36.0 (2949618)|HEAP_ALLOCATE|[EXTERNAL]|Bytes:4
08:54:36.0 (2960296)|VARIABLE_ASSIGNMENT|[11]|competitors|{"s":1,"v":[]}|0x14ac67ff
08:54:36.0 (2963063)|STATEMENT_EXECUTE|[12]
08:54:36.0 (3008533)|HEAP_ALLOCATE|[EXTERNAL]|Bytes:4
08:54:36.0 (3017394)|STATEMENT_EXECUTE|[13]
08:54:36.0 (3056370)|HEAP_ALLOCATE|[EXTERNAL]|Bytes:4
08:54:36.0 (3063705)|STATEMENT_EXECUTE|[14]
08:54:36.0 (3099747)|HEAP_ALLOCATE|[EXTERNAL]|Bytes:4
08:54:36.0 (3106714)|STATEMENT_EXECUTE|[17]
08:54:36.0 (3113765)|VARIABLE_SCOPE_BEGIN|[17]|highestPrice|Decimal|false|false
08:54:36.0 (3121374)|VARIABLE_ASSIGNMENT|[17]|highestPrice|null
08:54:36.0 (3123193)|STATEMENT_EXECUTE|[18]
08:54:36.0 (3125575)|VARIABLE_SCOPE_BEGIN|[18]|highestPricePosition|Integer|false|false
08:54:36.0 (3129543)|VARIABLE_ASSIGNMENT|[18]|highestPricePosition|null
08:54:36.0 (3132766)|STATEMENT_EXECUTE|[19]
08:54:36.0 (3138525)|VARIABLE_SCOPE_BEGIN|[19]|i|Integer|false|false
08:54:36.0 (3141868)|HEAP_ALLOCATE|[19]|Bytes:4
08:54:36.0 (3147494)|VARIABLE_ASSIGNMENT|[19]|i|0
08:54:36.0 (3173795)|STATEMENT_EXECUTE|[19]
08:54:36.0 (3175718)|STATEMENT_EXECUTE|[20]
08:54:36.0 (3198463)|VARIABLE_SCOPE_BEGIN|[20]|currentPrice|Decimal|false|false
08:54:36.0 (3204543)|VARIABLE_ASSIGNMENT|[20]|currentPrice|null
08:54:36.0 (3209468)|STATEMENT_EXECUTE|[21]
08:54:36.0 (3210535)|STATEMENT_EXECUTE|[22]
08:54:36.0 (3213286)|VARIABLE_ASSIGNMENT|[22]|highestPrice|null
08:54:36.0 (3214763)|STATEMENT_EXECUTE|[23]
08:54:36.0 (3216797)|HEAP_ALLOCATE|[23]|Bytes:4
08:54:36.0 (3221205)|VARIABLE_ASSIGNMENT|[23]|highestPricePosition|0
08:54:36.0 (3224257)|HEAP_ALLOCATE|[19]|Bytes:4
08:54:36.0 (3227283)|VARIABLE_ASSIGNMENT|[19]|i|1
08:54:36.0 (3237262)|STATEMENT_EXECUTE|[19]
08:54:36.0 (3238696)|STATEMENT_EXECUTE|[20]
08:54:36.0 (3245103)|VARIABLE_SCOPE_BEGIN|[20]|currentPrice|Decimal|false|false
08:54:36.0 (3249053)|VARIABLE_ASSIGNMENT|[20]|currentPrice|null
08:54:36.0 (3251486)|STATEMENT_EXECUTE|[21]
08:54:36.0 (3252574)|STATEMENT_EXECUTE|[22]
08:54:36.0 (3255229)|VARIABLE_ASSIGNMENT|[22]|highestPrice|null
08:54:36.0 (3256595)|STATEMENT_EXECUTE|[23]
08:54:36.0 (3258247)|HEAP_ALLOCATE|[23]|Bytes:4
08:54:36.0 (3261596)|VARIABLE_ASSIGNMENT|[23]|highestPricePosition|1
08:54:36.0 (3263357)|HEAP_ALLOCATE|[19]|Bytes:4
08:54:36.0 (3266107)|VARIABLE_ASSIGNMENT|[19]|i|2
08:54:36.0 (3274431)|STATEMENT_EXECUTE|[19]
08:54:36.0 (3275901)|STATEMENT_EXECUTE|[20]
08:54:36.0 (3281918)|VARIABLE_SCOPE_BEGIN|[20]|currentPrice|Decimal|false|false
08:54:36.0 (3285601)|VARIABLE_ASSIGNMENT|[20]|currentPrice|null
08:54:36.0 (3292433)|STATEMENT_EXECUTE|[21]
08:54:36.0 (3293628)|STATEMENT_EXECUTE|[22]
08:54:36.0 (3296458)|VARIABLE_ASSIGNMENT|[22]|highestPrice|null
08:54:36.0 (3298069)|STATEMENT_EXECUTE|[23]
08:54:36.0 (3299877)|HEAP_ALLOCATE|[23]|Bytes:4
08:54:36.0 (3303858)|VARIABLE_ASSIGNMENT|[23]|highestPricePosition|2
08:54:36.0 (3305593)|HEAP_ALLOCATE|[19]|Bytes:4
08:54:36.0 (3308303)|VARIABLE_ASSIGNMENT|[19]|i|3
08:54:36.0 (3318205)|STATEMENT_EXECUTE|[28]
08:54:36.0 (3710073)|VARIABLE_ASSIGNMENT|[28]|this.Leading_Competitor__c|null|0x46be7f88
08:54:36.0 (3714607)|STATEMENT_EXECUTE|[29]
08:54:36.0 (4000724)|VARIABLE_ASSIGNMENT|[29]|this.Leading_Competitor_Price__c|null|0x46be7f88
08:54:36.0 (4019068)|HEAP_ALLOCATE|[3]|Bytes:5
08:54:36.0 (4032886)|VARIABLE_ASSIGNMENT|[3]|opp|null|
08:54:36.4 (4040449)|CUMULATIVE_LIMIT_USAGE
08:54:36.4 (4040449)|LIMIT_USAGE_FOR_NS|(default)|
  Number of SOQL queries: 0 out of 100
  Number of query rows: 0 out of 50000
  Number of SOSL queries: 0 out of 20
  Number of DML statements: 0 out of 150
  Number of DML rows: 0 out of 10000
  Maximum CPU time: 0 out of 10000
  Maximum heap size: 0 out of 6000000
  Number of callouts: 0 out of 100
  Number of Email Invocations: 0 out of 10
  Number of future calls: 0 out of 50
  Number of queueable jobs added to the queue: 0 out of 50
  Number of Mobile Apex push calls: 0 out of 10

08:54:36.4 (4040449)|CUMULATIVE_LIMIT_USAGE_END

08:54:36.0 (6049587)|CODE_UNIT_FINISHED|LeadingCompetitor on Opportunity trigger event BeforeInsert for [new]
08:54:36.0 (213977289)|CODE_UNIT_STARTED|[EXTERNAL]|01q41000001AAfq|ComparableOpps on Opportunity trigger event AfterInsert for [006410000079uyj]
08:54:36.0 (214018113)|HEAP_ALLOCATE|[EXTERNAL]|Bytes:8
08:54:36.0 (214183070)|HEAP_ALLOCATE|[EXTERNAL]|Bytes:2
08:54:36.0 (214203309)|HEAP_ALLOCATE|[EXTERNAL]|Bytes:4
08:54:36.0 (214214615)|VARIABLE_SCOPE_BEGIN|[1]|this|ComparableOpps|true|false
08:54:36.0 (214252485)|VARIABLE_ASSIGNMENT|[1]|this|{}|0x55a8820b
08:54:36.0 (214304884)|HEAP_ALLOCATE|[EXTERNAL]|Bytes:4
08:54:36.0 (214313685)|VARIABLE_SCOPE_BEGIN|[1]|this|ComparableOpps|true|false
08:54:36.0 (214324407)|VARIABLE_ASSIGNMENT|[1]|this|{}|0x55a8820b
08:54:36.0 (214330501)|STATEMENT_EXECUTE|[1]
08:54:36.0 (214425550)|HEAP_ALLOCATE|[3]|Bytes:5
08:54:36.0 (214453119)|VARIABLE_SCOPE_BEGIN|[3]|opp|Opportunity|true|false
08:54:36.0 (214948764)|VARIABLE_ASSIGNMENT|[3]|opp|{"LastModifiedDate":"2017-01-05T16:54:36.000Z","IsDeleted":false,"AccountId":"0014100000DJ332AAD","HasOpportunityLineIt (2 more) ...":false,"StageName":"Prospecting","Amount":150000.00,"Probability":10,"ForecastCategory":"Pipeline","IsClosed":false,"CloseDate":"2017-01-05T00:00:00.000Z","Name":"Test Case","SystemModstamp":"2017-01-05T16:54:36.000Z","HasOpenActivity":false,"ExpectedRevenue":15000.00,"CreatedById":"00541000001IQl9AAG","OwnerId":"00541000001IQl9AAG","IsWon":false,"CreatedDate":"2017-01-05T16:54:36.000Z","HasOverdueTask":false,"Id":"006410000079uyjAAA","ForecastCategoryName":"Pipeline","IsPrivate":false,"LastModifiedById":"00541000001IQl9AAG"}|0x6d494ad9
08:54:36.0 (214956867)|STATEMENT_EXECUTE|[3]
08:54:36.0 (214958345)|STATEMENT_EXECUTE|[5]
08:54:36.0 (214964155)|HEAP_ALLOCATE|[5]|Bytes:72
08:54:36.0 (214979199)|HEAP_ALLOCATE|[5]|Bytes:4
08:54:36.0 (214992485)|HEAP_ALLOCATE|[5]|Bytes:7
08:54:36.0 (215343261)|SOQL_EXECUTE_BEGIN|[5]|Aggregations:0|SELECT Id, Account.Industry FROM Opportunity WHERE Id = :tmpVar1 LIMIT 1
08:54:36.0 (219320351)|SOQL_EXECUTE_END|[5]|Rows:1
08:54:36.0 (219338634)|HEAP_ALLOCATE|[5]|Bytes:8
08:54:36.0 (219352263)|HEAP_ALLOCATE|[5]|Bytes:99
08:54:36.0 (219368744)|HEAP_ALLOCATE|[5]|Bytes:8
08:54:36.0 (219382403)|HEAP_ALLOCATE|[5]|Bytes:37
08:54:36.0 (219406483)|HEAP_ALLOCATE|[5]|Bytes:16
08:54:36.0 (219414763)|VARIABLE_SCOPE_BEGIN|[5]|oppWithAccountInfo|Opportunity|true|false
08:54:36.0 (219453178)|VARIABLE_ASSIGNMENT|[5]|oppWithAccountInfo|{"s":1,"v":{"Id":"006410000079uyjAAA","AccountId":"0014100000DJ332AAD","Account":{"s":2,"v":{"Id":"0014100000DJ332AAD"}}}}|0x59ddeb35
08:54:36.0 (219457356)|STATEMENT_EXECUTE|[12]
08:54:36.0 (219497570)|HEAP_ALLOCATE|[12]|Bytes:3
08:54:36.0 (219520698)|HEAP_ALLOCATE|[12]|Bytes:28
08:54:36.0 (219598262)|HEAP_ALLOCATE|[12]|Bytes:28
08:54:36.0 (219614316)|VARIABLE_SCOPE_BEGIN|[12]|minAmount|Decimal|false|false
08:54:36.0 (219626978)|VARIABLE_ASSIGNMENT|[12]|minAmount|135000.000
08:54:36.0 (219629735)|STATEMENT_EXECUTE|[13]
08:54:36.0 (219639921)|HEAP_ALLOCATE|[13]|Bytes:3
08:54:36.0 (219647411)|HEAP_ALLOCATE|[13]|Bytes:28
08:54:36.0 (219682269)|HEAP_ALLOCATE|[13]|Bytes:28
08:54:36.0 (219697144)|VARIABLE_SCOPE_BEGIN|[13]|maxAmount|Decimal|false|false
08:54:36.0 (219705766)|VARIABLE_ASSIGNMENT|[13]|maxAmount|165000.000
08:54:36.0 (219708314)|STATEMENT_EXECUTE|[16]
08:54:36.0 (219713153)|HEAP_ALLOCATE|[16]|Bytes:189
08:54:36.0 (219719104)|HEAP_ALLOCATE|[16]|Bytes:4
08:54:36.0 (219757862)|HEAP_ALLOCATE|[16]|Bytes:28
08:54:36.0 (219764934)|HEAP_ALLOCATE|[16]|Bytes:7
08:54:36.0 (219775558)|HEAP_ALLOCATE|[16]|Bytes:28
08:54:36.0 (219780615)|HEAP_ALLOCATE|[16]|Bytes:7
08:54:36.0 (219850323)|HEAP_ALLOCATE|[16]|Bytes:7
08:54:36.0 (220272005)|SOQL_EXECUTE_BEGIN|[16]|Aggregations:0|SELECT Id FROM Opportunity WHERE (Amount >= :tmpVar1 AND Amount <= :tmpVar2 AND Account.Industry = :tmpVar3 AND StageName = 'Closed Won' AND CloseDate >= LAST_N_DAYS:365 AND Id != :tmpVar4)
08:54:36.0 (227136118)|SOQL_EXECUTE_END|[16]|Rows:0
08:54:36.0 (227160167)|HEAP_ALLOCATE|[16]|Bytes:4
08:54:36.0 (227170299)|HEAP_ALLOCATE|[16]|Bytes:0
08:54:36.0 (227187037)|HEAP_ALLOCATE|[16]|Bytes:4
08:54:36.0 (227204009)|VARIABLE_SCOPE_BEGIN|[16]|comparableOpps|List<Opportunity>|true|false
08:54:36.0 (227234731)|VARIABLE_ASSIGNMENT|[16]|comparableOpps|{"s":1,"v":[]}|0x4b9d938
08:54:36.0 (227238678)|STATEMENT_EXECUTE|[24]
08:54:36.0 (227243485)|HEAP_ALLOCATE|[24]|Bytes:25
08:54:36.0 (227323679)|HEAP_ALLOCATE|[24]|Bytes:2
08:54:36.0 (227357696)|HEAP_ALLOCATE|[24]|Bytes:27
08:54:36.0 (227395768)|USER_DEBUG|[24]|DEBUG|Comparable opp(s) found: ()
08:54:36.0 (227405308)|STATEMENT_EXECUTE|[27]
08:54:36.0 (227458515)|HEAP_ALLOCATE|[27]|Bytes:4
08:54:36.0 (227537986)|VARIABLE_SCOPE_BEGIN|[27]|junctionObjsToInsert|List<Comparable__c>|true|false
08:54:36.0 (227549198)|HEAP_ALLOCATE|[EXTERNAL]|Bytes:4
08:54:36.0 (227562966)|VARIABLE_ASSIGNMENT|[27]|junctionObjsToInsert|{"s":1,"v":[]}|0x1d5226d4
08:54:36.0 (227617100)|HEAP_ALLOCATE|[28]|Bytes:5
08:54:36.0 (227633527)|VARIABLE_ASSIGNMENT|[28]|comp|null|
08:54:36.0 (227637108)|STATEMENT_EXECUTE|[28]
08:54:36.0 (227638950)|STATEMENT_EXECUTE|[34]
08:54:36.0 (227733406)|HEAP_ALLOCATE|[EXTERNAL]|Bytes:4
08:54:36.0 (227759350)|HEAP_ALLOCATE|[3]|Bytes:5
08:54:36.0 (227781631)|VARIABLE_ASSIGNMENT|[3]|opp|null|
08:54:36.227 (227795593)|CUMULATIVE_LIMIT_USAGE
08:54:36.227 (227795593)|LIMIT_USAGE_FOR_NS|(default)|
  Number of SOQL queries: 2 out of 100
  Number of query rows: 1 out of 50000
  Number of SOSL queries: 0 out of 20
  Number of DML statements: 0 out of 150
  Number of DML rows: 0 out of 10000
  Maximum CPU time: 0 out of 10000
  Maximum heap size: 0 out of 6000000
  Number of callouts: 0 out of 100
  Number of Email Invocations: 0 out of 10
  Number of future calls: 0 out of 50
  Number of queueable jobs added to the queue: 0 out of 50
  Number of Mobile Apex push calls: 0 out of 10

08:54:36.227 (227795593)|CUMULATIVE_LIMIT_USAGE_END

08:54:36.0 (229198010)|CODE_UNIT_FINISHED|ComparableOpps on Opportunity trigger event AfterInsert for [006410000079uyj]
08:54:36.0 (233677775)|CODE_UNIT_STARTED|[EXTERNAL]|01q410000019g8k|AppleWatch on Opportunity trigger event AfterInsert for [006410000079uyj]
08:54:36.0 (233700311)|HEAP_ALLOCATE|[EXTERNAL]|Bytes:8
08:54:36.0 (233785843)|HEAP_ALLOCATE|[EXTERNAL]|Bytes:4
08:54:36.0 (233801389)|VARIABLE_SCOPE_BEGIN|[1]|this|AppleWatch|true|false
08:54:36.0 (233843469)|VARIABLE_ASSIGNMENT|[1]|this|{}|0x7f49a35b
08:54:36.0 (233900399)|HEAP_ALLOCATE|[EXTERNAL]|Bytes:4
08:54:36.0 (233911039)|VARIABLE_SCOPE_BEGIN|[1]|this|AppleWatch|true|false
08:54:36.0 (233923764)|VARIABLE_ASSIGNMENT|[1]|this|{}|0x7f49a35b
08:54:36.0 (233928919)|STATEMENT_EXECUTE|[1]
08:54:36.0 (233992154)|HEAP_ALLOCATE|[2]|Bytes:5
08:54:36.0 (234011518)|VARIABLE_SCOPE_BEGIN|[2]|opp|Opportunity|true|false
08:54:36.0 (234486352)|VARIABLE_ASSIGNMENT|[2]|opp|{"LastModifiedDate":"2017-01-05T16:54:36.000Z","IsDeleted":false,"AccountId":"0014100000DJ332AAD","HasOpportunityLineIt (2 more) ...":false,"StageName":"Prospecting","Amount":150000.00,"Probability":10,"ForecastCategory":"Pipeline","IsClosed":false,"CloseDate":"2017-01-05T00:00:00.000Z","Name":"Test Case","SystemModstamp":"2017-01-05T16:54:36.000Z","HasOpenActivity":false,"ExpectedRevenue":15000.00,"CreatedById":"00541000001IQl9AAG","OwnerId":"00541000001IQl9AAG","IsWon":false,"CreatedDate":"2017-01-05T16:54:36.000Z","HasOverdueTask":false,"Id":"006410000079uyjAAA","ForecastCategoryName":"Pipeline","IsPrivate":false,"LastModifiedById":"00541000001IQl9AAG"}|0x6d494ad9
08:54:36.0 (234493869)|STATEMENT_EXECUTE|[2]
08:54:36.0 (234495304)|STATEMENT_EXECUTE|[3]
08:54:36.0 (234539924)|HEAP_ALLOCATE|[3]|Bytes:4
08:54:36.0 (234623083)|VARIABLE_SCOPE_BEGIN|[3]|t|Task|true|false
08:54:36.0 (234634659)|VARIABLE_ASSIGNMENT|[3]|t|{}|0x346ebe53
08:54:36.0 (234637156)|STATEMENT_EXECUTE|[4]
08:54:36.0 (234641435)|HEAP_ALLOCATE|[4]|Bytes:17
08:54:36.0 (235389256)|VARIABLE_ASSIGNMENT|[4]|this.Subject|"Apple Watch Promo"|0x346ebe53
08:54:36.0 (235396246)|STATEMENT_EXECUTE|[5]
08:54:36.0 (235403060)|HEAP_ALLOCATE|[5]|Bytes:18
08:54:36.0 (235447478)|VARIABLE_ASSIGNMENT|[5]|this.Description|"Send them one ASAP"|0x346ebe53
08:54:36.0 (235451018)|STATEMENT_EXECUTE|[6]
08:54:36.0 (235454799)|HEAP_ALLOCATE|[6]|Bytes:4
08:54:36.0 (235488237)|VARIABLE_ASSIGNMENT|[6]|this.Priority|"High"|0x346ebe53
08:54:36.0 (235492157)|STATEMENT_EXECUTE|[7]
08:54:36.0 (235748175)|VARIABLE_ASSIGNMENT|[7]|this.WhatId|"006410000079uyjAAA"|0x346ebe53
08:54:36.0 (235751905)|STATEMENT_EXECUTE|[8]
08:54:36.0 (235779476)|HEAP_ALLOCATE|[8]|Bytes:8
08:54:36.0 (235790628)|DML_BEGIN|[8]|Op:Insert|Type:Task|Rows:1
08:54:36.0 (235820523)|HEAP_ALLOCATE|[EXTERNAL]|Bytes:8
08:54:36.0 (277903860)|DML_END|[8]
08:54:36.0 (277997035)|HEAP_ALLOCATE|[2]|Bytes:5
08:54:36.0 (278051228)|VARIABLE_ASSIGNMENT|[2]|opp|null|
08:54:36.278 (278071575)|CUMULATIVE_LIMIT_USAGE
08:54:36.278 (278071575)|LIMIT_USAGE_FOR_NS|(default)|
  Number of SOQL queries: 2 out of 100
  Number of query rows: 1 out of 50000
  Number of SOSL queries: 0 out of 20
  Number of DML statements: 1 out of 150
  Number of DML rows: 1 out of 10000
  Maximum CPU time: 0 out of 10000
  Maximum heap size: 0 out of 6000000
  Number of callouts: 0 out of 100
  Number of Email Invocations: 0 out of 10
  Number of future calls: 0 out of 50
  Number of queueable jobs added to the queue: 0 out of 50
  Number of Mobile Apex push calls: 0 out of 10

08:54:36.278 (278071575)|CUMULATIVE_LIMIT_USAGE_END

08:54:36.0 (279889574)|CODE_UNIT_FINISHED|AppleWatch on Opportunity trigger event AfterInsert for [006410000079uyj]
08:54:36.0 (327845982)|CODE_UNIT_FINISHED|TRIGGERS
08:54:36.0 (327859176)|EXECUTION_FINISHED
