36.0 APEX_CODE,FINEST;APEX_PROFILING,INFO;CALLOUT,INFO;DB,INFO;SYSTEM,DEBUG;VALIDATION,INFO;VISUALFORCE,INFO;WORKFLOW,INFO
08:46:45.0 (373352)|USER_INFO|[EXTERNAL]|00541000001IQl9|wjw@stuff.com|Pacific Standard Time|GMT-08:00
08:46:45.0 (409277)|EXECUTION_STARTED
08:46:45.0 (413472)|CODE_UNIT_STARTED|[EXTERNAL]|TRIGGERS
08:46:45.0 (450857)|CODE_UNIT_STARTED|[EXTERNAL]|01q410000019tBL|LeadingCompetitor on Opportunity trigger event BeforeInsert for [new]
08:46:45.0 (520690)|HEAP_ALLOCATE|[EXTERNAL]|Bytes:8
08:46:45.0 (911924)|HEAP_ALLOCATE|[72]|Bytes:3
08:46:45.0 (966037)|HEAP_ALLOCATE|[77]|Bytes:152
08:46:45.0 (984197)|HEAP_ALLOCATE|[342]|Bytes:408
08:46:45.0 (1003519)|HEAP_ALLOCATE|[355]|Bytes:408
08:46:45.0 (1032416)|HEAP_ALLOCATE|[467]|Bytes:48
08:46:45.0 (1090561)|HEAP_ALLOCATE|[139]|Bytes:6
08:46:45.0 (1126881)|HEAP_ALLOCATE|[EXTERNAL]|Bytes:4
08:46:45.0 (1135252)|VARIABLE_SCOPE_BEGIN|[1]|this|LeadingCompetitor|true|false
08:46:45.0 (1186227)|VARIABLE_ASSIGNMENT|[1]|this|{}|0x51e87e97
08:46:45.0 (1213947)|HEAP_ALLOCATE|[EXTERNAL]|Bytes:4
08:46:45.0 (1232592)|VARIABLE_SCOPE_BEGIN|[1]|this|LeadingCompetitor|true|false
08:46:45.0 (1254750)|VARIABLE_ASSIGNMENT|[1]|this|{}|0x51e87e97
08:46:45.0 (1264311)|STATEMENT_EXECUTE|[1]
08:46:45.0 (1306384)|HEAP_ALLOCATE|[50]|Bytes:5
08:46:45.0 (1332512)|HEAP_ALLOCATE|[56]|Bytes:5
08:46:45.0 (1343246)|HEAP_ALLOCATE|[64]|Bytes:7
08:46:45.0 (1778276)|HEAP_ALLOCATE|[3]|Bytes:5
08:46:45.0 (1866617)|HEAP_ALLOCATE|[3]|Bytes:4
08:46:45.0 (1877902)|VARIABLE_SCOPE_BEGIN|[3]|opp|Opportunity|true|false
08:46:45.0 (2644939)|VARIABLE_ASSIGNMENT|[3]|opp|{"IsDeleted":false,"AccountId":"0014100000DJ332AAD","HasOpportunityLineIt (2 more) ...":false,"StageName":"Prospecting","Amount":10000.00,"Probability":10,"ForecastCategory":"Pipeline","IsClosed":false,"CloseDate":"2017-01-05T00:00:00.000Z","Name":"Crazy Stuff","HasOpenActivity":false,"ExpectedRevenue":1000.00,"OwnerId":"00541000001IQl9AAG","IsWon":false,"HasOverdueTask":false,"ForecastCategoryName":"Pipeline","IsPrivate":false}|0xce8769c
08:46:45.0 (2654169)|STATEMENT_EXECUTE|[3]
08:46:45.0 (2655857)|STATEMENT_EXECUTE|[5]
08:46:45.0 (2667680)|HEAP_ALLOCATE|[5]|Bytes:4
08:46:45.0 (2706739)|VARIABLE_SCOPE_BEGIN|[5]|competitorPrices|List<Decimal>|true|false
08:46:45.0 (2740460)|HEAP_ALLOCATE|[EXTERNAL]|Bytes:4
08:46:45.0 (2758870)|VARIABLE_ASSIGNMENT|[5]|competitorPrices|{"s":1,"v":[]}|0x1b4f13d7
08:46:45.0 (2762267)|STATEMENT_EXECUTE|[6]
08:46:45.0 (2824773)|HEAP_ALLOCATE|[EXTERNAL]|Bytes:4
08:46:45.0 (2833106)|STATEMENT_EXECUTE|[7]
08:46:45.0 (2904899)|HEAP_ALLOCATE|[EXTERNAL]|Bytes:4
08:46:45.0 (2920759)|STATEMENT_EXECUTE|[8]
08:46:45.0 (2985038)|HEAP_ALLOCATE|[EXTERNAL]|Bytes:4
08:46:45.0 (2992788)|STATEMENT_EXECUTE|[11]
08:46:45.0 (3000245)|HEAP_ALLOCATE|[11]|Bytes:4
08:46:45.0 (3022240)|VARIABLE_SCOPE_BEGIN|[11]|competitors|List<String>|true|false
08:46:45.0 (3046572)|HEAP_ALLOCATE|[EXTERNAL]|Bytes:4
08:46:45.0 (3057656)|VARIABLE_ASSIGNMENT|[11]|competitors|{"s":1,"v":[]}|0x4ab618
08:46:45.0 (3060683)|STATEMENT_EXECUTE|[12]
08:46:45.0 (3108548)|HEAP_ALLOCATE|[EXTERNAL]|Bytes:4
08:46:45.0 (3115873)|STATEMENT_EXECUTE|[13]
08:46:45.0 (3159375)|HEAP_ALLOCATE|[EXTERNAL]|Bytes:4
08:46:45.0 (3166046)|STATEMENT_EXECUTE|[14]
08:46:45.0 (3204512)|HEAP_ALLOCATE|[EXTERNAL]|Bytes:4
08:46:45.0 (3211170)|STATEMENT_EXECUTE|[17]
08:46:45.0 (3222044)|VARIABLE_SCOPE_BEGIN|[17]|highestPrice|Decimal|false|false
08:46:45.0 (3229234)|VARIABLE_ASSIGNMENT|[17]|highestPrice|null
08:46:45.0 (3231842)|STATEMENT_EXECUTE|[18]
08:46:45.0 (3234205)|VARIABLE_SCOPE_BEGIN|[18]|highestPricePosition|Integer|false|false
08:46:45.0 (3238286)|VARIABLE_ASSIGNMENT|[18]|highestPricePosition|null
08:46:45.0 (3240853)|STATEMENT_EXECUTE|[19]
08:46:45.0 (3243787)|VARIABLE_SCOPE_BEGIN|[19]|i|Integer|false|false
08:46:45.0 (3247547)|HEAP_ALLOCATE|[19]|Bytes:4
08:46:45.0 (3252594)|VARIABLE_ASSIGNMENT|[19]|i|0
08:46:45.0 (3275465)|STATEMENT_EXECUTE|[19]
08:46:45.0 (3277282)|STATEMENT_EXECUTE|[20]
08:46:45.0 (3299420)|VARIABLE_SCOPE_BEGIN|[20]|currentPrice|Decimal|false|false
08:46:45.0 (3304996)|VARIABLE_ASSIGNMENT|[20]|currentPrice|null
08:46:45.0 (3309478)|STATEMENT_EXECUTE|[21]
08:46:45.0 (3310695)|STATEMENT_EXECUTE|[22]
08:46:45.0 (3313587)|VARIABLE_ASSIGNMENT|[22]|highestPrice|null
08:46:45.0 (3314998)|STATEMENT_EXECUTE|[23]
08:46:45.0 (3316902)|HEAP_ALLOCATE|[23]|Bytes:4
08:46:45.0 (3320996)|VARIABLE_ASSIGNMENT|[23]|highestPricePosition|0
08:46:45.0 (3324009)|HEAP_ALLOCATE|[19]|Bytes:4
08:46:45.0 (3327374)|VARIABLE_ASSIGNMENT|[19]|i|1
08:46:45.0 (3336604)|STATEMENT_EXECUTE|[19]
08:46:45.0 (3338197)|STATEMENT_EXECUTE|[20]
08:46:45.0 (3344095)|VARIABLE_SCOPE_BEGIN|[20]|currentPrice|Decimal|false|false
08:46:45.0 (3347752)|VARIABLE_ASSIGNMENT|[20]|currentPrice|null
08:46:45.0 (3350158)|STATEMENT_EXECUTE|[21]
08:46:45.0 (3351144)|STATEMENT_EXECUTE|[22]
08:46:45.0 (3353712)|VARIABLE_ASSIGNMENT|[22]|highestPrice|null
08:46:45.0 (3354979)|STATEMENT_EXECUTE|[23]
08:46:45.0 (3356603)|HEAP_ALLOCATE|[23]|Bytes:4
08:46:45.0 (3360059)|VARIABLE_ASSIGNMENT|[23]|highestPricePosition|1
08:46:45.0 (3361876)|HEAP_ALLOCATE|[19]|Bytes:4
08:46:45.0 (3364773)|VARIABLE_ASSIGNMENT|[19]|i|2
08:46:45.0 (3372360)|STATEMENT_EXECUTE|[19]
08:46:45.0 (3374247)|STATEMENT_EXECUTE|[20]
08:46:45.0 (3383216)|VARIABLE_SCOPE_BEGIN|[20]|currentPrice|Decimal|false|false
08:46:45.0 (3387554)|VARIABLE_ASSIGNMENT|[20]|currentPrice|null
08:46:45.0 (3389992)|STATEMENT_EXECUTE|[21]
08:46:45.0 (3390999)|STATEMENT_EXECUTE|[22]
08:46:45.0 (3393740)|VARIABLE_ASSIGNMENT|[22]|highestPrice|null
08:46:45.0 (3395252)|STATEMENT_EXECUTE|[23]
08:46:45.0 (3396857)|HEAP_ALLOCATE|[23]|Bytes:4
08:46:45.0 (3400393)|VARIABLE_ASSIGNMENT|[23]|highestPricePosition|2
08:46:45.0 (3402203)|HEAP_ALLOCATE|[19]|Bytes:4
08:46:45.0 (3404872)|VARIABLE_ASSIGNMENT|[19]|i|3
08:46:45.0 (3413106)|STATEMENT_EXECUTE|[28]
08:46:45.0 (3743143)|VARIABLE_ASSIGNMENT|[28]|this.Leading_Competitor__c|null|0xce8769c
08:46:45.0 (3748048)|STATEMENT_EXECUTE|[29]
08:46:45.0 (4057668)|VARIABLE_ASSIGNMENT|[29]|this.Leading_Competitor_Price__c|null|0xce8769c
08:46:45.0 (4076494)|HEAP_ALLOCATE|[3]|Bytes:5
08:46:45.0 (4089439)|VARIABLE_ASSIGNMENT|[3]|opp|null|
08:46:45.4 (4098671)|CUMULATIVE_LIMIT_USAGE
08:46:45.4 (4098671)|LIMIT_USAGE_FOR_NS|(default)|
  Number of SOQL queries: 0 out of 100
  Number of query rows: 0 out of 50000
  Number of SOSL queries: 0 out of 20
  Number of DML statements: 0 out of 150
  Number of DML rows: 0 out of 10000
  Maximum CPU time: 0 out of 10000
  Maximum heap size: 0 out of 6000000
  Number of callouts: 0 out of 100
  Number of Email Invocations: 0 out of 10
  Number of future calls: 0 out of 50
  Number of queueable jobs added to the queue: 0 out of 50
  Number of Mobile Apex push calls: 0 out of 10

08:46:45.4 (4098671)|CUMULATIVE_LIMIT_USAGE_END

08:46:45.0 (5687499)|CODE_UNIT_FINISHED|LeadingCompetitor on Opportunity trigger event BeforeInsert for [new]
08:46:45.0 (139817763)|CODE_UNIT_STARTED|[EXTERNAL]|01q41000001AAfq|ComparableOpps on Opportunity trigger event AfterInsert for [006410000079u8z]
08:46:45.0 (139847461)|HEAP_ALLOCATE|[EXTERNAL]|Bytes:8
08:46:45.0 (140005497)|HEAP_ALLOCATE|[EXTERNAL]|Bytes:2
08:46:45.0 (140032074)|HEAP_ALLOCATE|[EXTERNAL]|Bytes:4
08:46:45.0 (140046147)|VARIABLE_SCOPE_BEGIN|[1]|this|ComparableOpps|true|false
08:46:45.0 (140091060)|VARIABLE_ASSIGNMENT|[1]|this|{}|0x19d0c40b
08:46:45.0 (140151327)|HEAP_ALLOCATE|[EXTERNAL]|Bytes:4
08:46:45.0 (140160237)|VARIABLE_SCOPE_BEGIN|[1]|this|ComparableOpps|true|false
08:46:45.0 (140176748)|VARIABLE_ASSIGNMENT|[1]|this|{}|0x19d0c40b
08:46:45.0 (140183802)|STATEMENT_EXECUTE|[1]
08:46:45.0 (140279009)|HEAP_ALLOCATE|[3]|Bytes:5
08:46:45.0 (140314411)|VARIABLE_SCOPE_BEGIN|[3]|opp|Opportunity|true|false
08:46:45.0 (141040724)|VARIABLE_ASSIGNMENT|[3]|opp|{"LastModifiedDate":"2017-01-05T16:46:45.000Z","IsDeleted":false,"AccountId":"0014100000DJ332AAD","HasOpportunityLineIt (2 more) ...":false,"StageName":"Prospecting","Amount":10000.00,"Probability":10,"ForecastCategory":"Pipeline","IsClosed":false,"CloseDate":"2017-01-05T00:00:00.000Z","Name":"Crazy Stuff","SystemModstamp":"2017-01-05T16:46:45.000Z","HasOpenActivity":false,"ExpectedRevenue":1000.00,"CreatedById":"00541000001IQl9AAG","OwnerId":"00541000001IQl9AAG","IsWon":false,"CreatedDate":"2017-01-05T16:46:45.000Z","HasOverdueTask":false,"Id":"006410000079u8zAAA","ForecastCategoryName":"Pipeline","IsPrivate":false,"LastModifiedById":"00541000001IQl9AAG"}|0x737c781d
08:46:45.0 (141049414)|STATEMENT_EXECUTE|[3]
08:46:45.0 (141050911)|STATEMENT_EXECUTE|[5]
08:46:45.0 (141055523)|HEAP_ALLOCATE|[5]|Bytes:72
08:46:45.0 (141067986)|HEAP_ALLOCATE|[5]|Bytes:4
08:46:45.0 (141078925)|HEAP_ALLOCATE|[5]|Bytes:7
08:46:45.0 (141326071)|SOQL_EXECUTE_BEGIN|[5]|Aggregations:0|SELECT Id, Account.Industry FROM Opportunity WHERE Id = :tmpVar1 LIMIT 1
08:46:45.0 (158493840)|SOQL_EXECUTE_END|[5]|Rows:1
08:46:45.0 (158516570)|HEAP_ALLOCATE|[5]|Bytes:8
08:46:45.0 (158537604)|HEAP_ALLOCATE|[5]|Bytes:99
08:46:45.0 (158560440)|HEAP_ALLOCATE|[5]|Bytes:8
08:46:45.0 (158577116)|HEAP_ALLOCATE|[5]|Bytes:37
08:46:45.0 (158607825)|HEAP_ALLOCATE|[5]|Bytes:16
08:46:45.0 (158617332)|VARIABLE_SCOPE_BEGIN|[5]|oppWithAccountInfo|Opportunity|true|false
08:46:45.0 (158655077)|VARIABLE_ASSIGNMENT|[5]|oppWithAccountInfo|{"s":1,"v":{"Id":"006410000079u8zAAA","AccountId":"0014100000DJ332AAD","Account":{"s":2,"v":{"Id":"0014100000DJ332AAD"}}}}|0x287ae9fe
08:46:45.0 (158659525)|STATEMENT_EXECUTE|[12]
08:46:45.0 (158701958)|HEAP_ALLOCATE|[12]|Bytes:3
08:46:45.0 (158726602)|HEAP_ALLOCATE|[12]|Bytes:28
08:46:45.0 (158809287)|HEAP_ALLOCATE|[12]|Bytes:28
08:46:45.0 (158826392)|VARIABLE_SCOPE_BEGIN|[12]|minAmount|Decimal|false|false
08:46:45.0 (158837816)|VARIABLE_ASSIGNMENT|[12]|minAmount|9000.000
08:46:45.0 (158841155)|STATEMENT_EXECUTE|[13]
08:46:45.0 (158851686)|HEAP_ALLOCATE|[13]|Bytes:3
08:46:45.0 (158859369)|HEAP_ALLOCATE|[13]|Bytes:28
08:46:45.0 (158889922)|HEAP_ALLOCATE|[13]|Bytes:28
08:46:45.0 (158901788)|VARIABLE_SCOPE_BEGIN|[13]|maxAmount|Decimal|false|false
08:46:45.0 (158910042)|VARIABLE_ASSIGNMENT|[13]|maxAmount|11000.000
08:46:45.0 (158914324)|STATEMENT_EXECUTE|[16]
08:46:45.0 (158920106)|HEAP_ALLOCATE|[16]|Bytes:189
08:46:45.0 (158932203)|HEAP_ALLOCATE|[16]|Bytes:4
08:46:45.0 (158991315)|HEAP_ALLOCATE|[16]|Bytes:28
08:46:45.0 (159004501)|HEAP_ALLOCATE|[16]|Bytes:7
08:46:45.0 (159030366)|HEAP_ALLOCATE|[16]|Bytes:28
08:46:45.0 (159041386)|HEAP_ALLOCATE|[16]|Bytes:7
08:46:45.0 (159129383)|HEAP_ALLOCATE|[16]|Bytes:7
08:46:45.0 (159676458)|SOQL_EXECUTE_BEGIN|[16]|Aggregations:0|SELECT Id FROM Opportunity WHERE (Amount >= :tmpVar1 AND Amount <= :tmpVar2 AND Account.Industry = :tmpVar3 AND StageName = 'Closed Won' AND CloseDate >= LAST_N_DAYS:365 AND Id != :tmpVar4)
08:46:45.0 (166056492)|SOQL_EXECUTE_END|[16]|Rows:0
08:46:45.0 (166087455)|HEAP_ALLOCATE|[16]|Bytes:4
08:46:45.0 (166110899)|HEAP_ALLOCATE|[16]|Bytes:0
08:46:45.0 (166135256)|HEAP_ALLOCATE|[16]|Bytes:4
08:46:45.0 (166163359)|VARIABLE_SCOPE_BEGIN|[16]|comparableOpps|List<Opportunity>|true|false
08:46:45.0 (166208667)|VARIABLE_ASSIGNMENT|[16]|comparableOpps|{"s":1,"v":[]}|0x35d7f096
08:46:45.0 (166218064)|STATEMENT_EXECUTE|[24]
08:46:45.0 (166225838)|HEAP_ALLOCATE|[24]|Bytes:25
08:46:45.0 (166345684)|HEAP_ALLOCATE|[24]|Bytes:2
08:46:45.0 (166388820)|HEAP_ALLOCATE|[24]|Bytes:27
08:46:45.0 (166434490)|USER_DEBUG|[24]|DEBUG|Comparable opp(s) found: ()
08:46:45.0 (166445996)|STATEMENT_EXECUTE|[27]
08:46:45.0 (166534161)|HEAP_ALLOCATE|[27]|Bytes:4
08:46:45.0 (166640905)|VARIABLE_SCOPE_BEGIN|[27]|junctionObjsToInsert|List<Comparable__c>|true|false
08:46:45.0 (166652687)|HEAP_ALLOCATE|[EXTERNAL]|Bytes:4
08:46:45.0 (166668062)|VARIABLE_ASSIGNMENT|[27]|junctionObjsToInsert|{"s":1,"v":[]}|0x20e28b92
08:46:45.0 (166732187)|HEAP_ALLOCATE|[28]|Bytes:5
08:46:45.0 (166755745)|VARIABLE_ASSIGNMENT|[28]|comp|null|
08:46:45.0 (166761483)|STATEMENT_EXECUTE|[28]
08:46:45.0 (166763913)|STATEMENT_EXECUTE|[34]
08:46:45.0 (166902583)|HEAP_ALLOCATE|[EXTERNAL]|Bytes:4
08:46:45.0 (166928503)|HEAP_ALLOCATE|[3]|Bytes:5
08:46:45.0 (166949905)|VARIABLE_ASSIGNMENT|[3]|opp|null|
08:46:45.166 (166962019)|CUMULATIVE_LIMIT_USAGE
08:46:45.166 (166962019)|LIMIT_USAGE_FOR_NS|(default)|
  Number of SOQL queries: 2 out of 100
  Number of query rows: 1 out of 50000
  Number of SOSL queries: 0 out of 20
  Number of DML statements: 0 out of 150
  Number of DML rows: 0 out of 10000
  Maximum CPU time: 0 out of 10000
  Maximum heap size: 0 out of 6000000
  Number of callouts: 0 out of 100
  Number of Email Invocations: 0 out of 10
  Number of future calls: 0 out of 50
  Number of queueable jobs added to the queue: 0 out of 50
  Number of Mobile Apex push calls: 0 out of 10

08:46:45.166 (166962019)|CUMULATIVE_LIMIT_USAGE_END

08:46:45.0 (168350260)|CODE_UNIT_FINISHED|ComparableOpps on Opportunity trigger event AfterInsert for [006410000079u8z]
08:46:45.0 (172879998)|CODE_UNIT_STARTED|[EXTERNAL]|01q410000019g8k|AppleWatch on Opportunity trigger event AfterInsert for [006410000079u8z]
08:46:45.0 (172908339)|HEAP_ALLOCATE|[EXTERNAL]|Bytes:8
08:46:45.0 (172970502)|HEAP_ALLOCATE|[EXTERNAL]|Bytes:4
08:46:45.0 (172980923)|VARIABLE_SCOPE_BEGIN|[1]|this|AppleWatch|true|false
08:46:45.0 (173013202)|VARIABLE_ASSIGNMENT|[1]|this|{}|0x28f1c394
08:46:45.0 (173040936)|HEAP_ALLOCATE|[EXTERNAL]|Bytes:4
08:46:45.0 (173045602)|VARIABLE_SCOPE_BEGIN|[1]|this|AppleWatch|true|false
08:46:45.0 (173054621)|VARIABLE_ASSIGNMENT|[1]|this|{}|0x28f1c394
08:46:45.0 (173059347)|STATEMENT_EXECUTE|[1]
08:46:45.0 (173129591)|HEAP_ALLOCATE|[2]|Bytes:5
08:46:45.0 (173154610)|VARIABLE_SCOPE_BEGIN|[2]|opp|Opportunity|true|false
08:46:45.0 (173694155)|VARIABLE_ASSIGNMENT|[2]|opp|{"LastModifiedDate":"2017-01-05T16:46:45.000Z","IsDeleted":false,"AccountId":"0014100000DJ332AAD","HasOpportunityLineIt (2 more) ...":false,"StageName":"Prospecting","Amount":10000.00,"Probability":10,"ForecastCategory":"Pipeline","IsClosed":false,"CloseDate":"2017-01-05T00:00:00.000Z","Name":"Crazy Stuff","SystemModstamp":"2017-01-05T16:46:45.000Z","HasOpenActivity":false,"ExpectedRevenue":1000.00,"CreatedById":"00541000001IQl9AAG","OwnerId":"00541000001IQl9AAG","IsWon":false,"CreatedDate":"2017-01-05T16:46:45.000Z","HasOverdueTask":false,"Id":"006410000079u8zAAA","ForecastCategoryName":"Pipeline","IsPrivate":false,"LastModifiedById":"00541000001IQl9AAG"}|0x737c781d
08:46:45.0 (173703134)|STATEMENT_EXECUTE|[2]
08:46:45.0 (173704688)|STATEMENT_EXECUTE|[3]
08:46:45.0 (173754507)|HEAP_ALLOCATE|[3]|Bytes:4
08:46:45.0 (173883770)|VARIABLE_SCOPE_BEGIN|[3]|t|Task|true|false
08:46:45.0 (173896200)|VARIABLE_ASSIGNMENT|[3]|t|{}|0x2e88c08a
08:46:45.0 (173899186)|STATEMENT_EXECUTE|[4]
08:46:45.0 (173904210)|HEAP_ALLOCATE|[4]|Bytes:17
08:46:45.0 (174553107)|VARIABLE_ASSIGNMENT|[4]|this.Subject|"Apple Watch Promo"|0x2e88c08a
08:46:45.0 (174558480)|STATEMENT_EXECUTE|[5]
08:46:45.0 (174562544)|HEAP_ALLOCATE|[5]|Bytes:18
08:46:45.0 (174611942)|VARIABLE_ASSIGNMENT|[5]|this.Description|"Send them one ASAP"|0x2e88c08a
08:46:45.0 (174616761)|STATEMENT_EXECUTE|[6]
08:46:45.0 (174621159)|HEAP_ALLOCATE|[6]|Bytes:4
08:46:45.0 (174659345)|VARIABLE_ASSIGNMENT|[6]|this.Priority|"High"|0x2e88c08a
08:46:45.0 (174662703)|STATEMENT_EXECUTE|[7]
08:46:45.0 (174898507)|VARIABLE_ASSIGNMENT|[7]|this.WhatId|"006410000079u8zAAA"|0x2e88c08a
08:46:45.0 (174902541)|STATEMENT_EXECUTE|[8]
08:46:45.0 (174930579)|HEAP_ALLOCATE|[8]|Bytes:8
08:46:45.0 (174942594)|DML_BEGIN|[8]|Op:Insert|Type:Task|Rows:1
08:46:45.0 (174968348)|HEAP_ALLOCATE|[EXTERNAL]|Bytes:8
08:46:45.0 (228661090)|DML_END|[8]
08:46:45.0 (228728739)|HEAP_ALLOCATE|[2]|Bytes:5
08:46:45.0 (228767369)|VARIABLE_ASSIGNMENT|[2]|opp|null|
08:46:45.228 (228785541)|CUMULATIVE_LIMIT_USAGE
08:46:45.228 (228785541)|LIMIT_USAGE_FOR_NS|(default)|
  Number of SOQL queries: 2 out of 100
  Number of query rows: 1 out of 50000
  Number of SOSL queries: 0 out of 20
  Number of DML statements: 1 out of 150
  Number of DML rows: 1 out of 10000
  Maximum CPU time: 0 out of 10000
  Maximum heap size: 0 out of 6000000
  Number of callouts: 0 out of 100
  Number of Email Invocations: 0 out of 10
  Number of future calls: 0 out of 50
  Number of queueable jobs added to the queue: 0 out of 50
  Number of Mobile Apex push calls: 0 out of 10

08:46:45.228 (228785541)|CUMULATIVE_LIMIT_USAGE_END

08:46:45.0 (230565880)|CODE_UNIT_FINISHED|AppleWatch on Opportunity trigger event AfterInsert for [006410000079u8z]
08:46:45.0 (268983787)|CODE_UNIT_FINISHED|TRIGGERS
08:46:45.0 (269002675)|EXECUTION_FINISHED
