36.0 APEX_CODE,FINEST;APEX_PROFILING,INFO;CALLOUT,INFO;DB,INFO;SYSTEM,DEBUG;VALIDATION,INFO;VISUALFORCE,INFO;WORKFLOW,INFO
09:08:11.0 (492033)|USER_INFO|[EXTERNAL]|00541000001IQl9|wjw@stuff.com|Pacific Standard Time|GMT-08:00
09:08:11.0 (535860)|EXECUTION_STARTED
09:08:11.0 (544299)|CODE_UNIT_STARTED|[EXTERNAL]|TRIGGERS
09:08:11.0 (598325)|CODE_UNIT_STARTED|[EXTERNAL]|01q410000019tBL|LeadingCompetitor on Opportunity trigger event BeforeInsert for [new]
09:08:11.0 (672356)|HEAP_ALLOCATE|[EXTERNAL]|Bytes:8
09:08:11.0 (1154517)|HEAP_ALLOCATE|[72]|Bytes:3
09:08:11.0 (1252649)|HEAP_ALLOCATE|[77]|Bytes:152
09:08:11.0 (1271517)|HEAP_ALLOCATE|[342]|Bytes:408
09:08:11.0 (1288270)|HEAP_ALLOCATE|[355]|Bytes:408
09:08:11.0 (1302904)|HEAP_ALLOCATE|[467]|Bytes:48
09:08:11.0 (1342000)|HEAP_ALLOCATE|[139]|Bytes:6
09:08:11.0 (1373876)|HEAP_ALLOCATE|[EXTERNAL]|Bytes:4
09:08:11.0 (1411615)|VARIABLE_SCOPE_BEGIN|[1]|this|LeadingCompetitor|true|false
09:08:11.0 (1490921)|VARIABLE_ASSIGNMENT|[1]|this|{}|0x32be7b3b
09:08:11.0 (1540549)|HEAP_ALLOCATE|[EXTERNAL]|Bytes:4
09:08:11.0 (1560459)|VARIABLE_SCOPE_BEGIN|[1]|this|LeadingCompetitor|true|false
09:08:11.0 (1573457)|VARIABLE_ASSIGNMENT|[1]|this|{}|0x32be7b3b
09:08:11.0 (1579750)|STATEMENT_EXECUTE|[1]
09:08:11.0 (1623407)|HEAP_ALLOCATE|[50]|Bytes:5
09:08:11.0 (1662109)|HEAP_ALLOCATE|[56]|Bytes:5
09:08:11.0 (1680950)|HEAP_ALLOCATE|[64]|Bytes:7
09:08:11.0 (2198161)|HEAP_ALLOCATE|[3]|Bytes:5
09:08:11.0 (2276564)|HEAP_ALLOCATE|[3]|Bytes:4
09:08:11.0 (2296717)|VARIABLE_SCOPE_BEGIN|[3]|opp|Opportunity|true|false
09:08:11.0 (3672689)|VARIABLE_ASSIGNMENT|[3]|opp|{"IsDeleted":false,"HasOpportunityLineIt (2 more) ...":false,"StageName":"Prospecting","Amount":100000.00,"Probability":10,"ForecastCategory":"Pipeline","IsClosed":false,"CloseDate":"2017-01-05T00:00:00.000Z","Name":"Big Opp","HasOpenActivity":false,"ExpectedRevenue":10000.00,"OwnerId":"00541000001IQl9AAG","IsWon":false,"HasOverdueTask":false,"ForecastCategoryName":"Pipeline","IsPrivate":false}|0x1c409db9
09:08:11.0 (3685358)|STATEMENT_EXECUTE|[3]
09:08:11.0 (3687843)|STATEMENT_EXECUTE|[5]
09:08:11.0 (3699909)|HEAP_ALLOCATE|[5]|Bytes:4
09:08:11.0 (3742666)|VARIABLE_SCOPE_BEGIN|[5]|competitorPrices|List<Decimal>|true|false
09:08:11.0 (3784161)|HEAP_ALLOCATE|[EXTERNAL]|Bytes:4
09:08:11.0 (3804833)|VARIABLE_ASSIGNMENT|[5]|competitorPrices|{"s":1,"v":[]}|0x621f40a3
09:08:11.0 (3809013)|STATEMENT_EXECUTE|[6]
09:08:11.0 (3887411)|HEAP_ALLOCATE|[EXTERNAL]|Bytes:4
09:08:11.0 (3900629)|STATEMENT_EXECUTE|[7]
09:08:11.0 (3962003)|HEAP_ALLOCATE|[EXTERNAL]|Bytes:4
09:08:11.0 (3972715)|STATEMENT_EXECUTE|[8]
09:08:11.0 (4031040)|HEAP_ALLOCATE|[EXTERNAL]|Bytes:4
09:08:11.0 (4042295)|STATEMENT_EXECUTE|[11]
09:08:11.0 (4051916)|HEAP_ALLOCATE|[11]|Bytes:4
09:08:11.0 (4082012)|VARIABLE_SCOPE_BEGIN|[11]|competitors|List<String>|true|false
09:08:11.0 (4114532)|HEAP_ALLOCATE|[EXTERNAL]|Bytes:4
09:08:11.0 (4128877)|VARIABLE_ASSIGNMENT|[11]|competitors|{"s":1,"v":[]}|0x126e847b
09:08:11.0 (4133487)|STATEMENT_EXECUTE|[12]
09:08:11.0 (4198219)|HEAP_ALLOCATE|[EXTERNAL]|Bytes:4
09:08:11.0 (4209315)|STATEMENT_EXECUTE|[13]
09:08:11.0 (4271430)|HEAP_ALLOCATE|[EXTERNAL]|Bytes:4
09:08:11.0 (4282810)|STATEMENT_EXECUTE|[14]
09:08:11.0 (4348172)|HEAP_ALLOCATE|[EXTERNAL]|Bytes:4
09:08:11.0 (4359538)|STATEMENT_EXECUTE|[17]
09:08:11.0 (4369612)|VARIABLE_SCOPE_BEGIN|[17]|highestPrice|Decimal|false|false
09:08:11.0 (4387341)|VARIABLE_ASSIGNMENT|[17]|highestPrice|null
09:08:11.0 (4390817)|STATEMENT_EXECUTE|[18]
09:08:11.0 (4395257)|VARIABLE_SCOPE_BEGIN|[18]|highestPricePosition|Integer|false|false
09:08:11.0 (4402989)|VARIABLE_ASSIGNMENT|[18]|highestPricePosition|null
09:08:11.0 (4406773)|STATEMENT_EXECUTE|[19]
09:08:11.0 (4412715)|VARIABLE_SCOPE_BEGIN|[19]|i|Integer|false|false
09:08:11.0 (4417263)|HEAP_ALLOCATE|[19]|Bytes:4
09:08:11.0 (4425960)|VARIABLE_ASSIGNMENT|[19]|i|0
09:08:11.0 (4466089)|STATEMENT_EXECUTE|[19]
09:08:11.0 (4469095)|STATEMENT_EXECUTE|[20]
09:08:11.0 (4510078)|VARIABLE_SCOPE_BEGIN|[20]|currentPrice|Decimal|false|false
09:08:11.0 (4520191)|VARIABLE_ASSIGNMENT|[20]|currentPrice|null
09:08:11.0 (4529569)|STATEMENT_EXECUTE|[21]
09:08:11.0 (4531454)|STATEMENT_EXECUTE|[22]
09:08:11.0 (4537298)|VARIABLE_ASSIGNMENT|[22]|highestPrice|null
09:08:11.0 (4539595)|STATEMENT_EXECUTE|[23]
09:08:11.0 (4542322)|HEAP_ALLOCATE|[23]|Bytes:4
09:08:11.0 (4550031)|VARIABLE_ASSIGNMENT|[23]|highestPricePosition|0
09:08:11.0 (4554824)|HEAP_ALLOCATE|[19]|Bytes:4
09:08:11.0 (4561729)|VARIABLE_ASSIGNMENT|[19]|i|1
09:08:11.0 (4581332)|STATEMENT_EXECUTE|[19]
09:08:11.0 (4584218)|STATEMENT_EXECUTE|[20]
09:08:11.0 (4597596)|VARIABLE_SCOPE_BEGIN|[20]|currentPrice|Decimal|false|false
09:08:11.0 (4605185)|VARIABLE_ASSIGNMENT|[20]|currentPrice|null
09:08:11.0 (4609987)|STATEMENT_EXECUTE|[21]
09:08:11.0 (4611582)|STATEMENT_EXECUTE|[22]
09:08:11.0 (4616553)|VARIABLE_ASSIGNMENT|[22]|highestPrice|null
09:08:11.0 (4619145)|STATEMENT_EXECUTE|[23]
09:08:11.0 (4621854)|HEAP_ALLOCATE|[23]|Bytes:4
09:08:11.0 (4629562)|VARIABLE_ASSIGNMENT|[23]|highestPricePosition|1
09:08:11.0 (4633659)|HEAP_ALLOCATE|[19]|Bytes:4
09:08:11.0 (4639979)|VARIABLE_ASSIGNMENT|[19]|i|2
09:08:11.0 (4656010)|STATEMENT_EXECUTE|[19]
09:08:11.0 (4658183)|STATEMENT_EXECUTE|[20]
09:08:11.0 (4671190)|VARIABLE_SCOPE_BEGIN|[20]|currentPrice|Decimal|false|false
09:08:11.0 (4678987)|VARIABLE_ASSIGNMENT|[20]|currentPrice|null
09:08:11.0 (4683814)|STATEMENT_EXECUTE|[21]
09:08:11.0 (4685912)|STATEMENT_EXECUTE|[22]
09:08:11.0 (4691211)|VARIABLE_ASSIGNMENT|[22]|highestPrice|null
09:08:11.0 (4693640)|STATEMENT_EXECUTE|[23]
09:08:11.0 (4696619)|HEAP_ALLOCATE|[23]|Bytes:4
09:08:11.0 (4703855)|VARIABLE_ASSIGNMENT|[23]|highestPricePosition|2
09:08:11.0 (4706986)|HEAP_ALLOCATE|[19]|Bytes:4
09:08:11.0 (4713042)|VARIABLE_ASSIGNMENT|[19]|i|3
09:08:11.0 (4729792)|STATEMENT_EXECUTE|[28]
09:08:11.0 (5323120)|VARIABLE_ASSIGNMENT|[28]|this.Leading_Competitor__c|null|0x1c409db9
09:08:11.0 (5335340)|STATEMENT_EXECUTE|[29]
09:08:11.0 (5949685)|VARIABLE_ASSIGNMENT|[29]|this.Leading_Competitor_Price__c|null|0x1c409db9
09:08:11.0 (5974463)|HEAP_ALLOCATE|[3]|Bytes:5
09:08:11.0 (5997808)|VARIABLE_ASSIGNMENT|[3]|opp|null|
09:08:11.6 (6009360)|CUMULATIVE_LIMIT_USAGE
09:08:11.6 (6009360)|LIMIT_USAGE_FOR_NS|(default)|
  Number of SOQL queries: 0 out of 100
  Number of query rows: 0 out of 50000
  Number of SOSL queries: 0 out of 20
  Number of DML statements: 0 out of 150
  Number of DML rows: 0 out of 10000
  Maximum CPU time: 0 out of 10000
  Maximum heap size: 0 out of 6000000
  Number of callouts: 0 out of 100
  Number of Email Invocations: 0 out of 10
  Number of future calls: 0 out of 50
  Number of queueable jobs added to the queue: 0 out of 50
  Number of Mobile Apex push calls: 0 out of 10

09:08:11.6 (6009360)|CUMULATIVE_LIMIT_USAGE_END

09:08:11.0 (7413430)|CODE_UNIT_FINISHED|LeadingCompetitor on Opportunity trigger event BeforeInsert for [new]
09:08:11.0 (79434743)|CODE_UNIT_STARTED|[EXTERNAL]|01q41000001AAfq|ComparableOpps on Opportunity trigger event AfterInsert for [006410000079vaT]
09:08:11.0 (79469373)|HEAP_ALLOCATE|[EXTERNAL]|Bytes:8
09:08:11.0 (79630857)|HEAP_ALLOCATE|[EXTERNAL]|Bytes:2
09:08:11.0 (79657381)|HEAP_ALLOCATE|[EXTERNAL]|Bytes:4
09:08:11.0 (79667747)|VARIABLE_SCOPE_BEGIN|[1]|this|ComparableOpps|true|false
09:08:11.0 (79700870)|VARIABLE_ASSIGNMENT|[1]|this|{}|0x702a5be
09:08:11.0 (79752704)|HEAP_ALLOCATE|[EXTERNAL]|Bytes:4
09:08:11.0 (79760691)|VARIABLE_SCOPE_BEGIN|[1]|this|ComparableOpps|true|false
09:08:11.0 (79772093)|VARIABLE_ASSIGNMENT|[1]|this|{}|0x702a5be
09:08:11.0 (79777584)|STATEMENT_EXECUTE|[1]
09:08:11.0 (79873516)|HEAP_ALLOCATE|[3]|Bytes:5
09:08:11.0 (79903412)|VARIABLE_SCOPE_BEGIN|[3]|opp|Opportunity|true|false
09:08:11.0 (80410940)|VARIABLE_ASSIGNMENT|[3]|opp|{"LastModifiedDate":"2017-01-05T17:08:11.000Z","IsDeleted":false,"HasOpportunityLineIt (2 more) ...":false,"StageName":"Prospecting","Amount":100000.00,"Probability":10,"ForecastCategory":"Pipeline","IsClosed":false,"CloseDate":"2017-01-05T00:00:00.000Z","Name":"Big Opp","SystemModstamp":"2017-01-05T17:08:11.000Z","HasOpenActivity":false,"ExpectedRevenue":10000.00,"CreatedById":"00541000001IQl9AAG","OwnerId":"00541000001IQl9AAG","IsWon":false,"CreatedDate":"2017-01-05T17:08:11.000Z","HasOverdueTask":false,"Id":"006410000079vaTAAQ","ForecastCategoryName":"Pipeline","IsPrivate":false,"LastModifiedById":"00541000001IQl9AAG"}|0x29bc9576
09:08:11.0 (80419615)|STATEMENT_EXECUTE|[3]
09:08:11.0 (80420993)|STATEMENT_EXECUTE|[5]
09:08:11.0 (80426187)|HEAP_ALLOCATE|[5]|Bytes:72
09:08:11.0 (80442061)|HEAP_ALLOCATE|[5]|Bytes:4
09:08:11.0 (80454985)|HEAP_ALLOCATE|[5]|Bytes:7
09:08:11.0 (82205479)|SOQL_EXECUTE_BEGIN|[5]|Aggregations:0|SELECT Id, Account.Industry FROM Opportunity WHERE Id = :tmpVar1 LIMIT 1
09:08:11.0 (85529931)|SOQL_EXECUTE_END|[5]|Rows:1
09:08:11.0 (85551911)|HEAP_ALLOCATE|[5]|Bytes:8
09:08:11.0 (85569332)|HEAP_ALLOCATE|[5]|Bytes:29
09:08:11.0 (85589076)|HEAP_ALLOCATE|[5]|Bytes:8
09:08:11.0 (85604156)|HEAP_ALLOCATE|[5]|Bytes:37
09:08:11.0 (85636413)|HEAP_ALLOCATE|[5]|Bytes:8
09:08:11.0 (85649001)|VARIABLE_SCOPE_BEGIN|[5]|oppWithAccountInfo|Opportunity|true|false
09:08:11.0 (85687108)|VARIABLE_ASSIGNMENT|[5]|oppWithAccountInfo|{"s":1,"v":{"Id":"006410000079vaTAAQ"}}|0x16dc9a2a
09:08:11.0 (85692877)|STATEMENT_EXECUTE|[12]
09:08:11.0 (85739012)|HEAP_ALLOCATE|[12]|Bytes:3
09:08:11.0 (85765784)|HEAP_ALLOCATE|[12]|Bytes:28
09:08:11.0 (85878149)|HEAP_ALLOCATE|[12]|Bytes:28
09:08:11.0 (85903153)|VARIABLE_SCOPE_BEGIN|[12]|minAmount|Decimal|false|false
09:08:11.0 (85917994)|VARIABLE_ASSIGNMENT|[12]|minAmount|90000.000
09:08:11.0 (85920983)|STATEMENT_EXECUTE|[13]
09:08:11.0 (85932812)|HEAP_ALLOCATE|[13]|Bytes:3
09:08:11.0 (85941191)|HEAP_ALLOCATE|[13]|Bytes:28
09:08:11.0 (85974506)|HEAP_ALLOCATE|[13]|Bytes:28
09:08:11.0 (85986861)|VARIABLE_SCOPE_BEGIN|[13]|maxAmount|Decimal|false|false
09:08:11.0 (85994940)|VARIABLE_ASSIGNMENT|[13]|maxAmount|110000.000
09:08:11.0 (85997350)|STATEMENT_EXECUTE|[16]
09:08:11.0 (86000957)|HEAP_ALLOCATE|[16]|Bytes:189
09:08:11.0 (86007926)|HEAP_ALLOCATE|[16]|Bytes:4
09:08:11.0 (86053779)|HEAP_ALLOCATE|[16]|Bytes:28
09:08:11.0 (86060469)|HEAP_ALLOCATE|[16]|Bytes:7
09:08:11.0 (86071433)|HEAP_ALLOCATE|[16]|Bytes:28
09:08:11.0 (86075925)|HEAP_ALLOCATE|[16]|Bytes:7
09:08:11.0 (86137788)|HEAP_ALLOCATE|[16]|Bytes:7
09:08:11.0 (86666926)|SOQL_EXECUTE_BEGIN|[16]|Aggregations:0|SELECT Id FROM Opportunity WHERE (Amount >= :tmpVar1 AND Amount <= :tmpVar2 AND Account.Industry = :tmpVar3 AND StageName = 'Closed Won' AND CloseDate >= LAST_N_DAYS:365 AND Id != :tmpVar4)
09:08:11.0 (94758623)|SOQL_EXECUTE_END|[16]|Rows:0
09:08:11.0 (94783345)|HEAP_ALLOCATE|[16]|Bytes:4
09:08:11.0 (94796906)|HEAP_ALLOCATE|[16]|Bytes:0
09:08:11.0 (94822752)|HEAP_ALLOCATE|[16]|Bytes:4
09:08:11.0 (94846050)|VARIABLE_SCOPE_BEGIN|[16]|comparableOpps|List<Opportunity>|true|false
09:08:11.0 (94879985)|VARIABLE_ASSIGNMENT|[16]|comparableOpps|{"s":1,"v":[]}|0x135f74ae
09:08:11.0 (94885242)|STATEMENT_EXECUTE|[24]
09:08:11.0 (94891829)|HEAP_ALLOCATE|[24]|Bytes:25
09:08:11.0 (94982333)|HEAP_ALLOCATE|[24]|Bytes:2
09:08:11.0 (95004709)|HEAP_ALLOCATE|[24]|Bytes:27
09:08:11.0 (95039920)|USER_DEBUG|[24]|DEBUG|Comparable opp(s) found: ()
09:08:11.0 (95047383)|STATEMENT_EXECUTE|[27]
09:08:11.0 (95138357)|HEAP_ALLOCATE|[27]|Bytes:4
09:08:11.0 (95208973)|VARIABLE_SCOPE_BEGIN|[27]|junctionObjsToInsert|List<Comparable__c>|true|false
09:08:11.0 (95217241)|HEAP_ALLOCATE|[EXTERNAL]|Bytes:4
09:08:11.0 (95228195)|VARIABLE_ASSIGNMENT|[27]|junctionObjsToInsert|{"s":1,"v":[]}|0x27f993cd
09:08:11.0 (95280269)|HEAP_ALLOCATE|[28]|Bytes:5
09:08:11.0 (95298615)|VARIABLE_ASSIGNMENT|[28]|comp|null|
09:08:11.0 (95302595)|STATEMENT_EXECUTE|[28]
09:08:11.0 (95303974)|STATEMENT_EXECUTE|[34]
09:08:11.0 (95415075)|HEAP_ALLOCATE|[EXTERNAL]|Bytes:4
09:08:11.0 (95433667)|HEAP_ALLOCATE|[3]|Bytes:5
09:08:11.0 (95446880)|VARIABLE_ASSIGNMENT|[3]|opp|null|
09:08:11.95 (95459745)|CUMULATIVE_LIMIT_USAGE
09:08:11.95 (95459745)|LIMIT_USAGE_FOR_NS|(default)|
  Number of SOQL queries: 2 out of 100
  Number of query rows: 1 out of 50000
  Number of SOSL queries: 0 out of 20
  Number of DML statements: 0 out of 150
  Number of DML rows: 0 out of 10000
  Maximum CPU time: 0 out of 10000
  Maximum heap size: 0 out of 6000000
  Number of callouts: 0 out of 100
  Number of Email Invocations: 0 out of 10
  Number of future calls: 0 out of 50
  Number of queueable jobs added to the queue: 0 out of 50
  Number of Mobile Apex push calls: 0 out of 10

09:08:11.95 (95459745)|CUMULATIVE_LIMIT_USAGE_END

09:08:11.0 (96865739)|CODE_UNIT_FINISHED|ComparableOpps on Opportunity trigger event AfterInsert for [006410000079vaT]
09:08:11.0 (102339063)|CODE_UNIT_STARTED|[EXTERNAL]|01q410000019g8k|AppleWatch on Opportunity trigger event AfterInsert for [006410000079vaT]
09:08:11.0 (102365891)|HEAP_ALLOCATE|[EXTERNAL]|Bytes:8
09:08:11.0 (102462126)|HEAP_ALLOCATE|[EXTERNAL]|Bytes:4
09:08:11.0 (102474832)|VARIABLE_SCOPE_BEGIN|[1]|this|AppleWatch|true|false
09:08:11.0 (102515530)|VARIABLE_ASSIGNMENT|[1]|this|{}|0xf4f46d1
09:08:11.0 (102558036)|HEAP_ALLOCATE|[EXTERNAL]|Bytes:4
09:08:11.0 (102566150)|VARIABLE_SCOPE_BEGIN|[1]|this|AppleWatch|true|false
09:08:11.0 (102577483)|VARIABLE_ASSIGNMENT|[1]|this|{}|0xf4f46d1
09:08:11.0 (102581952)|STATEMENT_EXECUTE|[1]
09:08:11.0 (102650025)|HEAP_ALLOCATE|[2]|Bytes:5
09:08:11.0 (102677135)|VARIABLE_SCOPE_BEGIN|[2]|opp|Opportunity|true|false
09:08:11.0 (103555297)|VARIABLE_ASSIGNMENT|[2]|opp|{"LastModifiedDate":"2017-01-05T17:08:11.000Z","IsDeleted":false,"HasOpportunityLineIt (2 more) ...":false,"StageName":"Prospecting","Amount":100000.00,"Probability":10,"ForecastCategory":"Pipeline","IsClosed":false,"CloseDate":"2017-01-05T00:00:00.000Z","Name":"Big Opp","SystemModstamp":"2017-01-05T17:08:11.000Z","HasOpenActivity":false,"ExpectedRevenue":10000.00,"CreatedById":"00541000001IQl9AAG","OwnerId":"00541000001IQl9AAG","IsWon":false,"CreatedDate":"2017-01-05T17:08:11.000Z","HasOverdueTask":false,"Id":"006410000079vaTAAQ","ForecastCategoryName":"Pipeline","IsPrivate":false,"LastModifiedById":"00541000001IQl9AAG"}|0x29bc9576
09:08:11.0 (103566453)|STATEMENT_EXECUTE|[2]
09:08:11.0 (103568535)|STATEMENT_EXECUTE|[3]
09:08:11.0 (103634923)|HEAP_ALLOCATE|[3]|Bytes:4
09:08:11.0 (103833964)|VARIABLE_SCOPE_BEGIN|[3]|t|Task|true|false
09:08:11.0 (103846549)|VARIABLE_ASSIGNMENT|[3]|t|{}|0x759fe8
09:08:11.0 (103849356)|STATEMENT_EXECUTE|[4]
09:08:11.0 (103854345)|HEAP_ALLOCATE|[4]|Bytes:17
09:08:11.0 (104788202)|VARIABLE_ASSIGNMENT|[4]|this.Subject|"Apple Watch Promo"|0x759fe8
09:08:11.0 (104794678)|STATEMENT_EXECUTE|[5]
09:08:11.0 (104803272)|HEAP_ALLOCATE|[5]|Bytes:18
09:08:11.0 (104862314)|VARIABLE_ASSIGNMENT|[5]|this.Description|"Send them one ASAP"|0x759fe8
09:08:11.0 (104866899)|STATEMENT_EXECUTE|[6]
09:08:11.0 (104871508)|HEAP_ALLOCATE|[6]|Bytes:4
09:08:11.0 (104926125)|VARIABLE_ASSIGNMENT|[6]|this.Priority|"High"|0x759fe8
09:08:11.0 (104930598)|STATEMENT_EXECUTE|[7]
09:08:11.0 (105378327)|VARIABLE_ASSIGNMENT|[7]|this.WhatId|"006410000079vaTAAQ"|0x759fe8
09:08:11.0 (105384170)|STATEMENT_EXECUTE|[8]
09:08:11.0 (105417399)|HEAP_ALLOCATE|[8]|Bytes:8
09:08:11.0 (105434862)|DML_BEGIN|[8]|Op:Insert|Type:Task|Rows:1
09:08:11.0 (105474930)|HEAP_ALLOCATE|[EXTERNAL]|Bytes:8
09:08:11.0 (153914627)|DML_END|[8]
09:08:11.0 (153976200)|HEAP_ALLOCATE|[2]|Bytes:5
09:08:11.0 (154014536)|VARIABLE_ASSIGNMENT|[2]|opp|null|
09:08:11.154 (154029900)|CUMULATIVE_LIMIT_USAGE
09:08:11.154 (154029900)|LIMIT_USAGE_FOR_NS|(default)|
  Number of SOQL queries: 2 out of 100
  Number of query rows: 1 out of 50000
  Number of SOSL queries: 0 out of 20
  Number of DML statements: 1 out of 150
  Number of DML rows: 1 out of 10000
  Maximum CPU time: 0 out of 10000
  Maximum heap size: 0 out of 6000000
  Number of callouts: 0 out of 100
  Number of Email Invocations: 0 out of 10
  Number of future calls: 0 out of 50
  Number of queueable jobs added to the queue: 0 out of 50
  Number of Mobile Apex push calls: 0 out of 10

09:08:11.154 (154029900)|CUMULATIVE_LIMIT_USAGE_END

09:08:11.0 (155604164)|CODE_UNIT_FINISHED|AppleWatch on Opportunity trigger event AfterInsert for [006410000079vaT]
09:08:11.0 (189575467)|CODE_UNIT_FINISHED|TRIGGERS
09:08:11.0 (189586775)|EXECUTION_FINISHED
