36.0 APEX_CODE,FINEST;APEX_PROFILING,INFO;CALLOUT,INFO;DB,INFO;SYSTEM,DEBUG;VALIDATION,INFO;VISUALFORCE,INFO;WORKFLOW,INFO
09:12:12.0 (341755)|USER_INFO|[EXTERNAL]|00541000001IQl9|wjw@stuff.com|Pacific Standard Time|GMT-08:00
09:12:12.0 (383324)|EXECUTION_STARTED
09:12:12.0 (390675)|CODE_UNIT_STARTED|[EXTERNAL]|TRIGGERS
09:12:12.0 (434897)|CODE_UNIT_STARTED|[EXTERNAL]|01q410000019tBL|LeadingCompetitor on Opportunity trigger event BeforeInsert for [new]
09:12:12.0 (505411)|HEAP_ALLOCATE|[EXTERNAL]|Bytes:8
09:12:12.0 (877140)|HEAP_ALLOCATE|[72]|Bytes:3
09:12:12.0 (923520)|HEAP_ALLOCATE|[77]|Bytes:152
09:12:12.0 (940413)|HEAP_ALLOCATE|[342]|Bytes:408
09:12:12.0 (957255)|HEAP_ALLOCATE|[355]|Bytes:408
09:12:12.0 (971759)|HEAP_ALLOCATE|[467]|Bytes:48
09:12:12.0 (1004998)|HEAP_ALLOCATE|[139]|Bytes:6
09:12:12.0 (1034918)|HEAP_ALLOCATE|[EXTERNAL]|Bytes:4
09:12:12.0 (1043913)|VARIABLE_SCOPE_BEGIN|[1]|this|LeadingCompetitor|true|false
09:12:12.0 (1094418)|VARIABLE_ASSIGNMENT|[1]|this|{}|0x73efb878
09:12:12.0 (1121566)|HEAP_ALLOCATE|[EXTERNAL]|Bytes:4
09:12:12.0 (1127785)|VARIABLE_SCOPE_BEGIN|[1]|this|LeadingCompetitor|true|false
09:12:12.0 (1142885)|VARIABLE_ASSIGNMENT|[1]|this|{}|0x73efb878
09:12:12.0 (1149432)|STATEMENT_EXECUTE|[1]
09:12:12.0 (1188454)|HEAP_ALLOCATE|[50]|Bytes:5
09:12:12.0 (1213933)|HEAP_ALLOCATE|[56]|Bytes:5
09:12:12.0 (1222781)|HEAP_ALLOCATE|[64]|Bytes:7
09:12:12.0 (1633269)|HEAP_ALLOCATE|[3]|Bytes:5
09:12:12.0 (1678333)|HEAP_ALLOCATE|[3]|Bytes:4
09:12:12.0 (1690863)|VARIABLE_SCOPE_BEGIN|[3]|opp|Opportunity|true|false
09:12:12.0 (2534669)|VARIABLE_ASSIGNMENT|[3]|opp|{"IsDeleted":false,"AccountId":"0014100000DJ332AAD","HasOpportunityLineIt (2 more) ...":false,"StageName":"Closed Won","Amount":100000.00,"Probability":100,"ForecastCategory":"Closed","IsClosed":true,"CloseDate":"2017-01-05T00:00:00.000Z","Name":"Test 1","HasOpenActivity":false,"ExpectedRevenue":100000.00,"OwnerId":"00541000001IQl9AAG","IsWon":true,"HasOverdueTask":false,"ForecastCategoryName":"Closed","IsPrivate":false}|0x5deed5e
09:12:12.0 (2544379)|STATEMENT_EXECUTE|[3]
09:12:12.0 (2545999)|STATEMENT_EXECUTE|[5]
09:12:12.0 (2555371)|HEAP_ALLOCATE|[5]|Bytes:4
09:12:12.0 (2587629)|VARIABLE_SCOPE_BEGIN|[5]|competitorPrices|List<Decimal>|true|false
09:12:12.0 (2620934)|HEAP_ALLOCATE|[EXTERNAL]|Bytes:4
09:12:12.0 (2639591)|VARIABLE_ASSIGNMENT|[5]|competitorPrices|{"s":1,"v":[]}|0x14cc1fa7
09:12:12.0 (2642660)|STATEMENT_EXECUTE|[6]
09:12:12.0 (2701466)|HEAP_ALLOCATE|[EXTERNAL]|Bytes:4
09:12:12.0 (2710203)|STATEMENT_EXECUTE|[7]
09:12:12.0 (2752711)|HEAP_ALLOCATE|[EXTERNAL]|Bytes:4
09:12:12.0 (2759488)|STATEMENT_EXECUTE|[8]
09:12:12.0 (2799138)|HEAP_ALLOCATE|[EXTERNAL]|Bytes:4
09:12:12.0 (2805803)|STATEMENT_EXECUTE|[11]
09:12:12.0 (2811903)|HEAP_ALLOCATE|[11]|Bytes:4
09:12:12.0 (2830910)|VARIABLE_SCOPE_BEGIN|[11]|competitors|List<String>|true|false
09:12:12.0 (2856233)|HEAP_ALLOCATE|[EXTERNAL]|Bytes:4
09:12:12.0 (2866019)|VARIABLE_ASSIGNMENT|[11]|competitors|{"s":1,"v":[]}|0x535a49ca
09:12:12.0 (2869312)|STATEMENT_EXECUTE|[12]
09:12:12.0 (2915749)|HEAP_ALLOCATE|[EXTERNAL]|Bytes:4
09:12:12.0 (2922974)|STATEMENT_EXECUTE|[13]
09:12:12.0 (2962863)|HEAP_ALLOCATE|[EXTERNAL]|Bytes:4
09:12:12.0 (2969447)|STATEMENT_EXECUTE|[14]
09:12:12.0 (3012256)|HEAP_ALLOCATE|[EXTERNAL]|Bytes:4
09:12:12.0 (3019938)|STATEMENT_EXECUTE|[17]
09:12:12.0 (3027297)|VARIABLE_SCOPE_BEGIN|[17]|highestPrice|Decimal|false|false
09:12:12.0 (3034281)|VARIABLE_ASSIGNMENT|[17]|highestPrice|null
09:12:12.0 (3036311)|STATEMENT_EXECUTE|[18]
09:12:12.0 (3038850)|VARIABLE_SCOPE_BEGIN|[18]|highestPricePosition|Integer|false|false
09:12:12.0 (3042748)|VARIABLE_ASSIGNMENT|[18]|highestPricePosition|null
09:12:12.0 (3044984)|STATEMENT_EXECUTE|[19]
09:12:12.0 (3048706)|VARIABLE_SCOPE_BEGIN|[19]|i|Integer|false|false
09:12:12.0 (3051667)|HEAP_ALLOCATE|[19]|Bytes:4
09:12:12.0 (3056435)|VARIABLE_ASSIGNMENT|[19]|i|0
09:12:12.0 (3081963)|STATEMENT_EXECUTE|[19]
09:12:12.0 (3083893)|STATEMENT_EXECUTE|[20]
09:12:12.0 (3106384)|VARIABLE_SCOPE_BEGIN|[20]|currentPrice|Decimal|false|false
09:12:12.0 (3112278)|VARIABLE_ASSIGNMENT|[20]|currentPrice|null
09:12:12.0 (3117952)|STATEMENT_EXECUTE|[21]
09:12:12.0 (3119021)|STATEMENT_EXECUTE|[22]
09:12:12.0 (3121859)|VARIABLE_ASSIGNMENT|[22]|highestPrice|null
09:12:12.0 (3123285)|STATEMENT_EXECUTE|[23]
09:12:12.0 (3124870)|HEAP_ALLOCATE|[23]|Bytes:4
09:12:12.0 (3128835)|VARIABLE_ASSIGNMENT|[23]|highestPricePosition|0
09:12:12.0 (3131892)|HEAP_ALLOCATE|[19]|Bytes:4
09:12:12.0 (3139353)|VARIABLE_ASSIGNMENT|[19]|i|1
09:12:12.0 (3149686)|STATEMENT_EXECUTE|[19]
09:12:12.0 (3151397)|STATEMENT_EXECUTE|[20]
09:12:12.0 (3158024)|VARIABLE_SCOPE_BEGIN|[20]|currentPrice|Decimal|false|false
09:12:12.0 (3162274)|VARIABLE_ASSIGNMENT|[20]|currentPrice|null
09:12:12.0 (3164720)|STATEMENT_EXECUTE|[21]
09:12:12.0 (3165659)|STATEMENT_EXECUTE|[22]
09:12:12.0 (3168338)|VARIABLE_ASSIGNMENT|[22]|highestPrice|null
09:12:12.0 (3169674)|STATEMENT_EXECUTE|[23]
09:12:12.0 (3171045)|HEAP_ALLOCATE|[23]|Bytes:4
09:12:12.0 (3174517)|VARIABLE_ASSIGNMENT|[23]|highestPricePosition|1
09:12:12.0 (3176292)|HEAP_ALLOCATE|[19]|Bytes:4
09:12:12.0 (3179271)|VARIABLE_ASSIGNMENT|[19]|i|2
09:12:12.0 (3186936)|STATEMENT_EXECUTE|[19]
09:12:12.0 (3188216)|STATEMENT_EXECUTE|[20]
09:12:12.0 (3194308)|VARIABLE_SCOPE_BEGIN|[20]|currentPrice|Decimal|false|false
09:12:12.0 (3197925)|VARIABLE_ASSIGNMENT|[20]|currentPrice|null
09:12:12.0 (3200293)|STATEMENT_EXECUTE|[21]
09:12:12.0 (3201170)|STATEMENT_EXECUTE|[22]
09:12:12.0 (3203717)|VARIABLE_ASSIGNMENT|[22]|highestPrice|null
09:12:12.0 (3205035)|STATEMENT_EXECUTE|[23]
09:12:12.0 (3206711)|HEAP_ALLOCATE|[23]|Bytes:4
09:12:12.0 (3210007)|VARIABLE_ASSIGNMENT|[23]|highestPricePosition|2
09:12:12.0 (3211639)|HEAP_ALLOCATE|[19]|Bytes:4
09:12:12.0 (3214605)|VARIABLE_ASSIGNMENT|[19]|i|3
09:12:12.0 (3222804)|STATEMENT_EXECUTE|[28]
09:12:12.0 (3581587)|VARIABLE_ASSIGNMENT|[28]|this.Leading_Competitor__c|null|0x5deed5e
09:12:12.0 (3586125)|STATEMENT_EXECUTE|[29]
09:12:12.0 (3911772)|VARIABLE_ASSIGNMENT|[29]|this.Leading_Competitor_Price__c|null|0x5deed5e
09:12:12.0 (3928854)|HEAP_ALLOCATE|[3]|Bytes:5
09:12:12.0 (3941773)|VARIABLE_ASSIGNMENT|[3]|opp|null|
09:12:12.3 (3949883)|CUMULATIVE_LIMIT_USAGE
09:12:12.3 (3949883)|LIMIT_USAGE_FOR_NS|(default)|
  Number of SOQL queries: 0 out of 100
  Number of query rows: 0 out of 50000
  Number of SOSL queries: 0 out of 20
  Number of DML statements: 0 out of 150
  Number of DML rows: 0 out of 10000
  Maximum CPU time: 0 out of 10000
  Maximum heap size: 0 out of 6000000
  Number of callouts: 0 out of 100
  Number of Email Invocations: 0 out of 10
  Number of future calls: 0 out of 50
  Number of queueable jobs added to the queue: 0 out of 50
  Number of Mobile Apex push calls: 0 out of 10

09:12:12.3 (3949883)|CUMULATIVE_LIMIT_USAGE_END

09:12:12.0 (5457809)|CODE_UNIT_FINISHED|LeadingCompetitor on Opportunity trigger event BeforeInsert for [new]
09:12:12.0 (86918924)|CODE_UNIT_STARTED|[EXTERNAL]|01q41000001AAfq|ComparableOpps on Opportunity trigger event AfterInsert for [006410000079vbb]
09:12:12.0 (86959730)|HEAP_ALLOCATE|[EXTERNAL]|Bytes:8
09:12:12.0 (87079921)|HEAP_ALLOCATE|[EXTERNAL]|Bytes:2
09:12:12.0 (87098798)|HEAP_ALLOCATE|[EXTERNAL]|Bytes:4
09:12:12.0 (87109334)|VARIABLE_SCOPE_BEGIN|[1]|this|ComparableOpps|true|false
09:12:12.0 (87155131)|VARIABLE_ASSIGNMENT|[1]|this|{}|0x1c74c31a
09:12:12.0 (87191824)|HEAP_ALLOCATE|[EXTERNAL]|Bytes:4
09:12:12.0 (87198670)|VARIABLE_SCOPE_BEGIN|[1]|this|ComparableOpps|true|false
09:12:12.0 (87208174)|VARIABLE_ASSIGNMENT|[1]|this|{}|0x1c74c31a
09:12:12.0 (87214271)|STATEMENT_EXECUTE|[1]
09:12:12.0 (87335207)|HEAP_ALLOCATE|[3]|Bytes:5
09:12:12.0 (87373359)|VARIABLE_SCOPE_BEGIN|[3]|opp|Opportunity|true|false
09:12:12.0 (87932010)|VARIABLE_ASSIGNMENT|[3]|opp|{"LastModifiedDate":"2017-01-05T17:12:12.000Z","IsDeleted":false,"AccountId":"0014100000DJ332AAD","HasOpportunityLineIt (2 more) ...":false,"StageName":"Closed Won","Amount":100000.00,"Probability":100,"ForecastCategory":"Closed","IsClosed":true,"CloseDate":"2017-01-05T00:00:00.000Z","Name":"Test 1","SystemModstamp":"2017-01-05T17:12:12.000Z","HasOpenActivity":false,"ExpectedRevenue":100000.00,"CreatedById":"00541000001IQl9AAG","OwnerId":"00541000001IQl9AAG","IsWon":true,"CreatedDate":"2017-01-05T17:12:12.000Z","HasOverdueTask":false,"Id":"006410000079vbbAAA","ForecastCategoryName":"Closed","IsPrivate":false,"LastModifiedById":"00541000001IQl9AAG"}|0x49cb714c
09:12:12.0 (87941716)|STATEMENT_EXECUTE|[3]
09:12:12.0 (87943658)|STATEMENT_EXECUTE|[5]
09:12:12.0 (87949357)|HEAP_ALLOCATE|[5]|Bytes:72
09:12:12.0 (87966849)|HEAP_ALLOCATE|[5]|Bytes:4
09:12:12.0 (87982373)|HEAP_ALLOCATE|[5]|Bytes:7
09:12:12.0 (88581258)|SOQL_EXECUTE_BEGIN|[5]|Aggregations:0|SELECT Id, Account.Industry FROM Opportunity WHERE Id = :tmpVar1 LIMIT 1
09:12:12.0 (92453572)|SOQL_EXECUTE_END|[5]|Rows:1
09:12:12.0 (92470294)|HEAP_ALLOCATE|[5]|Bytes:8
09:12:12.0 (92489028)|HEAP_ALLOCATE|[5]|Bytes:99
09:12:12.0 (92504047)|HEAP_ALLOCATE|[5]|Bytes:8
09:12:12.0 (92514513)|HEAP_ALLOCATE|[5]|Bytes:37
09:12:12.0 (92545475)|HEAP_ALLOCATE|[5]|Bytes:16
09:12:12.0 (92552828)|VARIABLE_SCOPE_BEGIN|[5]|oppWithAccountInfo|Opportunity|true|false
09:12:12.0 (92581056)|VARIABLE_ASSIGNMENT|[5]|oppWithAccountInfo|{"s":1,"v":{"Id":"006410000079vbbAAA","AccountId":"0014100000DJ332AAD","Account":{"s":2,"v":{"Id":"0014100000DJ332AAD"}}}}|0x397cebd1
09:12:12.0 (92585608)|STATEMENT_EXECUTE|[12]
09:12:12.0 (92626598)|HEAP_ALLOCATE|[12]|Bytes:3
09:12:12.0 (92653218)|HEAP_ALLOCATE|[12]|Bytes:28
09:12:12.0 (92730471)|HEAP_ALLOCATE|[12]|Bytes:28
09:12:12.0 (92745111)|VARIABLE_SCOPE_BEGIN|[12]|minAmount|Decimal|false|false
09:12:12.0 (92756124)|VARIABLE_ASSIGNMENT|[12]|minAmount|90000.000
09:12:12.0 (92758790)|STATEMENT_EXECUTE|[13]
09:12:12.0 (92769369)|HEAP_ALLOCATE|[13]|Bytes:3
09:12:12.0 (92776653)|HEAP_ALLOCATE|[13]|Bytes:28
09:12:12.0 (92805405)|HEAP_ALLOCATE|[13]|Bytes:28
09:12:12.0 (92817720)|VARIABLE_SCOPE_BEGIN|[13]|maxAmount|Decimal|false|false
09:12:12.0 (92825446)|VARIABLE_ASSIGNMENT|[13]|maxAmount|110000.000
09:12:12.0 (92827817)|STATEMENT_EXECUTE|[16]
09:12:12.0 (92831598)|HEAP_ALLOCATE|[16]|Bytes:189
09:12:12.0 (92836905)|HEAP_ALLOCATE|[16]|Bytes:4
09:12:12.0 (92877994)|HEAP_ALLOCATE|[16]|Bytes:28
09:12:12.0 (92884631)|HEAP_ALLOCATE|[16]|Bytes:7
09:12:12.0 (92895702)|HEAP_ALLOCATE|[16]|Bytes:28
09:12:12.0 (92900315)|HEAP_ALLOCATE|[16]|Bytes:7
09:12:12.0 (92980605)|HEAP_ALLOCATE|[16]|Bytes:7
09:12:12.0 (93437922)|SOQL_EXECUTE_BEGIN|[16]|Aggregations:0|SELECT Id FROM Opportunity WHERE (Amount >= :tmpVar1 AND Amount <= :tmpVar2 AND Account.Industry = :tmpVar3 AND StageName = 'Closed Won' AND CloseDate >= LAST_N_DAYS:365 AND Id != :tmpVar4)
09:12:12.0 (99736713)|SOQL_EXECUTE_END|[16]|Rows:1
09:12:12.0 (99753749)|HEAP_ALLOCATE|[16]|Bytes:8
09:12:12.0 (99766279)|HEAP_ALLOCATE|[16]|Bytes:29
09:12:12.0 (99782495)|HEAP_ALLOCATE|[16]|Bytes:8
09:12:12.0 (99796464)|VARIABLE_SCOPE_BEGIN|[16]|comparableOpps|List<Opportunity>|true|false
09:12:12.0 (99826943)|VARIABLE_ASSIGNMENT|[16]|comparableOpps|{"s":1,"v":[{"s":2,"v":{"Id":"006410000079vbWAAQ"}}]}|0x21cc1757
09:12:12.0 (99831063)|STATEMENT_EXECUTE|[24]
09:12:12.0 (99835336)|HEAP_ALLOCATE|[24]|Bytes:25
09:12:12.0 (99930002)|HEAP_ALLOCATE|[24]|Bytes:37
09:12:12.0 (99953784)|HEAP_ALLOCATE|[24]|Bytes:62
09:12:12.0 (99988296)|USER_DEBUG|[24]|DEBUG|Comparable opp(s) found: (Opportunity:{Id=006410000079vbWAAQ})
09:12:12.0 (99996891)|STATEMENT_EXECUTE|[27]
09:12:12.0 (100064370)|HEAP_ALLOCATE|[27]|Bytes:4
09:12:12.0 (100133721)|VARIABLE_SCOPE_BEGIN|[27]|junctionObjsToInsert|List<Comparable__c>|true|false
09:12:12.0 (100142648)|HEAP_ALLOCATE|[EXTERNAL]|Bytes:4
09:12:12.0 (100154418)|VARIABLE_ASSIGNMENT|[27]|junctionObjsToInsert|{"s":1,"v":[]}|0x14560f87
09:12:12.0 (100201751)|HEAP_ALLOCATE|[28]|Bytes:5
09:12:12.0 (100233399)|HEAP_ALLOCATE|[28]|Bytes:8
09:12:12.0 (100244143)|VARIABLE_SCOPE_BEGIN|[28]|comp|Opportunity|true|false
09:12:12.0 (100258646)|VARIABLE_ASSIGNMENT|[28]|comp|{"s":1,"v":{"Id":"006410000079vbWAAQ"}}|0x4e3b697
09:12:12.0 (100262585)|STATEMENT_EXECUTE|[28]
09:12:12.0 (100263855)|STATEMENT_EXECUTE|[29]
09:12:12.0 (100281707)|HEAP_ALLOCATE|[29]|Bytes:4
09:12:12.0 (100409725)|VARIABLE_SCOPE_BEGIN|[29]|junctionObj|Comparable__c|true|false
09:12:12.0 (100427518)|VARIABLE_ASSIGNMENT|[29]|junctionObj|{}|0x5561c4f5
09:12:12.0 (100431999)|STATEMENT_EXECUTE|[30]
09:12:12.0 (101057042)|VARIABLE_ASSIGNMENT|[30]|this.Base_Opportunity__c|"006410000079vbbAAA"|0x5561c4f5
09:12:12.0 (101062296)|STATEMENT_EXECUTE|[31]
09:12:12.0 (101122208)|VARIABLE_ASSIGNMENT|[31]|this.Comparable_Opportunity__c|"006410000079vbWAAQ"|0x5561c4f5
09:12:12.0 (101125538)|STATEMENT_EXECUTE|[32]
09:12:12.0 (101165959)|HEAP_ALLOCATE|[EXTERNAL]|Bytes:4
09:12:12.0 (101184885)|HEAP_ALLOCATE|[28]|Bytes:5
09:12:12.0 (101199352)|VARIABLE_ASSIGNMENT|[28]|comp|null|
09:12:12.0 (101204227)|STATEMENT_EXECUTE|[34]
09:12:12.0 (101263495)|DML_BEGIN|[34]|Op:Insert|Type:Comparable__c|Rows:1
09:12:12.0 (101291065)|HEAP_ALLOCATE|[EXTERNAL]|Bytes:8
09:12:12.0 (261874382)|DML_END|[34]
09:12:12.0 (261996188)|HEAP_ALLOCATE|[EXTERNAL]|Bytes:8
09:12:12.0 (262062853)|HEAP_ALLOCATE|[3]|Bytes:5
09:12:12.0 (262105992)|VARIABLE_ASSIGNMENT|[3]|opp|null|
09:12:12.262 (262126230)|CUMULATIVE_LIMIT_USAGE
09:12:12.262 (262126230)|LIMIT_USAGE_FOR_NS|(default)|
  Number of SOQL queries: 2 out of 100
  Number of query rows: 2 out of 50000
  Number of SOSL queries: 0 out of 20
  Number of DML statements: 1 out of 150
  Number of DML rows: 1 out of 10000
  Maximum CPU time: 0 out of 10000
  Maximum heap size: 0 out of 6000000
  Number of callouts: 0 out of 100
  Number of Email Invocations: 0 out of 10
  Number of future calls: 0 out of 50
  Number of queueable jobs added to the queue: 0 out of 50
  Number of Mobile Apex push calls: 0 out of 10

09:12:12.262 (262126230)|CUMULATIVE_LIMIT_USAGE_END

09:12:12.0 (263793305)|CODE_UNIT_FINISHED|ComparableOpps on Opportunity trigger event AfterInsert for [006410000079vbb]
09:12:12.0 (267187186)|CODE_UNIT_STARTED|[EXTERNAL]|01q410000019g8k|AppleWatch on Opportunity trigger event AfterInsert for [006410000079vbb]
09:12:12.0 (267218170)|HEAP_ALLOCATE|[EXTERNAL]|Bytes:8
09:12:12.0 (267310647)|HEAP_ALLOCATE|[EXTERNAL]|Bytes:4
09:12:12.0 (267324934)|VARIABLE_SCOPE_BEGIN|[1]|this|AppleWatch|true|false
09:12:12.0 (267363624)|VARIABLE_ASSIGNMENT|[1]|this|{}|0x5fe6f9ed
09:12:12.0 (267404515)|HEAP_ALLOCATE|[EXTERNAL]|Bytes:4
09:12:12.0 (267424219)|VARIABLE_SCOPE_BEGIN|[1]|this|AppleWatch|true|false
09:12:12.0 (267436695)|VARIABLE_ASSIGNMENT|[1]|this|{}|0x5fe6f9ed
09:12:12.0 (267443275)|STATEMENT_EXECUTE|[1]
09:12:12.0 (267560722)|HEAP_ALLOCATE|[2]|Bytes:5
09:12:12.0 (267589040)|VARIABLE_SCOPE_BEGIN|[2]|opp|Opportunity|true|false
09:12:12.0 (268190121)|VARIABLE_ASSIGNMENT|[2]|opp|{"LastModifiedDate":"2017-01-05T17:12:12.000Z","IsDeleted":false,"AccountId":"0014100000DJ332AAD","HasOpportunityLineIt (2 more) ...":false,"StageName":"Closed Won","Amount":100000.00,"Probability":100,"ForecastCategory":"Closed","IsClosed":true,"CloseDate":"2017-01-05T00:00:00.000Z","Name":"Test 1","SystemModstamp":"2017-01-05T17:12:12.000Z","HasOpenActivity":false,"ExpectedRevenue":100000.00,"CreatedById":"00541000001IQl9AAG","OwnerId":"00541000001IQl9AAG","IsWon":true,"CreatedDate":"2017-01-05T17:12:12.000Z","HasOverdueTask":false,"Id":"006410000079vbbAAA","ForecastCategoryName":"Closed","IsPrivate":false,"LastModifiedById":"00541000001IQl9AAG"}|0x49cb714c
09:12:12.0 (268199725)|STATEMENT_EXECUTE|[2]
09:12:12.0 (268201392)|STATEMENT_EXECUTE|[3]
09:12:12.0 (268267364)|HEAP_ALLOCATE|[3]|Bytes:4
09:12:12.0 (268460357)|VARIABLE_SCOPE_BEGIN|[3]|t|Task|true|false
09:12:12.0 (268476566)|VARIABLE_ASSIGNMENT|[3]|t|{}|0x24d71873
09:12:12.0 (268480850)|STATEMENT_EXECUTE|[4]
09:12:12.0 (268491046)|HEAP_ALLOCATE|[4]|Bytes:17
09:12:12.0 (269112813)|VARIABLE_ASSIGNMENT|[4]|this.Subject|"Apple Watch Promo"|0x24d71873
09:12:12.0 (269117907)|STATEMENT_EXECUTE|[5]
09:12:12.0 (269122386)|HEAP_ALLOCATE|[5]|Bytes:18
09:12:12.0 (269195493)|VARIABLE_ASSIGNMENT|[5]|this.Description|"Send them one ASAP"|0x24d71873
09:12:12.0 (269200686)|STATEMENT_EXECUTE|[6]
09:12:12.0 (269206706)|HEAP_ALLOCATE|[6]|Bytes:4
09:12:12.0 (269264351)|VARIABLE_ASSIGNMENT|[6]|this.Priority|"High"|0x24d71873
09:12:12.0 (269269108)|STATEMENT_EXECUTE|[7]
09:12:12.0 (269585153)|VARIABLE_ASSIGNMENT|[7]|this.WhatId|"006410000079vbbAAA"|0x24d71873
09:12:12.0 (269590799)|STATEMENT_EXECUTE|[8]
09:12:12.0 (269627388)|HEAP_ALLOCATE|[8]|Bytes:8
09:12:12.0 (269639863)|DML_BEGIN|[8]|Op:Insert|Type:Task|Rows:1
09:12:12.0 (269686873)|HEAP_ALLOCATE|[EXTERNAL]|Bytes:8
09:12:12.0 (315254398)|DML_END|[8]
09:12:12.0 (315348924)|HEAP_ALLOCATE|[2]|Bytes:5
09:12:12.0 (315406503)|VARIABLE_ASSIGNMENT|[2]|opp|null|
09:12:12.315 (315432198)|CUMULATIVE_LIMIT_USAGE
09:12:12.315 (315432198)|LIMIT_USAGE_FOR_NS|(default)|
  Number of SOQL queries: 2 out of 100
  Number of query rows: 2 out of 50000
  Number of SOSL queries: 0 out of 20
  Number of DML statements: 2 out of 150
  Number of DML rows: 2 out of 10000
  Maximum CPU time: 0 out of 10000
  Maximum heap size: 0 out of 6000000
  Number of callouts: 0 out of 100
  Number of Email Invocations: 0 out of 10
  Number of future calls: 0 out of 50
  Number of queueable jobs added to the queue: 0 out of 50
  Number of Mobile Apex push calls: 0 out of 10

09:12:12.315 (315432198)|CUMULATIVE_LIMIT_USAGE_END

09:12:12.0 (317240050)|CODE_UNIT_FINISHED|AppleWatch on Opportunity trigger event AfterInsert for [006410000079vbb]
09:12:12.0 (487367050)|CODE_UNIT_FINISHED|TRIGGERS
09:12:12.0 (487382043)|EXECUTION_FINISHED
