38.0 APEX_CODE,FINEST;APEX_PROFILING,INFO;CALLOUT,INFO;DB,INFO;SYSTEM,DEBUG;VALIDATION,INFO;VISUALFORCE,INFO;WORKFLOW,INFO
08:16:22.0 (358144)|USER_INFO|[EXTERNAL]|00541000001IQl9|wjw@stuff.com|Pacific Standard Time|GMT-08:00
08:16:22.0 (395091)|EXECUTION_STARTED
08:16:22.0 (401139)|CODE_UNIT_STARTED|[EXTERNAL]|VisualForce View State
08:16:22.0 (304013825)|HEAP_ALLOCATE|[72]|Bytes:3
08:16:22.0 (304111863)|HEAP_ALLOCATE|[77]|Bytes:152
08:16:22.0 (304141739)|HEAP_ALLOCATE|[342]|Bytes:408
08:16:22.0 (304174693)|HEAP_ALLOCATE|[355]|Bytes:408
08:16:22.0 (304206399)|HEAP_ALLOCATE|[467]|Bytes:48
08:16:22.0 (304254561)|HEAP_ALLOCATE|[139]|Bytes:6
08:16:22.0 (304291770)|HEAP_ALLOCATE|[50]|Bytes:5
08:16:22.0 (304317082)|HEAP_ALLOCATE|[56]|Bytes:5
08:16:22.0 (304331648)|HEAP_ALLOCATE|[64]|Bytes:7
08:16:22.0 (306368689)|CODE_UNIT_FINISHED|VisualForce View State
08:16:22.0 (306663174)|EXECUTION_FINISHED
08:16:22.313 (313418867)|USER_INFO|[EXTERNAL]|00541000001IQl9|wjw@stuff.com|Pacific Standard Time|GMT-08:00
08:16:22.313 (313465108)|SYSTEM_MODE_ENTER|true
08:16:22.313 (313542414)|HEAP_ALLOCATE|[EXTERNAL]|Bytes:38
08:16:22.313 (313610069)|HEAP_ALLOCATE|[EXTERNAL]|Bytes:7
08:16:22.313 (313622442)|SYSTEM_METHOD_ENTRY|[1]|PageMessagesComponentController.PageMessagesComponentController()
08:16:22.313 (313626960)|STATEMENT_EXECUTE|[1]
08:16:23.268 (1268853032)|CUMULATIVE_LIMIT_USAGE
08:16:23.268 (1268853032)|LIMIT_USAGE_FOR_NS|(default)|
  Number of SOQL queries: 0 out of 100
  Number of query rows: 0 out of 50000
  Number of SOSL queries: 0 out of 20
  Number of DML statements: 0 out of 150
  Number of DML rows: 0 out of 10000
  Maximum CPU time: 0 out of 10000
  Maximum heap size: 0 out of 6000000
  Number of callouts: 0 out of 100
  Number of Email Invocations: 0 out of 10
  Number of future calls: 0 out of 50
  Number of queueable jobs added to the queue: 0 out of 50
  Number of Mobile Apex push calls: 0 out of 10

08:16:23.268 (1268853032)|CUMULATIVE_LIMIT_USAGE_END

