38.0 APEX_CODE,FINEST;APEX_PROFILING,INFO;CALLOUT,INFO;DB,INFO;SYSTEM,DEBUG;VALIDATION,INFO;VISUALFORCE,INFO;WORKFLOW,INFO
08:20:04.0 (448826)|EXECUTION_STARTED
08:20:04.0 (478889)|CODE_UNIT_STARTED|[EXTERNAL]|VisualForce View State
08:20:04.0 (13781611)|CODE_UNIT_FINISHED|VisualForce View State
08:20:04.0 (15374565)|EXECUTION_FINISHED
08:20:04.243 (243264952)|CUMULATIVE_LIMIT_USAGE
08:20:04.243 (243264952)|LIMIT_USAGE_FOR_NS|(default)|
  Number of SOQL queries: 0 out of 100
  Number of query rows: 0 out of 50000
  Number of SOSL queries: 0 out of 20
  Number of DML statements: 0 out of 150
  Number of DML rows: 0 out of 10000
  Maximum CPU time: 0 out of 10000
  Maximum heap size: 0 out of 6000000
  Number of callouts: 0 out of 100
  Number of Email Invocations: 0 out of 10
  Number of future calls: 0 out of 50
  Number of queueable jobs added to the queue: 0 out of 50
  Number of Mobile Apex push calls: 0 out of 10

08:20:04.243 (243264952)|CUMULATIVE_LIMIT_USAGE_END

