36.0 APEX_CODE,FINEST;APEX_PROFILING,INFO;CALLOUT,INFO;DB,INFO;SYSTEM,DEBUG;VALIDATION,INFO;VISUALFORCE,INFO;WORKFLOW,INFO
07:28:24.0 (408619)|USER_INFO|[EXTERNAL]|00541000001IQl9|wjw@stuff.com|Pacific Standard Time|GMT-08:00
07:28:24.0 (441180)|EXECUTION_STARTED
07:28:24.0 (446670)|CODE_UNIT_STARTED|[EXTERNAL]|TRIGGERS
07:28:24.0 (487960)|CODE_UNIT_STARTED|[EXTERNAL]|01q410000019tBL|LeadingCompetitor on Opportunity trigger event BeforeInsert for [new]
07:28:24.0 (551066)|HEAP_ALLOCATE|[EXTERNAL]|Bytes:8
07:28:24.0 (974272)|HEAP_ALLOCATE|[72]|Bytes:3
07:28:24.0 (1028265)|HEAP_ALLOCATE|[77]|Bytes:152
07:28:24.0 (1050865)|HEAP_ALLOCATE|[342]|Bytes:408
07:28:24.0 (1071152)|HEAP_ALLOCATE|[355]|Bytes:408
07:28:24.0 (1089123)|HEAP_ALLOCATE|[467]|Bytes:48
07:28:24.0 (1122801)|HEAP_ALLOCATE|[139]|Bytes:6
07:28:24.0 (1156145)|HEAP_ALLOCATE|[EXTERNAL]|Bytes:4
07:28:24.0 (1166792)|VARIABLE_SCOPE_BEGIN|[1]|this|LeadingCompetitor|true|false
07:28:24.0 (1227076)|VARIABLE_ASSIGNMENT|[1]|this|{}|0x56c3c4ae
07:28:24.0 (1275395)|HEAP_ALLOCATE|[EXTERNAL]|Bytes:4
07:28:24.0 (1282110)|VARIABLE_SCOPE_BEGIN|[1]|this|LeadingCompetitor|true|false
07:28:24.0 (1293743)|VARIABLE_ASSIGNMENT|[1]|this|{}|0x56c3c4ae
07:28:24.0 (1300576)|STATEMENT_EXECUTE|[1]
07:28:24.0 (1346229)|HEAP_ALLOCATE|[50]|Bytes:5
07:28:24.0 (1375208)|HEAP_ALLOCATE|[56]|Bytes:5
07:28:24.0 (1384150)|HEAP_ALLOCATE|[64]|Bytes:7
07:28:24.0 (1777100)|HEAP_ALLOCATE|[3]|Bytes:5
07:28:24.0 (1819340)|HEAP_ALLOCATE|[3]|Bytes:4
07:28:24.0 (1832816)|VARIABLE_SCOPE_BEGIN|[3]|opp|Opportunity|true|false
07:28:24.0 (2589919)|VARIABLE_ASSIGNMENT|[3]|opp|{"IsDeleted":false,"HasOpportunityLineIt (2 more) ...":false,"StageName":"Prospecting","Amount":99999999999.00,"Probability":10,"ForecastCategory":"Pipeline","IsClosed":false,"CloseDate":"2017-01-05T00:00:00.000Z","Name":"Big Opp","HasOpenActivity":false,"ExpectedRevenue":9999999999.90,"OwnerId":"00541000001IQl9AAG","IsWon":false,"HasOverdueTask":false,"ForecastCategoryName":"Pipeline","IsPrivate":false}|0x36e07590
07:28:24.0 (2599063)|STATEMENT_EXECUTE|[3]
07:28:24.0 (2600722)|STATEMENT_EXECUTE|[5]
07:28:24.0 (2612842)|HEAP_ALLOCATE|[5]|Bytes:4
07:28:24.0 (2644078)|VARIABLE_SCOPE_BEGIN|[5]|competitorPrices|List<Decimal>|true|false
07:28:24.0 (2674219)|HEAP_ALLOCATE|[EXTERNAL]|Bytes:4
07:28:24.0 (2691437)|VARIABLE_ASSIGNMENT|[5]|competitorPrices|{"s":1,"v":[]}|0x3030322c
07:28:24.0 (2694528)|STATEMENT_EXECUTE|[6]
07:28:24.0 (2752076)|HEAP_ALLOCATE|[EXTERNAL]|Bytes:4
07:28:24.0 (2760031)|STATEMENT_EXECUTE|[7]
07:28:24.0 (2799272)|HEAP_ALLOCATE|[EXTERNAL]|Bytes:4
07:28:24.0 (2805652)|STATEMENT_EXECUTE|[8]
07:28:24.0 (2842960)|HEAP_ALLOCATE|[EXTERNAL]|Bytes:4
07:28:24.0 (2848920)|STATEMENT_EXECUTE|[11]
07:28:24.0 (2856211)|HEAP_ALLOCATE|[11]|Bytes:4
07:28:24.0 (2874913)|VARIABLE_SCOPE_BEGIN|[11]|competitors|List<String>|true|false
07:28:24.0 (2898331)|HEAP_ALLOCATE|[EXTERNAL]|Bytes:4
07:28:24.0 (2909014)|VARIABLE_ASSIGNMENT|[11]|competitors|{"s":1,"v":[]}|0x211884e3
07:28:24.0 (2911889)|STATEMENT_EXECUTE|[12]
07:28:24.0 (2955815)|HEAP_ALLOCATE|[EXTERNAL]|Bytes:4
07:28:24.0 (2962519)|STATEMENT_EXECUTE|[13]
07:28:24.0 (2999602)|HEAP_ALLOCATE|[EXTERNAL]|Bytes:4
07:28:24.0 (3005363)|STATEMENT_EXECUTE|[14]
07:28:24.0 (3042033)|HEAP_ALLOCATE|[EXTERNAL]|Bytes:4
07:28:24.0 (3048183)|STATEMENT_EXECUTE|[17]
07:28:24.0 (3055348)|VARIABLE_SCOPE_BEGIN|[17]|highestPrice|Decimal|false|false
07:28:24.0 (3062781)|VARIABLE_ASSIGNMENT|[17]|highestPrice|null
07:28:24.0 (3064493)|STATEMENT_EXECUTE|[18]
07:28:24.0 (3066886)|VARIABLE_SCOPE_BEGIN|[18]|highestPricePosition|Integer|false|false
07:28:24.0 (3071228)|VARIABLE_ASSIGNMENT|[18]|highestPricePosition|null
07:28:24.0 (3073712)|STATEMENT_EXECUTE|[19]
07:28:24.0 (3077445)|VARIABLE_SCOPE_BEGIN|[19]|i|Integer|false|false
07:28:24.0 (3080604)|HEAP_ALLOCATE|[19]|Bytes:4
07:28:24.0 (3085713)|VARIABLE_ASSIGNMENT|[19]|i|0
07:28:24.0 (3109288)|STATEMENT_EXECUTE|[19]
07:28:24.0 (3111177)|STATEMENT_EXECUTE|[20]
07:28:24.0 (3131842)|VARIABLE_SCOPE_BEGIN|[20]|currentPrice|Decimal|false|false
07:28:24.0 (3137421)|VARIABLE_ASSIGNMENT|[20]|currentPrice|null
07:28:24.0 (3143556)|STATEMENT_EXECUTE|[21]
07:28:24.0 (3144710)|STATEMENT_EXECUTE|[22]
07:28:24.0 (3147848)|VARIABLE_ASSIGNMENT|[22]|highestPrice|null
07:28:24.0 (3149116)|STATEMENT_EXECUTE|[23]
07:28:24.0 (3150927)|HEAP_ALLOCATE|[23]|Bytes:4
07:28:24.0 (3155124)|VARIABLE_ASSIGNMENT|[23]|highestPricePosition|0
07:28:24.0 (3158327)|HEAP_ALLOCATE|[19]|Bytes:4
07:28:24.0 (3162725)|VARIABLE_ASSIGNMENT|[19]|i|1
07:28:24.0 (3171839)|STATEMENT_EXECUTE|[19]
07:28:24.0 (3173923)|STATEMENT_EXECUTE|[20]
07:28:24.0 (3183323)|VARIABLE_SCOPE_BEGIN|[20]|currentPrice|Decimal|false|false
07:28:24.0 (3187887)|VARIABLE_ASSIGNMENT|[20]|currentPrice|null
07:28:24.0 (3190614)|STATEMENT_EXECUTE|[21]
07:28:24.0 (3191650)|STATEMENT_EXECUTE|[22]
07:28:24.0 (3194478)|VARIABLE_ASSIGNMENT|[22]|highestPrice|null
07:28:24.0 (3195667)|STATEMENT_EXECUTE|[23]
07:28:24.0 (3197319)|HEAP_ALLOCATE|[23]|Bytes:4
07:28:24.0 (3200966)|VARIABLE_ASSIGNMENT|[23]|highestPricePosition|1
07:28:24.0 (3202611)|HEAP_ALLOCATE|[19]|Bytes:4
07:28:24.0 (3205791)|VARIABLE_ASSIGNMENT|[19]|i|2
07:28:24.0 (3213105)|STATEMENT_EXECUTE|[19]
07:28:24.0 (3214357)|STATEMENT_EXECUTE|[20]
07:28:24.0 (3219817)|VARIABLE_SCOPE_BEGIN|[20]|currentPrice|Decimal|false|false
07:28:24.0 (3223309)|VARIABLE_ASSIGNMENT|[20]|currentPrice|null
07:28:24.0 (3225454)|STATEMENT_EXECUTE|[21]
07:28:24.0 (3226458)|STATEMENT_EXECUTE|[22]
07:28:24.0 (3229399)|VARIABLE_ASSIGNMENT|[22]|highestPrice|null
07:28:24.0 (3230604)|STATEMENT_EXECUTE|[23]
07:28:24.0 (3232208)|HEAP_ALLOCATE|[23]|Bytes:4
07:28:24.0 (3235454)|VARIABLE_ASSIGNMENT|[23]|highestPricePosition|2
07:28:24.0 (3237013)|HEAP_ALLOCATE|[19]|Bytes:4
07:28:24.0 (3240175)|VARIABLE_ASSIGNMENT|[19]|i|3
07:28:24.0 (3248169)|STATEMENT_EXECUTE|[28]
07:28:24.0 (3605811)|VARIABLE_ASSIGNMENT|[28]|this.Leading_Competitor__c|null|0x36e07590
07:28:24.0 (3610130)|STATEMENT_EXECUTE|[29]
07:28:24.0 (3922740)|VARIABLE_ASSIGNMENT|[29]|this.Leading_Competitor_Price__c|null|0x36e07590
07:28:24.0 (3938766)|HEAP_ALLOCATE|[3]|Bytes:5
07:28:24.0 (3951323)|VARIABLE_ASSIGNMENT|[3]|opp|null|
07:28:24.3 (3960146)|CUMULATIVE_LIMIT_USAGE
07:28:24.3 (3960146)|LIMIT_USAGE_FOR_NS|(default)|
  Number of SOQL queries: 0 out of 100
  Number of query rows: 0 out of 50000
  Number of SOSL queries: 0 out of 20
  Number of DML statements: 0 out of 150
  Number of DML rows: 0 out of 10000
  Maximum CPU time: 0 out of 10000
  Maximum heap size: 0 out of 6000000
  Number of callouts: 0 out of 100
  Number of Email Invocations: 0 out of 10
  Number of future calls: 0 out of 50
  Number of queueable jobs added to the queue: 0 out of 50
  Number of Mobile Apex push calls: 0 out of 10

07:28:24.3 (3960146)|CUMULATIVE_LIMIT_USAGE_END

07:28:24.0 (5223770)|CODE_UNIT_FINISHED|LeadingCompetitor on Opportunity trigger event BeforeInsert for [new]
07:28:24.0 (134437636)|CODE_UNIT_STARTED|[EXTERNAL]|01q41000001AAfq|ComparableOpps on Opportunity trigger event AfterInsert for [006410000079t6W]
07:28:24.0 (134475616)|HEAP_ALLOCATE|[EXTERNAL]|Bytes:8
07:28:24.0 (134630386)|HEAP_ALLOCATE|[EXTERNAL]|Bytes:2
07:28:24.0 (134662550)|HEAP_ALLOCATE|[EXTERNAL]|Bytes:4
07:28:24.0 (134675897)|VARIABLE_SCOPE_BEGIN|[1]|this|ComparableOpps|true|false
07:28:24.0 (134715435)|VARIABLE_ASSIGNMENT|[1]|this|{}|0x27e93616
07:28:24.0 (134769918)|HEAP_ALLOCATE|[EXTERNAL]|Bytes:4
07:28:24.0 (134778032)|VARIABLE_SCOPE_BEGIN|[1]|this|ComparableOpps|true|false
07:28:24.0 (134789716)|VARIABLE_ASSIGNMENT|[1]|this|{}|0x27e93616
07:28:24.0 (134798883)|STATEMENT_EXECUTE|[1]
07:28:24.0 (134918998)|HEAP_ALLOCATE|[3]|Bytes:5
07:28:24.0 (134952322)|VARIABLE_SCOPE_BEGIN|[3]|opp|Opportunity|true|false
07:28:24.0 (135538321)|VARIABLE_ASSIGNMENT|[3]|opp|{"LastModifiedDate":"2017-01-05T15:28:24.000Z","IsDeleted":false,"HasOpportunityLineIt (2 more) ...":false,"StageName":"Prospecting","Amount":99999999999.00,"Probability":10,"ForecastCategory":"Pipeline","IsClosed":false,"CloseDate":"2017-01-05T00:00:00.000Z","Name":"Big Opp","SystemModstamp":"2017-01-05T15:28:24.000Z","HasOpenActivity":false,"ExpectedRevenue":9999999999.90,"CreatedById":"00541000001IQl9AAG","OwnerId":"00541000001IQl9AAG","IsWon":false,"CreatedDate":"2017-01-05T15:28:24.000Z","HasOverdueTask":false,"Id":"006410000079t6WAAQ","ForecastCategoryName":"Pipeline","IsPrivate":false,"LastModifiedById":"00541000001IQl9AAG"}|0x1443899
07:28:24.0 (135547787)|STATEMENT_EXECUTE|[3]
07:28:24.0 (135549390)|STATEMENT_EXECUTE|[5]
07:28:24.0 (135555689)|HEAP_ALLOCATE|[5]|Bytes:72
07:28:24.0 (135572349)|HEAP_ALLOCATE|[5]|Bytes:4
07:28:24.0 (135586213)|HEAP_ALLOCATE|[5]|Bytes:7
07:28:24.0 (135931469)|SOQL_EXECUTE_BEGIN|[5]|Aggregations:0|SELECT Id, Account.Industry FROM Opportunity WHERE Id = :tmpVar1 LIMIT 1
07:28:24.0 (138123774)|SOQL_EXECUTE_END|[5]|Rows:1
07:28:24.0 (138145042)|HEAP_ALLOCATE|[5]|Bytes:8
07:28:24.0 (138164680)|HEAP_ALLOCATE|[5]|Bytes:29
07:28:24.0 (138191024)|HEAP_ALLOCATE|[5]|Bytes:8
07:28:24.0 (138208985)|HEAP_ALLOCATE|[5]|Bytes:37
07:28:24.0 (138251424)|HEAP_ALLOCATE|[5]|Bytes:8
07:28:24.0 (138262638)|VARIABLE_SCOPE_BEGIN|[5]|oppWithAccountInfo|Opportunity|true|false
07:28:24.0 (138292996)|VARIABLE_ASSIGNMENT|[5]|oppWithAccountInfo|{"s":1,"v":{"Id":"006410000079t6WAAQ"}}|0x3359912c
07:28:24.0 (138296921)|STATEMENT_EXECUTE|[12]
07:28:24.0 (138300789)|HEAP_ALLOCATE|[12]|Bytes:3
07:28:24.0 (138342293)|HEAP_ALLOCATE|[12]|Bytes:28
07:28:24.0 (138670052)|EXCEPTION_THROWN|[12]|System.FinalException: Record is read-only
07:28:24.0 (138743528)|HEAP_ALLOCATE|[12]|Bytes:23
07:28:24.0 (139120673)|FATAL_ERROR|System.FinalException: Record is read-only

Trigger.ComparableOpps: line 12, column 1
07:28:24.0 (139139134)|FATAL_ERROR|System.FinalException: Record is read-only

Trigger.ComparableOpps: line 12, column 1
07:28:24.139 (139203435)|CUMULATIVE_LIMIT_USAGE
07:28:24.139 (139203435)|LIMIT_USAGE_FOR_NS|(default)|
  Number of SOQL queries: 1 out of 100
  Number of query rows: 1 out of 50000
  Number of SOSL queries: 0 out of 20
  Number of DML statements: 0 out of 150
  Number of DML rows: 0 out of 10000
  Maximum CPU time: 0 out of 10000
  Maximum heap size: 0 out of 6000000
  Number of callouts: 0 out of 100
  Number of Email Invocations: 0 out of 10
  Number of future calls: 0 out of 50
  Number of queueable jobs added to the queue: 0 out of 50
  Number of Mobile Apex push calls: 0 out of 10

07:28:24.139 (139203435)|CUMULATIVE_LIMIT_USAGE_END

07:28:24.0 (140863924)|CODE_UNIT_FINISHED|ComparableOpps on Opportunity trigger event AfterInsert for [006410000079t6W]
