36.0 APEX_CODE,FINEST;APEX_PROFILING,INFO;CALLOUT,INFO;DB,INFO;SYSTEM,DEBUG;VALIDATION,INFO;VISUALFORCE,INFO;WORKFLOW,INFO
08:47:25.0 (440589)|USER_INFO|[EXTERNAL]|00541000001IQl9|wjw@stuff.com|Pacific Standard Time|GMT-08:00
08:47:25.0 (483092)|EXECUTION_STARTED
08:47:25.0 (486392)|CODE_UNIT_STARTED|[EXTERNAL]|TRIGGERS
08:47:25.0 (517706)|CODE_UNIT_STARTED|[EXTERNAL]|01q410000019tBL|LeadingCompetitor on Opportunity trigger event BeforeInsert for [new]
08:47:25.0 (583941)|HEAP_ALLOCATE|[EXTERNAL]|Bytes:8
08:47:25.0 (1009632)|HEAP_ALLOCATE|[72]|Bytes:3
08:47:25.0 (1065052)|HEAP_ALLOCATE|[77]|Bytes:152
08:47:25.0 (1085110)|HEAP_ALLOCATE|[342]|Bytes:408
08:47:25.0 (1110084)|HEAP_ALLOCATE|[355]|Bytes:408
08:47:25.0 (1128962)|HEAP_ALLOCATE|[467]|Bytes:48
08:47:25.0 (1164064)|HEAP_ALLOCATE|[139]|Bytes:6
08:47:25.0 (1195897)|HEAP_ALLOCATE|[EXTERNAL]|Bytes:4
08:47:25.0 (1206230)|VARIABLE_SCOPE_BEGIN|[1]|this|LeadingCompetitor|true|false
08:47:25.0 (1263231)|VARIABLE_ASSIGNMENT|[1]|this|{}|0x326f2a85
08:47:25.0 (1308789)|HEAP_ALLOCATE|[EXTERNAL]|Bytes:4
08:47:25.0 (1315950)|VARIABLE_SCOPE_BEGIN|[1]|this|LeadingCompetitor|true|false
08:47:25.0 (1326169)|VARIABLE_ASSIGNMENT|[1]|this|{}|0x326f2a85
08:47:25.0 (1332951)|STATEMENT_EXECUTE|[1]
08:47:25.0 (1369080)|HEAP_ALLOCATE|[50]|Bytes:5
08:47:25.0 (1396827)|HEAP_ALLOCATE|[56]|Bytes:5
08:47:25.0 (1406170)|HEAP_ALLOCATE|[64]|Bytes:7
08:47:25.0 (1801954)|HEAP_ALLOCATE|[3]|Bytes:5
08:47:25.0 (1881377)|HEAP_ALLOCATE|[3]|Bytes:4
08:47:25.0 (1893641)|VARIABLE_SCOPE_BEGIN|[3]|opp|Opportunity|true|false
08:47:25.0 (2642179)|VARIABLE_ASSIGNMENT|[3]|opp|{"IsDeleted":false,"AccountId":"0014100000DJ332AAD","HasOpportunityLineIt (2 more) ...":false,"StageName":"Prospecting","Amount":210000.00,"Probability":10,"ForecastCategory":"Pipeline","IsClosed":false,"CloseDate":"2017-01-05T00:00:00.000Z","Name":"Testy","HasOpenActivity":false,"ExpectedRevenue":21000.00,"OwnerId":"00541000001IQl9AAG","IsWon":false,"HasOverdueTask":false,"ForecastCategoryName":"Pipeline","IsPrivate":false}|0x2f609cae
08:47:25.0 (2651895)|STATEMENT_EXECUTE|[3]
08:47:25.0 (2653478)|STATEMENT_EXECUTE|[5]
08:47:25.0 (2664815)|HEAP_ALLOCATE|[5]|Bytes:4
08:47:25.0 (2696926)|VARIABLE_SCOPE_BEGIN|[5]|competitorPrices|List<Decimal>|true|false
08:47:25.0 (2726320)|HEAP_ALLOCATE|[EXTERNAL]|Bytes:4
08:47:25.0 (2748024)|VARIABLE_ASSIGNMENT|[5]|competitorPrices|{"s":1,"v":[]}|0x55eea244
08:47:25.0 (2751352)|STATEMENT_EXECUTE|[6]
08:47:25.0 (2810500)|HEAP_ALLOCATE|[EXTERNAL]|Bytes:4
08:47:25.0 (2818938)|STATEMENT_EXECUTE|[7]
08:47:25.0 (2858135)|HEAP_ALLOCATE|[EXTERNAL]|Bytes:4
08:47:25.0 (2864770)|STATEMENT_EXECUTE|[8]
08:47:25.0 (2902114)|HEAP_ALLOCATE|[EXTERNAL]|Bytes:4
08:47:25.0 (2908513)|STATEMENT_EXECUTE|[11]
08:47:25.0 (2915985)|HEAP_ALLOCATE|[11]|Bytes:4
08:47:25.0 (2935335)|VARIABLE_SCOPE_BEGIN|[11]|competitors|List<String>|true|false
08:47:25.0 (2959223)|HEAP_ALLOCATE|[EXTERNAL]|Bytes:4
08:47:25.0 (2969305)|VARIABLE_ASSIGNMENT|[11]|competitors|{"s":1,"v":[]}|0x1d86ecd4
08:47:25.0 (2972506)|STATEMENT_EXECUTE|[12]
08:47:25.0 (3016947)|HEAP_ALLOCATE|[EXTERNAL]|Bytes:4
08:47:25.0 (3025489)|STATEMENT_EXECUTE|[13]
08:47:25.0 (3062416)|HEAP_ALLOCATE|[EXTERNAL]|Bytes:4
08:47:25.0 (3068913)|STATEMENT_EXECUTE|[14]
08:47:25.0 (3103562)|HEAP_ALLOCATE|[EXTERNAL]|Bytes:4
08:47:25.0 (3114743)|STATEMENT_EXECUTE|[17]
08:47:25.0 (3121365)|VARIABLE_SCOPE_BEGIN|[17]|highestPrice|Decimal|false|false
08:47:25.0 (3127582)|VARIABLE_ASSIGNMENT|[17]|highestPrice|null
08:47:25.0 (3129520)|STATEMENT_EXECUTE|[18]
08:47:25.0 (3131729)|VARIABLE_SCOPE_BEGIN|[18]|highestPricePosition|Integer|false|false
08:47:25.0 (3135428)|VARIABLE_ASSIGNMENT|[18]|highestPricePosition|null
08:47:25.0 (3138520)|STATEMENT_EXECUTE|[19]
08:47:25.0 (3142462)|VARIABLE_SCOPE_BEGIN|[19]|i|Integer|false|false
08:47:25.0 (3146546)|HEAP_ALLOCATE|[19]|Bytes:4
08:47:25.0 (3152193)|VARIABLE_ASSIGNMENT|[19]|i|0
08:47:25.0 (3178318)|STATEMENT_EXECUTE|[19]
08:47:25.0 (3180120)|STATEMENT_EXECUTE|[20]
08:47:25.0 (3202577)|VARIABLE_SCOPE_BEGIN|[20]|currentPrice|Decimal|false|false
08:47:25.0 (3207588)|VARIABLE_ASSIGNMENT|[20]|currentPrice|null
08:47:25.0 (3213978)|STATEMENT_EXECUTE|[21]
08:47:25.0 (3215098)|STATEMENT_EXECUTE|[22]
08:47:25.0 (3217840)|VARIABLE_ASSIGNMENT|[22]|highestPrice|null
08:47:25.0 (3219202)|STATEMENT_EXECUTE|[23]
08:47:25.0 (3221114)|HEAP_ALLOCATE|[23]|Bytes:4
08:47:25.0 (3225174)|VARIABLE_ASSIGNMENT|[23]|highestPricePosition|0
08:47:25.0 (3228149)|HEAP_ALLOCATE|[19]|Bytes:4
08:47:25.0 (3231294)|VARIABLE_ASSIGNMENT|[19]|i|1
08:47:25.0 (3241006)|STATEMENT_EXECUTE|[19]
08:47:25.0 (3242399)|STATEMENT_EXECUTE|[20]
08:47:25.0 (3248264)|VARIABLE_SCOPE_BEGIN|[20]|currentPrice|Decimal|false|false
08:47:25.0 (3251804)|VARIABLE_ASSIGNMENT|[20]|currentPrice|null
08:47:25.0 (3254319)|STATEMENT_EXECUTE|[21]
08:47:25.0 (3255354)|STATEMENT_EXECUTE|[22]
08:47:25.0 (3257889)|VARIABLE_ASSIGNMENT|[22]|highestPrice|null
08:47:25.0 (3259290)|STATEMENT_EXECUTE|[23]
08:47:25.0 (3260854)|HEAP_ALLOCATE|[23]|Bytes:4
08:47:25.0 (3264325)|VARIABLE_ASSIGNMENT|[23]|highestPricePosition|1
08:47:25.0 (3266050)|HEAP_ALLOCATE|[19]|Bytes:4
08:47:25.0 (3268813)|VARIABLE_ASSIGNMENT|[19]|i|2
08:47:25.0 (3276222)|STATEMENT_EXECUTE|[19]
08:47:25.0 (3277484)|STATEMENT_EXECUTE|[20]
08:47:25.0 (3282977)|VARIABLE_SCOPE_BEGIN|[20]|currentPrice|Decimal|false|false
08:47:25.0 (3286296)|VARIABLE_ASSIGNMENT|[20]|currentPrice|null
08:47:25.0 (3288638)|STATEMENT_EXECUTE|[21]
08:47:25.0 (3289632)|STATEMENT_EXECUTE|[22]
08:47:25.0 (3292110)|VARIABLE_ASSIGNMENT|[22]|highestPrice|null
08:47:25.0 (3293703)|STATEMENT_EXECUTE|[23]
08:47:25.0 (3295360)|HEAP_ALLOCATE|[23]|Bytes:4
08:47:25.0 (3298508)|VARIABLE_ASSIGNMENT|[23]|highestPricePosition|2
08:47:25.0 (3300213)|HEAP_ALLOCATE|[19]|Bytes:4
08:47:25.0 (3303008)|VARIABLE_ASSIGNMENT|[19]|i|3
08:47:25.0 (3311966)|STATEMENT_EXECUTE|[28]
08:47:25.0 (3634203)|VARIABLE_ASSIGNMENT|[28]|this.Leading_Competitor__c|null|0x2f609cae
08:47:25.0 (3638891)|STATEMENT_EXECUTE|[29]
08:47:25.0 (3923403)|VARIABLE_ASSIGNMENT|[29]|this.Leading_Competitor_Price__c|null|0x2f609cae
08:47:25.0 (3940836)|HEAP_ALLOCATE|[3]|Bytes:5
08:47:25.0 (3953984)|VARIABLE_ASSIGNMENT|[3]|opp|null|
08:47:25.3 (3963251)|CUMULATIVE_LIMIT_USAGE
08:47:25.3 (3963251)|LIMIT_USAGE_FOR_NS|(default)|
  Number of SOQL queries: 0 out of 100
  Number of query rows: 0 out of 50000
  Number of SOSL queries: 0 out of 20
  Number of DML statements: 0 out of 150
  Number of DML rows: 0 out of 10000
  Maximum CPU time: 0 out of 10000
  Maximum heap size: 0 out of 6000000
  Number of callouts: 0 out of 100
  Number of Email Invocations: 0 out of 10
  Number of future calls: 0 out of 50
  Number of queueable jobs added to the queue: 0 out of 50
  Number of Mobile Apex push calls: 0 out of 10

08:47:25.3 (3963251)|CUMULATIVE_LIMIT_USAGE_END

08:47:25.0 (5413469)|CODE_UNIT_FINISHED|LeadingCompetitor on Opportunity trigger event BeforeInsert for [new]
08:47:25.0 (116418305)|CODE_UNIT_STARTED|[EXTERNAL]|01q41000001AAfq|ComparableOpps on Opportunity trigger event AfterInsert for [006410000079u9E]
08:47:25.0 (116459370)|HEAP_ALLOCATE|[EXTERNAL]|Bytes:8
08:47:25.0 (116631217)|HEAP_ALLOCATE|[EXTERNAL]|Bytes:2
08:47:25.0 (116661088)|HEAP_ALLOCATE|[EXTERNAL]|Bytes:4
08:47:25.0 (116672483)|VARIABLE_SCOPE_BEGIN|[1]|this|ComparableOpps|true|false
08:47:25.0 (116713802)|VARIABLE_ASSIGNMENT|[1]|this|{}|0x3a76c85e
08:47:25.0 (116767763)|HEAP_ALLOCATE|[EXTERNAL]|Bytes:4
08:47:25.0 (116775612)|VARIABLE_SCOPE_BEGIN|[1]|this|ComparableOpps|true|false
08:47:25.0 (116785650)|VARIABLE_ASSIGNMENT|[1]|this|{}|0x3a76c85e
08:47:25.0 (116792463)|STATEMENT_EXECUTE|[1]
08:47:25.0 (116913244)|HEAP_ALLOCATE|[3]|Bytes:5
08:47:25.0 (116949268)|VARIABLE_SCOPE_BEGIN|[3]|opp|Opportunity|true|false
08:47:25.0 (117506525)|VARIABLE_ASSIGNMENT|[3]|opp|{"LastModifiedDate":"2017-01-05T16:47:25.000Z","IsDeleted":false,"AccountId":"0014100000DJ332AAD","HasOpportunityLineIt (2 more) ...":false,"StageName":"Prospecting","Amount":210000.00,"Probability":10,"ForecastCategory":"Pipeline","IsClosed":false,"CloseDate":"2017-01-05T00:00:00.000Z","Name":"Testy","SystemModstamp":"2017-01-05T16:47:25.000Z","HasOpenActivity":false,"ExpectedRevenue":21000.00,"CreatedById":"00541000001IQl9AAG","OwnerId":"00541000001IQl9AAG","IsWon":false,"CreatedDate":"2017-01-05T16:47:25.000Z","HasOverdueTask":false,"Id":"006410000079u9EAAQ","ForecastCategoryName":"Pipeline","IsPrivate":false,"LastModifiedById":"00541000001IQl9AAG"}|0x522eff2b
08:47:25.0 (117516560)|STATEMENT_EXECUTE|[3]
08:47:25.0 (117518214)|STATEMENT_EXECUTE|[5]
08:47:25.0 (117524105)|HEAP_ALLOCATE|[5]|Bytes:72
08:47:25.0 (117542566)|HEAP_ALLOCATE|[5]|Bytes:4
08:47:25.0 (117558526)|HEAP_ALLOCATE|[5]|Bytes:7
08:47:25.0 (118233261)|SOQL_EXECUTE_BEGIN|[5]|Aggregations:0|SELECT Id, Account.Industry FROM Opportunity WHERE Id = :tmpVar1 LIMIT 1
08:47:25.0 (122527643)|SOQL_EXECUTE_END|[5]|Rows:1
08:47:25.0 (122558982)|HEAP_ALLOCATE|[5]|Bytes:8
08:47:25.0 (122581929)|HEAP_ALLOCATE|[5]|Bytes:99
08:47:25.0 (122608943)|HEAP_ALLOCATE|[5]|Bytes:8
08:47:25.0 (122627956)|HEAP_ALLOCATE|[5]|Bytes:37
08:47:25.0 (122662951)|HEAP_ALLOCATE|[5]|Bytes:16
08:47:25.0 (122675392)|VARIABLE_SCOPE_BEGIN|[5]|oppWithAccountInfo|Opportunity|true|false
08:47:25.0 (122727048)|VARIABLE_ASSIGNMENT|[5]|oppWithAccountInfo|{"s":1,"v":{"Id":"006410000079u9EAAQ","AccountId":"0014100000DJ332AAD","Account":{"s":2,"v":{"Id":"0014100000DJ332AAD"}}}}|0x7b97860e
08:47:25.0 (122733050)|STATEMENT_EXECUTE|[12]
08:47:25.0 (122800771)|HEAP_ALLOCATE|[12]|Bytes:3
08:47:25.0 (122830294)|HEAP_ALLOCATE|[12]|Bytes:28
08:47:25.0 (122924552)|HEAP_ALLOCATE|[12]|Bytes:28
08:47:25.0 (122939253)|VARIABLE_SCOPE_BEGIN|[12]|minAmount|Decimal|false|false
08:47:25.0 (122950408)|VARIABLE_ASSIGNMENT|[12]|minAmount|189000.000
08:47:25.0 (122953295)|STATEMENT_EXECUTE|[13]
08:47:25.0 (122963072)|HEAP_ALLOCATE|[13]|Bytes:3
08:47:25.0 (122970215)|HEAP_ALLOCATE|[13]|Bytes:28
08:47:25.0 (122999618)|HEAP_ALLOCATE|[13]|Bytes:28
08:47:25.0 (123010761)|VARIABLE_SCOPE_BEGIN|[13]|maxAmount|Decimal|false|false
08:47:25.0 (123018779)|VARIABLE_ASSIGNMENT|[13]|maxAmount|231000.000
08:47:25.0 (123021381)|STATEMENT_EXECUTE|[16]
08:47:25.0 (123025027)|HEAP_ALLOCATE|[16]|Bytes:189
08:47:25.0 (123034497)|HEAP_ALLOCATE|[16]|Bytes:4
08:47:25.0 (123074225)|HEAP_ALLOCATE|[16]|Bytes:28
08:47:25.0 (123081364)|HEAP_ALLOCATE|[16]|Bytes:7
08:47:25.0 (123091821)|HEAP_ALLOCATE|[16]|Bytes:28
08:47:25.0 (123096365)|HEAP_ALLOCATE|[16]|Bytes:7
08:47:25.0 (123201075)|HEAP_ALLOCATE|[16]|Bytes:7
08:47:25.0 (123927192)|SOQL_EXECUTE_BEGIN|[16]|Aggregations:0|SELECT Id FROM Opportunity WHERE (Amount >= :tmpVar1 AND Amount <= :tmpVar2 AND Account.Industry = :tmpVar3 AND StageName = 'Closed Won' AND CloseDate >= LAST_N_DAYS:365 AND Id != :tmpVar4)
08:47:25.0 (132493345)|SOQL_EXECUTE_END|[16]|Rows:0
08:47:25.0 (132537648)|HEAP_ALLOCATE|[16]|Bytes:4
08:47:25.0 (132556725)|HEAP_ALLOCATE|[16]|Bytes:0
08:47:25.0 (132602025)|HEAP_ALLOCATE|[16]|Bytes:4
08:47:25.0 (132636116)|VARIABLE_SCOPE_BEGIN|[16]|comparableOpps|List<Opportunity>|true|false
08:47:25.0 (132679202)|VARIABLE_ASSIGNMENT|[16]|comparableOpps|{"s":1,"v":[]}|0x36dfe97b
08:47:25.0 (132685829)|STATEMENT_EXECUTE|[24]
08:47:25.0 (132694759)|HEAP_ALLOCATE|[24]|Bytes:25
08:47:25.0 (132814087)|HEAP_ALLOCATE|[24]|Bytes:2
08:47:25.0 (132838892)|HEAP_ALLOCATE|[24]|Bytes:27
08:47:25.0 (132883298)|USER_DEBUG|[24]|DEBUG|Comparable opp(s) found: ()
08:47:25.0 (132890821)|STATEMENT_EXECUTE|[27]
08:47:25.0 (132993235)|HEAP_ALLOCATE|[27]|Bytes:4
08:47:25.0 (133080782)|VARIABLE_SCOPE_BEGIN|[27]|junctionObjsToInsert|List<Comparable__c>|true|false
08:47:25.0 (133092543)|HEAP_ALLOCATE|[EXTERNAL]|Bytes:4
08:47:25.0 (133106747)|VARIABLE_ASSIGNMENT|[27]|junctionObjsToInsert|{"s":1,"v":[]}|0x21639c8b
08:47:25.0 (133189034)|HEAP_ALLOCATE|[28]|Bytes:5
08:47:25.0 (133212158)|VARIABLE_ASSIGNMENT|[28]|comp|null|
08:47:25.0 (133217259)|STATEMENT_EXECUTE|[28]
08:47:25.0 (133218874)|STATEMENT_EXECUTE|[34]
08:47:25.0 (133351818)|HEAP_ALLOCATE|[EXTERNAL]|Bytes:4
08:47:25.0 (133371779)|HEAP_ALLOCATE|[3]|Bytes:5
08:47:25.0 (133385409)|VARIABLE_ASSIGNMENT|[3]|opp|null|
08:47:25.133 (133402735)|CUMULATIVE_LIMIT_USAGE
08:47:25.133 (133402735)|LIMIT_USAGE_FOR_NS|(default)|
  Number of SOQL queries: 2 out of 100
  Number of query rows: 1 out of 50000
  Number of SOSL queries: 0 out of 20
  Number of DML statements: 0 out of 150
  Number of DML rows: 0 out of 10000
  Maximum CPU time: 0 out of 10000
  Maximum heap size: 0 out of 6000000
  Number of callouts: 0 out of 100
  Number of Email Invocations: 0 out of 10
  Number of future calls: 0 out of 50
  Number of queueable jobs added to the queue: 0 out of 50
  Number of Mobile Apex push calls: 0 out of 10

08:47:25.133 (133402735)|CUMULATIVE_LIMIT_USAGE_END

08:47:25.0 (135276067)|CODE_UNIT_FINISHED|ComparableOpps on Opportunity trigger event AfterInsert for [006410000079u9E]
08:47:25.0 (141093239)|CODE_UNIT_STARTED|[EXTERNAL]|01q410000019g8k|AppleWatch on Opportunity trigger event AfterInsert for [006410000079u9E]
08:47:25.0 (141135699)|HEAP_ALLOCATE|[EXTERNAL]|Bytes:8
08:47:25.0 (141271852)|HEAP_ALLOCATE|[EXTERNAL]|Bytes:4
08:47:25.0 (141290804)|VARIABLE_SCOPE_BEGIN|[1]|this|AppleWatch|true|false
08:47:25.0 (141341113)|VARIABLE_ASSIGNMENT|[1]|this|{}|0x4316ba00
08:47:25.0 (141405108)|HEAP_ALLOCATE|[EXTERNAL]|Bytes:4
08:47:25.0 (141415821)|VARIABLE_SCOPE_BEGIN|[1]|this|AppleWatch|true|false
08:47:25.0 (141432280)|VARIABLE_ASSIGNMENT|[1]|this|{}|0x4316ba00
08:47:25.0 (141441313)|STATEMENT_EXECUTE|[1]
08:47:25.0 (141545522)|HEAP_ALLOCATE|[2]|Bytes:5
08:47:25.0 (141578153)|VARIABLE_SCOPE_BEGIN|[2]|opp|Opportunity|true|false
08:47:25.0 (142310555)|VARIABLE_ASSIGNMENT|[2]|opp|{"LastModifiedDate":"2017-01-05T16:47:25.000Z","IsDeleted":false,"AccountId":"0014100000DJ332AAD","HasOpportunityLineIt (2 more) ...":false,"StageName":"Prospecting","Amount":210000.00,"Probability":10,"ForecastCategory":"Pipeline","IsClosed":false,"CloseDate":"2017-01-05T00:00:00.000Z","Name":"Testy","SystemModstamp":"2017-01-05T16:47:25.000Z","HasOpenActivity":false,"ExpectedRevenue":21000.00,"CreatedById":"00541000001IQl9AAG","OwnerId":"00541000001IQl9AAG","IsWon":false,"CreatedDate":"2017-01-05T16:47:25.000Z","HasOverdueTask":false,"Id":"006410000079u9EAAQ","ForecastCategoryName":"Pipeline","IsPrivate":false,"LastModifiedById":"00541000001IQl9AAG"}|0x522eff2b
08:47:25.0 (142321336)|STATEMENT_EXECUTE|[2]
08:47:25.0 (142323799)|STATEMENT_EXECUTE|[3]
08:47:25.0 (142387299)|HEAP_ALLOCATE|[3]|Bytes:4
08:47:25.0 (142534313)|VARIABLE_SCOPE_BEGIN|[3]|t|Task|true|false
08:47:25.0 (142548797)|VARIABLE_ASSIGNMENT|[3]|t|{}|0x2c978ed6
08:47:25.0 (142552698)|STATEMENT_EXECUTE|[4]
08:47:25.0 (142559518)|HEAP_ALLOCATE|[4]|Bytes:17
08:47:25.0 (142811913)|VARIABLE_ASSIGNMENT|[4]|this.Subject|"Apple Watch Promo"|0x2c978ed6
08:47:25.0 (142817746)|STATEMENT_EXECUTE|[5]
08:47:25.0 (142823635)|HEAP_ALLOCATE|[5]|Bytes:18
08:47:25.0 (142875918)|VARIABLE_ASSIGNMENT|[5]|this.Description|"Send them one ASAP"|0x2c978ed6
08:47:25.0 (142881282)|STATEMENT_EXECUTE|[6]
08:47:25.0 (142886094)|HEAP_ALLOCATE|[6]|Bytes:4
08:47:25.0 (142939301)|VARIABLE_ASSIGNMENT|[6]|this.Priority|"High"|0x2c978ed6
08:47:25.0 (142944563)|STATEMENT_EXECUTE|[7]
08:47:25.0 (143323520)|VARIABLE_ASSIGNMENT|[7]|this.WhatId|"006410000079u9EAAQ"|0x2c978ed6
08:47:25.0 (143329682)|STATEMENT_EXECUTE|[8]
08:47:25.0 (143362133)|HEAP_ALLOCATE|[8]|Bytes:8
08:47:25.0 (143376993)|DML_BEGIN|[8]|Op:Insert|Type:Task|Rows:1
08:47:25.0 (143417364)|HEAP_ALLOCATE|[EXTERNAL]|Bytes:8
08:47:25.0 (190320335)|DML_END|[8]
08:47:25.0 (190407465)|HEAP_ALLOCATE|[2]|Bytes:5
08:47:25.0 (190453950)|VARIABLE_ASSIGNMENT|[2]|opp|null|
08:47:25.190 (190473912)|CUMULATIVE_LIMIT_USAGE
08:47:25.190 (190473912)|LIMIT_USAGE_FOR_NS|(default)|
  Number of SOQL queries: 2 out of 100
  Number of query rows: 1 out of 50000
  Number of SOSL queries: 0 out of 20
  Number of DML statements: 1 out of 150
  Number of DML rows: 1 out of 10000
  Maximum CPU time: 0 out of 10000
  Maximum heap size: 0 out of 6000000
  Number of callouts: 0 out of 100
  Number of Email Invocations: 0 out of 10
  Number of future calls: 0 out of 50
  Number of queueable jobs added to the queue: 0 out of 50
  Number of Mobile Apex push calls: 0 out of 10

08:47:25.190 (190473912)|CUMULATIVE_LIMIT_USAGE_END

08:47:25.0 (192407318)|CODE_UNIT_FINISHED|AppleWatch on Opportunity trigger event AfterInsert for [006410000079u9E]
08:47:25.0 (238019022)|CODE_UNIT_FINISHED|TRIGGERS
08:47:25.0 (238036940)|EXECUTION_FINISHED
