38.0 APEX_CODE,FINEST;APEX_PROFILING,INFO;CALLOUT,INFO;DB,INFO;SYSTEM,DEBUG;VALIDATION,INFO;VISUALFORCE,INFO;WORKFLOW,INFO
08:57:45.0 (451891)|USER_INFO|[EXTERNAL]|00541000001IQl9|wjw@stuff.com|Pacific Standard Time|GMT-08:00
08:57:45.0 (493387)|EXECUTION_STARTED
08:57:45.0 (498464)|CODE_UNIT_STARTED|[EXTERNAL]|VisualForce View State
08:57:45.0 (278690279)|HEAP_ALLOCATE|[72]|Bytes:3
08:57:45.0 (278758447)|HEAP_ALLOCATE|[77]|Bytes:152
08:57:45.0 (278783630)|HEAP_ALLOCATE|[342]|Bytes:408
08:57:45.0 (278804725)|HEAP_ALLOCATE|[355]|Bytes:408
08:57:45.0 (278824417)|HEAP_ALLOCATE|[467]|Bytes:48
08:57:45.0 (278860581)|HEAP_ALLOCATE|[139]|Bytes:6
08:57:45.0 (278891817)|HEAP_ALLOCATE|[50]|Bytes:5
08:57:45.0 (278920798)|HEAP_ALLOCATE|[56]|Bytes:5
08:57:45.0 (278929326)|HEAP_ALLOCATE|[64]|Bytes:7
08:57:45.0 (280746879)|CODE_UNIT_FINISHED|VisualForce View State
08:57:45.0 (280923175)|EXECUTION_FINISHED
08:57:45.288 (288862507)|USER_INFO|[EXTERNAL]|00541000001IQl9|wjw@stuff.com|Pacific Standard Time|GMT-08:00
08:57:45.288 (288909049)|SYSTEM_MODE_ENTER|true
08:57:45.288 (288999597)|HEAP_ALLOCATE|[EXTERNAL]|Bytes:38
08:57:45.288 (289015309)|HEAP_ALLOCATE|[EXTERNAL]|Bytes:7
08:57:45.288 (289033047)|SYSTEM_METHOD_ENTRY|[1]|PageMessagesComponentController.PageMessagesComponentController()
08:57:45.288 (289037308)|STATEMENT_EXECUTE|[1]
08:57:45.825 (825258395)|CUMULATIVE_LIMIT_USAGE
08:57:45.825 (825258395)|LIMIT_USAGE_FOR_NS|(default)|
  Number of SOQL queries: 0 out of 100
  Number of query rows: 0 out of 50000
  Number of SOSL queries: 0 out of 20
  Number of DML statements: 0 out of 150
  Number of DML rows: 0 out of 10000
  Maximum CPU time: 0 out of 10000
  Maximum heap size: 0 out of 6000000
  Number of callouts: 0 out of 100
  Number of Email Invocations: 0 out of 10
  Number of future calls: 0 out of 50
  Number of queueable jobs added to the queue: 0 out of 50
  Number of Mobile Apex push calls: 0 out of 10

08:57:45.825 (825258395)|CUMULATIVE_LIMIT_USAGE_END

