36.0 APEX_CODE,FINEST;APEX_PROFILING,INFO;CALLOUT,INFO;DB,INFO;SYSTEM,DEBUG;VALIDATION,INFO;VISUALFORCE,INFO;WORKFLOW,INFO
07:14:19.0 (383012)|USER_INFO|[EXTERNAL]|00541000001IQl9|wjw@stuff.com|Pacific Standard Time|GMT-08:00
07:14:19.0 (421062)|EXECUTION_STARTED
07:14:19.0 (426745)|CODE_UNIT_STARTED|[EXTERNAL]|TRIGGERS
07:14:19.0 (473978)|CODE_UNIT_STARTED|[EXTERNAL]|01q410000019tBL|LeadingCompetitor on Opportunity trigger event BeforeInsert for [new]
07:14:19.0 (529667)|HEAP_ALLOCATE|[EXTERNAL]|Bytes:8
07:14:19.0 (970398)|HEAP_ALLOCATE|[72]|Bytes:3
07:14:19.0 (1050726)|HEAP_ALLOCATE|[77]|Bytes:152
07:14:19.0 (1079223)|HEAP_ALLOCATE|[342]|Bytes:408
07:14:19.0 (1113082)|HEAP_ALLOCATE|[355]|Bytes:408
07:14:19.0 (1143592)|HEAP_ALLOCATE|[467]|Bytes:48
07:14:19.0 (1187831)|HEAP_ALLOCATE|[139]|Bytes:6
07:14:19.0 (1227056)|HEAP_ALLOCATE|[EXTERNAL]|Bytes:4
07:14:19.0 (1272712)|VARIABLE_SCOPE_BEGIN|[1]|this|LeadingCompetitor|true|false
07:14:19.0 (1502714)|VARIABLE_ASSIGNMENT|[1]|this|{}|0x68c4280c
07:14:19.0 (1568772)|HEAP_ALLOCATE|[EXTERNAL]|Bytes:4
07:14:19.0 (1592937)|VARIABLE_SCOPE_BEGIN|[1]|this|LeadingCompetitor|true|false
07:14:19.0 (1611660)|VARIABLE_ASSIGNMENT|[1]|this|{}|0x68c4280c
07:14:19.0 (1619420)|STATEMENT_EXECUTE|[1]
07:14:19.0 (1662371)|HEAP_ALLOCATE|[50]|Bytes:5
07:14:19.0 (1690623)|HEAP_ALLOCATE|[56]|Bytes:5
07:14:19.0 (1716069)|HEAP_ALLOCATE|[64]|Bytes:7
07:14:19.0 (2131491)|HEAP_ALLOCATE|[3]|Bytes:5
07:14:19.0 (2207076)|HEAP_ALLOCATE|[3]|Bytes:4
07:14:19.0 (2223510)|VARIABLE_SCOPE_BEGIN|[3]|opp|Opportunity|true|false
07:14:19.0 (3520658)|VARIABLE_ASSIGNMENT|[3]|opp|{"IsDeleted":false,"AccountId":"0014100000DJ332AAD","HasOpportunityLineIt (2 more) ...":false,"StageName":"Prospecting","Amount":999999999999.00,"Probability":10,"ForecastCategory":"Pipeline","IsClosed":false,"CloseDate":"2017-01-05T00:00:00.000Z","Name":"Crazy Opp","HasOpenActivity":false,"ExpectedRevenue":99999999999.90001,"OwnerId":"00541000001IQl9AAG","IsWon":false,"HasOverdueTask":false,"ForecastCategoryName":"Pipeline","IsPrivate":false}|0x2a0706c2
07:14:19.0 (3532433)|STATEMENT_EXECUTE|[3]
07:14:19.0 (3534317)|STATEMENT_EXECUTE|[5]
07:14:19.0 (3545833)|HEAP_ALLOCATE|[5]|Bytes:4
07:14:19.0 (3586326)|VARIABLE_SCOPE_BEGIN|[5]|competitorPrices|List<Decimal>|true|false
07:14:19.0 (3627150)|HEAP_ALLOCATE|[EXTERNAL]|Bytes:4
07:14:19.0 (3650323)|VARIABLE_ASSIGNMENT|[5]|competitorPrices|{"s":1,"v":[]}|0x68284243
07:14:19.0 (3655652)|STATEMENT_EXECUTE|[6]
07:14:19.0 (3743356)|HEAP_ALLOCATE|[EXTERNAL]|Bytes:4
07:14:19.0 (3757096)|STATEMENT_EXECUTE|[7]
07:14:19.0 (3823069)|HEAP_ALLOCATE|[EXTERNAL]|Bytes:4
07:14:19.0 (3834118)|STATEMENT_EXECUTE|[8]
07:14:19.0 (3893704)|HEAP_ALLOCATE|[EXTERNAL]|Bytes:4
07:14:19.0 (3903925)|STATEMENT_EXECUTE|[11]
07:14:19.0 (3914039)|HEAP_ALLOCATE|[11]|Bytes:4
07:14:19.0 (3945232)|VARIABLE_SCOPE_BEGIN|[11]|competitors|List<String>|true|false
07:14:19.0 (3975718)|HEAP_ALLOCATE|[EXTERNAL]|Bytes:4
07:14:19.0 (3990284)|VARIABLE_ASSIGNMENT|[11]|competitors|{"s":1,"v":[]}|0x61b3746a
07:14:19.0 (3995104)|STATEMENT_EXECUTE|[12]
07:14:19.0 (4061123)|HEAP_ALLOCATE|[EXTERNAL]|Bytes:4
07:14:19.0 (4071819)|STATEMENT_EXECUTE|[13]
07:14:19.0 (4116148)|HEAP_ALLOCATE|[EXTERNAL]|Bytes:4
07:14:19.0 (4122647)|STATEMENT_EXECUTE|[14]
07:14:19.0 (4160880)|HEAP_ALLOCATE|[EXTERNAL]|Bytes:4
07:14:19.0 (4167329)|STATEMENT_EXECUTE|[17]
07:14:19.0 (4173789)|VARIABLE_SCOPE_BEGIN|[17]|highestPrice|Decimal|false|false
07:14:19.0 (4181166)|VARIABLE_ASSIGNMENT|[17]|highestPrice|null
07:14:19.0 (4183788)|STATEMENT_EXECUTE|[18]
07:14:19.0 (4186164)|VARIABLE_SCOPE_BEGIN|[18]|highestPricePosition|Integer|false|false
07:14:19.0 (4190341)|VARIABLE_ASSIGNMENT|[18]|highestPricePosition|null
07:14:19.0 (4192794)|STATEMENT_EXECUTE|[19]
07:14:19.0 (4196161)|VARIABLE_SCOPE_BEGIN|[19]|i|Integer|false|false
07:14:19.0 (4201413)|HEAP_ALLOCATE|[19]|Bytes:4
07:14:19.0 (4206720)|VARIABLE_ASSIGNMENT|[19]|i|0
07:14:19.0 (4239186)|STATEMENT_EXECUTE|[19]
07:14:19.0 (4242433)|STATEMENT_EXECUTE|[20]
07:14:19.0 (4279981)|VARIABLE_SCOPE_BEGIN|[20]|currentPrice|Decimal|false|false
07:14:19.0 (4287210)|VARIABLE_ASSIGNMENT|[20]|currentPrice|null
07:14:19.0 (4292905)|STATEMENT_EXECUTE|[21]
07:14:19.0 (4294146)|STATEMENT_EXECUTE|[22]
07:14:19.0 (4296942)|VARIABLE_ASSIGNMENT|[22]|highestPrice|null
07:14:19.0 (4298245)|STATEMENT_EXECUTE|[23]
07:14:19.0 (4300373)|HEAP_ALLOCATE|[23]|Bytes:4
07:14:19.0 (4305008)|VARIABLE_ASSIGNMENT|[23]|highestPricePosition|0
07:14:19.0 (4307844)|HEAP_ALLOCATE|[19]|Bytes:4
07:14:19.0 (4313642)|VARIABLE_ASSIGNMENT|[19]|i|1
07:14:19.0 (4331403)|STATEMENT_EXECUTE|[19]
07:14:19.0 (4334356)|STATEMENT_EXECUTE|[20]
07:14:19.0 (4347777)|VARIABLE_SCOPE_BEGIN|[20]|currentPrice|Decimal|false|false
07:14:19.0 (4356241)|VARIABLE_ASSIGNMENT|[20]|currentPrice|null
07:14:19.0 (4361585)|STATEMENT_EXECUTE|[21]
07:14:19.0 (4363627)|STATEMENT_EXECUTE|[22]
07:14:19.0 (4368792)|VARIABLE_ASSIGNMENT|[22]|highestPrice|null
07:14:19.0 (4370280)|STATEMENT_EXECUTE|[23]
07:14:19.0 (4372476)|HEAP_ALLOCATE|[23]|Bytes:4
07:14:19.0 (4376687)|VARIABLE_ASSIGNMENT|[23]|highestPricePosition|1
07:14:19.0 (4378954)|HEAP_ALLOCATE|[19]|Bytes:4
07:14:19.0 (4382082)|VARIABLE_ASSIGNMENT|[19]|i|2
07:14:19.0 (4392823)|STATEMENT_EXECUTE|[19]
07:14:19.0 (4394191)|STATEMENT_EXECUTE|[20]
07:14:19.0 (4400251)|VARIABLE_SCOPE_BEGIN|[20]|currentPrice|Decimal|false|false
07:14:19.0 (4404074)|VARIABLE_ASSIGNMENT|[20]|currentPrice|null
07:14:19.0 (4406439)|STATEMENT_EXECUTE|[21]
07:14:19.0 (4407503)|STATEMENT_EXECUTE|[22]
07:14:19.0 (4410168)|VARIABLE_ASSIGNMENT|[22]|highestPrice|null
07:14:19.0 (4411922)|STATEMENT_EXECUTE|[23]
07:14:19.0 (4413447)|HEAP_ALLOCATE|[23]|Bytes:4
07:14:19.0 (4416908)|VARIABLE_ASSIGNMENT|[23]|highestPricePosition|2
07:14:19.0 (4418793)|HEAP_ALLOCATE|[19]|Bytes:4
07:14:19.0 (4421527)|VARIABLE_ASSIGNMENT|[19]|i|3
07:14:19.0 (4430324)|STATEMENT_EXECUTE|[28]
07:14:19.0 (4770342)|VARIABLE_ASSIGNMENT|[28]|this.Leading_Competitor__c|null|0x2a0706c2
07:14:19.0 (4774968)|STATEMENT_EXECUTE|[29]
07:14:19.0 (5061870)|VARIABLE_ASSIGNMENT|[29]|this.Leading_Competitor_Price__c|null|0x2a0706c2
07:14:19.0 (5079854)|HEAP_ALLOCATE|[3]|Bytes:5
07:14:19.0 (5093013)|VARIABLE_ASSIGNMENT|[3]|opp|null|
07:14:19.5 (5102071)|CUMULATIVE_LIMIT_USAGE
07:14:19.5 (5102071)|LIMIT_USAGE_FOR_NS|(default)|
  Number of SOQL queries: 0 out of 100
  Number of query rows: 0 out of 50000
  Number of SOSL queries: 0 out of 20
  Number of DML statements: 0 out of 150
  Number of DML rows: 0 out of 10000
  Maximum CPU time: 0 out of 10000
  Maximum heap size: 0 out of 6000000
  Number of callouts: 0 out of 100
  Number of Email Invocations: 0 out of 10
  Number of future calls: 0 out of 50
  Number of queueable jobs added to the queue: 0 out of 50
  Number of Mobile Apex push calls: 0 out of 10

07:14:19.5 (5102071)|CUMULATIVE_LIMIT_USAGE_END

07:14:19.0 (6341682)|CODE_UNIT_FINISHED|LeadingCompetitor on Opportunity trigger event BeforeInsert for [new]
07:14:19.0 (92268991)|CODE_UNIT_STARTED|[EXTERNAL]|01q41000001AAfq|ComparableOpps on Opportunity trigger event AfterInsert for [006410000079t25]
07:14:19.0 (92314415)|HEAP_ALLOCATE|[EXTERNAL]|Bytes:8
07:14:19.0 (92483735)|HEAP_ALLOCATE|[EXTERNAL]|Bytes:2
07:14:19.0 (92570848)|HEAP_ALLOCATE|[EXTERNAL]|Bytes:4
07:14:19.0 (92586601)|VARIABLE_SCOPE_BEGIN|[1]|this|ComparableOpps|true|false
07:14:19.0 (92626041)|VARIABLE_ASSIGNMENT|[1]|this|{}|0x2322e26a
07:14:19.0 (92677542)|HEAP_ALLOCATE|[EXTERNAL]|Bytes:4
07:14:19.0 (92684413)|VARIABLE_SCOPE_BEGIN|[1]|this|ComparableOpps|true|false
07:14:19.0 (92695851)|VARIABLE_ASSIGNMENT|[1]|this|{}|0x2322e26a
07:14:19.0 (92701769)|STATEMENT_EXECUTE|[1]
07:14:19.0 (92791060)|HEAP_ALLOCATE|[3]|Bytes:5
07:14:19.0 (92821720)|VARIABLE_SCOPE_BEGIN|[3]|opp|Opportunity|true|false
07:14:19.0 (93457255)|VARIABLE_ASSIGNMENT|[3]|opp|{"LastModifiedDate":"2017-01-05T15:14:19.000Z","IsDeleted":false,"AccountId":"0014100000DJ332AAD","HasOpportunityLineIt (2 more) ...":false,"StageName":"Prospecting","Amount":999999999999.00,"Probability":10,"ForecastCategory":"Pipeline","IsClosed":false,"CloseDate":"2017-01-05T00:00:00.000Z","Name":"Crazy Opp","SystemModstamp":"2017-01-05T15:14:19.000Z","HasOpenActivity":false,"ExpectedRevenue":99999999999.90001,"CreatedById":"00541000001IQl9AAG","OwnerId":"00541000001IQl9AAG","IsWon":false,"CreatedDate":"2017-01-05T15:14:19.000Z","HasOverdueTask":false,"Id":"006410000079t25AAA","ForecastCategoryName":"Pipeline","IsPrivate":false,"LastModifiedById":"00541000001IQl9AAG"}|0x42897357
07:14:19.0 (93466805)|STATEMENT_EXECUTE|[3]
07:14:19.0 (93468394)|STATEMENT_EXECUTE|[5]
07:14:19.0 (93472538)|HEAP_ALLOCATE|[5]|Bytes:72
07:14:19.0 (93484820)|HEAP_ALLOCATE|[5]|Bytes:4
07:14:19.0 (93495383)|HEAP_ALLOCATE|[5]|Bytes:7
07:14:19.0 (93989433)|SOQL_EXECUTE_BEGIN|[5]|Aggregations:0|SELECT Id, Account.Industry FROM Opportunity WHERE Id = :tmpVar1 LIMIT 1
07:14:19.0 (99776683)|SOQL_EXECUTE_END|[5]|Rows:1
07:14:19.0 (99803959)|HEAP_ALLOCATE|[5]|Bytes:8
07:14:19.0 (99826397)|HEAP_ALLOCATE|[5]|Bytes:99
07:14:19.0 (99847814)|HEAP_ALLOCATE|[5]|Bytes:8
07:14:19.0 (99869258)|HEAP_ALLOCATE|[5]|Bytes:37
07:14:19.0 (99906607)|HEAP_ALLOCATE|[5]|Bytes:16
07:14:19.0 (99919939)|VARIABLE_SCOPE_BEGIN|[5]|oppWithAccountInfo|Opportunity|true|false
07:14:19.0 (99964101)|VARIABLE_ASSIGNMENT|[5]|oppWithAccountInfo|{"s":1,"v":{"Id":"006410000079t25AAA","AccountId":"0014100000DJ332AAD","Account":{"s":2,"v":{"Id":"0014100000DJ332AAD"}}}}|0x5e7e9916
07:14:19.0 (99971003)|STATEMENT_EXECUTE|[12]
07:14:19.0 (99976529)|HEAP_ALLOCATE|[12]|Bytes:3
07:14:19.0 (100010076)|HEAP_ALLOCATE|[12]|Bytes:28
07:14:19.0 (100212009)|EXCEPTION_THROWN|[12]|System.FinalException: Record is read-only
07:14:19.0 (100309612)|HEAP_ALLOCATE|[12]|Bytes:23
07:14:19.0 (100469675)|FATAL_ERROR|System.FinalException: Record is read-only

Trigger.ComparableOpps: line 12, column 1
07:14:19.0 (100481481)|FATAL_ERROR|System.FinalException: Record is read-only

Trigger.ComparableOpps: line 12, column 1
07:14:19.100 (100547216)|CUMULATIVE_LIMIT_USAGE
07:14:19.100 (100547216)|LIMIT_USAGE_FOR_NS|(default)|
  Number of SOQL queries: 1 out of 100
  Number of query rows: 1 out of 50000
  Number of SOSL queries: 0 out of 20
  Number of DML statements: 0 out of 150
  Number of DML rows: 0 out of 10000
  Maximum CPU time: 0 out of 10000
  Maximum heap size: 0 out of 6000000
  Number of callouts: 0 out of 100
  Number of Email Invocations: 0 out of 10
  Number of future calls: 0 out of 50
  Number of queueable jobs added to the queue: 0 out of 50
  Number of Mobile Apex push calls: 0 out of 10

07:14:19.100 (100547216)|CUMULATIVE_LIMIT_USAGE_END

07:14:19.0 (102048548)|CODE_UNIT_FINISHED|ComparableOpps on Opportunity trigger event AfterInsert for [006410000079t25]
