36.0 APEX_CODE,FINEST;APEX_PROFILING,INFO;CALLOUT,INFO;DB,INFO;SYSTEM,DEBUG;VALIDATION,INFO;VISUALFORCE,INFO;WORKFLOW,INFO
08:44:40.0 (442065)|USER_INFO|[EXTERNAL]|00541000001IQl9|wjw@stuff.com|Pacific Standard Time|GMT-08:00
08:44:40.0 (491104)|EXECUTION_STARTED
08:44:40.0 (497342)|CODE_UNIT_STARTED|[EXTERNAL]|TRIGGERS
08:44:40.0 (545469)|CODE_UNIT_STARTED|[EXTERNAL]|01q410000019tBL|LeadingCompetitor on Opportunity trigger event BeforeInsert for [new]
08:44:40.0 (618179)|HEAP_ALLOCATE|[EXTERNAL]|Bytes:8
08:44:40.0 (1126900)|HEAP_ALLOCATE|[72]|Bytes:3
08:44:40.0 (1199962)|HEAP_ALLOCATE|[77]|Bytes:152
08:44:40.0 (1229615)|HEAP_ALLOCATE|[342]|Bytes:408
08:44:40.0 (1264724)|HEAP_ALLOCATE|[355]|Bytes:408
08:44:40.0 (1297391)|HEAP_ALLOCATE|[467]|Bytes:48
08:44:40.0 (1348691)|HEAP_ALLOCATE|[139]|Bytes:6
08:44:40.0 (1392621)|HEAP_ALLOCATE|[EXTERNAL]|Bytes:4
08:44:40.0 (1406547)|VARIABLE_SCOPE_BEGIN|[1]|this|LeadingCompetitor|true|false
08:44:40.0 (1480371)|VARIABLE_ASSIGNMENT|[1]|this|{}|0x17cb05e3
08:44:40.0 (1547673)|HEAP_ALLOCATE|[EXTERNAL]|Bytes:4
08:44:40.0 (1560258)|VARIABLE_SCOPE_BEGIN|[1]|this|LeadingCompetitor|true|false
08:44:40.0 (1577364)|VARIABLE_ASSIGNMENT|[1]|this|{}|0x17cb05e3
08:44:40.0 (1586307)|STATEMENT_EXECUTE|[1]
08:44:40.0 (1641245)|HEAP_ALLOCATE|[50]|Bytes:5
08:44:40.0 (1680131)|HEAP_ALLOCATE|[56]|Bytes:5
08:44:40.0 (1697831)|HEAP_ALLOCATE|[64]|Bytes:7
08:44:40.0 (2128467)|HEAP_ALLOCATE|[3]|Bytes:5
08:44:40.0 (2179260)|HEAP_ALLOCATE|[3]|Bytes:4
08:44:40.0 (2192382)|VARIABLE_SCOPE_BEGIN|[3]|opp|Opportunity|true|false
08:44:40.0 (2879229)|VARIABLE_ASSIGNMENT|[3]|opp|{"IsDeleted":false,"HasOpportunityLineIt (2 more) ...":false,"StageName":"Prospecting","Amount":999.00,"Probability":10,"ForecastCategory":"Pipeline","IsClosed":false,"CloseDate":"2017-01-05T00:00:00.000Z","Name":"Bigg Opp","HasOpenActivity":false,"ExpectedRevenue":99.90,"OwnerId":"00541000001IQl9AAG","IsWon":false,"HasOverdueTask":false,"ForecastCategoryName":"Pipeline","IsPrivate":false}|0x3b31932d
08:44:40.0 (2888068)|STATEMENT_EXECUTE|[3]
08:44:40.0 (2889775)|STATEMENT_EXECUTE|[5]
08:44:40.0 (2900552)|HEAP_ALLOCATE|[5]|Bytes:4
08:44:40.0 (2947457)|VARIABLE_SCOPE_BEGIN|[5]|competitorPrices|List<Decimal>|true|false
08:44:40.0 (2986636)|HEAP_ALLOCATE|[EXTERNAL]|Bytes:4
08:44:40.0 (3003555)|VARIABLE_ASSIGNMENT|[5]|competitorPrices|{"s":1,"v":[]}|0x1a2549fc
08:44:40.0 (3016295)|STATEMENT_EXECUTE|[6]
08:44:40.0 (3075729)|HEAP_ALLOCATE|[EXTERNAL]|Bytes:4
08:44:40.0 (3084041)|STATEMENT_EXECUTE|[7]
08:44:40.0 (3160239)|HEAP_ALLOCATE|[EXTERNAL]|Bytes:4
08:44:40.0 (3172833)|STATEMENT_EXECUTE|[8]
08:44:40.0 (3234615)|HEAP_ALLOCATE|[EXTERNAL]|Bytes:4
08:44:40.0 (3246865)|STATEMENT_EXECUTE|[11]
08:44:40.0 (3257598)|HEAP_ALLOCATE|[11]|Bytes:4
08:44:40.0 (3290026)|VARIABLE_SCOPE_BEGIN|[11]|competitors|List<String>|true|false
08:44:40.0 (3323928)|HEAP_ALLOCATE|[EXTERNAL]|Bytes:4
08:44:40.0 (3338855)|VARIABLE_ASSIGNMENT|[11]|competitors|{"s":1,"v":[]}|0x29f05572
08:44:40.0 (3343615)|STATEMENT_EXECUTE|[12]
08:44:40.0 (3408439)|HEAP_ALLOCATE|[EXTERNAL]|Bytes:4
08:44:40.0 (3421204)|STATEMENT_EXECUTE|[13]
08:44:40.0 (3481928)|HEAP_ALLOCATE|[EXTERNAL]|Bytes:4
08:44:40.0 (3495158)|STATEMENT_EXECUTE|[14]
08:44:40.0 (3553641)|HEAP_ALLOCATE|[EXTERNAL]|Bytes:4
08:44:40.0 (3564545)|STATEMENT_EXECUTE|[17]
08:44:40.0 (3573258)|VARIABLE_SCOPE_BEGIN|[17]|highestPrice|Decimal|false|false
08:44:40.0 (3583139)|VARIABLE_ASSIGNMENT|[17]|highestPrice|null
08:44:40.0 (3586101)|STATEMENT_EXECUTE|[18]
08:44:40.0 (3589576)|VARIABLE_SCOPE_BEGIN|[18]|highestPricePosition|Integer|false|false
08:44:40.0 (3596183)|VARIABLE_ASSIGNMENT|[18]|highestPricePosition|null
08:44:40.0 (3600145)|STATEMENT_EXECUTE|[19]
08:44:40.0 (3605762)|VARIABLE_SCOPE_BEGIN|[19]|i|Integer|false|false
08:44:40.0 (3610837)|HEAP_ALLOCATE|[19]|Bytes:4
08:44:40.0 (3619775)|VARIABLE_ASSIGNMENT|[19]|i|0
08:44:40.0 (3662190)|STATEMENT_EXECUTE|[19]
08:44:40.0 (3665217)|STATEMENT_EXECUTE|[20]
08:44:40.0 (3706921)|VARIABLE_SCOPE_BEGIN|[20]|currentPrice|Decimal|false|false
08:44:40.0 (3716348)|VARIABLE_ASSIGNMENT|[20]|currentPrice|null
08:44:40.0 (3725049)|STATEMENT_EXECUTE|[21]
08:44:40.0 (3727472)|STATEMENT_EXECUTE|[22]
08:44:40.0 (3733007)|VARIABLE_ASSIGNMENT|[22]|highestPrice|null
08:44:40.0 (3735490)|STATEMENT_EXECUTE|[23]
08:44:40.0 (3738724)|HEAP_ALLOCATE|[23]|Bytes:4
08:44:40.0 (3745717)|VARIABLE_ASSIGNMENT|[23]|highestPricePosition|0
08:44:40.0 (3750023)|HEAP_ALLOCATE|[19]|Bytes:4
08:44:40.0 (3755740)|VARIABLE_ASSIGNMENT|[19]|i|1
08:44:40.0 (3774161)|STATEMENT_EXECUTE|[19]
08:44:40.0 (3777427)|STATEMENT_EXECUTE|[20]
08:44:40.0 (3793145)|VARIABLE_SCOPE_BEGIN|[20]|currentPrice|Decimal|false|false
08:44:40.0 (3801536)|VARIABLE_ASSIGNMENT|[20]|currentPrice|null
08:44:40.0 (3806395)|STATEMENT_EXECUTE|[21]
08:44:40.0 (3808401)|STATEMENT_EXECUTE|[22]
08:44:40.0 (3814525)|VARIABLE_ASSIGNMENT|[22]|highestPrice|null
08:44:40.0 (3817132)|STATEMENT_EXECUTE|[23]
08:44:40.0 (3820142)|HEAP_ALLOCATE|[23]|Bytes:4
08:44:40.0 (3827965)|VARIABLE_ASSIGNMENT|[23]|highestPricePosition|1
08:44:40.0 (3832158)|HEAP_ALLOCATE|[19]|Bytes:4
08:44:40.0 (3838575)|VARIABLE_ASSIGNMENT|[19]|i|2
08:44:40.0 (3857944)|STATEMENT_EXECUTE|[19]
08:44:40.0 (3860506)|STATEMENT_EXECUTE|[20]
08:44:40.0 (3873424)|VARIABLE_SCOPE_BEGIN|[20]|currentPrice|Decimal|false|false
08:44:40.0 (3881387)|VARIABLE_ASSIGNMENT|[20]|currentPrice|null
08:44:40.0 (3886721)|STATEMENT_EXECUTE|[21]
08:44:40.0 (3888620)|STATEMENT_EXECUTE|[22]
08:44:40.0 (3894688)|VARIABLE_ASSIGNMENT|[22]|highestPrice|null
08:44:40.0 (3897212)|STATEMENT_EXECUTE|[23]
08:44:40.0 (3900576)|HEAP_ALLOCATE|[23]|Bytes:4
08:44:40.0 (3907542)|VARIABLE_ASSIGNMENT|[23]|highestPricePosition|2
08:44:40.0 (3910773)|HEAP_ALLOCATE|[19]|Bytes:4
08:44:40.0 (3916292)|VARIABLE_ASSIGNMENT|[19]|i|3
08:44:40.0 (3935406)|STATEMENT_EXECUTE|[28]
08:44:40.0 (4400378)|VARIABLE_ASSIGNMENT|[28]|this.Leading_Competitor__c|null|0x3b31932d
08:44:40.0 (4406378)|STATEMENT_EXECUTE|[29]
08:44:40.0 (4719281)|VARIABLE_ASSIGNMENT|[29]|this.Leading_Competitor_Price__c|null|0x3b31932d
08:44:40.0 (4738270)|HEAP_ALLOCATE|[3]|Bytes:5
08:44:40.0 (4753122)|VARIABLE_ASSIGNMENT|[3]|opp|null|
08:44:40.4 (4762369)|CUMULATIVE_LIMIT_USAGE
08:44:40.4 (4762369)|LIMIT_USAGE_FOR_NS|(default)|
  Number of SOQL queries: 0 out of 100
  Number of query rows: 0 out of 50000
  Number of SOSL queries: 0 out of 20
  Number of DML statements: 0 out of 150
  Number of DML rows: 0 out of 10000
  Maximum CPU time: 0 out of 10000
  Maximum heap size: 0 out of 6000000
  Number of callouts: 0 out of 100
  Number of Email Invocations: 0 out of 10
  Number of future calls: 0 out of 50
  Number of queueable jobs added to the queue: 0 out of 50
  Number of Mobile Apex push calls: 0 out of 10

08:44:40.4 (4762369)|CUMULATIVE_LIMIT_USAGE_END

08:44:40.0 (6383978)|CODE_UNIT_FINISHED|LeadingCompetitor on Opportunity trigger event BeforeInsert for [new]
08:44:40.0 (110884350)|CODE_UNIT_STARTED|[EXTERNAL]|01q41000001AAfq|ComparableOpps on Opportunity trigger event AfterInsert for [006410000079u81]
08:44:40.0 (110925198)|HEAP_ALLOCATE|[EXTERNAL]|Bytes:8
08:44:40.0 (111074188)|HEAP_ALLOCATE|[EXTERNAL]|Bytes:2
08:44:40.0 (111101953)|HEAP_ALLOCATE|[EXTERNAL]|Bytes:4
08:44:40.0 (111112859)|VARIABLE_SCOPE_BEGIN|[39]|this|ComparableOpps|true|false
08:44:40.0 (111154510)|VARIABLE_ASSIGNMENT|[39]|this|{}|0x4dbd58b
08:44:40.0 (111225797)|HEAP_ALLOCATE|[EXTERNAL]|Bytes:4
08:44:40.0 (111234892)|VARIABLE_SCOPE_BEGIN|[39]|this|ComparableOpps|true|false
08:44:40.0 (111247060)|VARIABLE_ASSIGNMENT|[39]|this|{}|0x4dbd58b
08:44:40.0 (111254321)|STATEMENT_EXECUTE|[39]
08:44:40.0 (111404429)|HEAP_ALLOCATE|[41]|Bytes:5
08:44:40.0 (111441963)|VARIABLE_SCOPE_BEGIN|[41]|opp|Opportunity|true|false
08:44:40.0 (111976301)|VARIABLE_ASSIGNMENT|[41]|opp|{"LastModifiedDate":"2017-01-05T16:44:40.000Z","IsDeleted":false,"HasOpportunityLineIt (2 more) ...":false,"StageName":"Prospecting","Amount":999.00,"Probability":10,"ForecastCategory":"Pipeline","IsClosed":false,"CloseDate":"2017-01-05T00:00:00.000Z","Name":"Bigg Opp","SystemModstamp":"2017-01-05T16:44:40.000Z","HasOpenActivity":false,"ExpectedRevenue":99.90,"CreatedById":"00541000001IQl9AAG","OwnerId":"00541000001IQl9AAG","IsWon":false,"CreatedDate":"2017-01-05T16:44:40.000Z","HasOverdueTask":false,"Id":"006410000079u81AAA","ForecastCategoryName":"Pipeline","IsPrivate":false,"LastModifiedById":"00541000001IQl9AAG"}|0x4a228e67
08:44:40.0 (111985880)|STATEMENT_EXECUTE|[41]
08:44:40.0 (111987287)|STATEMENT_EXECUTE|[43]
08:44:40.0 (111992710)|HEAP_ALLOCATE|[43]|Bytes:72
08:44:40.0 (112009725)|HEAP_ALLOCATE|[43]|Bytes:4
08:44:40.0 (112025531)|HEAP_ALLOCATE|[43]|Bytes:7
08:44:40.0 (112308441)|SOQL_EXECUTE_BEGIN|[43]|Aggregations:0|SELECT Id, Account.Industry FROM Opportunity WHERE Id = :tmpVar1 LIMIT 1
08:44:40.0 (135016787)|SOQL_EXECUTE_END|[43]|Rows:1
08:44:40.0 (135051152)|HEAP_ALLOCATE|[43]|Bytes:8
08:44:40.0 (135066913)|HEAP_ALLOCATE|[43]|Bytes:29
08:44:40.0 (135088172)|HEAP_ALLOCATE|[43]|Bytes:8
08:44:40.0 (135112021)|HEAP_ALLOCATE|[43]|Bytes:37
08:44:40.0 (135139985)|HEAP_ALLOCATE|[43]|Bytes:8
08:44:40.0 (135153124)|VARIABLE_SCOPE_BEGIN|[43]|oppWithAccountInfo|Opportunity|true|false
08:44:40.0 (135214920)|VARIABLE_ASSIGNMENT|[43]|oppWithAccountInfo|{"s":1,"v":{"Id":"006410000079u81AAA"}}|0x15bbf708
08:44:40.0 (135225854)|STATEMENT_EXECUTE|[50]
08:44:40.0 (135269244)|HEAP_ALLOCATE|[50]|Bytes:3
08:44:40.0 (135292291)|HEAP_ALLOCATE|[50]|Bytes:28
08:44:40.0 (135418549)|HEAP_ALLOCATE|[50]|Bytes:28
08:44:40.0 (135437505)|VARIABLE_SCOPE_BEGIN|[50]|minAmount|Decimal|false|false
08:44:40.0 (135448079)|VARIABLE_ASSIGNMENT|[50]|minAmount|899.100
08:44:40.0 (135450917)|STATEMENT_EXECUTE|[51]
08:44:40.0 (135464593)|HEAP_ALLOCATE|[51]|Bytes:3
08:44:40.0 (135477361)|HEAP_ALLOCATE|[51]|Bytes:28
08:44:40.0 (135567186)|HEAP_ALLOCATE|[51]|Bytes:28
08:44:40.0 (135608293)|VARIABLE_SCOPE_BEGIN|[51]|maxAmount|Decimal|false|false
08:44:40.0 (135629613)|VARIABLE_ASSIGNMENT|[51]|maxAmount|1098.900
08:44:40.0 (135637745)|STATEMENT_EXECUTE|[54]
08:44:40.0 (135647817)|HEAP_ALLOCATE|[54]|Bytes:189
08:44:40.0 (135668519)|HEAP_ALLOCATE|[54]|Bytes:4
08:44:40.0 (135716611)|HEAP_ALLOCATE|[54]|Bytes:28
08:44:40.0 (135726655)|HEAP_ALLOCATE|[54]|Bytes:7
08:44:40.0 (135741847)|HEAP_ALLOCATE|[54]|Bytes:28
08:44:40.0 (135750510)|HEAP_ALLOCATE|[54]|Bytes:7
08:44:40.0 (135802844)|HEAP_ALLOCATE|[54]|Bytes:7
08:44:40.0 (136424328)|SOQL_EXECUTE_BEGIN|[54]|Aggregations:0|SELECT Id FROM Opportunity WHERE (Amount >= :tmpVar1 AND Amount <= :tmpVar2 AND Account.Industry = :tmpVar3 AND StageName = 'Closed Won' AND CloseDate >= LAST_N_DAYS:365 AND Id != :tmpVar4)
08:44:40.0 (155864152)|SOQL_EXECUTE_END|[54]|Rows:0
08:44:40.0 (155894053)|HEAP_ALLOCATE|[54]|Bytes:4
08:44:40.0 (155906083)|HEAP_ALLOCATE|[54]|Bytes:0
08:44:40.0 (155928998)|HEAP_ALLOCATE|[54]|Bytes:4
08:44:40.0 (155962817)|VARIABLE_SCOPE_BEGIN|[54]|comparableOpps|List<Opportunity>|true|false
08:44:40.0 (156003546)|VARIABLE_ASSIGNMENT|[54]|comparableOpps|{"s":1,"v":[]}|0x3b025ad8
08:44:40.0 (156011487)|STATEMENT_EXECUTE|[62]
08:44:40.0 (156018941)|HEAP_ALLOCATE|[62]|Bytes:25
08:44:40.0 (156112085)|HEAP_ALLOCATE|[62]|Bytes:2
08:44:40.0 (156158052)|HEAP_ALLOCATE|[62]|Bytes:27
08:44:40.0 (156200456)|USER_DEBUG|[62]|DEBUG|Comparable opp(s) found: ()
08:44:40.0 (156212510)|STATEMENT_EXECUTE|[65]
08:44:40.0 (156282319)|HEAP_ALLOCATE|[65]|Bytes:4
08:44:40.0 (156361515)|VARIABLE_SCOPE_BEGIN|[65]|junctionObjsToInsert|List<Comparable__c>|true|false
08:44:40.0 (156374723)|HEAP_ALLOCATE|[EXTERNAL]|Bytes:4
08:44:40.0 (156390229)|VARIABLE_ASSIGNMENT|[65]|junctionObjsToInsert|{"s":1,"v":[]}|0x11dc3a1f
08:44:40.0 (156459744)|HEAP_ALLOCATE|[66]|Bytes:5
08:44:40.0 (156477550)|VARIABLE_ASSIGNMENT|[66]|comp|null|
08:44:40.0 (156480976)|STATEMENT_EXECUTE|[66]
08:44:40.0 (156482445)|STATEMENT_EXECUTE|[72]
08:44:40.0 (156595793)|HEAP_ALLOCATE|[EXTERNAL]|Bytes:4
08:44:40.0 (156624465)|HEAP_ALLOCATE|[41]|Bytes:5
08:44:40.0 (156644130)|VARIABLE_ASSIGNMENT|[41]|opp|null|
08:44:40.156 (156659849)|CUMULATIVE_LIMIT_USAGE
08:44:40.156 (156659849)|LIMIT_USAGE_FOR_NS|(default)|
  Number of SOQL queries: 2 out of 100
  Number of query rows: 1 out of 50000
  Number of SOSL queries: 0 out of 20
  Number of DML statements: 0 out of 150
  Number of DML rows: 0 out of 10000
  Maximum CPU time: 0 out of 10000
  Maximum heap size: 0 out of 6000000
  Number of callouts: 0 out of 100
  Number of Email Invocations: 0 out of 10
  Number of future calls: 0 out of 50
  Number of queueable jobs added to the queue: 0 out of 50
  Number of Mobile Apex push calls: 0 out of 10

08:44:40.156 (156659849)|CUMULATIVE_LIMIT_USAGE_END

08:44:40.0 (158164896)|CODE_UNIT_FINISHED|ComparableOpps on Opportunity trigger event AfterInsert for [006410000079u81]
08:44:40.0 (163842816)|CODE_UNIT_STARTED|[EXTERNAL]|01q410000019g8k|AppleWatch on Opportunity trigger event AfterInsert for [006410000079u81]
08:44:40.0 (163873122)|HEAP_ALLOCATE|[EXTERNAL]|Bytes:8
08:44:40.0 (163988153)|HEAP_ALLOCATE|[EXTERNAL]|Bytes:4
08:44:40.0 (164001126)|VARIABLE_SCOPE_BEGIN|[1]|this|AppleWatch|true|false
08:44:40.0 (164051172)|VARIABLE_ASSIGNMENT|[1]|this|{}|0x4bec5b4e
08:44:40.0 (164108655)|HEAP_ALLOCATE|[EXTERNAL]|Bytes:4
08:44:40.0 (164118900)|VARIABLE_SCOPE_BEGIN|[1]|this|AppleWatch|true|false
08:44:40.0 (164138124)|VARIABLE_ASSIGNMENT|[1]|this|{}|0x4bec5b4e
08:44:40.0 (164146824)|STATEMENT_EXECUTE|[1]
08:44:40.0 (164249227)|HEAP_ALLOCATE|[2]|Bytes:5
08:44:40.0 (164279643)|VARIABLE_SCOPE_BEGIN|[2]|opp|Opportunity|true|false
08:44:40.0 (165179169)|VARIABLE_ASSIGNMENT|[2]|opp|{"LastModifiedDate":"2017-01-05T16:44:40.000Z","IsDeleted":false,"HasOpportunityLineIt (2 more) ...":false,"StageName":"Prospecting","Amount":999.00,"Probability":10,"ForecastCategory":"Pipeline","IsClosed":false,"CloseDate":"2017-01-05T00:00:00.000Z","Name":"Bigg Opp","SystemModstamp":"2017-01-05T16:44:40.000Z","HasOpenActivity":false,"ExpectedRevenue":99.90,"CreatedById":"00541000001IQl9AAG","OwnerId":"00541000001IQl9AAG","IsWon":false,"CreatedDate":"2017-01-05T16:44:40.000Z","HasOverdueTask":false,"Id":"006410000079u81AAA","ForecastCategoryName":"Pipeline","IsPrivate":false,"LastModifiedById":"00541000001IQl9AAG"}|0x4a228e67
08:44:40.0 (165189328)|STATEMENT_EXECUTE|[2]
08:44:40.0 (165191371)|STATEMENT_EXECUTE|[3]
08:44:40.0 (165268552)|HEAP_ALLOCATE|[3]|Bytes:4
08:44:40.0 (165411303)|VARIABLE_SCOPE_BEGIN|[3]|t|Task|true|false
08:44:40.0 (165439666)|VARIABLE_ASSIGNMENT|[3]|t|{}|0x5dddbae1
08:44:40.0 (165444103)|STATEMENT_EXECUTE|[4]
08:44:40.0 (165449882)|HEAP_ALLOCATE|[4]|Bytes:17
08:44:40.0 (166362115)|VARIABLE_ASSIGNMENT|[4]|this.Subject|"Apple Watch Promo"|0x5dddbae1
08:44:40.0 (166368257)|STATEMENT_EXECUTE|[5]
08:44:40.0 (166374959)|HEAP_ALLOCATE|[5]|Bytes:18
08:44:40.0 (166429773)|VARIABLE_ASSIGNMENT|[5]|this.Description|"Send them one ASAP"|0x5dddbae1
08:44:40.0 (166434640)|STATEMENT_EXECUTE|[6]
08:44:40.0 (166440195)|HEAP_ALLOCATE|[6]|Bytes:4
08:44:40.0 (166495197)|VARIABLE_ASSIGNMENT|[6]|this.Priority|"High"|0x5dddbae1
08:44:40.0 (166500202)|STATEMENT_EXECUTE|[7]
08:44:40.0 (166892878)|VARIABLE_ASSIGNMENT|[7]|this.WhatId|"006410000079u81AAA"|0x5dddbae1
08:44:40.0 (166897865)|STATEMENT_EXECUTE|[8]
08:44:40.0 (166931437)|HEAP_ALLOCATE|[8]|Bytes:8
08:44:40.0 (166949983)|DML_BEGIN|[8]|Op:Insert|Type:Task|Rows:1
08:44:40.0 (166980610)|HEAP_ALLOCATE|[EXTERNAL]|Bytes:8
08:44:40.0 (217470202)|DML_END|[8]
08:44:40.0 (217526392)|HEAP_ALLOCATE|[2]|Bytes:5
08:44:40.0 (217561435)|VARIABLE_ASSIGNMENT|[2]|opp|null|
08:44:40.217 (217577599)|CUMULATIVE_LIMIT_USAGE
08:44:40.217 (217577599)|LIMIT_USAGE_FOR_NS|(default)|
  Number of SOQL queries: 2 out of 100
  Number of query rows: 1 out of 50000
  Number of SOSL queries: 0 out of 20
  Number of DML statements: 1 out of 150
  Number of DML rows: 1 out of 10000
  Maximum CPU time: 0 out of 10000
  Maximum heap size: 0 out of 6000000
  Number of callouts: 0 out of 100
  Number of Email Invocations: 0 out of 10
  Number of future calls: 0 out of 50
  Number of queueable jobs added to the queue: 0 out of 50
  Number of Mobile Apex push calls: 0 out of 10

08:44:40.217 (217577599)|CUMULATIVE_LIMIT_USAGE_END

08:44:40.0 (219260184)|CODE_UNIT_FINISHED|AppleWatch on Opportunity trigger event AfterInsert for [006410000079u81]
08:44:40.0 (258585152)|CODE_UNIT_FINISHED|TRIGGERS
08:44:40.0 (258604318)|EXECUTION_FINISHED
