36.0 APEX_CODE,FINEST;APEX_PROFILING,INFO;CALLOUT,INFO;DB,INFO;SYSTEM,DEBUG;VALIDATION,INFO;VISUALFORCE,INFO;WORKFLOW,INFO
09:12:51.0 (413040)|USER_INFO|[EXTERNAL]|00541000001IQl9|wjw@stuff.com|Pacific Standard Time|GMT-08:00
09:12:51.0 (456285)|EXECUTION_STARTED
09:12:51.0 (463308)|CODE_UNIT_STARTED|[EXTERNAL]|TRIGGERS
09:12:51.0 (512973)|CODE_UNIT_STARTED|[EXTERNAL]|01q410000019tBL|LeadingCompetitor on Opportunity trigger event BeforeInsert for [new]
09:12:51.0 (584733)|HEAP_ALLOCATE|[EXTERNAL]|Bytes:8
09:12:51.0 (975751)|HEAP_ALLOCATE|[72]|Bytes:3
09:12:51.0 (1026210)|HEAP_ALLOCATE|[77]|Bytes:152
09:12:51.0 (1056718)|HEAP_ALLOCATE|[342]|Bytes:408
09:12:51.0 (1095443)|HEAP_ALLOCATE|[355]|Bytes:408
09:12:51.0 (1132131)|HEAP_ALLOCATE|[467]|Bytes:48
09:12:51.0 (1178205)|HEAP_ALLOCATE|[139]|Bytes:6
09:12:51.0 (1217735)|HEAP_ALLOCATE|[EXTERNAL]|Bytes:4
09:12:51.0 (1228994)|VARIABLE_SCOPE_BEGIN|[1]|this|LeadingCompetitor|true|false
09:12:51.0 (1297141)|VARIABLE_ASSIGNMENT|[1]|this|{}|0x55c87dc0
09:12:51.0 (1335506)|HEAP_ALLOCATE|[EXTERNAL]|Bytes:4
09:12:51.0 (1343762)|VARIABLE_SCOPE_BEGIN|[1]|this|LeadingCompetitor|true|false
09:12:51.0 (1360095)|VARIABLE_ASSIGNMENT|[1]|this|{}|0x55c87dc0
09:12:51.0 (1368785)|STATEMENT_EXECUTE|[1]
09:12:51.0 (1415254)|HEAP_ALLOCATE|[50]|Bytes:5
09:12:51.0 (1445806)|HEAP_ALLOCATE|[56]|Bytes:5
09:12:51.0 (1461436)|HEAP_ALLOCATE|[64]|Bytes:7
09:12:51.0 (1928607)|HEAP_ALLOCATE|[3]|Bytes:5
09:12:51.0 (1982995)|HEAP_ALLOCATE|[3]|Bytes:4
09:12:51.0 (2002146)|VARIABLE_SCOPE_BEGIN|[3]|opp|Opportunity|true|false
09:12:51.0 (3423156)|VARIABLE_ASSIGNMENT|[3]|opp|{"IsDeleted":false,"AccountId":"0014100000DJ332AAD","HasOpportunityLineIt (2 more) ...":false,"StageName":"Closed Won","Amount":100000.00,"Probability":100,"ForecastCategory":"Closed","IsClosed":true,"CloseDate":"2017-01-05T00:00:00.000Z","Name":"Test 2","HasOpenActivity":false,"ExpectedRevenue":100000.00,"OwnerId":"00541000001IQl9AAG","IsWon":true,"HasOverdueTask":false,"ForecastCategoryName":"Closed","IsPrivate":false}|0x2914a76b
09:12:51.0 (3434313)|STATEMENT_EXECUTE|[3]
09:12:51.0 (3437155)|STATEMENT_EXECUTE|[5]
09:12:51.0 (3450377)|HEAP_ALLOCATE|[5]|Bytes:4
09:12:51.0 (3492654)|VARIABLE_SCOPE_BEGIN|[5]|competitorPrices|List<Decimal>|true|false
09:12:51.0 (3534428)|HEAP_ALLOCATE|[EXTERNAL]|Bytes:4
09:12:51.0 (3566008)|VARIABLE_ASSIGNMENT|[5]|competitorPrices|{"s":1,"v":[]}|0x74cd3667
09:12:51.0 (3571544)|STATEMENT_EXECUTE|[6]
09:12:51.0 (3634824)|HEAP_ALLOCATE|[EXTERNAL]|Bytes:4
09:12:51.0 (3644012)|STATEMENT_EXECUTE|[7]
09:12:51.0 (3686017)|HEAP_ALLOCATE|[EXTERNAL]|Bytes:4
09:12:51.0 (3692978)|STATEMENT_EXECUTE|[8]
09:12:51.0 (3731046)|HEAP_ALLOCATE|[EXTERNAL]|Bytes:4
09:12:51.0 (3737950)|STATEMENT_EXECUTE|[11]
09:12:51.0 (3745321)|HEAP_ALLOCATE|[11]|Bytes:4
09:12:51.0 (3766056)|VARIABLE_SCOPE_BEGIN|[11]|competitors|List<String>|true|false
09:12:51.0 (3792362)|HEAP_ALLOCATE|[EXTERNAL]|Bytes:4
09:12:51.0 (3803459)|VARIABLE_ASSIGNMENT|[11]|competitors|{"s":1,"v":[]}|0x3eec3f30
09:12:51.0 (3806442)|STATEMENT_EXECUTE|[12]
09:12:51.0 (3852016)|HEAP_ALLOCATE|[EXTERNAL]|Bytes:4
09:12:51.0 (3859032)|STATEMENT_EXECUTE|[13]
09:12:51.0 (3897154)|HEAP_ALLOCATE|[EXTERNAL]|Bytes:4
09:12:51.0 (3903542)|STATEMENT_EXECUTE|[14]
09:12:51.0 (3940130)|HEAP_ALLOCATE|[EXTERNAL]|Bytes:4
09:12:51.0 (3946495)|STATEMENT_EXECUTE|[17]
09:12:51.0 (3953844)|VARIABLE_SCOPE_BEGIN|[17]|highestPrice|Decimal|false|false
09:12:51.0 (3962260)|VARIABLE_ASSIGNMENT|[17]|highestPrice|null
09:12:51.0 (3963965)|STATEMENT_EXECUTE|[18]
09:12:51.0 (3966097)|VARIABLE_SCOPE_BEGIN|[18]|highestPricePosition|Integer|false|false
09:12:51.0 (3970215)|VARIABLE_ASSIGNMENT|[18]|highestPricePosition|null
09:12:51.0 (3972870)|STATEMENT_EXECUTE|[19]
09:12:51.0 (3975781)|VARIABLE_SCOPE_BEGIN|[19]|i|Integer|false|false
09:12:51.0 (3979183)|HEAP_ALLOCATE|[19]|Bytes:4
09:12:51.0 (3984896)|VARIABLE_ASSIGNMENT|[19]|i|0
09:12:51.0 (4007544)|STATEMENT_EXECUTE|[19]
09:12:51.0 (4010151)|STATEMENT_EXECUTE|[20]
09:12:51.0 (4032211)|VARIABLE_SCOPE_BEGIN|[20]|currentPrice|Decimal|false|false
09:12:51.0 (4038468)|VARIABLE_ASSIGNMENT|[20]|currentPrice|null
09:12:51.0 (4043996)|STATEMENT_EXECUTE|[21]
09:12:51.0 (4045166)|STATEMENT_EXECUTE|[22]
09:12:51.0 (4048298)|VARIABLE_ASSIGNMENT|[22]|highestPrice|null
09:12:51.0 (4049620)|STATEMENT_EXECUTE|[23]
09:12:51.0 (4051415)|HEAP_ALLOCATE|[23]|Bytes:4
09:12:51.0 (4055886)|VARIABLE_ASSIGNMENT|[23]|highestPricePosition|0
09:12:51.0 (4059281)|HEAP_ALLOCATE|[19]|Bytes:4
09:12:51.0 (4063473)|VARIABLE_ASSIGNMENT|[19]|i|1
09:12:51.0 (4072517)|STATEMENT_EXECUTE|[19]
09:12:51.0 (4074111)|STATEMENT_EXECUTE|[20]
09:12:51.0 (4080170)|VARIABLE_SCOPE_BEGIN|[20]|currentPrice|Decimal|false|false
09:12:51.0 (4084025)|VARIABLE_ASSIGNMENT|[20]|currentPrice|null
09:12:51.0 (4086278)|STATEMENT_EXECUTE|[21]
09:12:51.0 (4087225)|STATEMENT_EXECUTE|[22]
09:12:51.0 (4090107)|VARIABLE_ASSIGNMENT|[22]|highestPrice|null
09:12:51.0 (4091344)|STATEMENT_EXECUTE|[23]
09:12:51.0 (4092907)|HEAP_ALLOCATE|[23]|Bytes:4
09:12:51.0 (4096387)|VARIABLE_ASSIGNMENT|[23]|highestPricePosition|1
09:12:51.0 (4098152)|HEAP_ALLOCATE|[19]|Bytes:4
09:12:51.0 (4101299)|VARIABLE_ASSIGNMENT|[19]|i|2
09:12:51.0 (4108656)|STATEMENT_EXECUTE|[19]
09:12:51.0 (4109939)|STATEMENT_EXECUTE|[20]
09:12:51.0 (4115779)|VARIABLE_SCOPE_BEGIN|[20]|currentPrice|Decimal|false|false
09:12:51.0 (4119626)|VARIABLE_ASSIGNMENT|[20]|currentPrice|null
09:12:51.0 (4121764)|STATEMENT_EXECUTE|[21]
09:12:51.0 (4122743)|STATEMENT_EXECUTE|[22]
09:12:51.0 (4125675)|VARIABLE_ASSIGNMENT|[22]|highestPrice|null
09:12:51.0 (4126896)|STATEMENT_EXECUTE|[23]
09:12:51.0 (4128904)|HEAP_ALLOCATE|[23]|Bytes:4
09:12:51.0 (4132232)|VARIABLE_ASSIGNMENT|[23]|highestPricePosition|2
09:12:51.0 (4133803)|HEAP_ALLOCATE|[19]|Bytes:4
09:12:51.0 (4136881)|VARIABLE_ASSIGNMENT|[19]|i|3
09:12:51.0 (4144542)|STATEMENT_EXECUTE|[28]
09:12:51.0 (4509773)|VARIABLE_ASSIGNMENT|[28]|this.Leading_Competitor__c|null|0x2914a76b
09:12:51.0 (4514227)|STATEMENT_EXECUTE|[29]
09:12:51.0 (4847970)|VARIABLE_ASSIGNMENT|[29]|this.Leading_Competitor_Price__c|null|0x2914a76b
09:12:51.0 (4864904)|HEAP_ALLOCATE|[3]|Bytes:5
09:12:51.0 (4878111)|VARIABLE_ASSIGNMENT|[3]|opp|null|
09:12:51.4 (4887287)|CUMULATIVE_LIMIT_USAGE
09:12:51.4 (4887287)|LIMIT_USAGE_FOR_NS|(default)|
  Number of SOQL queries: 0 out of 100
  Number of query rows: 0 out of 50000
  Number of SOSL queries: 0 out of 20
  Number of DML statements: 0 out of 150
  Number of DML rows: 0 out of 10000
  Maximum CPU time: 0 out of 10000
  Maximum heap size: 0 out of 6000000
  Number of callouts: 0 out of 100
  Number of Email Invocations: 0 out of 10
  Number of future calls: 0 out of 50
  Number of queueable jobs added to the queue: 0 out of 50
  Number of Mobile Apex push calls: 0 out of 10

09:12:51.4 (4887287)|CUMULATIVE_LIMIT_USAGE_END

09:12:51.0 (7313973)|CODE_UNIT_FINISHED|LeadingCompetitor on Opportunity trigger event BeforeInsert for [new]
09:12:51.0 (63958888)|CODE_UNIT_STARTED|[EXTERNAL]|01q41000001AAfq|ComparableOpps on Opportunity trigger event AfterInsert for [006410000079vbX]
09:12:51.0 (63999575)|HEAP_ALLOCATE|[EXTERNAL]|Bytes:8
09:12:51.0 (64123360)|HEAP_ALLOCATE|[EXTERNAL]|Bytes:2
09:12:51.0 (64145339)|HEAP_ALLOCATE|[EXTERNAL]|Bytes:4
09:12:51.0 (64157703)|VARIABLE_SCOPE_BEGIN|[1]|this|ComparableOpps|true|false
09:12:51.0 (64201682)|VARIABLE_ASSIGNMENT|[1]|this|{}|0x7813385d
09:12:51.0 (64237654)|HEAP_ALLOCATE|[EXTERNAL]|Bytes:4
09:12:51.0 (64244491)|VARIABLE_SCOPE_BEGIN|[1]|this|ComparableOpps|true|false
09:12:51.0 (64253126)|VARIABLE_ASSIGNMENT|[1]|this|{}|0x7813385d
09:12:51.0 (64259854)|STATEMENT_EXECUTE|[1]
09:12:51.0 (64380008)|HEAP_ALLOCATE|[3]|Bytes:5
09:12:51.0 (64415902)|VARIABLE_SCOPE_BEGIN|[3]|opp|Opportunity|true|false
09:12:51.0 (64982198)|VARIABLE_ASSIGNMENT|[3]|opp|{"LastModifiedDate":"2017-01-05T17:12:51.000Z","IsDeleted":false,"AccountId":"0014100000DJ332AAD","HasOpportunityLineIt (2 more) ...":false,"StageName":"Closed Won","Amount":100000.00,"Probability":100,"ForecastCategory":"Closed","IsClosed":true,"CloseDate":"2017-01-05T00:00:00.000Z","Name":"Test 2","SystemModstamp":"2017-01-05T17:12:51.000Z","HasOpenActivity":false,"ExpectedRevenue":100000.00,"CreatedById":"00541000001IQl9AAG","OwnerId":"00541000001IQl9AAG","IsWon":true,"CreatedDate":"2017-01-05T17:12:51.000Z","HasOverdueTask":false,"Id":"006410000079vbXAAQ","ForecastCategoryName":"Closed","IsPrivate":false,"LastModifiedById":"00541000001IQl9AAG"}|0x377cbf3
09:12:51.0 (64992279)|STATEMENT_EXECUTE|[3]
09:12:51.0 (64993996)|STATEMENT_EXECUTE|[5]
09:12:51.0 (65000400)|HEAP_ALLOCATE|[5]|Bytes:72
09:12:51.0 (65017517)|HEAP_ALLOCATE|[5]|Bytes:4
09:12:51.0 (65031887)|HEAP_ALLOCATE|[5]|Bytes:7
09:12:51.0 (65642474)|SOQL_EXECUTE_BEGIN|[5]|Aggregations:0|SELECT Id, Account.Industry FROM Opportunity WHERE Id = :tmpVar1 LIMIT 1
09:12:51.0 (71439977)|SOQL_EXECUTE_END|[5]|Rows:1
09:12:51.0 (71473265)|HEAP_ALLOCATE|[5]|Bytes:8
09:12:51.0 (71506467)|HEAP_ALLOCATE|[5]|Bytes:118
09:12:51.0 (71541020)|HEAP_ALLOCATE|[5]|Bytes:8
09:12:51.0 (71598888)|HEAP_ALLOCATE|[5]|Bytes:37
09:12:51.0 (71650084)|HEAP_ALLOCATE|[5]|Bytes:16
09:12:51.0 (71666684)|VARIABLE_SCOPE_BEGIN|[5]|oppWithAccountInfo|Opportunity|true|false
09:12:51.0 (71732874)|VARIABLE_ASSIGNMENT|[5]|oppWithAccountInfo|{"s":1,"v":{"Id":"006410000079vbXAAQ","AccountId":"0014100000DJ332AAD","Account":{"s":2,"v":{"Industry":"Banking","Id":"0014100000DJ332AAD"}}}}|0x1f812c7
09:12:51.0 (71747406)|STATEMENT_EXECUTE|[12]
09:12:51.0 (71812836)|HEAP_ALLOCATE|[12]|Bytes:3
09:12:51.0 (71853682)|HEAP_ALLOCATE|[12]|Bytes:28
09:12:51.0 (71958706)|HEAP_ALLOCATE|[12]|Bytes:28
09:12:51.0 (71980957)|VARIABLE_SCOPE_BEGIN|[12]|minAmount|Decimal|false|false
09:12:51.0 (71998014)|VARIABLE_ASSIGNMENT|[12]|minAmount|90000.000
09:12:51.0 (72002172)|STATEMENT_EXECUTE|[13]
09:12:51.0 (72017060)|HEAP_ALLOCATE|[13]|Bytes:3
09:12:51.0 (72029141)|HEAP_ALLOCATE|[13]|Bytes:28
09:12:51.0 (72090249)|HEAP_ALLOCATE|[13]|Bytes:28
09:12:51.0 (72110121)|VARIABLE_SCOPE_BEGIN|[13]|maxAmount|Decimal|false|false
09:12:51.0 (72121789)|VARIABLE_ASSIGNMENT|[13]|maxAmount|110000.000
09:12:51.0 (72126536)|STATEMENT_EXECUTE|[16]
09:12:51.0 (72132116)|HEAP_ALLOCATE|[16]|Bytes:189
09:12:51.0 (72146215)|HEAP_ALLOCATE|[16]|Bytes:4
09:12:51.0 (72209710)|HEAP_ALLOCATE|[16]|Bytes:28
09:12:51.0 (72222212)|HEAP_ALLOCATE|[16]|Bytes:7
09:12:51.0 (72242589)|HEAP_ALLOCATE|[16]|Bytes:28
09:12:51.0 (72251929)|HEAP_ALLOCATE|[16]|Bytes:7
09:12:51.0 (72392098)|HEAP_ALLOCATE|[16]|Bytes:7
09:12:51.0 (73213658)|SOQL_EXECUTE_BEGIN|[16]|Aggregations:0|SELECT Id FROM Opportunity WHERE (Amount >= :tmpVar1 AND Amount <= :tmpVar2 AND Account.Industry = :tmpVar3 AND StageName = 'Closed Won' AND CloseDate >= LAST_N_DAYS:365 AND Id != :tmpVar4)
09:12:51.0 (91944494)|SOQL_EXECUTE_END|[16]|Rows:1
09:12:51.0 (91981053)|HEAP_ALLOCATE|[16]|Bytes:8
09:12:51.0 (92018904)|HEAP_ALLOCATE|[16]|Bytes:60
09:12:51.0 (92054408)|HEAP_ALLOCATE|[16]|Bytes:8
09:12:51.0 (92084637)|VARIABLE_SCOPE_BEGIN|[16]|comparableOpps|List<Opportunity>|true|false
09:12:51.0 (92142645)|VARIABLE_ASSIGNMENT|[16]|comparableOpps|{"s":1,"v":[{"s":2,"v":{"Id":"006410000079vbbAAA","AccountId":"0014100000DJ332AAD"}}]}|0x5262dd05
09:12:51.0 (92149382)|STATEMENT_EXECUTE|[24]
09:12:51.0 (92158301)|HEAP_ALLOCATE|[24]|Bytes:25
09:12:51.0 (92300386)|HEAP_ALLOCATE|[24]|Bytes:67
09:12:51.0 (92324437)|HEAP_ALLOCATE|[24]|Bytes:92
09:12:51.0 (92363510)|USER_DEBUG|[24]|DEBUG|Comparable opp(s) found: (Opportunity:{Id=006410000079vbbAAA, AccountId=0014100000DJ332AAD})
09:12:51.0 (92371106)|STATEMENT_EXECUTE|[27]
09:12:51.0 (92456999)|HEAP_ALLOCATE|[27]|Bytes:4
09:12:51.0 (92528670)|VARIABLE_SCOPE_BEGIN|[27]|junctionObjsToInsert|List<Comparable__c>|true|false
09:12:51.0 (92537369)|HEAP_ALLOCATE|[EXTERNAL]|Bytes:4
09:12:51.0 (92548469)|VARIABLE_ASSIGNMENT|[27]|junctionObjsToInsert|{"s":1,"v":[]}|0x3c11c2aa
09:12:51.0 (92608099)|HEAP_ALLOCATE|[28]|Bytes:5
09:12:51.0 (92645243)|HEAP_ALLOCATE|[28]|Bytes:12
09:12:51.0 (92657530)|VARIABLE_SCOPE_BEGIN|[28]|comp|Opportunity|true|false
09:12:51.0 (92674164)|VARIABLE_ASSIGNMENT|[28]|comp|{"s":1,"v":{"Id":"006410000079vbbAAA","AccountId":"0014100000DJ332AAD"}}|0x6b6fef48
09:12:51.0 (92679053)|STATEMENT_EXECUTE|[28]
09:12:51.0 (92680633)|STATEMENT_EXECUTE|[29]
09:12:51.0 (92699305)|HEAP_ALLOCATE|[29]|Bytes:4
09:12:51.0 (92820589)|VARIABLE_SCOPE_BEGIN|[29]|junctionObj|Comparable__c|true|false
09:12:51.0 (92836144)|VARIABLE_ASSIGNMENT|[29]|junctionObj|{}|0x785faad8
09:12:51.0 (92839242)|STATEMENT_EXECUTE|[30]
09:12:51.0 (93626899)|VARIABLE_ASSIGNMENT|[30]|this.Base_Opportunity__c|"006410000079vbXAAQ"|0x785faad8
09:12:51.0 (93632081)|STATEMENT_EXECUTE|[31]
09:12:51.0 (93687641)|VARIABLE_ASSIGNMENT|[31]|this.Comparable_Opportunity__c|"006410000079vbbAAA"|0x785faad8
09:12:51.0 (93691316)|STATEMENT_EXECUTE|[32]
09:12:51.0 (93726137)|HEAP_ALLOCATE|[EXTERNAL]|Bytes:4
09:12:51.0 (93750301)|HEAP_ALLOCATE|[28]|Bytes:5
09:12:51.0 (93766967)|VARIABLE_ASSIGNMENT|[28]|comp|null|
09:12:51.0 (93771695)|STATEMENT_EXECUTE|[34]
09:12:51.0 (93830058)|DML_BEGIN|[34]|Op:Insert|Type:Comparable__c|Rows:1
09:12:51.0 (93856976)|HEAP_ALLOCATE|[EXTERNAL]|Bytes:8
09:12:51.0 (158802412)|DML_END|[34]
09:12:51.0 (159047542)|HEAP_ALLOCATE|[EXTERNAL]|Bytes:8
09:12:51.0 (159130949)|HEAP_ALLOCATE|[3]|Bytes:5
09:12:51.0 (159185780)|VARIABLE_ASSIGNMENT|[3]|opp|null|
09:12:51.159 (159211283)|CUMULATIVE_LIMIT_USAGE
09:12:51.159 (159211283)|LIMIT_USAGE_FOR_NS|(default)|
  Number of SOQL queries: 2 out of 100
  Number of query rows: 2 out of 50000
  Number of SOSL queries: 0 out of 20
  Number of DML statements: 1 out of 150
  Number of DML rows: 1 out of 10000
  Maximum CPU time: 0 out of 10000
  Maximum heap size: 0 out of 6000000
  Number of callouts: 0 out of 100
  Number of Email Invocations: 0 out of 10
  Number of future calls: 0 out of 50
  Number of queueable jobs added to the queue: 0 out of 50
  Number of Mobile Apex push calls: 0 out of 10

09:12:51.159 (159211283)|CUMULATIVE_LIMIT_USAGE_END

09:12:51.0 (160625334)|CODE_UNIT_FINISHED|ComparableOpps on Opportunity trigger event AfterInsert for [006410000079vbX]
09:12:51.0 (165847199)|CODE_UNIT_STARTED|[EXTERNAL]|01q410000019g8k|AppleWatch on Opportunity trigger event AfterInsert for [006410000079vbX]
09:12:51.0 (165884320)|HEAP_ALLOCATE|[EXTERNAL]|Bytes:8
09:12:51.0 (165981582)|HEAP_ALLOCATE|[EXTERNAL]|Bytes:4
09:12:51.0 (165997676)|VARIABLE_SCOPE_BEGIN|[1]|this|AppleWatch|true|false
09:12:51.0 (166043940)|VARIABLE_ASSIGNMENT|[1]|this|{}|0x2ed4c02c
09:12:51.0 (166087408)|HEAP_ALLOCATE|[EXTERNAL]|Bytes:4
09:12:51.0 (166095742)|VARIABLE_SCOPE_BEGIN|[1]|this|AppleWatch|true|false
09:12:51.0 (166109888)|VARIABLE_ASSIGNMENT|[1]|this|{}|0x2ed4c02c
09:12:51.0 (166118645)|STATEMENT_EXECUTE|[1]
09:12:51.0 (166253304)|HEAP_ALLOCATE|[2]|Bytes:5
09:12:51.0 (166294893)|VARIABLE_SCOPE_BEGIN|[2]|opp|Opportunity|true|false
09:12:51.0 (167093708)|VARIABLE_ASSIGNMENT|[2]|opp|{"LastModifiedDate":"2017-01-05T17:12:51.000Z","IsDeleted":false,"AccountId":"0014100000DJ332AAD","HasOpportunityLineIt (2 more) ...":false,"StageName":"Closed Won","Amount":100000.00,"Probability":100,"ForecastCategory":"Closed","IsClosed":true,"CloseDate":"2017-01-05T00:00:00.000Z","Name":"Test 2","SystemModstamp":"2017-01-05T17:12:51.000Z","HasOpenActivity":false,"ExpectedRevenue":100000.00,"CreatedById":"00541000001IQl9AAG","OwnerId":"00541000001IQl9AAG","IsWon":true,"CreatedDate":"2017-01-05T17:12:51.000Z","HasOverdueTask":false,"Id":"006410000079vbXAAQ","ForecastCategoryName":"Closed","IsPrivate":false,"LastModifiedById":"00541000001IQl9AAG"}|0x377cbf3
09:12:51.0 (167106606)|STATEMENT_EXECUTE|[2]
09:12:51.0 (167109466)|STATEMENT_EXECUTE|[3]
09:12:51.0 (167185969)|HEAP_ALLOCATE|[3]|Bytes:4
09:12:51.0 (167317410)|VARIABLE_SCOPE_BEGIN|[3]|t|Task|true|false
09:12:51.0 (167334062)|VARIABLE_ASSIGNMENT|[3]|t|{}|0x19a94732
09:12:51.0 (167338118)|STATEMENT_EXECUTE|[4]
09:12:51.0 (167346640)|HEAP_ALLOCATE|[4]|Bytes:17
09:12:51.0 (168052905)|VARIABLE_ASSIGNMENT|[4]|this.Subject|"Apple Watch Promo"|0x19a94732
09:12:51.0 (168058988)|STATEMENT_EXECUTE|[5]
09:12:51.0 (168064005)|HEAP_ALLOCATE|[5]|Bytes:18
09:12:51.0 (168108053)|VARIABLE_ASSIGNMENT|[5]|this.Description|"Send them one ASAP"|0x19a94732
09:12:51.0 (168112144)|STATEMENT_EXECUTE|[6]
09:12:51.0 (168116934)|HEAP_ALLOCATE|[6]|Bytes:4
09:12:51.0 (168168137)|VARIABLE_ASSIGNMENT|[6]|this.Priority|"High"|0x19a94732
09:12:51.0 (168172503)|STATEMENT_EXECUTE|[7]
09:12:51.0 (168599395)|VARIABLE_ASSIGNMENT|[7]|this.WhatId|"006410000079vbXAAQ"|0x19a94732
09:12:51.0 (168604317)|STATEMENT_EXECUTE|[8]
09:12:51.0 (168639454)|HEAP_ALLOCATE|[8]|Bytes:8
09:12:51.0 (168653376)|DML_BEGIN|[8]|Op:Insert|Type:Task|Rows:1
09:12:51.0 (168697683)|HEAP_ALLOCATE|[EXTERNAL]|Bytes:8
09:12:51.0 (203394628)|DML_END|[8]
09:12:51.0 (203485199)|HEAP_ALLOCATE|[2]|Bytes:5
09:12:51.0 (203535924)|VARIABLE_ASSIGNMENT|[2]|opp|null|
09:12:51.203 (203556267)|CUMULATIVE_LIMIT_USAGE
09:12:51.203 (203556267)|LIMIT_USAGE_FOR_NS|(default)|
  Number of SOQL queries: 2 out of 100
  Number of query rows: 2 out of 50000
  Number of SOSL queries: 0 out of 20
  Number of DML statements: 2 out of 150
  Number of DML rows: 2 out of 10000
  Maximum CPU time: 0 out of 10000
  Maximum heap size: 0 out of 6000000
  Number of callouts: 0 out of 100
  Number of Email Invocations: 0 out of 10
  Number of future calls: 0 out of 50
  Number of queueable jobs added to the queue: 0 out of 50
  Number of Mobile Apex push calls: 0 out of 10

09:12:51.203 (203556267)|CUMULATIVE_LIMIT_USAGE_END

09:12:51.0 (205047648)|CODE_UNIT_FINISHED|AppleWatch on Opportunity trigger event AfterInsert for [006410000079vbX]
09:12:51.0 (246336495)|CODE_UNIT_FINISHED|TRIGGERS
09:12:51.0 (246351033)|EXECUTION_FINISHED
