36.0 APEX_CODE,FINEST;APEX_PROFILING,INFO;CALLOUT,INFO;DB,INFO;SYSTEM,DEBUG;VALIDATION,INFO;VISUALFORCE,INFO;WORKFLOW,INFO
08:16:58.0 (381731)|USER_INFO|[EXTERNAL]|00541000001IQl9|wjw@stuff.com|Pacific Standard Time|GMT-08:00
08:16:58.0 (410922)|EXECUTION_STARTED
08:16:58.0 (414619)|CODE_UNIT_STARTED|[EXTERNAL]|TRIGGERS
08:16:58.0 (446965)|CODE_UNIT_STARTED|[EXTERNAL]|01q410000019tBL|LeadingCompetitor on Opportunity trigger event BeforeInsert for [new]
08:16:58.0 (498583)|HEAP_ALLOCATE|[EXTERNAL]|Bytes:8
08:16:58.0 (877396)|HEAP_ALLOCATE|[72]|Bytes:3
08:16:58.0 (919235)|HEAP_ALLOCATE|[77]|Bytes:152
08:16:58.0 (939093)|HEAP_ALLOCATE|[342]|Bytes:408
08:16:58.0 (960405)|HEAP_ALLOCATE|[355]|Bytes:408
08:16:58.0 (979346)|HEAP_ALLOCATE|[467]|Bytes:48
08:16:58.0 (1008617)|HEAP_ALLOCATE|[139]|Bytes:6
08:16:58.0 (1036469)|HEAP_ALLOCATE|[EXTERNAL]|Bytes:4
08:16:58.0 (1048642)|VARIABLE_SCOPE_BEGIN|[1]|this|LeadingCompetitor|true|false
08:16:58.0 (1101425)|VARIABLE_ASSIGNMENT|[1]|this|{}|0x7f8bb2a
08:16:58.0 (1144205)|HEAP_ALLOCATE|[EXTERNAL]|Bytes:4
08:16:58.0 (1150489)|VARIABLE_SCOPE_BEGIN|[1]|this|LeadingCompetitor|true|false
08:16:58.0 (1160829)|VARIABLE_ASSIGNMENT|[1]|this|{}|0x7f8bb2a
08:16:58.0 (1167007)|STATEMENT_EXECUTE|[1]
08:16:58.0 (1199699)|HEAP_ALLOCATE|[50]|Bytes:5
08:16:58.0 (1221923)|HEAP_ALLOCATE|[56]|Bytes:5
08:16:58.0 (1230960)|HEAP_ALLOCATE|[64]|Bytes:7
08:16:58.0 (1898732)|HEAP_ALLOCATE|[3]|Bytes:5
08:16:58.0 (1933891)|HEAP_ALLOCATE|[3]|Bytes:4
08:16:58.0 (1944433)|VARIABLE_SCOPE_BEGIN|[3]|opp|Opportunity|true|false
08:16:58.0 (2713892)|VARIABLE_ASSIGNMENT|[3]|opp|{"IsDeleted":false,"HasOpportunityLineIt (2 more) ...":false,"StageName":"Prospecting","Probability":10,"ForecastCategory":"Pipeline","IsClosed":false,"CloseDate":"2017-01-05T00:00:00.000Z","Name":"Big Opp","HasOpenActivity":false,"OwnerId":"00541000001IQl9AAG","IsWon":false,"HasOverdueTask":false,"ForecastCategoryName":"Pipeline","IsPrivate":false}|0x7c316c58
08:16:58.0 (2722638)|STATEMENT_EXECUTE|[3]
08:16:58.0 (2724376)|STATEMENT_EXECUTE|[5]
08:16:58.0 (2734261)|HEAP_ALLOCATE|[5]|Bytes:4
08:16:58.0 (2767247)|VARIABLE_SCOPE_BEGIN|[5]|competitorPrices|List<Decimal>|true|false
08:16:58.0 (2796326)|HEAP_ALLOCATE|[EXTERNAL]|Bytes:4
08:16:58.0 (2812721)|VARIABLE_ASSIGNMENT|[5]|competitorPrices|{"s":1,"v":[]}|0x76bdff63
08:16:58.0 (2815866)|STATEMENT_EXECUTE|[6]
08:16:58.0 (2872451)|HEAP_ALLOCATE|[EXTERNAL]|Bytes:4
08:16:58.0 (2880591)|STATEMENT_EXECUTE|[7]
08:16:58.0 (2921748)|HEAP_ALLOCATE|[EXTERNAL]|Bytes:4
08:16:58.0 (2928690)|STATEMENT_EXECUTE|[8]
08:16:58.0 (2967065)|HEAP_ALLOCATE|[EXTERNAL]|Bytes:4
08:16:58.0 (2983013)|STATEMENT_EXECUTE|[11]
08:16:58.0 (2990191)|HEAP_ALLOCATE|[11]|Bytes:4
08:16:58.0 (3010271)|VARIABLE_SCOPE_BEGIN|[11]|competitors|List<String>|true|false
08:16:58.0 (3034039)|HEAP_ALLOCATE|[EXTERNAL]|Bytes:4
08:16:58.0 (3044234)|VARIABLE_ASSIGNMENT|[11]|competitors|{"s":1,"v":[]}|0x7c772af6
08:16:58.0 (3047139)|STATEMENT_EXECUTE|[12]
08:16:58.0 (3092432)|HEAP_ALLOCATE|[EXTERNAL]|Bytes:4
08:16:58.0 (3099644)|STATEMENT_EXECUTE|[13]
08:16:58.0 (3138454)|HEAP_ALLOCATE|[EXTERNAL]|Bytes:4
08:16:58.0 (3144797)|STATEMENT_EXECUTE|[14]
08:16:58.0 (3181558)|HEAP_ALLOCATE|[EXTERNAL]|Bytes:4
08:16:58.0 (3187715)|STATEMENT_EXECUTE|[17]
08:16:58.0 (3195158)|VARIABLE_SCOPE_BEGIN|[17]|highestPrice|Decimal|false|false
08:16:58.0 (3202191)|VARIABLE_ASSIGNMENT|[17]|highestPrice|null
08:16:58.0 (3204245)|STATEMENT_EXECUTE|[18]
08:16:58.0 (3206267)|VARIABLE_SCOPE_BEGIN|[18]|highestPricePosition|Integer|false|false
08:16:58.0 (3226919)|VARIABLE_ASSIGNMENT|[18]|highestPricePosition|null
08:16:58.0 (3229597)|STATEMENT_EXECUTE|[19]
08:16:58.0 (3233436)|VARIABLE_SCOPE_BEGIN|[19]|i|Integer|false|false
08:16:58.0 (3236667)|HEAP_ALLOCATE|[19]|Bytes:4
08:16:58.0 (3241536)|VARIABLE_ASSIGNMENT|[19]|i|0
08:16:58.0 (3283995)|STATEMENT_EXECUTE|[19]
08:16:58.0 (3287341)|STATEMENT_EXECUTE|[20]
08:16:58.0 (3327914)|VARIABLE_SCOPE_BEGIN|[20]|currentPrice|Decimal|false|false
08:16:58.0 (3334957)|VARIABLE_ASSIGNMENT|[20]|currentPrice|null
08:16:58.0 (3341193)|STATEMENT_EXECUTE|[21]
08:16:58.0 (3342413)|STATEMENT_EXECUTE|[22]
08:16:58.0 (3345156)|VARIABLE_ASSIGNMENT|[22]|highestPrice|null
08:16:58.0 (3346480)|STATEMENT_EXECUTE|[23]
08:16:58.0 (3348340)|HEAP_ALLOCATE|[23]|Bytes:4
08:16:58.0 (3352887)|VARIABLE_ASSIGNMENT|[23]|highestPricePosition|0
08:16:58.0 (3356325)|HEAP_ALLOCATE|[19]|Bytes:4
08:16:58.0 (3360018)|VARIABLE_ASSIGNMENT|[19]|i|1
08:16:58.0 (3369918)|STATEMENT_EXECUTE|[19]
08:16:58.0 (3371354)|STATEMENT_EXECUTE|[20]
08:16:58.0 (3377600)|VARIABLE_SCOPE_BEGIN|[20]|currentPrice|Decimal|false|false
08:16:58.0 (3381510)|VARIABLE_ASSIGNMENT|[20]|currentPrice|null
08:16:58.0 (3384051)|STATEMENT_EXECUTE|[21]
08:16:58.0 (3385090)|STATEMENT_EXECUTE|[22]
08:16:58.0 (3387708)|VARIABLE_ASSIGNMENT|[22]|highestPrice|null
08:16:58.0 (3388963)|STATEMENT_EXECUTE|[23]
08:16:58.0 (3390431)|HEAP_ALLOCATE|[23]|Bytes:4
08:16:58.0 (3393683)|VARIABLE_ASSIGNMENT|[23]|highestPricePosition|1
08:16:58.0 (3395287)|HEAP_ALLOCATE|[19]|Bytes:4
08:16:58.0 (3398155)|VARIABLE_ASSIGNMENT|[19]|i|2
08:16:58.0 (3405411)|STATEMENT_EXECUTE|[19]
08:16:58.0 (3406740)|STATEMENT_EXECUTE|[20]
08:16:58.0 (3412271)|VARIABLE_SCOPE_BEGIN|[20]|currentPrice|Decimal|false|false
08:16:58.0 (3415855)|VARIABLE_ASSIGNMENT|[20]|currentPrice|null
08:16:58.0 (3428163)|STATEMENT_EXECUTE|[21]
08:16:58.0 (3430975)|STATEMENT_EXECUTE|[22]
08:16:58.0 (3437428)|VARIABLE_ASSIGNMENT|[22]|highestPrice|null
08:16:58.0 (3439767)|STATEMENT_EXECUTE|[23]
08:16:58.0 (3442417)|HEAP_ALLOCATE|[23]|Bytes:4
08:16:58.0 (3449089)|VARIABLE_ASSIGNMENT|[23]|highestPricePosition|2
08:16:58.0 (3452489)|HEAP_ALLOCATE|[19]|Bytes:4
08:16:58.0 (3457919)|VARIABLE_ASSIGNMENT|[19]|i|3
08:16:58.0 (3477357)|STATEMENT_EXECUTE|[28]
08:16:58.0 (3953644)|VARIABLE_ASSIGNMENT|[28]|this.Leading_Competitor__c|null|0x7c316c58
08:16:58.0 (3958859)|STATEMENT_EXECUTE|[29]
08:16:58.0 (4345975)|VARIABLE_ASSIGNMENT|[29]|this.Leading_Competitor_Price__c|null|0x7c316c58
08:16:58.0 (4368672)|HEAP_ALLOCATE|[3]|Bytes:5
08:16:58.0 (4392169)|VARIABLE_ASSIGNMENT|[3]|opp|null|
08:16:58.4 (4405239)|CUMULATIVE_LIMIT_USAGE
08:16:58.4 (4405239)|LIMIT_USAGE_FOR_NS|(default)|
  Number of SOQL queries: 0 out of 100
  Number of query rows: 0 out of 50000
  Number of SOSL queries: 0 out of 20
  Number of DML statements: 0 out of 150
  Number of DML rows: 0 out of 10000
  Maximum CPU time: 0 out of 10000
  Maximum heap size: 0 out of 6000000
  Number of callouts: 0 out of 100
  Number of Email Invocations: 0 out of 10
  Number of future calls: 0 out of 50
  Number of queueable jobs added to the queue: 0 out of 50
  Number of Mobile Apex push calls: 0 out of 10

08:16:58.4 (4405239)|CUMULATIVE_LIMIT_USAGE_END

08:16:58.0 (6264452)|CODE_UNIT_FINISHED|LeadingCompetitor on Opportunity trigger event BeforeInsert for [new]
08:16:58.0 (75421382)|CODE_UNIT_STARTED|[EXTERNAL]|01q41000001AAfq|ComparableOpps on Opportunity trigger event AfterInsert for [006410000079tjS]
08:16:58.0 (75465352)|HEAP_ALLOCATE|[EXTERNAL]|Bytes:8
08:16:58.0 (75619818)|HEAP_ALLOCATE|[EXTERNAL]|Bytes:2
08:16:58.0 (75646213)|HEAP_ALLOCATE|[EXTERNAL]|Bytes:4
08:16:58.0 (75660018)|VARIABLE_SCOPE_BEGIN|[1]|this|ComparableOpps|true|false
08:16:58.0 (75696068)|VARIABLE_ASSIGNMENT|[1]|this|{}|0x3c5432f5
08:16:58.0 (75743848)|HEAP_ALLOCATE|[EXTERNAL]|Bytes:4
08:16:58.0 (75750506)|VARIABLE_SCOPE_BEGIN|[1]|this|ComparableOpps|true|false
08:16:58.0 (75760741)|VARIABLE_ASSIGNMENT|[1]|this|{}|0x3c5432f5
08:16:58.0 (75766644)|STATEMENT_EXECUTE|[1]
08:16:58.0 (75864387)|HEAP_ALLOCATE|[3]|Bytes:5
08:16:58.0 (75889325)|VARIABLE_SCOPE_BEGIN|[3]|opp|Opportunity|true|false
08:16:58.0 (76402544)|VARIABLE_ASSIGNMENT|[3]|opp|{"LastModifiedDate":"2017-01-05T16:16:58.000Z","IsDeleted":false,"HasOpportunityLineIt (2 more) ...":false,"StageName":"Prospecting","Probability":10,"ForecastCategory":"Pipeline","IsClosed":false,"CloseDate":"2017-01-05T00:00:00.000Z","Name":"Big Opp","SystemModstamp":"2017-01-05T16:16:58.000Z","HasOpenActivity":false,"CreatedById":"00541000001IQl9AAG","OwnerId":"00541000001IQl9AAG","IsWon":false,"CreatedDate":"2017-01-05T16:16:58.000Z","HasOverdueTask":false,"Id":"006410000079tjSAAQ","ForecastCategoryName":"Pipeline","IsPrivate":false,"LastModifiedById":"00541000001IQl9AAG"}|0x32118a99
08:16:58.0 (76411248)|STATEMENT_EXECUTE|[3]
08:16:58.0 (76412863)|STATEMENT_EXECUTE|[5]
08:16:58.0 (76417453)|HEAP_ALLOCATE|[5]|Bytes:72
08:16:58.0 (76435464)|HEAP_ALLOCATE|[5]|Bytes:4
08:16:58.0 (76461700)|HEAP_ALLOCATE|[5]|Bytes:7
08:16:58.0 (77230664)|SOQL_EXECUTE_BEGIN|[5]|Aggregations:0|SELECT Id, Account.Industry FROM Opportunity WHERE Id = :tmpVar1 LIMIT 1
08:16:58.0 (79923658)|SOQL_EXECUTE_END|[5]|Rows:1
08:16:58.0 (79948936)|HEAP_ALLOCATE|[5]|Bytes:8
08:16:58.0 (80067965)|HEAP_ALLOCATE|[5]|Bytes:29
08:16:58.0 (80097996)|HEAP_ALLOCATE|[5]|Bytes:8
08:16:58.0 (80114791)|HEAP_ALLOCATE|[5]|Bytes:37
08:16:58.0 (80154220)|HEAP_ALLOCATE|[5]|Bytes:8
08:16:58.0 (80169275)|VARIABLE_SCOPE_BEGIN|[5]|oppWithAccountInfo|Opportunity|true|false
08:16:58.0 (80203375)|VARIABLE_ASSIGNMENT|[5]|oppWithAccountInfo|{"s":1,"v":{"Id":"006410000079tjSAAQ"}}|0x257a218b
08:16:58.0 (80210462)|STATEMENT_EXECUTE|[12]
08:16:58.0 (80216239)|HEAP_ALLOCATE|[12]|Bytes:3
08:16:58.0 (80247375)|HEAP_ALLOCATE|[12]|Bytes:28
08:16:58.0 (80329049)|EXCEPTION_THROWN|[12]|System.FinalException: Record is read-only
08:16:58.0 (80390596)|HEAP_ALLOCATE|[12]|Bytes:23
08:16:58.0 (80614631)|FATAL_ERROR|System.FinalException: Record is read-only

Trigger.ComparableOpps: line 12, column 1
08:16:58.0 (80633784)|FATAL_ERROR|System.FinalException: Record is read-only

Trigger.ComparableOpps: line 12, column 1
08:16:58.80 (80693429)|CUMULATIVE_LIMIT_USAGE
08:16:58.80 (80693429)|LIMIT_USAGE_FOR_NS|(default)|
  Number of SOQL queries: 1 out of 100
  Number of query rows: 1 out of 50000
  Number of SOSL queries: 0 out of 20
  Number of DML statements: 0 out of 150
  Number of DML rows: 0 out of 10000
  Maximum CPU time: 0 out of 10000
  Maximum heap size: 0 out of 6000000
  Number of callouts: 0 out of 100
  Number of Email Invocations: 0 out of 10
  Number of future calls: 0 out of 50
  Number of queueable jobs added to the queue: 0 out of 50
  Number of Mobile Apex push calls: 0 out of 10

08:16:58.80 (80693429)|CUMULATIVE_LIMIT_USAGE_END

08:16:58.0 (81722138)|CODE_UNIT_FINISHED|ComparableOpps on Opportunity trigger event AfterInsert for [006410000079tjS]
