36.0 APEX_CODE,FINEST;APEX_PROFILING,INFO;CALLOUT,INFO;DB,INFO;SYSTEM,DEBUG;VALIDATION,INFO;VISUALFORCE,INFO;WORKFLOW,INFO
09:12:27.0 (447182)|USER_INFO|[EXTERNAL]|00541000001IQl9|wjw@stuff.com|Pacific Standard Time|GMT-08:00
09:12:27.0 (474849)|EXECUTION_STARTED
09:12:27.0 (478231)|CODE_UNIT_STARTED|[EXTERNAL]|TRIGGERS
09:12:27.0 (504447)|CODE_UNIT_STARTED|[EXTERNAL]|01q410000019yQS|PicklistCounter on Account trigger event BeforeUpdate for [0014100000DJ332]
09:12:27.0 (544263)|HEAP_ALLOCATE|[EXTERNAL]|Bytes:8
09:12:27.0 (573124)|HEAP_ALLOCATE|[EXTERNAL]|Bytes:8
09:12:27.0 (971117)|HEAP_ALLOCATE|[72]|Bytes:3
09:12:27.0 (1002590)|HEAP_ALLOCATE|[77]|Bytes:152
09:12:27.0 (1019154)|HEAP_ALLOCATE|[342]|Bytes:408
09:12:27.0 (1043423)|HEAP_ALLOCATE|[355]|Bytes:408
09:12:27.0 (1062931)|HEAP_ALLOCATE|[467]|Bytes:48
09:12:27.0 (1096154)|HEAP_ALLOCATE|[139]|Bytes:6
09:12:27.0 (1113578)|HEAP_ALLOCATE|[EXTERNAL]|Bytes:4
09:12:27.0 (1129968)|HEAP_ALLOCATE|[EXTERNAL]|Bytes:4
09:12:27.0 (1151509)|VARIABLE_SCOPE_BEGIN|[1]|this|PicklistCounter|true|false
09:12:27.0 (1207252)|VARIABLE_ASSIGNMENT|[1]|this|{}|0x9bc6cf5
09:12:27.0 (1253202)|HEAP_ALLOCATE|[EXTERNAL]|Bytes:4
09:12:27.0 (1260613)|VARIABLE_SCOPE_BEGIN|[1]|this|PicklistCounter|true|false
09:12:27.0 (1271855)|VARIABLE_ASSIGNMENT|[1]|this|{}|0x9bc6cf5
09:12:27.0 (1276801)|STATEMENT_EXECUTE|[1]
09:12:27.0 (1325660)|HEAP_ALLOCATE|[50]|Bytes:5
09:12:27.0 (1361864)|HEAP_ALLOCATE|[56]|Bytes:5
09:12:27.0 (1381655)|HEAP_ALLOCATE|[64]|Bytes:7
09:12:27.0 (1757446)|HEAP_ALLOCATE|[3]|Bytes:5
09:12:27.0 (1790003)|HEAP_ALLOCATE|[3]|Bytes:4
09:12:27.0 (1801259)|VARIABLE_SCOPE_BEGIN|[3]|acc|Account|true|false
09:12:27.0 (2840783)|VARIABLE_ASSIGNMENT|[3]|acc|{"Industry":"Banking","LastModifiedDate":"2016-12-30T14:45:25.000Z","IsDeleted":false,"CleanStatus":"Pending","OwnerId":"00541000001IQl9AAG","CreatedById":"00541000001IQl9AAG","CreatedDate":"2016-12-21T17:33:06.000Z","Id":"0014100000DJ332AAD","LastModifiedById":"00541000001IQl9AAG","SystemModstamp":"2016-12-31T11:31:41.000Z","Name":"The Doors"}|0x2938fbf9
09:12:27.0 (2859876)|STATEMENT_EXECUTE|[3]
09:12:27.0 (2889675)|STATEMENT_EXECUTE|[9]
09:12:27.0 (2891843)|STATEMENT_EXECUTE|[11]
09:12:27.0 (2921326)|HEAP_ALLOCATE|[11]|Bytes:28
09:12:27.0 (2925377)|HEAP_ALLOCATE|[11]|Bytes:28
09:12:27.0 (3487578)|VARIABLE_ASSIGNMENT|[11]|this.Counter__c|0|0x2938fbf9
09:12:27.0 (3492651)|STATEMENT_EXECUTE|[12]
09:12:27.0 (3497113)|HEAP_ALLOCATE|[12]|Bytes:19
09:12:27.0 (3530641)|HEAP_ALLOCATE|[12]|Bytes:28
09:12:27.0 (3573258)|USER_DEBUG|[12]|DEBUG|No items found for The Doors
09:12:27.0 (3600465)|HEAP_ALLOCATE|[3]|Bytes:5
09:12:27.0 (3615236)|VARIABLE_ASSIGNMENT|[3]|acc|null|
09:12:27.3 (3625447)|CUMULATIVE_LIMIT_USAGE
09:12:27.3 (3625447)|LIMIT_USAGE_FOR_NS|(default)|
  Number of SOQL queries: 0 out of 100
  Number of query rows: 0 out of 50000
  Number of SOSL queries: 0 out of 20
  Number of DML statements: 0 out of 150
  Number of DML rows: 0 out of 10000
  Maximum CPU time: 0 out of 10000
  Maximum heap size: 0 out of 6000000
  Number of callouts: 0 out of 100
  Number of Email Invocations: 0 out of 10
  Number of future calls: 0 out of 50
  Number of queueable jobs added to the queue: 0 out of 50
  Number of Mobile Apex push calls: 0 out of 10

09:12:27.3 (3625447)|CUMULATIVE_LIMIT_USAGE_END

09:12:27.0 (4753144)|CODE_UNIT_FINISHED|PicklistCounter on Account trigger event BeforeUpdate for [0014100000DJ332]
09:12:27.0 (56435627)|CODE_UNIT_FINISHED|TRIGGERS
09:12:27.0 (56445951)|EXECUTION_FINISHED
