38.0 APEX_CODE,FINEST;APEX_PROFILING,INFO;CALLOUT,INFO;DB,INFO;SYSTEM,DEBUG;VALIDATION,INFO;VISUALFORCE,INFO;WORKFLOW,INFO
08:19:52.0 (72503)|EXECUTION_STARTED
08:19:52.0 (100491)|CODE_UNIT_STARTED|[EXTERNAL]|VisualForce View State
08:19:52.0 (8145649)|CODE_UNIT_FINISHED|VisualForce View State
08:19:52.0 (9993965)|EXECUTION_FINISHED
08:19:52.204 (204192114)|CUMULATIVE_LIMIT_USAGE
08:19:52.204 (204192114)|LIMIT_USAGE_FOR_NS|(default)|
  Number of SOQL queries: 0 out of 100
  Number of query rows: 0 out of 50000
  Number of SOSL queries: 0 out of 20
  Number of DML statements: 0 out of 150
  Number of DML rows: 0 out of 10000
  Maximum CPU time: 0 out of 10000
  Maximum heap size: 0 out of 6000000
  Number of callouts: 0 out of 100
  Number of Email Invocations: 0 out of 10
  Number of future calls: 0 out of 50
  Number of queueable jobs added to the queue: 0 out of 50
  Number of Mobile Apex push calls: 0 out of 10

08:19:52.204 (204192114)|CUMULATIVE_LIMIT_USAGE_END

