36.0 APEX_CODE,FINEST;APEX_PROFILING,INFO;CALLOUT,INFO;DB,INFO;SYSTEM,DEBUG;VALIDATION,INFO;VISUALFORCE,INFO;WORKFLOW,INFO
08:19:21.0 (92686)|USER_INFO|[EXTERNAL]|00541000001IQl9|wjw@stuff.com|Pacific Standard Time|GMT-08:00
08:19:21.0 (122004)|EXECUTION_STARTED
08:19:21.0 (127033)|CODE_UNIT_STARTED|[EXTERNAL]|01q41000001AAfq|ComparableOpps on Opportunity trigger event AfterInsert for [006410000079tl9]
08:19:21.0 (202686)|HEAP_ALLOCATE|[EXTERNAL]|Bytes:8
08:19:21.0 (763358)|HEAP_ALLOCATE|[72]|Bytes:3
08:19:21.0 (820493)|HEAP_ALLOCATE|[77]|Bytes:152
08:19:21.0 (842015)|HEAP_ALLOCATE|[342]|Bytes:408
08:19:21.0 (861437)|HEAP_ALLOCATE|[355]|Bytes:408
08:19:21.0 (881121)|HEAP_ALLOCATE|[467]|Bytes:48
08:19:21.0 (914557)|HEAP_ALLOCATE|[139]|Bytes:6
08:19:21.0 (931308)|HEAP_ALLOCATE|[EXTERNAL]|Bytes:2
08:19:21.0 (950311)|HEAP_ALLOCATE|[EXTERNAL]|Bytes:4
08:19:21.0 (958406)|VARIABLE_SCOPE_BEGIN|[1]|this|ComparableOpps|true|false
08:19:21.0 (1006221)|VARIABLE_ASSIGNMENT|[1]|this|{}|0x4a6689e7
08:19:21.0 (1050655)|HEAP_ALLOCATE|[EXTERNAL]|Bytes:4
08:19:21.0 (1057529)|VARIABLE_SCOPE_BEGIN|[1]|this|ComparableOpps|true|false
08:19:21.0 (1067759)|VARIABLE_ASSIGNMENT|[1]|this|{}|0x4a6689e7
08:19:21.0 (1073782)|STATEMENT_EXECUTE|[1]
08:19:21.0 (1110814)|HEAP_ALLOCATE|[50]|Bytes:5
08:19:21.0 (1140574)|HEAP_ALLOCATE|[56]|Bytes:5
08:19:21.0 (1149519)|HEAP_ALLOCATE|[64]|Bytes:7
08:19:21.0 (1553129)|HEAP_ALLOCATE|[3]|Bytes:5
08:19:21.0 (1604375)|VARIABLE_SCOPE_BEGIN|[3]|opp|Opportunity|true|false
08:19:21.0 (2225733)|VARIABLE_ASSIGNMENT|[3]|opp|{"LastModifiedDate":"2017-01-05T16:19:21.000Z","IsDeleted":false,"HasOpportunityLineIt (2 more) ...":false,"StageName":"Prospecting","Probability":10,"ForecastCategory":"Pipeline","IsClosed":false,"CloseDate":"2017-01-05T00:00:00.000Z","Name":"Bog Opp","SystemModstamp":"2017-01-05T16:19:21.000Z","HasOpenActivity":false,"CreatedById":"00541000001IQl9AAG","OwnerId":"00541000001IQl9AAG","IsWon":false,"CreatedDate":"2017-01-05T16:19:21.000Z","HasOverdueTask":false,"Id":"006410000079tl9AAA","ForecastCategoryName":"Pipeline","IsPrivate":false,"LastModifiedById":"00541000001IQl9AAG"}|0x704552e6
08:19:21.0 (2234891)|STATEMENT_EXECUTE|[3]
08:19:21.0 (2236362)|STATEMENT_EXECUTE|[5]
08:19:21.0 (2241012)|HEAP_ALLOCATE|[5]|Bytes:72
08:19:21.0 (2254856)|HEAP_ALLOCATE|[5]|Bytes:4
08:19:21.0 (2269152)|HEAP_ALLOCATE|[5]|Bytes:7
08:19:21.0 (4725100)|SOQL_EXECUTE_BEGIN|[5]|Aggregations:0|SELECT Id, Account.Industry FROM Opportunity WHERE Id = :tmpVar1 LIMIT 1
08:19:21.0 (7834412)|SOQL_EXECUTE_END|[5]|Rows:1
08:19:21.0 (7851933)|HEAP_ALLOCATE|[5]|Bytes:8
08:19:21.0 (7870116)|HEAP_ALLOCATE|[5]|Bytes:29
08:19:21.0 (7890993)|HEAP_ALLOCATE|[5]|Bytes:8
08:19:21.0 (7905246)|HEAP_ALLOCATE|[5]|Bytes:37
08:19:21.0 (7934371)|HEAP_ALLOCATE|[5]|Bytes:8
08:19:21.0 (7942671)|VARIABLE_SCOPE_BEGIN|[5]|oppWithAccountInfo|Opportunity|true|false
08:19:21.0 (7974570)|VARIABLE_ASSIGNMENT|[5]|oppWithAccountInfo|{"s":1,"v":{"Id":"006410000079tl9AAA"}}|0x5e6fab3d
08:19:21.0 (7978306)|STATEMENT_EXECUTE|[12]
08:19:21.0 (7981487)|HEAP_ALLOCATE|[12]|Bytes:3
08:19:21.0 (8021201)|HEAP_ALLOCATE|[12]|Bytes:28
08:19:21.0 (8279431)|EXCEPTION_THROWN|[12]|System.FinalException: Record is read-only
08:19:21.0 (8334525)|HEAP_ALLOCATE|[12]|Bytes:23
08:19:21.0 (8616714)|FATAL_ERROR|System.FinalException: Record is read-only

Trigger.ComparableOpps: line 12, column 1
08:19:21.0 (8628473)|FATAL_ERROR|System.FinalException: Record is read-only

Trigger.ComparableOpps: line 12, column 1
08:19:21.8 (8672512)|CUMULATIVE_LIMIT_USAGE
08:19:21.8 (8672512)|LIMIT_USAGE_FOR_NS|(default)|
  Number of SOQL queries: 1 out of 100
  Number of query rows: 1 out of 50000
  Number of SOSL queries: 0 out of 20
  Number of DML statements: 0 out of 150
  Number of DML rows: 0 out of 10000
  Maximum CPU time: 0 out of 10000
  Maximum heap size: 0 out of 6000000
  Number of callouts: 0 out of 100
  Number of Email Invocations: 0 out of 10
  Number of future calls: 0 out of 50
  Number of queueable jobs added to the queue: 0 out of 50
  Number of Mobile Apex push calls: 0 out of 10

08:19:21.8 (8672512)|CUMULATIVE_LIMIT_USAGE_END

08:19:21.0 (9893140)|CODE_UNIT_FINISHED|ComparableOpps on Opportunity trigger event AfterInsert for [006410000079tl9]
08:19:21.0 (12407058)|EXECUTION_FINISHED
