36.0 APEX_CODE,FINEST;APEX_PROFILING,INFO;CALLOUT,INFO;DB,INFO;SYSTEM,DEBUG;VALIDATION,INFO;VISUALFORCE,INFO;WORKFLOW,INFO
09:11:09.0 (384615)|USER_INFO|[EXTERNAL]|00541000001IQl9|wjw@stuff.com|Pacific Standard Time|GMT-08:00
09:11:09.0 (418006)|EXECUTION_STARTED
09:11:09.0 (422603)|CODE_UNIT_STARTED|[EXTERNAL]|TRIGGERS
09:11:09.0 (470113)|CODE_UNIT_STARTED|[EXTERNAL]|01q410000019tBL|LeadingCompetitor on Opportunity trigger event BeforeInsert for [new]
09:11:09.0 (509490)|HEAP_ALLOCATE|[EXTERNAL]|Bytes:8
09:11:09.0 (906382)|HEAP_ALLOCATE|[72]|Bytes:3
09:11:09.0 (940204)|HEAP_ALLOCATE|[77]|Bytes:152
09:11:09.0 (958896)|HEAP_ALLOCATE|[342]|Bytes:408
09:11:09.0 (979659)|HEAP_ALLOCATE|[355]|Bytes:408
09:11:09.0 (997859)|HEAP_ALLOCATE|[467]|Bytes:48
09:11:09.0 (1027910)|HEAP_ALLOCATE|[139]|Bytes:6
09:11:09.0 (1053239)|HEAP_ALLOCATE|[EXTERNAL]|Bytes:4
09:11:09.0 (1062876)|VARIABLE_SCOPE_BEGIN|[1]|this|LeadingCompetitor|true|false
09:11:09.0 (1127003)|VARIABLE_ASSIGNMENT|[1]|this|{}|0xa29e5b7
09:11:09.0 (1176311)|HEAP_ALLOCATE|[EXTERNAL]|Bytes:4
09:11:09.0 (1183221)|VARIABLE_SCOPE_BEGIN|[1]|this|LeadingCompetitor|true|false
09:11:09.0 (1194885)|VARIABLE_ASSIGNMENT|[1]|this|{}|0xa29e5b7
09:11:09.0 (1201327)|STATEMENT_EXECUTE|[1]
09:11:09.0 (1236428)|HEAP_ALLOCATE|[50]|Bytes:5
09:11:09.0 (1255777)|HEAP_ALLOCATE|[56]|Bytes:5
09:11:09.0 (1264655)|HEAP_ALLOCATE|[64]|Bytes:7
09:11:09.0 (1617191)|HEAP_ALLOCATE|[3]|Bytes:5
09:11:09.0 (1651078)|HEAP_ALLOCATE|[3]|Bytes:4
09:11:09.0 (1661667)|VARIABLE_SCOPE_BEGIN|[3]|opp|Opportunity|true|false
09:11:09.0 (2463772)|VARIABLE_ASSIGNMENT|[3]|opp|{"IsDeleted":false,"HasOpportunityLineIt (2 more) ...":false,"StageName":"Closed Won","Amount":105000.00,"Probability":100,"ForecastCategory":"Closed","IsClosed":true,"CloseDate":"2017-01-05T00:00:00.000Z","Name":"Opp Test","HasOpenActivity":false,"ExpectedRevenue":105000.00,"OwnerId":"00541000001IQl9AAG","IsWon":true,"HasOverdueTask":false,"ForecastCategoryName":"Closed","IsPrivate":false}|0x5a1e62a2
09:11:09.0 (2472270)|STATEMENT_EXECUTE|[3]
09:11:09.0 (2473894)|STATEMENT_EXECUTE|[5]
09:11:09.0 (2483268)|HEAP_ALLOCATE|[5]|Bytes:4
09:11:09.0 (2512675)|VARIABLE_SCOPE_BEGIN|[5]|competitorPrices|List<Decimal>|true|false
09:11:09.0 (2541599)|HEAP_ALLOCATE|[EXTERNAL]|Bytes:4
09:11:09.0 (2558052)|VARIABLE_ASSIGNMENT|[5]|competitorPrices|{"s":1,"v":[]}|0x6b36c634
09:11:09.0 (2561193)|STATEMENT_EXECUTE|[6]
09:11:09.0 (2629341)|HEAP_ALLOCATE|[EXTERNAL]|Bytes:4
09:11:09.0 (2638454)|STATEMENT_EXECUTE|[7]
09:11:09.0 (2680861)|HEAP_ALLOCATE|[EXTERNAL]|Bytes:4
09:11:09.0 (2687461)|STATEMENT_EXECUTE|[8]
09:11:09.0 (2724440)|HEAP_ALLOCATE|[EXTERNAL]|Bytes:4
09:11:09.0 (2730773)|STATEMENT_EXECUTE|[11]
09:11:09.0 (2737758)|HEAP_ALLOCATE|[11]|Bytes:4
09:11:09.0 (2756801)|VARIABLE_SCOPE_BEGIN|[11]|competitors|List<String>|true|false
09:11:09.0 (2778523)|HEAP_ALLOCATE|[EXTERNAL]|Bytes:4
09:11:09.0 (2789153)|VARIABLE_ASSIGNMENT|[11]|competitors|{"s":1,"v":[]}|0x5a6e3a69
09:11:09.0 (2792213)|STATEMENT_EXECUTE|[12]
09:11:09.0 (2837178)|HEAP_ALLOCATE|[EXTERNAL]|Bytes:4
09:11:09.0 (2844272)|STATEMENT_EXECUTE|[13]
09:11:09.0 (2882727)|HEAP_ALLOCATE|[EXTERNAL]|Bytes:4
09:11:09.0 (2889159)|STATEMENT_EXECUTE|[14]
09:11:09.0 (2925647)|HEAP_ALLOCATE|[EXTERNAL]|Bytes:4
09:11:09.0 (2931863)|STATEMENT_EXECUTE|[17]
09:11:09.0 (2938560)|VARIABLE_SCOPE_BEGIN|[17]|highestPrice|Decimal|false|false
09:11:09.0 (2945942)|VARIABLE_ASSIGNMENT|[17]|highestPrice|null
09:11:09.0 (2947650)|STATEMENT_EXECUTE|[18]
09:11:09.0 (2949643)|VARIABLE_SCOPE_BEGIN|[18]|highestPricePosition|Integer|false|false
09:11:09.0 (2954371)|VARIABLE_ASSIGNMENT|[18]|highestPricePosition|null
09:11:09.0 (2956833)|STATEMENT_EXECUTE|[19]
09:11:09.0 (2960347)|VARIABLE_SCOPE_BEGIN|[19]|i|Integer|false|false
09:11:09.0 (2963252)|HEAP_ALLOCATE|[19]|Bytes:4
09:11:09.0 (2968331)|VARIABLE_ASSIGNMENT|[19]|i|0
09:11:09.0 (2991192)|STATEMENT_EXECUTE|[19]
09:11:09.0 (2993364)|STATEMENT_EXECUTE|[20]
09:11:09.0 (3014521)|VARIABLE_SCOPE_BEGIN|[20]|currentPrice|Decimal|false|false
09:11:09.0 (3021150)|VARIABLE_ASSIGNMENT|[20]|currentPrice|null
09:11:09.0 (3026182)|STATEMENT_EXECUTE|[21]
09:11:09.0 (3027371)|STATEMENT_EXECUTE|[22]
09:11:09.0 (3030304)|VARIABLE_ASSIGNMENT|[22]|highestPrice|null
09:11:09.0 (3031586)|STATEMENT_EXECUTE|[23]
09:11:09.0 (3033468)|HEAP_ALLOCATE|[23]|Bytes:4
09:11:09.0 (3037598)|VARIABLE_ASSIGNMENT|[23]|highestPricePosition|0
09:11:09.0 (3041136)|HEAP_ALLOCATE|[19]|Bytes:4
09:11:09.0 (3045249)|VARIABLE_ASSIGNMENT|[19]|i|1
09:11:09.0 (3054095)|STATEMENT_EXECUTE|[19]
09:11:09.0 (3055706)|STATEMENT_EXECUTE|[20]
09:11:09.0 (3061913)|VARIABLE_SCOPE_BEGIN|[20]|currentPrice|Decimal|false|false
09:11:09.0 (3065829)|VARIABLE_ASSIGNMENT|[20]|currentPrice|null
09:11:09.0 (3068082)|STATEMENT_EXECUTE|[21]
09:11:09.0 (3069140)|STATEMENT_EXECUTE|[22]
09:11:09.0 (3071855)|VARIABLE_ASSIGNMENT|[22]|highestPrice|null
09:11:09.0 (3073102)|STATEMENT_EXECUTE|[23]
09:11:09.0 (3074687)|HEAP_ALLOCATE|[23]|Bytes:4
09:11:09.0 (3078051)|VARIABLE_ASSIGNMENT|[23]|highestPricePosition|1
09:11:09.0 (3079655)|HEAP_ALLOCATE|[19]|Bytes:4
09:11:09.0 (3082736)|VARIABLE_ASSIGNMENT|[19]|i|2
09:11:09.0 (3089670)|STATEMENT_EXECUTE|[19]
09:11:09.0 (3090924)|STATEMENT_EXECUTE|[20]
09:11:09.0 (3096444)|VARIABLE_SCOPE_BEGIN|[20]|currentPrice|Decimal|false|false
09:11:09.0 (3099936)|VARIABLE_ASSIGNMENT|[20]|currentPrice|null
09:11:09.0 (3102089)|STATEMENT_EXECUTE|[21]
09:11:09.0 (3103044)|STATEMENT_EXECUTE|[22]
09:11:09.0 (3105814)|VARIABLE_ASSIGNMENT|[22]|highestPrice|null
09:11:09.0 (3107045)|STATEMENT_EXECUTE|[23]
09:11:09.0 (3109064)|HEAP_ALLOCATE|[23]|Bytes:4
09:11:09.0 (3112272)|VARIABLE_ASSIGNMENT|[23]|highestPricePosition|2
09:11:09.0 (3113820)|HEAP_ALLOCATE|[19]|Bytes:4
09:11:09.0 (3116789)|VARIABLE_ASSIGNMENT|[19]|i|3
09:11:09.0 (3124840)|STATEMENT_EXECUTE|[28]
09:11:09.0 (3480468)|VARIABLE_ASSIGNMENT|[28]|this.Leading_Competitor__c|null|0x5a1e62a2
09:11:09.0 (3484967)|STATEMENT_EXECUTE|[29]
09:11:09.0 (3809587)|VARIABLE_ASSIGNMENT|[29]|this.Leading_Competitor_Price__c|null|0x5a1e62a2
09:11:09.0 (3825717)|HEAP_ALLOCATE|[3]|Bytes:5
09:11:09.0 (3838803)|VARIABLE_ASSIGNMENT|[3]|opp|null|
09:11:09.3 (3847489)|CUMULATIVE_LIMIT_USAGE
09:11:09.3 (3847489)|LIMIT_USAGE_FOR_NS|(default)|
  Number of SOQL queries: 0 out of 100
  Number of query rows: 0 out of 50000
  Number of SOSL queries: 0 out of 20
  Number of DML statements: 0 out of 150
  Number of DML rows: 0 out of 10000
  Maximum CPU time: 0 out of 10000
  Maximum heap size: 0 out of 6000000
  Number of callouts: 0 out of 100
  Number of Email Invocations: 0 out of 10
  Number of future calls: 0 out of 50
  Number of queueable jobs added to the queue: 0 out of 50
  Number of Mobile Apex push calls: 0 out of 10

09:11:09.3 (3847489)|CUMULATIVE_LIMIT_USAGE_END

09:11:09.0 (5316546)|CODE_UNIT_FINISHED|LeadingCompetitor on Opportunity trigger event BeforeInsert for [new]
09:11:09.0 (51988342)|CODE_UNIT_STARTED|[EXTERNAL]|01q41000001AAfq|ComparableOpps on Opportunity trigger event AfterInsert for [006410000079vbW]
09:11:09.0 (52025891)|HEAP_ALLOCATE|[EXTERNAL]|Bytes:8
09:11:09.0 (52183414)|HEAP_ALLOCATE|[EXTERNAL]|Bytes:2
09:11:09.0 (52210666)|HEAP_ALLOCATE|[EXTERNAL]|Bytes:4
09:11:09.0 (52225352)|VARIABLE_SCOPE_BEGIN|[1]|this|ComparableOpps|true|false
09:11:09.0 (52271043)|VARIABLE_ASSIGNMENT|[1]|this|{}|0x42f156fc
09:11:09.0 (52337610)|HEAP_ALLOCATE|[EXTERNAL]|Bytes:4
09:11:09.0 (52349015)|VARIABLE_SCOPE_BEGIN|[1]|this|ComparableOpps|true|false
09:11:09.0 (52368173)|VARIABLE_ASSIGNMENT|[1]|this|{}|0x42f156fc
09:11:09.0 (52376431)|STATEMENT_EXECUTE|[1]
09:11:09.0 (52490271)|HEAP_ALLOCATE|[3]|Bytes:5
09:11:09.0 (52528445)|VARIABLE_SCOPE_BEGIN|[3]|opp|Opportunity|true|false
09:11:09.0 (53364012)|VARIABLE_ASSIGNMENT|[3]|opp|{"LastModifiedDate":"2017-01-05T17:11:09.000Z","IsDeleted":false,"HasOpportunityLineIt (2 more) ...":false,"StageName":"Closed Won","Amount":105000.00,"Probability":100,"ForecastCategory":"Closed","IsClosed":true,"CloseDate":"2017-01-05T00:00:00.000Z","Name":"Opp Test","SystemModstamp":"2017-01-05T17:11:09.000Z","HasOpenActivity":false,"ExpectedRevenue":105000.00,"CreatedById":"00541000001IQl9AAG","OwnerId":"00541000001IQl9AAG","IsWon":true,"CreatedDate":"2017-01-05T17:11:09.000Z","HasOverdueTask":false,"Id":"006410000079vbWAAQ","ForecastCategoryName":"Closed","IsPrivate":false,"LastModifiedById":"00541000001IQl9AAG"}|0x44ddb660
09:11:09.0 (53373359)|STATEMENT_EXECUTE|[3]
09:11:09.0 (53374987)|STATEMENT_EXECUTE|[5]
09:11:09.0 (53380542)|HEAP_ALLOCATE|[5]|Bytes:72
09:11:09.0 (53394896)|HEAP_ALLOCATE|[5]|Bytes:4
09:11:09.0 (53407500)|HEAP_ALLOCATE|[5]|Bytes:7
09:11:09.0 (56080465)|SOQL_EXECUTE_BEGIN|[5]|Aggregations:0|SELECT Id, Account.Industry FROM Opportunity WHERE Id = :tmpVar1 LIMIT 1
09:11:09.0 (58128803)|SOQL_EXECUTE_END|[5]|Rows:1
09:11:09.0 (58143570)|HEAP_ALLOCATE|[5]|Bytes:8
09:11:09.0 (58156773)|HEAP_ALLOCATE|[5]|Bytes:29
09:11:09.0 (58171110)|HEAP_ALLOCATE|[5]|Bytes:8
09:11:09.0 (58181130)|HEAP_ALLOCATE|[5]|Bytes:37
09:11:09.0 (58206632)|HEAP_ALLOCATE|[5]|Bytes:8
09:11:09.0 (58213956)|VARIABLE_SCOPE_BEGIN|[5]|oppWithAccountInfo|Opportunity|true|false
09:11:09.0 (58244748)|VARIABLE_ASSIGNMENT|[5]|oppWithAccountInfo|{"s":1,"v":{"Id":"006410000079vbWAAQ"}}|0x6f898fc8
09:11:09.0 (58248334)|STATEMENT_EXECUTE|[12]
09:11:09.0 (58292417)|HEAP_ALLOCATE|[12]|Bytes:3
09:11:09.0 (58311596)|HEAP_ALLOCATE|[12]|Bytes:28
09:11:09.0 (58379838)|HEAP_ALLOCATE|[12]|Bytes:28
09:11:09.0 (58394010)|VARIABLE_SCOPE_BEGIN|[12]|minAmount|Decimal|false|false
09:11:09.0 (58406465)|VARIABLE_ASSIGNMENT|[12]|minAmount|94500.000
09:11:09.0 (58409267)|STATEMENT_EXECUTE|[13]
09:11:09.0 (58418997)|HEAP_ALLOCATE|[13]|Bytes:3
09:11:09.0 (58426208)|HEAP_ALLOCATE|[13]|Bytes:28
09:11:09.0 (58458603)|HEAP_ALLOCATE|[13]|Bytes:28
09:11:09.0 (58470050)|VARIABLE_SCOPE_BEGIN|[13]|maxAmount|Decimal|false|false
09:11:09.0 (58477673)|VARIABLE_ASSIGNMENT|[13]|maxAmount|115500.000
09:11:09.0 (58480154)|STATEMENT_EXECUTE|[16]
09:11:09.0 (58483908)|HEAP_ALLOCATE|[16]|Bytes:189
09:11:09.0 (58490192)|HEAP_ALLOCATE|[16]|Bytes:4
09:11:09.0 (58529779)|HEAP_ALLOCATE|[16]|Bytes:28
09:11:09.0 (58536460)|HEAP_ALLOCATE|[16]|Bytes:7
09:11:09.0 (58547448)|HEAP_ALLOCATE|[16]|Bytes:28
09:11:09.0 (58552188)|HEAP_ALLOCATE|[16]|Bytes:7
09:11:09.0 (58591611)|HEAP_ALLOCATE|[16]|Bytes:7
09:11:09.0 (59041530)|SOQL_EXECUTE_BEGIN|[16]|Aggregations:0|SELECT Id FROM Opportunity WHERE (Amount >= :tmpVar1 AND Amount <= :tmpVar2 AND Account.Industry = :tmpVar3 AND StageName = 'Closed Won' AND CloseDate >= LAST_N_DAYS:365 AND Id != :tmpVar4)
09:11:09.0 (64975901)|SOQL_EXECUTE_END|[16]|Rows:0
09:11:09.0 (64994039)|HEAP_ALLOCATE|[16]|Bytes:4
09:11:09.0 (65004314)|HEAP_ALLOCATE|[16]|Bytes:0
09:11:09.0 (65020146)|HEAP_ALLOCATE|[16]|Bytes:4
09:11:09.0 (65035766)|VARIABLE_SCOPE_BEGIN|[16]|comparableOpps|List<Opportunity>|true|false
09:11:09.0 (65060742)|VARIABLE_ASSIGNMENT|[16]|comparableOpps|{"s":1,"v":[]}|0x58bd488e
09:11:09.0 (65064153)|STATEMENT_EXECUTE|[24]
09:11:09.0 (65068535)|HEAP_ALLOCATE|[24]|Bytes:25
09:11:09.0 (65126439)|HEAP_ALLOCATE|[24]|Bytes:2
09:11:09.0 (65144329)|HEAP_ALLOCATE|[24]|Bytes:27
09:11:09.0 (65171719)|USER_DEBUG|[24]|DEBUG|Comparable opp(s) found: ()
09:11:09.0 (65178131)|STATEMENT_EXECUTE|[27]
09:11:09.0 (65241776)|HEAP_ALLOCATE|[27]|Bytes:4
09:11:09.0 (65299243)|VARIABLE_SCOPE_BEGIN|[27]|junctionObjsToInsert|List<Comparable__c>|true|false
09:11:09.0 (65307556)|HEAP_ALLOCATE|[EXTERNAL]|Bytes:4
09:11:09.0 (65319945)|VARIABLE_ASSIGNMENT|[27]|junctionObjsToInsert|{"s":1,"v":[]}|0x30f29b9e
09:11:09.0 (65360102)|HEAP_ALLOCATE|[28]|Bytes:5
09:11:09.0 (65374656)|VARIABLE_ASSIGNMENT|[28]|comp|null|
09:11:09.0 (65377867)|STATEMENT_EXECUTE|[28]
09:11:09.0 (65379438)|STATEMENT_EXECUTE|[34]
09:11:09.0 (65462670)|HEAP_ALLOCATE|[EXTERNAL]|Bytes:4
09:11:09.0 (65479906)|HEAP_ALLOCATE|[3]|Bytes:5
09:11:09.0 (65493016)|VARIABLE_ASSIGNMENT|[3]|opp|null|
09:11:09.65 (65505797)|CUMULATIVE_LIMIT_USAGE
09:11:09.65 (65505797)|LIMIT_USAGE_FOR_NS|(default)|
  Number of SOQL queries: 2 out of 100
  Number of query rows: 1 out of 50000
  Number of SOSL queries: 0 out of 20
  Number of DML statements: 0 out of 150
  Number of DML rows: 0 out of 10000
  Maximum CPU time: 0 out of 10000
  Maximum heap size: 0 out of 6000000
  Number of callouts: 0 out of 100
  Number of Email Invocations: 0 out of 10
  Number of future calls: 0 out of 50
  Number of queueable jobs added to the queue: 0 out of 50
  Number of Mobile Apex push calls: 0 out of 10

09:11:09.65 (65505797)|CUMULATIVE_LIMIT_USAGE_END

09:11:09.0 (67069241)|CODE_UNIT_FINISHED|ComparableOpps on Opportunity trigger event AfterInsert for [006410000079vbW]
09:11:09.0 (72061133)|CODE_UNIT_STARTED|[EXTERNAL]|01q410000019g8k|AppleWatch on Opportunity trigger event AfterInsert for [006410000079vbW]
09:11:09.0 (72076814)|HEAP_ALLOCATE|[EXTERNAL]|Bytes:8
09:11:09.0 (72154232)|HEAP_ALLOCATE|[EXTERNAL]|Bytes:4
09:11:09.0 (72165218)|VARIABLE_SCOPE_BEGIN|[1]|this|AppleWatch|true|false
09:11:09.0 (72198744)|VARIABLE_ASSIGNMENT|[1]|this|{}|0x700061f5
09:11:09.0 (72239322)|HEAP_ALLOCATE|[EXTERNAL]|Bytes:4
09:11:09.0 (72245603)|VARIABLE_SCOPE_BEGIN|[1]|this|AppleWatch|true|false
09:11:09.0 (72259933)|VARIABLE_ASSIGNMENT|[1]|this|{}|0x700061f5
09:11:09.0 (72264727)|STATEMENT_EXECUTE|[1]
09:11:09.0 (72324300)|HEAP_ALLOCATE|[2]|Bytes:5
09:11:09.0 (72343117)|VARIABLE_SCOPE_BEGIN|[2]|opp|Opportunity|true|false
09:11:09.0 (72874820)|VARIABLE_ASSIGNMENT|[2]|opp|{"LastModifiedDate":"2017-01-05T17:11:09.000Z","IsDeleted":false,"HasOpportunityLineIt (2 more) ...":false,"StageName":"Closed Won","Amount":105000.00,"Probability":100,"ForecastCategory":"Closed","IsClosed":true,"CloseDate":"2017-01-05T00:00:00.000Z","Name":"Opp Test","SystemModstamp":"2017-01-05T17:11:09.000Z","HasOpenActivity":false,"ExpectedRevenue":105000.00,"CreatedById":"00541000001IQl9AAG","OwnerId":"00541000001IQl9AAG","IsWon":true,"CreatedDate":"2017-01-05T17:11:09.000Z","HasOverdueTask":false,"Id":"006410000079vbWAAQ","ForecastCategoryName":"Closed","IsPrivate":false,"LastModifiedById":"00541000001IQl9AAG"}|0x44ddb660
09:11:09.0 (72882979)|STATEMENT_EXECUTE|[2]
09:11:09.0 (72884318)|STATEMENT_EXECUTE|[3]
09:11:09.0 (72929999)|HEAP_ALLOCATE|[3]|Bytes:4
09:11:09.0 (73031071)|VARIABLE_SCOPE_BEGIN|[3]|t|Task|true|false
09:11:09.0 (73044186)|VARIABLE_ASSIGNMENT|[3]|t|{}|0x64f17fc
09:11:09.0 (73046808)|STATEMENT_EXECUTE|[4]
09:11:09.0 (73050925)|HEAP_ALLOCATE|[4]|Bytes:17
09:11:09.0 (73768730)|VARIABLE_ASSIGNMENT|[4]|this.Subject|"Apple Watch Promo"|0x64f17fc
09:11:09.0 (73772986)|STATEMENT_EXECUTE|[5]
09:11:09.0 (73777579)|HEAP_ALLOCATE|[5]|Bytes:18
09:11:09.0 (73813227)|VARIABLE_ASSIGNMENT|[5]|this.Description|"Send them one ASAP"|0x64f17fc
09:11:09.0 (73816648)|STATEMENT_EXECUTE|[6]
09:11:09.0 (73819993)|HEAP_ALLOCATE|[6]|Bytes:4
09:11:09.0 (73852562)|VARIABLE_ASSIGNMENT|[6]|this.Priority|"High"|0x64f17fc
09:11:09.0 (73855518)|STATEMENT_EXECUTE|[7]
09:11:09.0 (74111938)|VARIABLE_ASSIGNMENT|[7]|this.WhatId|"006410000079vbWAAQ"|0x64f17fc
09:11:09.0 (74116419)|STATEMENT_EXECUTE|[8]
09:11:09.0 (74142953)|HEAP_ALLOCATE|[8]|Bytes:8
09:11:09.0 (74153780)|DML_BEGIN|[8]|Op:Insert|Type:Task|Rows:1
09:11:09.0 (74178453)|HEAP_ALLOCATE|[EXTERNAL]|Bytes:8
09:11:09.0 (113113101)|DML_END|[8]
09:11:09.0 (113171085)|HEAP_ALLOCATE|[2]|Bytes:5
09:11:09.0 (113209953)|VARIABLE_ASSIGNMENT|[2]|opp|null|
09:11:09.113 (113224956)|CUMULATIVE_LIMIT_USAGE
09:11:09.113 (113224956)|LIMIT_USAGE_FOR_NS|(default)|
  Number of SOQL queries: 2 out of 100
  Number of query rows: 1 out of 50000
  Number of SOSL queries: 0 out of 20
  Number of DML statements: 1 out of 150
  Number of DML rows: 1 out of 10000
  Maximum CPU time: 0 out of 10000
  Maximum heap size: 0 out of 6000000
  Number of callouts: 0 out of 100
  Number of Email Invocations: 0 out of 10
  Number of future calls: 0 out of 50
  Number of queueable jobs added to the queue: 0 out of 50
  Number of Mobile Apex push calls: 0 out of 10

09:11:09.113 (113224956)|CUMULATIVE_LIMIT_USAGE_END

09:11:09.0 (114411342)|CODE_UNIT_FINISHED|AppleWatch on Opportunity trigger event AfterInsert for [006410000079vbW]
09:11:09.0 (151033638)|CODE_UNIT_FINISHED|TRIGGERS
09:11:09.0 (151045920)|EXECUTION_FINISHED
