36.0 APEX_CODE,FINEST;APEX_PROFILING,INFO;CALLOUT,INFO;DB,INFO;SYSTEM,DEBUG;VALIDATION,INFO;VISUALFORCE,INFO;WORKFLOW,INFO
08:35:35.0 (337979)|USER_INFO|[EXTERNAL]|00541000001IQl9|wjw@stuff.com|Pacific Standard Time|GMT-08:00
08:35:35.0 (371711)|EXECUTION_STARTED
08:35:35.0 (382357)|CODE_UNIT_STARTED|[EXTERNAL]|TRIGGERS
08:35:35.0 (420534)|CODE_UNIT_STARTED|[EXTERNAL]|01q410000019tBL|LeadingCompetitor on Opportunity trigger event BeforeInsert for [new]
08:35:35.0 (491317)|HEAP_ALLOCATE|[EXTERNAL]|Bytes:8
08:35:35.0 (902245)|HEAP_ALLOCATE|[72]|Bytes:3
08:35:35.0 (958497)|HEAP_ALLOCATE|[77]|Bytes:152
08:35:35.0 (978991)|HEAP_ALLOCATE|[342]|Bytes:408
08:35:35.0 (999594)|HEAP_ALLOCATE|[355]|Bytes:408
08:35:35.0 (1017941)|HEAP_ALLOCATE|[467]|Bytes:48
08:35:35.0 (1053432)|HEAP_ALLOCATE|[139]|Bytes:6
08:35:35.0 (1085713)|HEAP_ALLOCATE|[EXTERNAL]|Bytes:4
08:35:35.0 (1100056)|VARIABLE_SCOPE_BEGIN|[1]|this|LeadingCompetitor|true|false
08:35:35.0 (1157125)|VARIABLE_ASSIGNMENT|[1]|this|{}|0x5036ec94
08:35:35.0 (1207408)|HEAP_ALLOCATE|[EXTERNAL]|Bytes:4
08:35:35.0 (1214217)|VARIABLE_SCOPE_BEGIN|[1]|this|LeadingCompetitor|true|false
08:35:35.0 (1225817)|VARIABLE_ASSIGNMENT|[1]|this|{}|0x5036ec94
08:35:35.0 (1232363)|STATEMENT_EXECUTE|[1]
08:35:35.0 (1272722)|HEAP_ALLOCATE|[50]|Bytes:5
08:35:35.0 (1301933)|HEAP_ALLOCATE|[56]|Bytes:5
08:35:35.0 (1312383)|HEAP_ALLOCATE|[64]|Bytes:7
08:35:35.0 (1802386)|HEAP_ALLOCATE|[3]|Bytes:5
08:35:35.0 (1856688)|HEAP_ALLOCATE|[3]|Bytes:4
08:35:35.0 (1871193)|VARIABLE_SCOPE_BEGIN|[3]|opp|Opportunity|true|false
08:35:35.0 (2872355)|VARIABLE_ASSIGNMENT|[3]|opp|{"IsDeleted":false,"HasOpportunityLineIt (2 more) ...":false,"StageName":"Prospecting","Amount":9999999999.00,"Probability":10,"ForecastCategory":"Pipeline","IsClosed":false,"CloseDate":"2017-01-05T00:00:00.000Z","Name":"efefef","HasOpenActivity":false,"ExpectedRevenue":999999999.9000001,"OwnerId":"00541000001IQl9AAG","IsWon":false,"HasOverdueTask":false,"ForecastCategoryName":"Pipeline","IsPrivate":false}|0x1f87ff0d
08:35:35.0 (2882600)|STATEMENT_EXECUTE|[3]
08:35:35.0 (2884278)|STATEMENT_EXECUTE|[5]
08:35:35.0 (2897155)|HEAP_ALLOCATE|[5]|Bytes:4
08:35:35.0 (2936145)|VARIABLE_SCOPE_BEGIN|[5]|competitorPrices|List<Decimal>|true|false
08:35:35.0 (2969478)|HEAP_ALLOCATE|[EXTERNAL]|Bytes:4
08:35:35.0 (2986909)|VARIABLE_ASSIGNMENT|[5]|competitorPrices|{"s":1,"v":[]}|0x58a462e5
08:35:35.0 (2990256)|STATEMENT_EXECUTE|[6]
08:35:35.0 (3054683)|HEAP_ALLOCATE|[EXTERNAL]|Bytes:4
08:35:35.0 (3063617)|STATEMENT_EXECUTE|[7]
08:35:35.0 (3130548)|HEAP_ALLOCATE|[EXTERNAL]|Bytes:4
08:35:35.0 (3142650)|STATEMENT_EXECUTE|[8]
08:35:35.0 (3201711)|HEAP_ALLOCATE|[EXTERNAL]|Bytes:4
08:35:35.0 (3209396)|STATEMENT_EXECUTE|[11]
08:35:35.0 (3217470)|HEAP_ALLOCATE|[11]|Bytes:4
08:35:35.0 (3238468)|VARIABLE_SCOPE_BEGIN|[11]|competitors|List<String>|true|false
08:35:35.0 (3271645)|HEAP_ALLOCATE|[EXTERNAL]|Bytes:4
08:35:35.0 (3286446)|VARIABLE_ASSIGNMENT|[11]|competitors|{"s":1,"v":[]}|0x75e8efcd
08:35:35.0 (3289770)|STATEMENT_EXECUTE|[12]
08:35:35.0 (3338554)|HEAP_ALLOCATE|[EXTERNAL]|Bytes:4
08:35:35.0 (3345749)|STATEMENT_EXECUTE|[13]
08:35:35.0 (3385296)|HEAP_ALLOCATE|[EXTERNAL]|Bytes:4
08:35:35.0 (3391683)|STATEMENT_EXECUTE|[14]
08:35:35.0 (3429283)|HEAP_ALLOCATE|[EXTERNAL]|Bytes:4
08:35:35.0 (3435596)|STATEMENT_EXECUTE|[17]
08:35:35.0 (3442730)|VARIABLE_SCOPE_BEGIN|[17]|highestPrice|Decimal|false|false
08:35:35.0 (3449669)|VARIABLE_ASSIGNMENT|[17]|highestPrice|null
08:35:35.0 (3452299)|STATEMENT_EXECUTE|[18]
08:35:35.0 (3454197)|VARIABLE_SCOPE_BEGIN|[18]|highestPricePosition|Integer|false|false
08:35:35.0 (3458633)|VARIABLE_ASSIGNMENT|[18]|highestPricePosition|null
08:35:35.0 (3461347)|STATEMENT_EXECUTE|[19]
08:35:35.0 (3464979)|VARIABLE_SCOPE_BEGIN|[19]|i|Integer|false|false
08:35:35.0 (3470103)|HEAP_ALLOCATE|[19]|Bytes:4
08:35:35.0 (3475005)|VARIABLE_ASSIGNMENT|[19]|i|0
08:35:35.0 (3504863)|STATEMENT_EXECUTE|[19]
08:35:35.0 (3506766)|STATEMENT_EXECUTE|[20]
08:35:35.0 (3529590)|VARIABLE_SCOPE_BEGIN|[20]|currentPrice|Decimal|false|false
08:35:35.0 (3535467)|VARIABLE_ASSIGNMENT|[20]|currentPrice|null
08:35:35.0 (3542010)|STATEMENT_EXECUTE|[21]
08:35:35.0 (3543262)|STATEMENT_EXECUTE|[22]
08:35:35.0 (3546289)|VARIABLE_ASSIGNMENT|[22]|highestPrice|null
08:35:35.0 (3547627)|STATEMENT_EXECUTE|[23]
08:35:35.0 (3549591)|HEAP_ALLOCATE|[23]|Bytes:4
08:35:35.0 (3556703)|VARIABLE_ASSIGNMENT|[23]|highestPricePosition|0
08:35:35.0 (3560139)|HEAP_ALLOCATE|[19]|Bytes:4
08:35:35.0 (3563854)|VARIABLE_ASSIGNMENT|[19]|i|1
08:35:35.0 (3574077)|STATEMENT_EXECUTE|[19]
08:35:35.0 (3575662)|STATEMENT_EXECUTE|[20]
08:35:35.0 (3581781)|VARIABLE_SCOPE_BEGIN|[20]|currentPrice|Decimal|false|false
08:35:35.0 (3585596)|VARIABLE_ASSIGNMENT|[20]|currentPrice|null
08:35:35.0 (3588029)|STATEMENT_EXECUTE|[21]
08:35:35.0 (3589072)|STATEMENT_EXECUTE|[22]
08:35:35.0 (3591589)|VARIABLE_ASSIGNMENT|[22]|highestPrice|null
08:35:35.0 (3592801)|STATEMENT_EXECUTE|[23]
08:35:35.0 (3594412)|HEAP_ALLOCATE|[23]|Bytes:4
08:35:35.0 (3597652)|VARIABLE_ASSIGNMENT|[23]|highestPricePosition|1
08:35:35.0 (3599475)|HEAP_ALLOCATE|[19]|Bytes:4
08:35:35.0 (3602240)|VARIABLE_ASSIGNMENT|[19]|i|2
08:35:35.0 (3609815)|STATEMENT_EXECUTE|[19]
08:35:35.0 (3610967)|STATEMENT_EXECUTE|[20]
08:35:35.0 (3616480)|VARIABLE_SCOPE_BEGIN|[20]|currentPrice|Decimal|false|false
08:35:35.0 (3620016)|VARIABLE_ASSIGNMENT|[20]|currentPrice|null
08:35:35.0 (3622280)|STATEMENT_EXECUTE|[21]
08:35:35.0 (3623267)|STATEMENT_EXECUTE|[22]
08:35:35.0 (3625885)|VARIABLE_ASSIGNMENT|[22]|highestPrice|null
08:35:35.0 (3627131)|STATEMENT_EXECUTE|[23]
08:35:35.0 (3628861)|HEAP_ALLOCATE|[23]|Bytes:4
08:35:35.0 (3632076)|VARIABLE_ASSIGNMENT|[23]|highestPricePosition|2
08:35:35.0 (3633874)|HEAP_ALLOCATE|[19]|Bytes:4
08:35:35.0 (3636565)|VARIABLE_ASSIGNMENT|[19]|i|3
08:35:35.0 (3645359)|STATEMENT_EXECUTE|[28]
08:35:35.0 (4018241)|VARIABLE_ASSIGNMENT|[28]|this.Leading_Competitor__c|null|0x1f87ff0d
08:35:35.0 (4023694)|STATEMENT_EXECUTE|[29]
08:35:35.0 (4360698)|VARIABLE_ASSIGNMENT|[29]|this.Leading_Competitor_Price__c|null|0x1f87ff0d
08:35:35.0 (4400657)|HEAP_ALLOCATE|[3]|Bytes:5
08:35:35.0 (4419812)|VARIABLE_ASSIGNMENT|[3]|opp|null|
08:35:35.4 (4430208)|CUMULATIVE_LIMIT_USAGE
08:35:35.4 (4430208)|LIMIT_USAGE_FOR_NS|(default)|
  Number of SOQL queries: 0 out of 100
  Number of query rows: 0 out of 50000
  Number of SOSL queries: 0 out of 20
  Number of DML statements: 0 out of 150
  Number of DML rows: 0 out of 10000
  Maximum CPU time: 0 out of 10000
  Maximum heap size: 0 out of 6000000
  Number of callouts: 0 out of 100
  Number of Email Invocations: 0 out of 10
  Number of future calls: 0 out of 50
  Number of queueable jobs added to the queue: 0 out of 50
  Number of Mobile Apex push calls: 0 out of 10

08:35:35.4 (4430208)|CUMULATIVE_LIMIT_USAGE_END

08:35:35.0 (7573815)|CODE_UNIT_FINISHED|LeadingCompetitor on Opportunity trigger event BeforeInsert for [new]
08:35:35.0 (111836256)|CODE_UNIT_STARTED|[EXTERNAL]|01q41000001AAfq|ComparableOpps on Opportunity trigger event AfterInsert for [006410000079tzs]
08:35:35.0 (111883380)|HEAP_ALLOCATE|[EXTERNAL]|Bytes:8
08:35:35.0 (112040547)|HEAP_ALLOCATE|[EXTERNAL]|Bytes:2
08:35:35.0 (112070258)|HEAP_ALLOCATE|[EXTERNAL]|Bytes:4
08:35:35.0 (112083904)|VARIABLE_SCOPE_BEGIN|[1]|this|ComparableOpps|true|false
08:35:35.0 (112139662)|VARIABLE_ASSIGNMENT|[1]|this|{}|0x54e5ea98
08:35:35.0 (112203700)|HEAP_ALLOCATE|[EXTERNAL]|Bytes:4
08:35:35.0 (112211556)|VARIABLE_SCOPE_BEGIN|[1]|this|ComparableOpps|true|false
08:35:35.0 (112224423)|VARIABLE_ASSIGNMENT|[1]|this|{}|0x54e5ea98
08:35:35.0 (112230774)|STATEMENT_EXECUTE|[1]
08:35:35.0 (112360989)|HEAP_ALLOCATE|[3]|Bytes:5
08:35:35.0 (112389470)|VARIABLE_SCOPE_BEGIN|[3]|opp|Opportunity|true|false
08:35:35.0 (113022087)|VARIABLE_ASSIGNMENT|[3]|opp|{"LastModifiedDate":"2017-01-05T16:35:35.000Z","IsDeleted":false,"HasOpportunityLineIt (2 more) ...":false,"StageName":"Prospecting","Amount":9999999999.00,"Probability":10,"ForecastCategory":"Pipeline","IsClosed":false,"CloseDate":"2017-01-05T00:00:00.000Z","Name":"efefef","SystemModstamp":"2017-01-05T16:35:35.000Z","HasOpenActivity":false,"ExpectedRevenue":999999999.9000001,"CreatedById":"00541000001IQl9AAG","OwnerId":"00541000001IQl9AAG","IsWon":false,"CreatedDate":"2017-01-05T16:35:35.000Z","HasOverdueTask":false,"Id":"006410000079tzsAAA","ForecastCategoryName":"Pipeline","IsPrivate":false,"LastModifiedById":"00541000001IQl9AAG"}|0x2c3b8baa
08:35:35.0 (113031094)|STATEMENT_EXECUTE|[3]
08:35:35.0 (113032603)|STATEMENT_EXECUTE|[5]
08:35:35.0 (113037898)|HEAP_ALLOCATE|[5]|Bytes:72
08:35:35.0 (113055293)|HEAP_ALLOCATE|[5]|Bytes:4
08:35:35.0 (113069378)|HEAP_ALLOCATE|[5]|Bytes:7
08:35:35.0 (113440525)|SOQL_EXECUTE_BEGIN|[5]|Aggregations:0|SELECT Id, Account.Industry FROM Opportunity WHERE Id = :tmpVar1 LIMIT 1
08:35:35.0 (116263082)|SOQL_EXECUTE_END|[5]|Rows:1
08:35:35.0 (116288611)|HEAP_ALLOCATE|[5]|Bytes:8
08:35:35.0 (116311696)|HEAP_ALLOCATE|[5]|Bytes:29
08:35:35.0 (116341395)|HEAP_ALLOCATE|[5]|Bytes:8
08:35:35.0 (116362986)|HEAP_ALLOCATE|[5]|Bytes:37
08:35:35.0 (116410116)|HEAP_ALLOCATE|[5]|Bytes:8
08:35:35.0 (116422655)|VARIABLE_SCOPE_BEGIN|[5]|oppWithAccountInfo|Opportunity|true|false
08:35:35.0 (116482851)|VARIABLE_ASSIGNMENT|[5]|oppWithAccountInfo|{"s":1,"v":{"Id":"006410000079tzsAAA"}}|0x775bd12d
08:35:35.0 (116495404)|STATEMENT_EXECUTE|[12]
08:35:35.0 (116558572)|HEAP_ALLOCATE|[12]|Bytes:3
08:35:35.0 (116586083)|HEAP_ALLOCATE|[12]|Bytes:28
08:35:35.0 (116689293)|HEAP_ALLOCATE|[12]|Bytes:28
08:35:35.0 (116721749)|VARIABLE_SCOPE_BEGIN|[12]|minAmount|Decimal|false|false
08:35:35.0 (116739455)|VARIABLE_ASSIGNMENT|[12]|minAmount|8999999999.100
08:35:35.0 (116745063)|STATEMENT_EXECUTE|[13]
08:35:35.0 (116757624)|HEAP_ALLOCATE|[13]|Bytes:3
08:35:35.0 (116766092)|HEAP_ALLOCATE|[13]|Bytes:28
08:35:35.0 (116800020)|HEAP_ALLOCATE|[13]|Bytes:28
08:35:35.0 (116812477)|VARIABLE_SCOPE_BEGIN|[13]|maxAmount|Decimal|false|false
08:35:35.0 (116820664)|VARIABLE_ASSIGNMENT|[13]|maxAmount|10999999998.900
08:35:35.0 (116823268)|STATEMENT_EXECUTE|[16]
08:35:35.0 (116827339)|HEAP_ALLOCATE|[16]|Bytes:189
08:35:35.0 (116839503)|HEAP_ALLOCATE|[16]|Bytes:4
08:35:35.0 (116891474)|HEAP_ALLOCATE|[16]|Bytes:28
08:35:35.0 (116899872)|HEAP_ALLOCATE|[16]|Bytes:7
08:35:35.0 (116910392)|HEAP_ALLOCATE|[16]|Bytes:28
08:35:35.0 (116915328)|HEAP_ALLOCATE|[16]|Bytes:7
08:35:35.0 (116956928)|HEAP_ALLOCATE|[16]|Bytes:7
08:35:35.0 (117714774)|SOQL_EXECUTE_BEGIN|[16]|Aggregations:0|SELECT Id FROM Opportunity WHERE (Amount >= :tmpVar1 AND Amount <= :tmpVar2 AND Account.Industry = :tmpVar3 AND StageName = 'Closed Won' AND CloseDate >= LAST_N_DAYS:365 AND Id != :tmpVar4)
08:35:35.0 (149935119)|SOQL_EXECUTE_END|[16]|Rows:0
08:35:35.0 (149991809)|HEAP_ALLOCATE|[16]|Bytes:4
08:35:35.0 (150024354)|HEAP_ALLOCATE|[16]|Bytes:0
08:35:35.0 (150069179)|HEAP_ALLOCATE|[16]|Bytes:4
08:35:35.0 (150106103)|VARIABLE_SCOPE_BEGIN|[16]|comparableOpps|List<Opportunity>|true|false
08:35:35.0 (150161351)|VARIABLE_ASSIGNMENT|[16]|comparableOpps|{"s":1,"v":[]}|0xab0bd86
08:35:35.0 (150171494)|STATEMENT_EXECUTE|[24]
08:35:35.0 (150180305)|HEAP_ALLOCATE|[24]|Bytes:25
08:35:35.0 (150316362)|HEAP_ALLOCATE|[24]|Bytes:2
08:35:35.0 (150350191)|HEAP_ALLOCATE|[24]|Bytes:27
08:35:35.0 (150402309)|USER_DEBUG|[24]|DEBUG|Comparable opp(s) found: ()
08:35:35.0 (150413828)|STATEMENT_EXECUTE|[27]
08:35:35.0 (150832378)|HEAP_ALLOCATE|[27]|Bytes:4
08:35:35.0 (150940570)|VARIABLE_SCOPE_BEGIN|[27]|junctionObjsToInsert|List<Comparable__c>|true|false
08:35:35.0 (150952586)|HEAP_ALLOCATE|[EXTERNAL]|Bytes:4
08:35:35.0 (150968266)|VARIABLE_ASSIGNMENT|[27]|junctionObjsToInsert|{"s":1,"v":[]}|0x6dff148c
08:35:35.0 (151033669)|HEAP_ALLOCATE|[28]|Bytes:5
08:35:35.0 (151059507)|VARIABLE_ASSIGNMENT|[28]|comp|null|
08:35:35.0 (151066207)|STATEMENT_EXECUTE|[28]
08:35:35.0 (151068730)|STATEMENT_EXECUTE|[34]
08:35:35.0 (151205975)|HEAP_ALLOCATE|[EXTERNAL]|Bytes:4
08:35:35.0 (151234113)|HEAP_ALLOCATE|[3]|Bytes:5
08:35:35.0 (151255421)|VARIABLE_ASSIGNMENT|[3]|opp|null|
08:35:35.151 (151275497)|CUMULATIVE_LIMIT_USAGE
08:35:35.151 (151275497)|LIMIT_USAGE_FOR_NS|(default)|
  Number of SOQL queries: 2 out of 100
  Number of query rows: 1 out of 50000
  Number of SOSL queries: 0 out of 20
  Number of DML statements: 0 out of 150
  Number of DML rows: 0 out of 10000
  Maximum CPU time: 0 out of 10000
  Maximum heap size: 0 out of 6000000
  Number of callouts: 0 out of 100
  Number of Email Invocations: 0 out of 10
  Number of future calls: 0 out of 50
  Number of queueable jobs added to the queue: 0 out of 50
  Number of Mobile Apex push calls: 0 out of 10

08:35:35.151 (151275497)|CUMULATIVE_LIMIT_USAGE_END

08:35:35.0 (152686306)|CODE_UNIT_FINISHED|ComparableOpps on Opportunity trigger event AfterInsert for [006410000079tzs]
08:35:35.0 (166587204)|CODE_UNIT_STARTED|[EXTERNAL]|01q410000019g8k|AppleWatch on Opportunity trigger event AfterInsert for [006410000079tzs]
08:35:35.0 (166634067)|HEAP_ALLOCATE|[EXTERNAL]|Bytes:8
08:35:35.0 (166779599)|HEAP_ALLOCATE|[EXTERNAL]|Bytes:4
08:35:35.0 (166797609)|VARIABLE_SCOPE_BEGIN|[1]|this|AppleWatch|true|false
08:35:35.0 (166847880)|VARIABLE_ASSIGNMENT|[1]|this|{}|0x7a8a6858
08:35:35.0 (166899944)|HEAP_ALLOCATE|[EXTERNAL]|Bytes:4
08:35:35.0 (166906807)|VARIABLE_SCOPE_BEGIN|[1]|this|AppleWatch|true|false
08:35:35.0 (166917656)|VARIABLE_ASSIGNMENT|[1]|this|{}|0x7a8a6858
08:35:35.0 (166923841)|STATEMENT_EXECUTE|[1]
08:35:35.0 (167030439)|HEAP_ALLOCATE|[2]|Bytes:5
08:35:35.0 (167061465)|VARIABLE_SCOPE_BEGIN|[2]|opp|Opportunity|true|false
08:35:35.0 (167593180)|VARIABLE_ASSIGNMENT|[2]|opp|{"LastModifiedDate":"2017-01-05T16:35:35.000Z","IsDeleted":false,"HasOpportunityLineIt (2 more) ...":false,"StageName":"Prospecting","Amount":9999999999.00,"Probability":10,"ForecastCategory":"Pipeline","IsClosed":false,"CloseDate":"2017-01-05T00:00:00.000Z","Name":"efefef","SystemModstamp":"2017-01-05T16:35:35.000Z","HasOpenActivity":false,"ExpectedRevenue":999999999.9000001,"CreatedById":"00541000001IQl9AAG","OwnerId":"00541000001IQl9AAG","IsWon":false,"CreatedDate":"2017-01-05T16:35:35.000Z","HasOverdueTask":false,"Id":"006410000079tzsAAA","ForecastCategoryName":"Pipeline","IsPrivate":false,"LastModifiedById":"00541000001IQl9AAG"}|0x2c3b8baa
08:35:35.0 (167601600)|STATEMENT_EXECUTE|[2]
08:35:35.0 (167603368)|STATEMENT_EXECUTE|[3]
08:35:35.0 (167689810)|HEAP_ALLOCATE|[3]|Bytes:4
08:35:35.0 (167824426)|VARIABLE_SCOPE_BEGIN|[3]|t|Task|true|false
08:35:35.0 (167838182)|VARIABLE_ASSIGNMENT|[3]|t|{}|0x2a61fb2d
08:35:35.0 (167840951)|STATEMENT_EXECUTE|[4]
08:35:35.0 (167846032)|HEAP_ALLOCATE|[4]|Bytes:17
08:35:35.0 (167928663)|VARIABLE_ASSIGNMENT|[4]|this.Subject|"Apple Watch Promo"|0x2a61fb2d
08:35:35.0 (167932536)|STATEMENT_EXECUTE|[5]
08:35:35.0 (167936986)|HEAP_ALLOCATE|[5]|Bytes:18
08:35:35.0 (167969383)|VARIABLE_ASSIGNMENT|[5]|this.Description|"Send them one ASAP"|0x2a61fb2d
08:35:35.0 (167972528)|STATEMENT_EXECUTE|[6]
08:35:35.0 (167975803)|HEAP_ALLOCATE|[6]|Bytes:4
08:35:35.0 (168007786)|VARIABLE_ASSIGNMENT|[6]|this.Priority|"High"|0x2a61fb2d
08:35:35.0 (168011412)|STATEMENT_EXECUTE|[7]
08:35:35.0 (168063930)|VARIABLE_ASSIGNMENT|[7]|this.WhatId|"006410000079tzsAAA"|0x2a61fb2d
08:35:35.0 (168067016)|STATEMENT_EXECUTE|[8]
08:35:35.0 (168095892)|HEAP_ALLOCATE|[8]|Bytes:8
08:35:35.0 (168109908)|DML_BEGIN|[8]|Op:Insert|Type:Task|Rows:1
08:35:35.0 (168144787)|HEAP_ALLOCATE|[EXTERNAL]|Bytes:8
08:35:35.0 (429582181)|DML_END|[8]
08:35:35.0 (429636691)|HEAP_ALLOCATE|[2]|Bytes:5
08:35:35.0 (429685458)|VARIABLE_ASSIGNMENT|[2]|opp|null|
08:35:35.429 (429701240)|CUMULATIVE_LIMIT_USAGE
08:35:35.429 (429701240)|LIMIT_USAGE_FOR_NS|(default)|
  Number of SOQL queries: 2 out of 100
  Number of query rows: 1 out of 50000
  Number of SOSL queries: 0 out of 20
  Number of DML statements: 1 out of 150
  Number of DML rows: 1 out of 10000
  Maximum CPU time: 0 out of 10000
  Maximum heap size: 0 out of 6000000
  Number of callouts: 0 out of 100
  Number of Email Invocations: 0 out of 10
  Number of future calls: 0 out of 50
  Number of queueable jobs added to the queue: 0 out of 50
  Number of Mobile Apex push calls: 0 out of 10

08:35:35.429 (429701240)|CUMULATIVE_LIMIT_USAGE_END

08:35:35.0 (431300673)|CODE_UNIT_FINISHED|AppleWatch on Opportunity trigger event AfterInsert for [006410000079tzs]
08:35:35.0 (484394055)|CODE_UNIT_FINISHED|TRIGGERS
08:35:35.0 (484409948)|EXECUTION_FINISHED
