36.0 APEX_CODE,FINEST;APEX_PROFILING,INFO;CALLOUT,INFO;DB,INFO;SYSTEM,DEBUG;VALIDATION,INFO;VISUALFORCE,INFO;WORKFLOW,INFO
08:14:31.0 (464931)|USER_INFO|[EXTERNAL]|00541000001IQl9|wjw@stuff.com|Pacific Standard Time|GMT-08:00
08:14:31.0 (503964)|EXECUTION_STARTED
08:14:31.0 (508618)|CODE_UNIT_STARTED|[EXTERNAL]|TRIGGERS
08:14:31.0 (550528)|CODE_UNIT_STARTED|[EXTERNAL]|01q410000019tBL|LeadingCompetitor on Opportunity trigger event BeforeInsert for [new]
08:14:31.0 (607459)|HEAP_ALLOCATE|[EXTERNAL]|Bytes:8
08:14:31.0 (1019866)|HEAP_ALLOCATE|[72]|Bytes:3
08:14:31.0 (1065312)|HEAP_ALLOCATE|[77]|Bytes:152
08:14:31.0 (1083974)|HEAP_ALLOCATE|[342]|Bytes:408
08:14:31.0 (1103424)|HEAP_ALLOCATE|[355]|Bytes:408
08:14:31.0 (1122393)|HEAP_ALLOCATE|[467]|Bytes:48
08:14:31.0 (1153666)|HEAP_ALLOCATE|[139]|Bytes:6
08:14:31.0 (1182866)|HEAP_ALLOCATE|[EXTERNAL]|Bytes:4
08:14:31.0 (1192211)|VARIABLE_SCOPE_BEGIN|[1]|this|LeadingCompetitor|true|false
08:14:31.0 (1244027)|VARIABLE_ASSIGNMENT|[1]|this|{}|0x2bde68f9
08:14:31.0 (1287654)|HEAP_ALLOCATE|[EXTERNAL]|Bytes:4
08:14:31.0 (1294648)|VARIABLE_SCOPE_BEGIN|[1]|this|LeadingCompetitor|true|false
08:14:31.0 (1305554)|VARIABLE_ASSIGNMENT|[1]|this|{}|0x2bde68f9
08:14:31.0 (1311119)|STATEMENT_EXECUTE|[1]
08:14:31.0 (1348776)|HEAP_ALLOCATE|[50]|Bytes:5
08:14:31.0 (1373217)|HEAP_ALLOCATE|[56]|Bytes:5
08:14:31.0 (1382071)|HEAP_ALLOCATE|[64]|Bytes:7
08:14:31.0 (1725667)|HEAP_ALLOCATE|[3]|Bytes:5
08:14:31.0 (1767561)|HEAP_ALLOCATE|[3]|Bytes:4
08:14:31.0 (1780482)|VARIABLE_SCOPE_BEGIN|[3]|opp|Opportunity|true|false
08:14:31.0 (2727297)|VARIABLE_ASSIGNMENT|[3]|opp|{"IsDeleted":false,"HasOpportunityLineIt (2 more) ...":false,"StageName":"Prospecting","Amount":9999999999.00,"Probability":10,"ForecastCategory":"Pipeline","IsClosed":false,"CloseDate":"2017-01-05T00:00:00.000Z","Name":"efefef","HasOpenActivity":false,"ExpectedRevenue":999999999.9000001,"OwnerId":"00541000001IQl9AAG","IsWon":false,"HasOverdueTask":false,"ForecastCategoryName":"Pipeline","IsPrivate":false}|0x6b6e9f9d
08:14:31.0 (2736734)|STATEMENT_EXECUTE|[3]
08:14:31.0 (2738271)|STATEMENT_EXECUTE|[5]
08:14:31.0 (2748065)|HEAP_ALLOCATE|[5]|Bytes:4
08:14:31.0 (2776822)|VARIABLE_SCOPE_BEGIN|[5]|competitorPrices|List<Decimal>|true|false
08:14:31.0 (2808036)|HEAP_ALLOCATE|[EXTERNAL]|Bytes:4
08:14:31.0 (2823410)|VARIABLE_ASSIGNMENT|[5]|competitorPrices|{"s":1,"v":[]}|0x7dcb2edb
08:14:31.0 (2826380)|STATEMENT_EXECUTE|[6]
08:14:31.0 (2884102)|HEAP_ALLOCATE|[EXTERNAL]|Bytes:4
08:14:31.0 (2892014)|STATEMENT_EXECUTE|[7]
08:14:31.0 (2932644)|HEAP_ALLOCATE|[EXTERNAL]|Bytes:4
08:14:31.0 (2939291)|STATEMENT_EXECUTE|[8]
08:14:31.0 (2977193)|HEAP_ALLOCATE|[EXTERNAL]|Bytes:4
08:14:31.0 (2983564)|STATEMENT_EXECUTE|[11]
08:14:31.0 (2990157)|HEAP_ALLOCATE|[11]|Bytes:4
08:14:31.0 (3008194)|VARIABLE_SCOPE_BEGIN|[11]|competitors|List<String>|true|false
08:14:31.0 (3031015)|HEAP_ALLOCATE|[EXTERNAL]|Bytes:4
08:14:31.0 (3041397)|VARIABLE_ASSIGNMENT|[11]|competitors|{"s":1,"v":[]}|0x5858c67e
08:14:31.0 (3044060)|STATEMENT_EXECUTE|[12]
08:14:31.0 (3089129)|HEAP_ALLOCATE|[EXTERNAL]|Bytes:4
08:14:31.0 (3096204)|STATEMENT_EXECUTE|[13]
08:14:31.0 (3134353)|HEAP_ALLOCATE|[EXTERNAL]|Bytes:4
08:14:31.0 (3140747)|STATEMENT_EXECUTE|[14]
08:14:31.0 (3177587)|HEAP_ALLOCATE|[EXTERNAL]|Bytes:4
08:14:31.0 (3183911)|STATEMENT_EXECUTE|[17]
08:14:31.0 (3190316)|VARIABLE_SCOPE_BEGIN|[17]|highestPrice|Decimal|false|false
08:14:31.0 (3197024)|VARIABLE_ASSIGNMENT|[17]|highestPrice|null
08:14:31.0 (3198878)|STATEMENT_EXECUTE|[18]
08:14:31.0 (3200831)|VARIABLE_SCOPE_BEGIN|[18]|highestPricePosition|Integer|false|false
08:14:31.0 (3204894)|VARIABLE_ASSIGNMENT|[18]|highestPricePosition|null
08:14:31.0 (3207314)|STATEMENT_EXECUTE|[19]
08:14:31.0 (3210336)|VARIABLE_SCOPE_BEGIN|[19]|i|Integer|false|false
08:14:31.0 (3214559)|HEAP_ALLOCATE|[19]|Bytes:4
08:14:31.0 (3219226)|VARIABLE_ASSIGNMENT|[19]|i|0
08:14:31.0 (3242313)|STATEMENT_EXECUTE|[19]
08:14:31.0 (3243893)|STATEMENT_EXECUTE|[20]
08:14:31.0 (3264905)|VARIABLE_SCOPE_BEGIN|[20]|currentPrice|Decimal|false|false
08:14:31.0 (3270490)|VARIABLE_ASSIGNMENT|[20]|currentPrice|null
08:14:31.0 (3276320)|STATEMENT_EXECUTE|[21]
08:14:31.0 (3277498)|STATEMENT_EXECUTE|[22]
08:14:31.0 (3280128)|VARIABLE_ASSIGNMENT|[22]|highestPrice|null
08:14:31.0 (3281473)|STATEMENT_EXECUTE|[23]
08:14:31.0 (3283655)|HEAP_ALLOCATE|[23]|Bytes:4
08:14:31.0 (3287603)|VARIABLE_ASSIGNMENT|[23]|highestPricePosition|0
08:14:31.0 (3291346)|HEAP_ALLOCATE|[19]|Bytes:4
08:14:31.0 (3294687)|VARIABLE_ASSIGNMENT|[19]|i|1
08:14:31.0 (3304263)|STATEMENT_EXECUTE|[19]
08:14:31.0 (3306018)|STATEMENT_EXECUTE|[20]
08:14:31.0 (3312327)|VARIABLE_SCOPE_BEGIN|[20]|currentPrice|Decimal|false|false
08:14:31.0 (3316228)|VARIABLE_ASSIGNMENT|[20]|currentPrice|null
08:14:31.0 (3318700)|STATEMENT_EXECUTE|[21]
08:14:31.0 (3319842)|STATEMENT_EXECUTE|[22]
08:14:31.0 (3322451)|VARIABLE_ASSIGNMENT|[22]|highestPrice|null
08:14:31.0 (3323932)|STATEMENT_EXECUTE|[23]
08:14:31.0 (3325469)|HEAP_ALLOCATE|[23]|Bytes:4
08:14:31.0 (3328725)|VARIABLE_ASSIGNMENT|[23]|highestPricePosition|1
08:14:31.0 (3330588)|HEAP_ALLOCATE|[19]|Bytes:4
08:14:31.0 (3333676)|VARIABLE_ASSIGNMENT|[19]|i|2
08:14:31.0 (3341420)|STATEMENT_EXECUTE|[19]
08:14:31.0 (3342815)|STATEMENT_EXECUTE|[20]
08:14:31.0 (3348482)|VARIABLE_SCOPE_BEGIN|[20]|currentPrice|Decimal|false|false
08:14:31.0 (3352397)|VARIABLE_ASSIGNMENT|[20]|currentPrice|null
08:14:31.0 (3354787)|STATEMENT_EXECUTE|[21]
08:14:31.0 (3355887)|STATEMENT_EXECUTE|[22]
08:14:31.0 (3358440)|VARIABLE_ASSIGNMENT|[22]|highestPrice|null
08:14:31.0 (3359781)|STATEMENT_EXECUTE|[23]
08:14:31.0 (3361549)|HEAP_ALLOCATE|[23]|Bytes:4
08:14:31.0 (3364971)|VARIABLE_ASSIGNMENT|[23]|highestPricePosition|2
08:14:31.0 (3366751)|HEAP_ALLOCATE|[19]|Bytes:4
08:14:31.0 (3369936)|VARIABLE_ASSIGNMENT|[19]|i|3
08:14:31.0 (3378625)|STATEMENT_EXECUTE|[28]
08:14:31.0 (3726347)|VARIABLE_ASSIGNMENT|[28]|this.Leading_Competitor__c|null|0x6b6e9f9d
08:14:31.0 (3730958)|STATEMENT_EXECUTE|[29]
08:14:31.0 (4039608)|VARIABLE_ASSIGNMENT|[29]|this.Leading_Competitor_Price__c|null|0x6b6e9f9d
08:14:31.0 (4056550)|HEAP_ALLOCATE|[3]|Bytes:5
08:14:31.0 (4069130)|VARIABLE_ASSIGNMENT|[3]|opp|null|
08:14:31.4 (4076186)|CUMULATIVE_LIMIT_USAGE
08:14:31.4 (4076186)|LIMIT_USAGE_FOR_NS|(default)|
  Number of SOQL queries: 0 out of 100
  Number of query rows: 0 out of 50000
  Number of SOSL queries: 0 out of 20
  Number of DML statements: 0 out of 150
  Number of DML rows: 0 out of 10000
  Maximum CPU time: 0 out of 10000
  Maximum heap size: 0 out of 6000000
  Number of callouts: 0 out of 100
  Number of Email Invocations: 0 out of 10
  Number of future calls: 0 out of 50
  Number of queueable jobs added to the queue: 0 out of 50
  Number of Mobile Apex push calls: 0 out of 10

08:14:31.4 (4076186)|CUMULATIVE_LIMIT_USAGE_END

08:14:31.0 (6246089)|CODE_UNIT_FINISHED|LeadingCompetitor on Opportunity trigger event BeforeInsert for [new]
08:14:31.0 (146439129)|CODE_UNIT_STARTED|[EXTERNAL]|01q41000001AAfq|ComparableOpps on Opportunity trigger event AfterInsert for [006410000079thY]
08:14:31.0 (146477568)|HEAP_ALLOCATE|[EXTERNAL]|Bytes:8
08:14:31.0 (146635997)|HEAP_ALLOCATE|[EXTERNAL]|Bytes:2
08:14:31.0 (146668160)|HEAP_ALLOCATE|[EXTERNAL]|Bytes:4
08:14:31.0 (146682990)|VARIABLE_SCOPE_BEGIN|[1]|this|ComparableOpps|true|false
08:14:31.0 (146736431)|VARIABLE_ASSIGNMENT|[1]|this|{}|0x398f53b0
08:14:31.0 (146806452)|HEAP_ALLOCATE|[EXTERNAL]|Bytes:4
08:14:31.0 (146818910)|VARIABLE_SCOPE_BEGIN|[1]|this|ComparableOpps|true|false
08:14:31.0 (146837477)|VARIABLE_ASSIGNMENT|[1]|this|{}|0x398f53b0
08:14:31.0 (146846434)|STATEMENT_EXECUTE|[1]
08:14:31.0 (146952587)|HEAP_ALLOCATE|[3]|Bytes:5
08:14:31.0 (146991026)|VARIABLE_SCOPE_BEGIN|[3]|opp|Opportunity|true|false
08:14:31.0 (147997605)|VARIABLE_ASSIGNMENT|[3]|opp|{"LastModifiedDate":"2017-01-05T16:14:31.000Z","IsDeleted":false,"HasOpportunityLineIt (2 more) ...":false,"StageName":"Prospecting","Amount":9999999999.00,"Probability":10,"ForecastCategory":"Pipeline","IsClosed":false,"CloseDate":"2017-01-05T00:00:00.000Z","Name":"efefef","SystemModstamp":"2017-01-05T16:14:31.000Z","HasOpenActivity":false,"ExpectedRevenue":999999999.9000001,"CreatedById":"00541000001IQl9AAG","OwnerId":"00541000001IQl9AAG","IsWon":false,"CreatedDate":"2017-01-05T16:14:31.000Z","HasOverdueTask":false,"Id":"006410000079thYAAQ","ForecastCategoryName":"Pipeline","IsPrivate":false,"LastModifiedById":"00541000001IQl9AAG"}|0x5ae9c8fd
08:14:31.0 (148008733)|STATEMENT_EXECUTE|[3]
08:14:31.0 (148011268)|STATEMENT_EXECUTE|[5]
08:14:31.0 (148017807)|HEAP_ALLOCATE|[5]|Bytes:72
08:14:31.0 (148035103)|HEAP_ALLOCATE|[5]|Bytes:4
08:14:31.0 (148052885)|HEAP_ALLOCATE|[5]|Bytes:7
08:14:31.0 (148486217)|SOQL_EXECUTE_BEGIN|[5]|Aggregations:0|SELECT Id, Account.Industry FROM Opportunity WHERE Id = :tmpVar1 LIMIT 1
08:14:31.0 (151267369)|SOQL_EXECUTE_END|[5]|Rows:1
08:14:31.0 (151283943)|HEAP_ALLOCATE|[5]|Bytes:8
08:14:31.0 (151298021)|HEAP_ALLOCATE|[5]|Bytes:29
08:14:31.0 (151312481)|HEAP_ALLOCATE|[5]|Bytes:8
08:14:31.0 (151324890)|HEAP_ALLOCATE|[5]|Bytes:37
08:14:31.0 (151362294)|HEAP_ALLOCATE|[5]|Bytes:8
08:14:31.0 (151372482)|VARIABLE_SCOPE_BEGIN|[5]|oppWithAccountInfo|Opportunity|true|false
08:14:31.0 (151407213)|VARIABLE_ASSIGNMENT|[5]|oppWithAccountInfo|{"s":1,"v":{"Id":"006410000079thYAAQ"}}|0x5d80b6c7
08:14:31.0 (151412462)|STATEMENT_EXECUTE|[12]
08:14:31.0 (151416701)|HEAP_ALLOCATE|[12]|Bytes:3
08:14:31.0 (151450148)|HEAP_ALLOCATE|[12]|Bytes:28
08:14:31.0 (151565555)|EXCEPTION_THROWN|[12]|System.FinalException: Record is read-only
08:14:31.0 (151635484)|HEAP_ALLOCATE|[12]|Bytes:23
08:14:31.0 (151755485)|FATAL_ERROR|System.FinalException: Record is read-only

Trigger.ComparableOpps: line 12, column 1
08:14:31.0 (151764739)|FATAL_ERROR|System.FinalException: Record is read-only

Trigger.ComparableOpps: line 12, column 1
08:14:31.151 (151810590)|CUMULATIVE_LIMIT_USAGE
08:14:31.151 (151810590)|LIMIT_USAGE_FOR_NS|(default)|
  Number of SOQL queries: 1 out of 100
  Number of query rows: 1 out of 50000
  Number of SOSL queries: 0 out of 20
  Number of DML statements: 0 out of 150
  Number of DML rows: 0 out of 10000
  Maximum CPU time: 0 out of 10000
  Maximum heap size: 0 out of 6000000
  Number of callouts: 0 out of 100
  Number of Email Invocations: 0 out of 10
  Number of future calls: 0 out of 50
  Number of queueable jobs added to the queue: 0 out of 50
  Number of Mobile Apex push calls: 0 out of 10

08:14:31.151 (151810590)|CUMULATIVE_LIMIT_USAGE_END

08:14:31.0 (153215989)|CODE_UNIT_FINISHED|ComparableOpps on Opportunity trigger event AfterInsert for [006410000079thY]
