36.0 APEX_CODE,FINEST;APEX_PROFILING,INFO;CALLOUT,INFO;DB,INFO;SYSTEM,DEBUG;VALIDATION,INFO;VISUALFORCE,INFO;WORKFLOW,INFO
08:42:52.0 (336014)|USER_INFO|[EXTERNAL]|00541000001IQl9|wjw@stuff.com|Pacific Standard Time|GMT-08:00
08:42:52.0 (366478)|EXECUTION_STARTED
08:42:52.0 (371203)|CODE_UNIT_STARTED|[EXTERNAL]|TRIGGERS
08:42:52.0 (404576)|CODE_UNIT_STARTED|[EXTERNAL]|01q410000019tBL|LeadingCompetitor on Opportunity trigger event BeforeInsert for [new]
08:42:52.0 (445075)|HEAP_ALLOCATE|[EXTERNAL]|Bytes:8
08:42:52.0 (810963)|HEAP_ALLOCATE|[72]|Bytes:3
08:42:52.0 (847519)|HEAP_ALLOCATE|[77]|Bytes:152
08:42:52.0 (865141)|HEAP_ALLOCATE|[342]|Bytes:408
08:42:52.0 (884674)|HEAP_ALLOCATE|[355]|Bytes:408
08:42:52.0 (903210)|HEAP_ALLOCATE|[467]|Bytes:48
08:42:52.0 (934599)|HEAP_ALLOCATE|[139]|Bytes:6
08:42:52.0 (963936)|HEAP_ALLOCATE|[EXTERNAL]|Bytes:4
08:42:52.0 (974170)|VARIABLE_SCOPE_BEGIN|[1]|this|LeadingCompetitor|true|false
08:42:52.0 (1025516)|VARIABLE_ASSIGNMENT|[1]|this|{}|0x1ad0e75d
08:42:52.0 (1071963)|HEAP_ALLOCATE|[EXTERNAL]|Bytes:4
08:42:52.0 (1079261)|VARIABLE_SCOPE_BEGIN|[1]|this|LeadingCompetitor|true|false
08:42:52.0 (1090320)|VARIABLE_ASSIGNMENT|[1]|this|{}|0x1ad0e75d
08:42:52.0 (1096573)|STATEMENT_EXECUTE|[1]
08:42:52.0 (1129573)|HEAP_ALLOCATE|[50]|Bytes:5
08:42:52.0 (1154581)|HEAP_ALLOCATE|[56]|Bytes:5
08:42:52.0 (1167743)|HEAP_ALLOCATE|[64]|Bytes:7
08:42:52.0 (1470176)|HEAP_ALLOCATE|[3]|Bytes:5
08:42:52.0 (1540633)|HEAP_ALLOCATE|[3]|Bytes:4
08:42:52.0 (1552293)|VARIABLE_SCOPE_BEGIN|[3]|opp|Opportunity|true|false
08:42:52.0 (2462877)|VARIABLE_ASSIGNMENT|[3]|opp|{"IsDeleted":false,"HasOpportunityLineIt (2 more) ...":false,"StageName":"Prospecting","Probability":10,"ForecastCategory":"Pipeline","IsClosed":false,"CloseDate":"2017-01-05T00:00:00.000Z","Name":"Bigg Opp","HasOpenActivity":false,"OwnerId":"00541000001IQl9AAG","IsWon":false,"HasOverdueTask":false,"ForecastCategoryName":"Pipeline","IsPrivate":false}|0x6c30fb01
08:42:52.0 (2470980)|STATEMENT_EXECUTE|[3]
08:42:52.0 (2472737)|STATEMENT_EXECUTE|[5]
08:42:52.0 (2484687)|HEAP_ALLOCATE|[5]|Bytes:4
08:42:52.0 (2518337)|VARIABLE_SCOPE_BEGIN|[5]|competitorPrices|List<Decimal>|true|false
08:42:52.0 (2550763)|HEAP_ALLOCATE|[EXTERNAL]|Bytes:4
08:42:52.0 (2570719)|VARIABLE_ASSIGNMENT|[5]|competitorPrices|{"s":1,"v":[]}|0x673bf5a9
08:42:52.0 (2574335)|STATEMENT_EXECUTE|[6]
08:42:52.0 (2645841)|HEAP_ALLOCATE|[EXTERNAL]|Bytes:4
08:42:52.0 (2659880)|STATEMENT_EXECUTE|[7]
08:42:52.0 (2723526)|HEAP_ALLOCATE|[EXTERNAL]|Bytes:4
08:42:52.0 (2735880)|STATEMENT_EXECUTE|[8]
08:42:52.0 (2798639)|HEAP_ALLOCATE|[EXTERNAL]|Bytes:4
08:42:52.0 (2807859)|STATEMENT_EXECUTE|[11]
08:42:52.0 (2815880)|HEAP_ALLOCATE|[11]|Bytes:4
08:42:52.0 (2836855)|VARIABLE_SCOPE_BEGIN|[11]|competitors|List<String>|true|false
08:42:52.0 (2861062)|HEAP_ALLOCATE|[EXTERNAL]|Bytes:4
08:42:52.0 (2871720)|VARIABLE_ASSIGNMENT|[11]|competitors|{"s":1,"v":[]}|0x567f3d2e
08:42:52.0 (2874709)|STATEMENT_EXECUTE|[12]
08:42:52.0 (2921366)|HEAP_ALLOCATE|[EXTERNAL]|Bytes:4
08:42:52.0 (2929343)|STATEMENT_EXECUTE|[13]
08:42:52.0 (2969177)|HEAP_ALLOCATE|[EXTERNAL]|Bytes:4
08:42:52.0 (2976473)|STATEMENT_EXECUTE|[14]
08:42:52.0 (3013639)|HEAP_ALLOCATE|[EXTERNAL]|Bytes:4
08:42:52.0 (3021666)|STATEMENT_EXECUTE|[17]
08:42:52.0 (3028792)|VARIABLE_SCOPE_BEGIN|[17]|highestPrice|Decimal|false|false
08:42:52.0 (3037032)|VARIABLE_ASSIGNMENT|[17]|highestPrice|null
08:42:52.0 (3038999)|STATEMENT_EXECUTE|[18]
08:42:52.0 (3041134)|VARIABLE_SCOPE_BEGIN|[18]|highestPricePosition|Integer|false|false
08:42:52.0 (3045111)|VARIABLE_ASSIGNMENT|[18]|highestPricePosition|null
08:42:52.0 (3047526)|STATEMENT_EXECUTE|[19]
08:42:52.0 (3050211)|VARIABLE_SCOPE_BEGIN|[19]|i|Integer|false|false
08:42:52.0 (3053429)|HEAP_ALLOCATE|[19]|Bytes:4
08:42:52.0 (3058321)|VARIABLE_ASSIGNMENT|[19]|i|0
08:42:52.0 (3081937)|STATEMENT_EXECUTE|[19]
08:42:52.0 (3083862)|STATEMENT_EXECUTE|[20]
08:42:52.0 (3106449)|VARIABLE_SCOPE_BEGIN|[20]|currentPrice|Decimal|false|false
08:42:52.0 (3112580)|VARIABLE_ASSIGNMENT|[20]|currentPrice|null
08:42:52.0 (3117275)|STATEMENT_EXECUTE|[21]
08:42:52.0 (3118351)|STATEMENT_EXECUTE|[22]
08:42:52.0 (3121522)|VARIABLE_ASSIGNMENT|[22]|highestPrice|null
08:42:52.0 (3122854)|STATEMENT_EXECUTE|[23]
08:42:52.0 (3124815)|HEAP_ALLOCATE|[23]|Bytes:4
08:42:52.0 (3129150)|VARIABLE_ASSIGNMENT|[23]|highestPricePosition|0
08:42:52.0 (3131857)|HEAP_ALLOCATE|[19]|Bytes:4
08:42:52.0 (3135041)|VARIABLE_ASSIGNMENT|[19]|i|1
08:42:52.0 (3144650)|STATEMENT_EXECUTE|[19]
08:42:52.0 (3146057)|STATEMENT_EXECUTE|[20]
08:42:52.0 (3152776)|VARIABLE_SCOPE_BEGIN|[20]|currentPrice|Decimal|false|false
08:42:52.0 (3157506)|VARIABLE_ASSIGNMENT|[20]|currentPrice|null
08:42:52.0 (3161156)|STATEMENT_EXECUTE|[21]
08:42:52.0 (3162981)|STATEMENT_EXECUTE|[22]
08:42:52.0 (3167703)|VARIABLE_ASSIGNMENT|[22]|highestPrice|null
08:42:52.0 (3169239)|STATEMENT_EXECUTE|[23]
08:42:52.0 (3170960)|HEAP_ALLOCATE|[23]|Bytes:4
08:42:52.0 (3174900)|VARIABLE_ASSIGNMENT|[23]|highestPricePosition|1
08:42:52.0 (3176690)|HEAP_ALLOCATE|[19]|Bytes:4
08:42:52.0 (3179669)|VARIABLE_ASSIGNMENT|[19]|i|2
08:42:52.0 (3189316)|STATEMENT_EXECUTE|[19]
08:42:52.0 (3190690)|STATEMENT_EXECUTE|[20]
08:42:52.0 (3196903)|VARIABLE_SCOPE_BEGIN|[20]|currentPrice|Decimal|false|false
08:42:52.0 (3200831)|VARIABLE_ASSIGNMENT|[20]|currentPrice|null
08:42:52.0 (3203113)|STATEMENT_EXECUTE|[21]
08:42:52.0 (3204142)|STATEMENT_EXECUTE|[22]
08:42:52.0 (3206881)|VARIABLE_ASSIGNMENT|[22]|highestPrice|null
08:42:52.0 (3208159)|STATEMENT_EXECUTE|[23]
08:42:52.0 (3209818)|HEAP_ALLOCATE|[23]|Bytes:4
08:42:52.0 (3213304)|VARIABLE_ASSIGNMENT|[23]|highestPricePosition|2
08:42:52.0 (3215046)|HEAP_ALLOCATE|[19]|Bytes:4
08:42:52.0 (3218043)|VARIABLE_ASSIGNMENT|[19]|i|3
08:42:52.0 (3227536)|STATEMENT_EXECUTE|[28]
08:42:52.0 (3565623)|VARIABLE_ASSIGNMENT|[28]|this.Leading_Competitor__c|null|0x6c30fb01
08:42:52.0 (3569976)|STATEMENT_EXECUTE|[29]
08:42:52.0 (3868669)|VARIABLE_ASSIGNMENT|[29]|this.Leading_Competitor_Price__c|null|0x6c30fb01
08:42:52.0 (3886166)|HEAP_ALLOCATE|[3]|Bytes:5
08:42:52.0 (3900053)|VARIABLE_ASSIGNMENT|[3]|opp|null|
08:42:52.3 (3907738)|CUMULATIVE_LIMIT_USAGE
08:42:52.3 (3907738)|LIMIT_USAGE_FOR_NS|(default)|
  Number of SOQL queries: 0 out of 100
  Number of query rows: 0 out of 50000
  Number of SOSL queries: 0 out of 20
  Number of DML statements: 0 out of 150
  Number of DML rows: 0 out of 10000
  Maximum CPU time: 0 out of 10000
  Maximum heap size: 0 out of 6000000
  Number of callouts: 0 out of 100
  Number of Email Invocations: 0 out of 10
  Number of future calls: 0 out of 50
  Number of queueable jobs added to the queue: 0 out of 50
  Number of Mobile Apex push calls: 0 out of 10

08:42:52.3 (3907738)|CUMULATIVE_LIMIT_USAGE_END

08:42:52.0 (5183915)|CODE_UNIT_FINISHED|LeadingCompetitor on Opportunity trigger event BeforeInsert for [new]
08:42:52.0 (104989259)|CODE_UNIT_STARTED|[EXTERNAL]|01q41000001AAfq|ComparableOpps on Opportunity trigger event AfterInsert for [006410000079u78]
08:42:52.0 (105021270)|HEAP_ALLOCATE|[EXTERNAL]|Bytes:8
08:42:52.0 (105167350)|HEAP_ALLOCATE|[EXTERNAL]|Bytes:2
08:42:52.0 (105192714)|HEAP_ALLOCATE|[EXTERNAL]|Bytes:4
08:42:52.0 (105204925)|VARIABLE_SCOPE_BEGIN|[1]|this|ComparableOpps|true|false
08:42:52.0 (105242556)|VARIABLE_ASSIGNMENT|[1]|this|{}|0x48a66de9
08:42:52.0 (105289214)|HEAP_ALLOCATE|[EXTERNAL]|Bytes:4
08:42:52.0 (105297583)|VARIABLE_SCOPE_BEGIN|[1]|this|ComparableOpps|true|false
08:42:52.0 (105308244)|VARIABLE_ASSIGNMENT|[1]|this|{}|0x48a66de9
08:42:52.0 (105319291)|STATEMENT_EXECUTE|[1]
08:42:52.0 (105421168)|HEAP_ALLOCATE|[3]|Bytes:5
08:42:52.0 (105453876)|VARIABLE_SCOPE_BEGIN|[3]|opp|Opportunity|true|false
08:42:52.0 (105940817)|VARIABLE_ASSIGNMENT|[3]|opp|{"LastModifiedDate":"2017-01-05T16:42:52.000Z","IsDeleted":false,"HasOpportunityLineIt (2 more) ...":false,"StageName":"Prospecting","Probability":10,"ForecastCategory":"Pipeline","IsClosed":false,"CloseDate":"2017-01-05T00:00:00.000Z","Name":"Bigg Opp","SystemModstamp":"2017-01-05T16:42:52.000Z","HasOpenActivity":false,"CreatedById":"00541000001IQl9AAG","OwnerId":"00541000001IQl9AAG","IsWon":false,"CreatedDate":"2017-01-05T16:42:52.000Z","HasOverdueTask":false,"Id":"006410000079u78AAA","ForecastCategoryName":"Pipeline","IsPrivate":false,"LastModifiedById":"00541000001IQl9AAG"}|0x24974598
08:42:52.0 (105948547)|STATEMENT_EXECUTE|[3]
08:42:52.0 (105950190)|STATEMENT_EXECUTE|[5]
08:42:52.0 (105956023)|HEAP_ALLOCATE|[5]|Bytes:72
08:42:52.0 (105972511)|HEAP_ALLOCATE|[5]|Bytes:4
08:42:52.0 (105991331)|HEAP_ALLOCATE|[5]|Bytes:7
08:42:52.0 (106488081)|SOQL_EXECUTE_BEGIN|[5]|Aggregations:0|SELECT Id, Account.Industry FROM Opportunity WHERE Id = :tmpVar1 LIMIT 1
08:42:52.0 (108462252)|SOQL_EXECUTE_END|[5]|Rows:1
08:42:52.0 (108479014)|HEAP_ALLOCATE|[5]|Bytes:8
08:42:52.0 (108493485)|HEAP_ALLOCATE|[5]|Bytes:29
08:42:52.0 (108507345)|HEAP_ALLOCATE|[5]|Bytes:8
08:42:52.0 (108517224)|HEAP_ALLOCATE|[5]|Bytes:37
08:42:52.0 (108549757)|HEAP_ALLOCATE|[5]|Bytes:8
08:42:52.0 (108560583)|VARIABLE_SCOPE_BEGIN|[5]|oppWithAccountInfo|Opportunity|true|false
08:42:52.0 (108591286)|VARIABLE_ASSIGNMENT|[5]|oppWithAccountInfo|{"s":1,"v":{"Id":"006410000079u78AAA"}}|0x5b014714
08:42:52.0 (108596262)|STATEMENT_EXECUTE|[12]
08:42:52.0 (108601517)|HEAP_ALLOCATE|[12]|Bytes:3
08:42:52.0 (108643784)|HEAP_ALLOCATE|[12]|Bytes:28
08:42:52.0 (108731583)|EXCEPTION_THROWN|[12]|System.FinalException: Record is read-only
08:42:52.0 (108798173)|HEAP_ALLOCATE|[12]|Bytes:23
08:42:52.0 (108941516)|FATAL_ERROR|System.FinalException: Record is read-only

Trigger.ComparableOpps: line 12, column 1
08:42:52.0 (108953874)|FATAL_ERROR|System.FinalException: Record is read-only

Trigger.ComparableOpps: line 12, column 1
08:42:52.109 (109019907)|CUMULATIVE_LIMIT_USAGE
08:42:52.109 (109019907)|LIMIT_USAGE_FOR_NS|(default)|
  Number of SOQL queries: 1 out of 100
  Number of query rows: 1 out of 50000
  Number of SOSL queries: 0 out of 20
  Number of DML statements: 0 out of 150
  Number of DML rows: 0 out of 10000
  Maximum CPU time: 0 out of 10000
  Maximum heap size: 0 out of 6000000
  Number of callouts: 0 out of 100
  Number of Email Invocations: 0 out of 10
  Number of future calls: 0 out of 50
  Number of queueable jobs added to the queue: 0 out of 50
  Number of Mobile Apex push calls: 0 out of 10

08:42:52.109 (109019907)|CUMULATIVE_LIMIT_USAGE_END

08:42:52.0 (110585691)|CODE_UNIT_FINISHED|ComparableOpps on Opportunity trigger event AfterInsert for [006410000079u78]
